Found webhook id for https://developer.fiserv.com/api/git-webhook: 549112588
Added 100 deliveries
Added 100 deliveries
Added 100 deliveries
Added 100 deliveries
Added 70 deliveries
Total number of deliveries: 470
************** Blocked webhook request **************
webhook: https://developer.fiserv.com/api/git-webhook
GitHub delivery Id: bf3a9c6e-aaae-11f0-9c42-1bc6108d4611
Timestamp: 2025-10-16T12:39:55-04:00
transid: 1526522250
clientip: 140.82.115.12
clientport: 60274
request payload: {
    "ref": "refs/heads/CMEP-4613-GET_MESSAGES",
    "before": "cf0765da7d588fb827073897c71f0a95f22d8cdf",
    "after": "29925bae02dbcbb50eb1f3dddd45dd51323b2aef",
    "repository": {
        "id": 475501522,
        "node_id": "R_kgDOHFeT0g",
        "name": "issuer-solutions",
        "full_name": "Fiserv/issuer-solutions",
        "private": true,
        "owner": {
            "name": "Fiserv",
            "email": "alvin.cho22@gmail.com",
            "login": "Fiserv",
            "id": 43011046,
            "node_id": "MDEyOk9yZ2FuaXphdGlvbjQzMDExMDQ2",
            "avatar_url": "https://avatars.githubusercontent.com/u/43011046?v=4",
            "gravatar_id": "",
            "url": "https://api.github.com/users/Fiserv",
            "html_url": "https://github.com/Fiserv",
            "followers_url": "https://api.github.com/users/Fiserv/followers",
            "following_url": "https://api.github.com/users/Fiserv/following{/other_user}",
            "gists_url": "https://api.github.com/users/Fiserv/gists{/gist_id}",
            "starred_url": "https://api.github.com/users/Fiserv/starred{/owner}{/repo}",
            "subscriptions_url": "https://api.github.com/users/Fiserv/subscriptions",
            "organizations_url": "https://api.github.com/users/Fiserv/orgs",
            "repos_url": "https://api.github.com/users/Fiserv/repos",
            "events_url": "https://api.github.com/users/Fiserv/events{/privacy}",
            "received_events_url": "https://api.github.com/users/Fiserv/received_events",
            "type": "Organization",
            "user_view_type": "public",
            "site_admin": false
        },
        "html_url": "https://github.com/Fiserv/issuer-solutions",
        "description": null,
        "fork": false,
        "url": "https://api.github.com/repos/Fiserv/issuer-solutions",
        "forks_url": "https://api.github.com/repos/Fiserv/issuer-solutions/forks",
        "keys_url": "https://api.github.com/repos/Fiserv/issuer-solutions/keys{/key_id}",
        "collaborators_url": "https://api.github.com/repos/Fiserv/issuer-solutions/collaborators{/collaborator}",
        "teams_url": "https://api.github.com/repos/Fiserv/issuer-solutions/teams",
        "hooks_url": "https://api.github.com/repos/Fiserv/issuer-solutions/hooks",
        "issue_events_url": "https://api.github.com/repos/Fiserv/issuer-solutions/issues/events{/number}",
        "events_url": "https://api.github.com/repos/Fiserv/issuer-solutions/events",
        "assignees_url": "https://api.github.com/repos/Fiserv/issuer-solutions/assignees{/user}",
        "branches_url": "https://api.github.com/repos/Fiserv/issuer-solutions/branches{/branch}",
        "tags_url": "https://api.github.com/repos/Fiserv/issuer-solutions/tags",
        "blobs_url": "https://api.github.com/repos/Fiserv/issuer-solutions/git/blobs{/sha}",
        "git_tags_url": "https://api.github.com/repos/Fiserv/issuer-solutions/git/tags{/sha}",
        "git_refs_url": "https://api.github.com/repos/Fiserv/issuer-solutions/git/refs{/sha}",
        "trees_url": "https://api.github.com/repos/Fiserv/issuer-solutions/git/trees{/sha}",
        "statuses_url": "https://api.github.com/repos/Fiserv/issuer-solutions/statuses/{sha}",
        "languages_url": "https://api.github.com/repos/Fiserv/issuer-solutions/languages",
        "stargazers_url": "https://api.github.com/repos/Fiserv/issuer-solutions/stargazers",
        "contributors_url": "https://api.github.com/repos/Fiserv/issuer-solutions/contributors",
        "subscribers_url": "https://api.github.com/repos/Fiserv/issuer-solutions/subscribers",
        "subscription_url": "https://api.github.com/repos/Fiserv/issuer-solutions/subscription",
        "commits_url": "https://api.github.com/repos/Fiserv/issuer-solutions/commits{/sha}",
        "git_commits_url": "https://api.github.com/repos/Fiserv/issuer-solutions/git/commits{/sha}",
        "comments_url": "https://api.github.com/repos/Fiserv/issuer-solutions/comments{/number}",
        "issue_comment_url": "https://api.github.com/repos/Fiserv/issuer-solutions/issues/comments{/number}",
        "contents_url": "https://api.github.com/repos/Fiserv/issuer-solutions/contents/{+path}",
        "compare_url": "https://api.github.com/repos/Fiserv/issuer-solutions/compare/{base}...{head}",
        "merges_url": "https://api.github.com/repos/Fiserv/issuer-solutions/merges",
        "archive_url": "https://api.github.com/repos/Fiserv/issuer-solutions/{archive_format}{/ref}",
        "downloads_url": "https://api.github.com/repos/Fiserv/issuer-solutions/downloads",
        "issues_url": "https://api.github.com/repos/Fiserv/issuer-solutions/issues{/number}",
        "pulls_url": "https://api.github.com/repos/Fiserv/issuer-solutions/pulls{/number}",
        "milestones_url": "https://api.github.com/repos/Fiserv/issuer-solutions/milestones{/number}",
        "notifications_url": "https://api.github.com/repos/Fiserv/issuer-solutions/notifications{?since,all,participating}",
        "labels_url": "https://api.github.com/repos/Fiserv/issuer-solutions/labels{/name}",
        "releases_url": "https://api.github.com/repos/Fiserv/issuer-solutions/releases{/id}",
        "deployments_url": "https://api.github.com/repos/Fiserv/issuer-solutions/deployments",
        "created_at": 1648567191,
        "updated_at": "2025-10-14T20:43:50Z",
        "pushed_at": 1760632795,
        "git_url": "git://github.com/Fiserv/issuer-solutions.git",
        "ssh_url": "git@github.com:Fiserv/issuer-solutions.git",
        "clone_url": "https://github.com/Fiserv/issuer-solutions.git",
        "svn_url": "https://github.com/Fiserv/issuer-solutions",
        "homepage": null,
        "size": 1157943,
        "stargazers_count": 0,
        "watchers_count": 0,
        "language": null,
        "has_issues": true,
        "has_projects": true,
        "has_downloads": true,
        "has_wiki": true,
        "has_pages": false,
        "has_discussions": false,
        "forks_count": 0,
        "mirror_url": null,
        "archived": false,
        "disabled": false,
        "open_issues_count": 1,
        "license": null,
        "allow_forking": true,
        "is_template": false,
        "web_commit_signoff_required": false,
        "topics": [],
        "visibility": "private",
        "forks": 0,
        "open_issues": 1,
        "watchers": 0,
        "default_branch": "develop",
        "stargazers": 0,
        "master_branch": "develop",
        "organization": "Fiserv",
        "custom_properties": {}
    },
    "pusher": {
        "name": "vamshikadarifiserv",
        "email": "vamshi.kadari@fiserv.com"
    },
    "organization": {
        "login": "Fiserv",
        "id": 43011046,
        "node_id": "MDEyOk9yZ2FuaXphdGlvbjQzMDExMDQ2",
        "url": "https://api.github.com/orgs/Fiserv",
        "repos_url": "https://api.github.com/orgs/Fiserv/repos",
        "events_url": "https://api.github.com/orgs/Fiserv/events",
        "hooks_url": "https://api.github.com/orgs/Fiserv/hooks",
        "issues_url": "https://api.github.com/orgs/Fiserv/issues",
        "members_url": "https://api.github.com/orgs/Fiserv/members{/member}",
        "public_members_url": "https://api.github.com/orgs/Fiserv/public_members{/member}",
        "avatar_url": "https://avatars.githubusercontent.com/u/43011046?v=4",
        "description": ""
    },
    "sender": {
        "login": "vamshikadarifiserv",
        "id": 234483912,
        "node_id": "U_kgDODfnwyA",
        "avatar_url": "https://avatars.githubusercontent.com/u/234483912?v=4",
        "gravatar_id": "",
        "url": "https://api.github.com/users/vamshikadarifiserv",
        "html_url": "https://github.com/vamshikadarifiserv",
        "followers_url": "https://api.github.com/users/vamshikadarifiserv/followers",
        "following_url": "https://api.github.com/users/vamshikadarifiserv/following{/other_user}",
        "gists_url": "https://api.github.com/users/vamshikadarifiserv/gists{/gist_id}",
        "starred_url": "https://api.github.com/users/vamshikadarifiserv/starred{/owner}{/repo}",
        "subscriptions_url": "https://api.github.com/users/vamshikadarifiserv/subscriptions",
        "organizations_url": "https://api.github.com/users/vamshikadarifiserv/orgs",
        "repos_url": "https://api.github.com/users/vamshikadarifiserv/repos",
        "events_url": "https://api.github.com/users/vamshikadarifiserv/events{/privacy}",
        "received_events_url": "https://api.github.com/users/vamshikadarifiserv/received_events",
        "type": "User",
        "user_view_type": "public",
        "site_admin": false
    },
    "created": false,
    "deleted": false,
    "forced": false,
    "base_ref": null,
    "compare": "https://github.com/Fiserv/issuer-solutions/compare/cf0765da7d58...29925bae02db",
    "commits": [
        {
            "id": "29925bae02dbcbb50eb1f3dddd45dd51323b2aef",
            "tree_id": "dc06845cfb0871e3b38e68ba24660e98bdc77b71",
            "distinct": true,
            "message": "Update SET_USER_INFO.yaml",
            "timestamp": "2025-10-16T12:39:55-04:00",
            "url": "https://github.com/Fiserv/issuer-solutions/commit/29925bae02dbcbb50eb1f3dddd45dd51323b2aef",
            "author": {
                "name": "vamshikadarifiserv",
                "email": "vamshi.kadari@fiserv.com",
                "username": "vamshikadarifiserv"
            },
            "committer": {
                "name": "GitHub",
                "email": "noreply@github.com",
                "username": "web-flow"
            },
            "added": [],
            "removed": [],
            "modified": [
                "reference/1.0.0/static/SET_USER_INFO.yaml"
            ]
        }
    ],
    "head_commit": {
        "id": "29925bae02dbcbb50eb1f3dddd45dd51323b2aef",
        "tree_id": "dc06845cfb0871e3b38e68ba24660e98bdc77b71",
        "distinct": true,
        "message": "Update SET_USER_INFO.yaml",
        "timestamp": "2025-10-16T12:39:55-04:00",
        "url": "https://github.com/Fiserv/issuer-solutions/commit/29925bae02dbcbb50eb1f3dddd45dd51323b2aef",
        "author": {
            "name": "vamshikadarifiserv",
            "email": "vamshi.kadari@fiserv.com",
            "username": "vamshikadarifiserv"
        },
        "committer": {
            "name": "GitHub",
            "email": "noreply@github.com",
            "username": "web-flow"
        },
        "added": [],
        "removed": [],
        "modified": [
            "reference/1.0.0/static/SET_USER_INFO.yaml"
        ]
    }
}
*****************************************************
************** Blocked webhook request **************
webhook: https://developer.fiserv.com/api/git-webhook
GitHub delivery Id: b8716a70-aaae-11f0-9f2d-1ffe3c8572ca
Timestamp: 2025-10-16T12:39:43-04:00
transid: 1531427134
clientip: 140.82.115.11
clientport: 36978
request payload: {
    "ref": "refs/heads/CMEP-4613-GET_MESSAGES",
    "before": "38035c47ba7da90f9af27fa7f03d7f4598a678e9",
    "after": "cf0765da7d588fb827073897c71f0a95f22d8cdf",
    "repository": {
        "id": 475501522,
        "node_id": "R_kgDOHFeT0g",
        "name": "issuer-solutions",
        "full_name": "Fiserv/issuer-solutions",
        "private": true,
        "owner": {
            "name": "Fiserv",
            "email": "alvin.cho22@gmail.com",
            "login": "Fiserv",
            "id": 43011046,
            "node_id": "MDEyOk9yZ2FuaXphdGlvbjQzMDExMDQ2",
            "avatar_url": "https://avatars.githubusercontent.com/u/43011046?v=4",
            "gravatar_id": "",
            "url": "https://api.github.com/users/Fiserv",
            "html_url": "https://github.com/Fiserv",
            "followers_url": "https://api.github.com/users/Fiserv/followers",
            "following_url": "https://api.github.com/users/Fiserv/following{/other_user}",
            "gists_url": "https://api.github.com/users/Fiserv/gists{/gist_id}",
            "starred_url": "https://api.github.com/users/Fiserv/starred{/owner}{/repo}",
            "subscriptions_url": "https://api.github.com/users/Fiserv/subscriptions",
            "organizations_url": "https://api.github.com/users/Fiserv/orgs",
            "repos_url": "https://api.github.com/users/Fiserv/repos",
            "events_url": "https://api.github.com/users/Fiserv/events{/privacy}",
            "received_events_url": "https://api.github.com/users/Fiserv/received_events",
            "type": "Organization",
            "user_view_type": "public",
            "site_admin": false
        },
        "html_url": "https://github.com/Fiserv/issuer-solutions",
        "description": null,
        "fork": false,
        "url": "https://api.github.com/repos/Fiserv/issuer-solutions",
        "forks_url": "https://api.github.com/repos/Fiserv/issuer-solutions/forks",
        "keys_url": "https://api.github.com/repos/Fiserv/issuer-solutions/keys{/key_id}",
        "collaborators_url": "https://api.github.com/repos/Fiserv/issuer-solutions/collaborators{/collaborator}",
        "teams_url": "https://api.github.com/repos/Fiserv/issuer-solutions/teams",
        "hooks_url": "https://api.github.com/repos/Fiserv/issuer-solutions/hooks",
        "issue_events_url": "https://api.github.com/repos/Fiserv/issuer-solutions/issues/events{/number}",
        "events_url": "https://api.github.com/repos/Fiserv/issuer-solutions/events",
        "assignees_url": "https://api.github.com/repos/Fiserv/issuer-solutions/assignees{/user}",
        "branches_url": "https://api.github.com/repos/Fiserv/issuer-solutions/branches{/branch}",
        "tags_url": "https://api.github.com/repos/Fiserv/issuer-solutions/tags",
        "blobs_url": "https://api.github.com/repos/Fiserv/issuer-solutions/git/blobs{/sha}",
        "git_tags_url": "https://api.github.com/repos/Fiserv/issuer-solutions/git/tags{/sha}",
        "git_refs_url": "https://api.github.com/repos/Fiserv/issuer-solutions/git/refs{/sha}",
        "trees_url": "https://api.github.com/repos/Fiserv/issuer-solutions/git/trees{/sha}",
        "statuses_url": "https://api.github.com/repos/Fiserv/issuer-solutions/statuses/{sha}",
        "languages_url": "https://api.github.com/repos/Fiserv/issuer-solutions/languages",
        "stargazers_url": "https://api.github.com/repos/Fiserv/issuer-solutions/stargazers",
        "contributors_url": "https://api.github.com/repos/Fiserv/issuer-solutions/contributors",
        "subscribers_url": "https://api.github.com/repos/Fiserv/issuer-solutions/subscribers",
        "subscription_url": "https://api.github.com/repos/Fiserv/issuer-solutions/subscription",
        "commits_url": "https://api.github.com/repos/Fiserv/issuer-solutions/commits{/sha}",
        "git_commits_url": "https://api.github.com/repos/Fiserv/issuer-solutions/git/commits{/sha}",
        "comments_url": "https://api.github.com/repos/Fiserv/issuer-solutions/comments{/number}",
        "issue_comment_url": "https://api.github.com/repos/Fiserv/issuer-solutions/issues/comments{/number}",
        "contents_url": "https://api.github.com/repos/Fiserv/issuer-solutions/contents/{+path}",
        "compare_url": "https://api.github.com/repos/Fiserv/issuer-solutions/compare/{base}...{head}",
        "merges_url": "https://api.github.com/repos/Fiserv/issuer-solutions/merges",
        "archive_url": "https://api.github.com/repos/Fiserv/issuer-solutions/{archive_format}{/ref}",
        "downloads_url": "https://api.github.com/repos/Fiserv/issuer-solutions/downloads",
        "issues_url": "https://api.github.com/repos/Fiserv/issuer-solutions/issues{/number}",
        "pulls_url": "https://api.github.com/repos/Fiserv/issuer-solutions/pulls{/number}",
        "milestones_url": "https://api.github.com/repos/Fiserv/issuer-solutions/milestones{/number}",
        "notifications_url": "https://api.github.com/repos/Fiserv/issuer-solutions/notifications{?since,all,participating}",
        "labels_url": "https://api.github.com/repos/Fiserv/issuer-solutions/labels{/name}",
        "releases_url": "https://api.github.com/repos/Fiserv/issuer-solutions/releases{/id}",
        "deployments_url": "https://api.github.com/repos/Fiserv/issuer-solutions/deployments",
        "created_at": 1648567191,
        "updated_at": "2025-10-14T20:43:50Z",
        "pushed_at": 1760632783,
        "git_url": "git://github.com/Fiserv/issuer-solutions.git",
        "ssh_url": "git@github.com:Fiserv/issuer-solutions.git",
        "clone_url": "https://github.com/Fiserv/issuer-solutions.git",
        "svn_url": "https://github.com/Fiserv/issuer-solutions",
        "homepage": null,
        "size": 1157943,
        "stargazers_count": 0,
        "watchers_count": 0,
        "language": null,
        "has_issues": true,
        "has_projects": true,
        "has_downloads": true,
        "has_wiki": true,
        "has_pages": false,
        "has_discussions": false,
        "forks_count": 0,
        "mirror_url": null,
        "archived": false,
        "disabled": false,
        "open_issues_count": 1,
        "license": null,
        "allow_forking": true,
        "is_template": false,
        "web_commit_signoff_required": false,
        "topics": [],
        "visibility": "private",
        "forks": 0,
        "open_issues": 1,
        "watchers": 0,
        "default_branch": "develop",
        "stargazers": 0,
        "master_branch": "develop",
        "organization": "Fiserv",
        "custom_properties": {}
    },
    "pusher": {
        "name": "vamshikadarifiserv",
        "email": "vamshi.kadari@fiserv.com"
    },
    "organization": {
        "login": "Fiserv",
        "id": 43011046,
        "node_id": "MDEyOk9yZ2FuaXphdGlvbjQzMDExMDQ2",
        "url": "https://api.github.com/orgs/Fiserv",
        "repos_url": "https://api.github.com/orgs/Fiserv/repos",
        "events_url": "https://api.github.com/orgs/Fiserv/events",
        "hooks_url": "https://api.github.com/orgs/Fiserv/hooks",
        "issues_url": "https://api.github.com/orgs/Fiserv/issues",
        "members_url": "https://api.github.com/orgs/Fiserv/members{/member}",
        "public_members_url": "https://api.github.com/orgs/Fiserv/public_members{/member}",
        "avatar_url": "https://avatars.githubusercontent.com/u/43011046?v=4",
        "description": ""
    },
    "sender": {
        "login": "vamshikadarifiserv",
        "id": 234483912,
        "node_id": "U_kgDODfnwyA",
        "avatar_url": "https://avatars.githubusercontent.com/u/234483912?v=4",
        "gravatar_id": "",
        "url": "https://api.github.com/users/vamshikadarifiserv",
        "html_url": "https://github.com/vamshikadarifiserv",
        "followers_url": "https://api.github.com/users/vamshikadarifiserv/followers",
        "following_url": "https://api.github.com/users/vamshikadarifiserv/following{/other_user}",
        "gists_url": "https://api.github.com/users/vamshikadarifiserv/gists{/gist_id}",
        "starred_url": "https://api.github.com/users/vamshikadarifiserv/starred{/owner}{/repo}",
        "subscriptions_url": "https://api.github.com/users/vamshikadarifiserv/subscriptions",
        "organizations_url": "https://api.github.com/users/vamshikadarifiserv/orgs",
        "repos_url": "https://api.github.com/users/vamshikadarifiserv/repos",
        "events_url": "https://api.github.com/users/vamshikadarifiserv/events{/privacy}",
        "received_events_url": "https://api.github.com/users/vamshikadarifiserv/received_events",
        "type": "User",
        "user_view_type": "public",
        "site_admin": false
    },
    "created": false,
    "deleted": false,
    "forced": false,
    "base_ref": null,
    "compare": "https://github.com/Fiserv/issuer-solutions/compare/38035c47ba7d...cf0765da7d58",
    "commits": [
        {
            "id": "cf0765da7d588fb827073897c71f0a95f22d8cdf",
            "tree_id": "a9dc64a50d9a4689e56d9fea6f2cfde3ef055cf3",
            "distinct": true,
            "message": "Update SET_USER_CHANNELS.yaml",
            "timestamp": "2025-10-16T12:39:43-04:00",
            "url": "https://github.com/Fiserv/issuer-solutions/commit/cf0765da7d588fb827073897c71f0a95f22d8cdf",
            "author": {
                "name": "vamshikadarifiserv",
                "email": "vamshi.kadari@fiserv.com",
                "username": "vamshikadarifiserv"
            },
            "committer": {
                "name": "GitHub",
                "email": "noreply@github.com",
                "username": "web-flow"
            },
            "added": [],
            "removed": [],
            "modified": [
                "reference/1.0.0/static/SET_USER_CHANNELS.yaml"
            ]
        }
    ],
    "head_commit": {
        "id": "cf0765da7d588fb827073897c71f0a95f22d8cdf",
        "tree_id": "a9dc64a50d9a4689e56d9fea6f2cfde3ef055cf3",
        "distinct": true,
        "message": "Update SET_USER_CHANNELS.yaml",
        "timestamp": "2025-10-16T12:39:43-04:00",
        "url": "https://github.com/Fiserv/issuer-solutions/commit/cf0765da7d588fb827073897c71f0a95f22d8cdf",
        "author": {
            "name": "vamshikadarifiserv",
            "email": "vamshi.kadari@fiserv.com",
            "username": "vamshikadarifiserv"
        },
        "committer": {
            "name": "GitHub",
            "email": "noreply@github.com",
            "username": "web-flow"
        },
        "added": [],
        "removed": [],
        "modified": [
            "reference/1.0.0/static/SET_USER_CHANNELS.yaml"
        ]
    }
}
*****************************************************
************** Blocked webhook request **************
webhook: https://developer.fiserv.com/api/git-webhook
GitHub delivery Id: c306676e-aa14-11f0-9a6a-f33226b9fe7a
Timestamp: 2025-10-15T18:17:30-04:00
transid: 1525575976
clientip: 140.82.115.109
clientport: 23360
request payload: {
    "ref": "refs/heads/update-api",
    "before": "8344e595675def64af99cf464643e5852015be87",
    "after": "ec063f6287ecc91eadcc63a81cc61f665c464369",
    "repository": {
        "id": 976726599,
        "node_id": "R_kgDOOjeqRw",
        "name": "emfi",
        "full_name": "Fiserv/emfi",
        "private": true,
        "owner": {
            "name": "Fiserv",
            "email": "alvin.cho22@gmail.com",
            "login": "Fiserv",
            "id": 43011046,
            "node_id": "MDEyOk9yZ2FuaXphdGlvbjQzMDExMDQ2",
            "avatar_url": "https://avatars.githubusercontent.com/u/43011046?v=4",
            "gravatar_id": "",
            "url": "https://api.github.com/users/Fiserv",
            "html_url": "https://github.com/Fiserv",
            "followers_url": "https://api.github.com/users/Fiserv/followers",
            "following_url": "https://api.github.com/users/Fiserv/following{/other_user}",
            "gists_url": "https://api.github.com/users/Fiserv/gists{/gist_id}",
            "starred_url": "https://api.github.com/users/Fiserv/starred{/owner}{/repo}",
            "subscriptions_url": "https://api.github.com/users/Fiserv/subscriptions",
            "organizations_url": "https://api.github.com/users/Fiserv/orgs",
            "repos_url": "https://api.github.com/users/Fiserv/repos",
            "events_url": "https://api.github.com/users/Fiserv/events{/privacy}",
            "received_events_url": "https://api.github.com/users/Fiserv/received_events",
            "type": "Organization",
            "user_view_type": "public",
            "site_admin": false
        },
        "html_url": "https://github.com/Fiserv/emfi",
        "description": "A new Tenant repo is generated by DevStudio team",
        "fork": false,
        "url": "https://api.github.com/repos/Fiserv/emfi",
        "forks_url": "https://api.github.com/repos/Fiserv/emfi/forks",
        "keys_url": "https://api.github.com/repos/Fiserv/emfi/keys{/key_id}",
        "collaborators_url": "https://api.github.com/repos/Fiserv/emfi/collaborators{/collaborator}",
        "teams_url": "https://api.github.com/repos/Fiserv/emfi/teams",
        "hooks_url": "https://api.github.com/repos/Fiserv/emfi/hooks",
        "issue_events_url": "https://api.github.com/repos/Fiserv/emfi/issues/events{/number}",
        "events_url": "https://api.github.com/repos/Fiserv/emfi/events",
        "assignees_url": "https://api.github.com/repos/Fiserv/emfi/assignees{/user}",
        "branches_url": "https://api.github.com/repos/Fiserv/emfi/branches{/branch}",
        "tags_url": "https://api.github.com/repos/Fiserv/emfi/tags",
        "blobs_url": "https://api.github.com/repos/Fiserv/emfi/git/blobs{/sha}",
        "git_tags_url": "https://api.github.com/repos/Fiserv/emfi/git/tags{/sha}",
        "git_refs_url": "https://api.github.com/repos/Fiserv/emfi/git/refs{/sha}",
        "trees_url": "https://api.github.com/repos/Fiserv/emfi/git/trees{/sha}",
        "statuses_url": "https://api.github.com/repos/Fiserv/emfi/statuses/{sha}",
        "languages_url": "https://api.github.com/repos/Fiserv/emfi/languages",
        "stargazers_url": "https://api.github.com/repos/Fiserv/emfi/stargazers",
        "contributors_url": "https://api.github.com/repos/Fiserv/emfi/contributors",
        "subscribers_url": "https://api.github.com/repos/Fiserv/emfi/subscribers",
        "subscription_url": "https://api.github.com/repos/Fiserv/emfi/subscription",
        "commits_url": "https://api.github.com/repos/Fiserv/emfi/commits{/sha}",
        "git_commits_url": "https://api.github.com/repos/Fiserv/emfi/git/commits{/sha}",
        "comments_url": "https://api.github.com/repos/Fiserv/emfi/comments{/number}",
        "issue_comment_url": "https://api.github.com/repos/Fiserv/emfi/issues/comments{/number}",
        "contents_url": "https://api.github.com/repos/Fiserv/emfi/contents/{+path}",
        "compare_url": "https://api.github.com/repos/Fiserv/emfi/compare/{base}...{head}",
        "merges_url": "https://api.github.com/repos/Fiserv/emfi/merges",
        "archive_url": "https://api.github.com/repos/Fiserv/emfi/{archive_format}{/ref}",
        "downloads_url": "https://api.github.com/repos/Fiserv/emfi/downloads",
        "issues_url": "https://api.github.com/repos/Fiserv/emfi/issues{/number}",
        "pulls_url": "https://api.github.com/repos/Fiserv/emfi/pulls{/number}",
        "milestones_url": "https://api.github.com/repos/Fiserv/emfi/milestones{/number}",
        "notifications_url": "https://api.github.com/repos/Fiserv/emfi/notifications{?since,all,participating}",
        "labels_url": "https://api.github.com/repos/Fiserv/emfi/labels{/name}",
        "releases_url": "https://api.github.com/repos/Fiserv/emfi/releases{/id}",
        "deployments_url": "https://api.github.com/repos/Fiserv/emfi/deployments",
        "created_at": 1746203197,
        "updated_at": "2025-10-10T09:27:29Z",
        "pushed_at": 1760566659,
        "git_url": "git://github.com/Fiserv/emfi.git",
        "ssh_url": "git@github.com:Fiserv/emfi.git",
        "clone_url": "https://github.com/Fiserv/emfi.git",
        "svn_url": "https://github.com/Fiserv/emfi",
        "homepage": null,
        "size": 380,
        "stargazers_count": 0,
        "watchers_count": 0,
        "language": null,
        "has_issues": true,
        "has_projects": true,
        "has_downloads": true,
        "has_wiki": true,
        "has_pages": false,
        "has_discussions": false,
        "forks_count": 0,
        "mirror_url": null,
        "archived": false,
        "disabled": false,
        "open_issues_count": 1,
        "license": null,
        "allow_forking": true,
        "is_template": false,
        "web_commit_signoff_required": false,
        "topics": [],
        "visibility": "private",
        "forks": 0,
        "open_issues": 1,
        "watchers": 0,
        "default_branch": "develop",
        "stargazers": 0,
        "master_branch": "develop",
        "organization": "Fiserv",
        "custom_properties": {}
    },
    "pusher": {
        "name": "fayazkhan",
        "email": "fayaz.yusuf.khan@gmail.com"
    },
    "organization": {
        "login": "Fiserv",
        "id": 43011046,
        "node_id": "MDEyOk9yZ2FuaXphdGlvbjQzMDExMDQ2",
        "url": "https://api.github.com/orgs/Fiserv",
        "repos_url": "https://api.github.com/orgs/Fiserv/repos",
        "events_url": "https://api.github.com/orgs/Fiserv/events",
        "hooks_url": "https://api.github.com/orgs/Fiserv/hooks",
        "issues_url": "https://api.github.com/orgs/Fiserv/issues",
        "members_url": "https://api.github.com/orgs/Fiserv/members{/member}",
        "public_members_url": "https://api.github.com/orgs/Fiserv/public_members{/member}",
        "avatar_url": "https://avatars.githubusercontent.com/u/43011046?v=4",
        "description": ""
    },
    "sender": {
        "login": "fayazkhan",
        "id": 1227312,
        "node_id": "MDQ6VXNlcjEyMjczMTI=",
        "avatar_url": "https://avatars.githubusercontent.com/u/1227312?v=4",
        "gravatar_id": "",
        "url": "https://api.github.com/users/fayazkhan",
        "html_url": "https://github.com/fayazkhan",
        "followers_url": "https://api.github.com/users/fayazkhan/followers",
        "following_url": "https://api.github.com/users/fayazkhan/following{/other_user}",
        "gists_url": "https://api.github.com/users/fayazkhan/gists{/gist_id}",
        "starred_url": "https://api.github.com/users/fayazkhan/starred{/owner}{/repo}",
        "subscriptions_url": "https://api.github.com/users/fayazkhan/subscriptions",
        "organizations_url": "https://api.github.com/users/fayazkhan/orgs",
        "repos_url": "https://api.github.com/users/fayazkhan/repos",
        "events_url": "https://api.github.com/users/fayazkhan/events{/privacy}",
        "received_events_url": "https://api.github.com/users/fayazkhan/received_events",
        "type": "User",
        "user_view_type": "public",
        "site_admin": false
    },
    "created": false,
    "deleted": false,
    "forced": false,
    "base_ref": null,
    "compare": "https://github.com/Fiserv/emfi/compare/8344e595675d...ec063f6287ec",
    "commits": [
        {
            "id": "ec063f6287ecc91eadcc63a81cc61f665c464369",
            "tree_id": "80abe346b3cb8263e07c7460c2335007a3406611",
            "distinct": true,
            "message": "Update create user API endpoint and request format",
            "timestamp": "2025-10-15T18:17:30-04:00",
            "url": "https://github.com/Fiserv/emfi/commit/ec063f6287ecc91eadcc63a81cc61f665c464369",
            "author": {
                "name": "Fayaz Khan",
                "email": "fayazyusuf.khan@fiserv.com",
                "username": "fayazkhan"
            },
            "committer": {
                "name": "Fayaz Khan",
                "email": "fayazyusuf.khan@fiserv.com",
                "username": "fayazkhan"
            },
            "added": [],
            "removed": [],
            "modified": [
                "reference/1.0.0/b2b_v1.0.0.yaml"
            ]
        }
    ],
    "head_commit": {
        "id": "ec063f6287ecc91eadcc63a81cc61f665c464369",
        "tree_id": "80abe346b3cb8263e07c7460c2335007a3406611",
        "distinct": true,
        "message": "Update create user API endpoint and request format",
        "timestamp": "2025-10-15T18:17:30-04:00",
        "url": "https://github.com/Fiserv/emfi/commit/ec063f6287ecc91eadcc63a81cc61f665c464369",
        "author": {
            "name": "Fayaz Khan",
            "email": "fayazyusuf.khan@fiserv.com",
            "username": "fayazkhan"
        },
        "committer": {
            "name": "Fayaz Khan",
            "email": "fayazyusuf.khan@fiserv.com",
            "username": "fayazkhan"
        },
        "added": [],
        "removed": [],
        "modified": [
            "reference/1.0.0/b2b_v1.0.0.yaml"
        ]
    }
}
*****************************************************
Total number of blocked webhooks: 3
