Found webhook id for https://developer.fiserv.com/api/git-webhook: 549112588
Added 100 deliveries
Added 49 deliveries
Total number of deliveries: 149
Found head_commit for delivery id 9c9f40c6-b8d0-11f0-8f22-22fb9d1de469, timestamp: 2025-11-03 08:17:35
Found head_commit for delivery id 63bde1a4-b8d0-11f0-92c3-26a24c0da9c8, timestamp: 2025-11-03 08:15:52
Found head_commit for delivery id 6fad5b92-b8c7-11f0-97cb-cb7e39b8f126, timestamp: 2025-11-03 07:11:06
Found head_commit for delivery id 709e15a4-b8c3-11f0-8feb-ecb0902a2d18, timestamp: 2025-11-03 06:43:18
Found head_commit for delivery id 36925528-b8c3-11f0-81d2-cfa0c9011cec, timestamp: 2025-11-03 06:41:41
Found head_commit for delivery id f52af66c-b8c2-11f0-9ffd-f43a75ee3f33, timestamp: 2025-11-03 06:39:51
Found head_commit for delivery id a220ca32-b8c2-11f0-83b0-d04c5ad61844, timestamp: 2025-11-03 06:37:32
Found head_commit for delivery id 9fd5ba84-b8be-11f0-911e-c00208ebb360, timestamp: 2025-11-03 06:08:50
Found head_commit for delivery id 0ca623de-b8be-11f0-8980-ab084fc1fb4d, timestamp: 2025-11-03 06:04:43
Skipping delivery 5e528020-b8b8-11f0-91c8-acc40be5283e with no head_commit
Found head_commit for delivery id 58b23214-b8b8-11f0-9092-b09d689a15f6, timestamp: 2025-11-03 05:23:53
Found head_commit for delivery id 4609c9ec-b8b8-11f0-9aca-0fcc9a69f216, timestamp: 2025-11-03 05:23:22
Found head_commit for delivery id 3983515c-b8b8-11f0-9fd7-775ee6f77c25, timestamp: 2025-11-03 05:23:01
Found head_commit for delivery id 01aacbca-b8b8-11f0-964a-978700f5d689, timestamp: 2025-11-03 05:21:09
Skipping delivery 0684e0a4-b8ae-11f0-9639-f71050824f88 with no head_commit
Found head_commit for delivery id 01e3c218-b8ae-11f0-827c-73be76fa06ba, timestamp: 2025-11-03 04:09:52
Found head_commit for delivery id f36a4ed2-b8ad-11f0-8179-910064c9ac6a, timestamp: 2025-11-03 04:09:28
Found head_commit for delivery id e4f76650-b8ad-11f0-84de-1da75d9b87cf, timestamp: 2025-11-03 04:09:04
Found head_commit for delivery id b6f2bffc-b8ad-11f0-88b8-d6171fc1c85b, timestamp: 2025-11-03 04:07:23
Skipping delivery 960a729e-b8ad-11f0-8adb-1555e6d38b5c with no head_commit
Found head_commit for delivery id 91a1eae8-b8ad-11f0-966b-e78dafdf4fff, timestamp: 2025-11-03 04:06:44
Found head_commit for delivery id 808b8d68-b8ad-11f0-8eff-b59d4b348dd9, timestamp: 2025-11-03 04:06:15
Found head_commit for delivery id 6e889516-b8ad-11f0-83ce-ef63827849af, timestamp: 2025-11-03 04:05:45
Found head_commit for delivery id 4000a0b2-b8ad-11f0-88e8-73ca04991f11, timestamp: 2025-11-03 04:04:28
Skipping delivery 5dbf2f28-b8a9-11f0-829a-877855911977 with no head_commit
Found head_commit for delivery id 593a6328-b8a9-11f0-851b-273823f27f2e, timestamp: 2025-11-03 03:36:31
Found head_commit for delivery id 48d357ec-b8a9-11f0-9aca-82398d53f597, timestamp: 2025-11-03 03:36:03
Found head_commit for delivery id 37a7ff54-b8a9-11f0-9c1e-d4587eee7395, timestamp: 2025-11-03 03:35:35
Found head_commit for delivery id 0c463876-b8a9-11f0-8be8-7f22be5d5b5d, timestamp: 2025-11-03 03:34:23
Skipping delivery 0c359228-b8a9-11f0-81ff-25af8876a758 with no head_commit
Found head_commit for delivery id 05ecb2ac-b8a9-11f0-890d-8efe7e25b7c9, timestamp: 2025-11-03 03:34:12
Found head_commit for delivery id f42f5678-b8a8-11f0-8c38-7ef2b51a83c1, timestamp: 2025-11-03 03:33:42
Found head_commit for delivery id e73d2be8-b8a8-11f0-84ec-6b9133303c6f, timestamp: 2025-11-03 03:33:21
Skipping delivery c1d6a140-b8a8-11f0-8b10-d62f716002fa with no head_commit
Found head_commit for delivery id bc7b533a-b8a8-11f0-953c-d16fabd5ffb0, timestamp: 2025-11-03 03:32:09
Found head_commit for delivery id ac0394e0-b8a8-11f0-8cc1-90237350e493, timestamp: 2025-11-03 03:31:41
Found head_commit for delivery id a5cd11c8-b8a8-11f0-9881-651b6c89935a, timestamp: 2025-11-03 03:31:18
Skipping delivery a1be6348-b8a8-11f0-91c2-124ac21aeeb1 with no head_commit
Found head_commit for delivery id 9f58613a-b8a8-11f0-88f6-779e2f7be3c1, timestamp: 2025-11-03 03:31:20
Found head_commit for delivery id 83f08f58-b8a8-11f0-844b-30c1cc9559d5, timestamp: 2025-11-03 03:30:35
Found head_commit for delivery id 47eb1afa-b8a8-11f0-9c3c-555ad3e3f4a8, timestamp: 2025-11-03 03:28:54
Found head_commit for delivery id 2d613638-b8a8-11f0-8311-51ab463f03ce, timestamp: 2025-11-03 03:28:09
Skipping delivery 11cb43d8-b8a7-11f0-9703-3b0cde5d1ef5 with no head_commit
Found head_commit for delivery id f4f88e46-b8a6-11f0-851d-604fb4299163, timestamp: 2025-10-30 01:32:25
Found head_commit for delivery id cd7ceca4-b8a6-11f0-8f6e-83bde1cc4134, timestamp: 2025-11-03 03:18:19
Skipping delivery 2f2a4d36-b89b-11f0-9511-24f3350ab5fc with no head_commit
Found head_commit for delivery id 296c28ec-b89b-11f0-9f31-7df4dd96f796, timestamp: 2025-11-03 01:54:58
Found head_commit for delivery id 1e0a70c6-b89b-11f0-846d-cd7ad8cbf057, timestamp: 2025-11-03 01:54:39
Found head_commit for delivery id 169a49ba-b89b-11f0-96f2-69e17b774ff3, timestamp: 2025-11-03 01:54:26
Skipping delivery 0c9e32f0-b89b-11f0-99ba-e73b5661aff9 with no head_commit
Found head_commit for delivery id 07e76d9e-b89b-11f0-8617-06c47f887d04, timestamp: 2025-11-03 01:54:02
Found head_commit for delivery id 2ff429a0-b899-11f0-9c96-0e842b7fcb2e, timestamp: 2025-11-03 01:40:51
Skipping delivery 22355a64-b899-11f0-9d4e-c4630b58f7f0 with no head_commit
Found head_commit for delivery id 1c8b760c-b899-11f0-9e37-503f1832a6b4, timestamp: 2025-11-03 01:40:18
Found head_commit for delivery id 0c35d6a8-b899-11f0-980c-597c8d61e934, timestamp: 2025-11-03 01:39:50
Skipping delivery fd352730-b898-11f0-9a68-fcc5ab36fdc1 with no head_commit
Found head_commit for delivery id f9737200-b898-11f0-9a23-ca41141f02b7, timestamp: 2025-11-03 01:39:19
Found head_commit for delivery id acf1a6cc-b898-11f0-9a33-bbfeda1069f1, timestamp: 2025-11-03 01:37:11
Skipping delivery 07649daa-b897-11f0-9f31-1bfbdf248bf9 with no head_commit
Found head_commit for delivery id feee3d84-b896-11f0-89b5-17977bd98f82, timestamp: 2025-11-03 01:25:09
Found head_commit for delivery id ec61c082-b896-11f0-9cb2-34a83d8f6e50, timestamp: 2025-11-03 01:24:38
Found head_commit for delivery id dd2c3c82-b896-11f0-84ac-f6cb75451285, timestamp: 2025-11-03 01:24:13
Found head_commit for delivery id 8a1d5742-b896-11f0-8f0e-44bfff8ab158, timestamp: 2025-11-03 01:21:34
Found head_commit for delivery id 715948c2-b893-11f0-9bda-82c8bdccf060, timestamp: 2025-11-03 00:59:43
Found head_commit for delivery id 492b85a4-b893-11f0-9397-c7a97ba3c6ff, timestamp: 2025-11-03 00:58:36
Found head_commit for delivery id 18cb29e2-b892-11f0-88e8-846eb285a9b6, timestamp: 2025-11-03 00:50:06
Found head_commit for delivery id 5b0505a4-b891-11f0-8517-f06432a51b4f, timestamp: 2025-10-30 22:30:26
Found head_commit for delivery id 00000b18-b891-11f0-8a42-bf0fbb50e375, timestamp: 2025-11-03 00:41:54
Found head_commit for delivery id a6158d1c-b890-11f0-9abc-53c0902b9278, timestamp: 2025-11-02 23:18:39
Found head_commit for delivery id 068ea490-b890-11f0-8797-87d4ef74e00b, timestamp: 2025-11-03 00:35:16
Skipping delivery 58052142-b885-11f0-89cf-e3f7350ddae9 with no head_commit
Found head_commit for delivery id 52ccd68e-b885-11f0-9b77-0372f8aa9cc0, timestamp: 2025-11-02 23:18:39
Found head_commit for delivery id 40a4d1be-b885-11f0-8d50-652981ab1292, timestamp: 2025-11-02 23:18:09
Found head_commit for delivery id 320adbda-b885-11f0-89b9-31292d5a9610, timestamp: 2025-11-02 23:17:44
Found head_commit for delivery id ad2a7f60-b884-11f0-836b-dbb71a024080, timestamp: 2025-11-02 23:13:32
Found head_commit for delivery id c52bf7d0-b882-11f0-9a26-b2ee0a01e73b, timestamp: 2025-11-02 23:00:23
Found head_commit for delivery id 6d8a3e1a-b882-11f0-855f-335b5a402aeb, timestamp: 2025-10-30 22:30:26
Found head_commit for delivery id 7eda2d12-b87b-11f0-8bf7-74661045288d, timestamp: 2025-11-02 21:59:19
Skipping delivery 7820032a-b87b-11f0-85aa-406d7e88e546 with no head_commit
Found head_commit for delivery id 7355d5c2-b87b-11f0-9f22-5c95eaa3d427, timestamp: 2025-11-02 22:07:58
Found head_commit for delivery id 63bee48c-b87b-11f0-81cf-8a383e04209f, timestamp: 2025-11-02 22:07:32
Found head_commit for delivery id 535819ce-b87b-11f0-929b-3f677baa4f9c, timestamp: 2025-11-02 22:07:05
Found head_commit for delivery id 25b2311c-b87b-11f0-9271-2732fa4f2717, timestamp: 2025-11-02 22:05:32
Found head_commit for delivery id 3d08bd6e-b87a-11f0-87a7-4b5b39ffe7d8, timestamp: 2025-11-02 21:59:19
Found head_commit for delivery id 151a0778-b874-11f0-8f51-a9ece9a0d70e, timestamp: 2025-10-15 10:39:44
Found head_commit for delivery id a0088a38-b826-11f0-8fcc-3d94876d1d4c, timestamp: 2025-11-02 12:00:47
Found head_commit for delivery id 65795b7c-b826-11f0-9930-3cbe7f67b596, timestamp: 2025-11-02 11:59:00
Skipping delivery f329bff8-b825-11f0-88d3-7570ee356399 with no head_commit
Found head_commit for delivery id ee7934ac-b825-11f0-89b1-87689534c874, timestamp: 2025-11-02 11:55:48
Found head_commit for delivery id df77952a-b825-11f0-9aa2-43a1389965b9, timestamp: 2025-11-02 11:55:24
Found head_commit for delivery id d340da64-b825-11f0-8519-1f12170ffc54, timestamp: 2025-11-02 11:55:03
Found head_commit for delivery id b619e0e8-b825-11f0-8577-29ee31d3663d, timestamp: 2025-11-02 11:54:11
Found head_commit for delivery id 6a525028-b825-11f0-8272-5b069948494f, timestamp: 2025-11-02 11:52:03
Found head_commit for delivery id 62da10ce-b825-11f0-9e0c-8ba22c8db774, timestamp: 2025-11-02 11:51:48
Skipping delivery ddf6a6dc-b6db-11f0-89ef-a0b4f124d2b0 with no head_commit
Found head_commit for delivery id c8c40606-b6db-11f0-9c6b-69edb649b4ab, timestamp: 2025-10-31 21:32:31
Skipping delivery c5192266-b6db-11f0-8a7f-3d9cb1f42fe2 with no head_commit
Found head_commit for delivery id aff670fa-b6db-11f0-96ec-93a30a5a7102, timestamp: 2025-10-31 21:31:49
Skipping delivery acf52748-b6db-11f0-8934-d10eacd8a3af with no head_commit
Found head_commit for delivery id 97a219b4-b6db-11f0-853d-e4f195657f7e, timestamp: 2025-10-31 21:31:09
Skipping delivery 84a6ee78-b6d8-11f0-8ed7-9103c9688c84 with no head_commit
Found head_commit for delivery id 6f7897d6-b6d8-11f0-9de1-a52bcc73dcf3, timestamp: 2025-10-31 21:08:33
Skipping delivery 6c7f7838-b6d8-11f0-8824-7cc7a6b6a453 with no head_commit
Found head_commit for delivery id 573a1c62-b6d8-11f0-828d-df751861ca19, timestamp: 2025-10-31 21:07:52
Skipping delivery 53ab37b6-b6d8-11f0-861c-7d421dca80ed with no head_commit
Found head_commit for delivery id 3dd85f4a-b6d8-11f0-9970-073dcd5cf0d1, timestamp: 2025-10-31 21:07:10
Skipping delivery b401349c-b6d5-11f0-959b-850123ed0203 with no head_commit
Found head_commit for delivery id 9e757228-b6d5-11f0-9dd7-c5b7771338e3, timestamp: 2025-10-31 20:48:23
Skipping delivery 9a925806-b6d5-11f0-8096-8a1ca4b1650d with no head_commit
Found head_commit for delivery id 855b6f2c-b6d5-11f0-832b-645e3ea293ff, timestamp: 2025-10-31 20:47:41
Skipping delivery 81f321cc-b6d5-11f0-95f3-496af405620c with no head_commit
Found head_commit for delivery id 6cc63884-b6d5-11f0-9345-6cf907f5748f, timestamp: 2025-10-31 20:47:00
Skipping delivery 725597bc-b6a4-11f0-92e8-51697d766925 with no head_commit
Found head_commit for delivery id 5d0d2eba-b6a4-11f0-9e88-bd575ad32e34, timestamp: 2025-10-31 14:55:48
Skipping delivery 5a5dede4-b6a4-11f0-9d5b-ba00f025ae86 with no head_commit
Found head_commit for delivery id 445e0a24-b6a4-11f0-84bf-8a747684841a, timestamp: 2025-10-31 14:55:07
Skipping delivery 414c4f44-b6a4-11f0-862e-a589e5d6af77 with no head_commit
Found head_commit for delivery id 2bc79598-b6a4-11f0-9b0f-943838228607, timestamp: 2025-10-31 14:54:25
Skipping delivery b39d95a6-b68d-11f0-811b-43c2c9e28286 with no head_commit
Found head_commit for delivery id a9447fd4-b68d-11f0-852b-2c4a77c2e891, timestamp: 2025-10-31 12:13:18
Found head_commit for delivery id 8ffdf69a-b68d-11f0-985b-fc48eefd13a3, timestamp: 2025-10-31 12:12:35
Found head_commit for delivery id 6f12c9f6-b68d-11f0-975a-f4bbbd8d2849, timestamp: 2025-10-31 12:11:40
Found head_commit for delivery id 3e120b5a-b68d-11f0-8976-b797acc2f1e4, timestamp: 2025-10-31 12:10:15
Found head_commit for delivery id 2e6ab644-b68c-11f0-9013-6d492c3f7645, timestamp: 2025-10-31 12:02:37
Found head_commit for delivery id 993d75de-b68b-11f0-8977-ea847eb72222, timestamp: 2025-10-31 11:58:32
Found head_commit for delivery id 654ece26-b68b-11f0-9a88-42aae66f1986, timestamp: 2025-10-31 11:57:01
Skipping delivery cbac9244-b68a-11f0-90e4-f753493adaef with no head_commit
Found head_commit for delivery id a2a63f8a-b68a-11f0-9fd2-f7a9ff8a2380, timestamp: 2025-10-31 11:51:38
Skipping delivery a0049bb4-b68a-11f0-8b52-994d674cf77e with no head_commit
Found head_commit for delivery id 83e5a45a-b68a-11f0-89d1-a0f6cae20b0b, timestamp: 2025-10-31 11:50:47
Skipping delivery 807ed0fc-b68a-11f0-9151-b6bf3c95a9d9 with no head_commit
Found head_commit for delivery id 64e563ec-b68a-11f0-94fc-987e91603b75, timestamp: 2025-10-31 11:49:55
Found head_commit for delivery id ed57487c-b689-11f0-99d8-92c59d371671, timestamp: 2025-10-31 11:32:01
Found head_commit for delivery id e4e04de4-b687-11f0-8332-ae4a7b38ed99, timestamp: 2025-10-31 11:32:01
Found head_commit for delivery id 92e38740-b687-11f0-8c63-338acb1918f2, timestamp: 2025-10-31 11:29:37
Skipping delivery 9c8c3b6e-b684-11f0-8fab-72463500abf7 with no head_commit
Found head_commit for delivery id 80bcf748-b684-11f0-80e5-0372aab85a89, timestamp: 2025-10-31 11:07:44
Skipping delivery 7c30a45e-b684-11f0-8607-1dc579493276 with no head_commit
Found head_commit for delivery id 6052b9fc-b684-11f0-9bc4-82e8a4176e32, timestamp: 2025-10-31 11:06:50
Skipping delivery 5d06daa8-b684-11f0-8aca-3cb4b98c0adf with no head_commit
Found head_commit for delivery id 40e08e32-b684-11f0-8077-879e28ddc438, timestamp: 2025-10-31 11:05:57
Found head_commit for delivery id b4917e7a-b681-11f0-9030-63f0b1f72043, timestamp: 2025-10-31 10:47:43
Found head_commit for delivery id 7a43bc2e-b681-11f0-959d-130595a60693, timestamp: 2025-10-31 10:46:05
Skipping delivery 7aa54eda-b681-11f0-98b4-50ec213dafae with no head_commit
Found head_commit for delivery id 8a811ed4-b680-11f0-83b8-440f20ca40da, timestamp: 2025-10-31 10:39:23
Found head_commit for delivery id 6e88bcd2-b67b-11f0-9b3f-bbbfdcff5492, timestamp: 2025-10-31 10:02:48
Found head_commit for delivery id 33a74a5c-b67b-11f0-87fe-caa18af03a24, timestamp: 2025-10-31 10:01:10
Found head_commit for delivery id ec3cfa0e-b67a-11f0-9c22-5af41681c727, timestamp: 2025-10-31 09:59:10
Found head_commit for delivery id c48b8c0a-b67a-11f0-951b-3142f88680ba, timestamp: 2025-10-31 09:58:04
Most recently processed delivery id: 2cf8c00e-b5c8-11f0-9a16-678fd5127d1b
Most recently processed timestamp: 1761853178.0
Delivery 151a0778-b874-11f0-8f51-a9ece9a0d70e (2025-10-15 10:39:44) does not need processing (timestamp: 1760549984.0 <= most recent timestamp: 1761853178.0)
Most recently processed delivery id: 2cf8c00e-b5c8-11f0-9a16-678fd5127d1b
Most recently processed timestamp: 1761853178.0
Delivery f4f88e46-b8a6-11f0-851d-604fb4299163 (2025-10-30 01:32:25) does not need processing (timestamp: 1761813145.0 <= most recent timestamp: 1761853178.0)
Most recently processed delivery id: 2cf8c00e-b5c8-11f0-9a16-678fd5127d1b
Most recently processed timestamp: 1761853178.0
Delivery 5b0505a4-b891-11f0-8517-f06432a51b4f (2025-10-30 22:30:26) needs processing (timestamp: 1761888626.0 > most recent timestamp: 1761853178.0)
Most recently processed delivery id: 2cf8c00e-b5c8-11f0-9a16-678fd5127d1b
Most recently processed timestamp: 1761853178.0
Delivery 6d8a3e1a-b882-11f0-855f-335b5a402aeb (2025-10-30 22:30:26) needs processing (timestamp: 1761888626.0 > most recent timestamp: 1761853178.0)
Most recently processed delivery id: 2cf8c00e-b5c8-11f0-9a16-678fd5127d1b
Most recently processed timestamp: 1761853178.0
Delivery c48b8c0a-b67a-11f0-951b-3142f88680ba (2025-10-31 09:58:04) needs processing (timestamp: 1761929884.0 > most recent timestamp: 1761853178.0)
Most recently processed delivery id: 2cf8c00e-b5c8-11f0-9a16-678fd5127d1b
Most recently processed timestamp: 1761853178.0
Delivery ec3cfa0e-b67a-11f0-9c22-5af41681c727 (2025-10-31 09:59:10) needs processing (timestamp: 1761929950.0 > most recent timestamp: 1761853178.0)
Most recently processed delivery id: 2cf8c00e-b5c8-11f0-9a16-678fd5127d1b
Most recently processed timestamp: 1761853178.0
Delivery 33a74a5c-b67b-11f0-87fe-caa18af03a24 (2025-10-31 10:01:10) needs processing (timestamp: 1761930070.0 > most recent timestamp: 1761853178.0)
Most recently processed delivery id: 2cf8c00e-b5c8-11f0-9a16-678fd5127d1b
Most recently processed timestamp: 1761853178.0
Delivery 6e88bcd2-b67b-11f0-9b3f-bbbfdcff5492 (2025-10-31 10:02:48) needs processing (timestamp: 1761930168.0 > most recent timestamp: 1761853178.0)
Most recently processed delivery id: 2cf8c00e-b5c8-11f0-9a16-678fd5127d1b
Most recently processed timestamp: 1761853178.0
Delivery 8a811ed4-b680-11f0-83b8-440f20ca40da (2025-10-31 10:39:23) needs processing (timestamp: 1761932363.0 > most recent timestamp: 1761853178.0)
Most recently processed delivery id: 2cf8c00e-b5c8-11f0-9a16-678fd5127d1b
Most recently processed timestamp: 1761853178.0
Delivery 7a43bc2e-b681-11f0-959d-130595a60693 (2025-10-31 10:46:05) needs processing (timestamp: 1761932765.0 > most recent timestamp: 1761853178.0)
Most recently processed delivery id: 2cf8c00e-b5c8-11f0-9a16-678fd5127d1b
Most recently processed timestamp: 1761853178.0
Delivery b4917e7a-b681-11f0-9030-63f0b1f72043 (2025-10-31 10:47:43) needs processing (timestamp: 1761932863.0 > most recent timestamp: 1761853178.0)
Most recently processed delivery id: 2cf8c00e-b5c8-11f0-9a16-678fd5127d1b
Most recently processed timestamp: 1761853178.0
Delivery 40e08e32-b684-11f0-8077-879e28ddc438 (2025-10-31 11:05:57) needs processing (timestamp: 1761933957.0 > most recent timestamp: 1761853178.0)
Most recently processed delivery id: 2cf8c00e-b5c8-11f0-9a16-678fd5127d1b
Most recently processed timestamp: 1761853178.0
Delivery 6052b9fc-b684-11f0-9bc4-82e8a4176e32 (2025-10-31 11:06:50) needs processing (timestamp: 1761934010.0 > most recent timestamp: 1761853178.0)
Most recently processed delivery id: 2cf8c00e-b5c8-11f0-9a16-678fd5127d1b
Most recently processed timestamp: 1761853178.0
Delivery 80bcf748-b684-11f0-80e5-0372aab85a89 (2025-10-31 11:07:44) needs processing (timestamp: 1761934064.0 > most recent timestamp: 1761853178.0)
Most recently processed delivery id: 2cf8c00e-b5c8-11f0-9a16-678fd5127d1b
Most recently processed timestamp: 1761853178.0
Delivery 92e38740-b687-11f0-8c63-338acb1918f2 (2025-10-31 11:29:37) needs processing (timestamp: 1761935377.0 > most recent timestamp: 1761853178.0)
Most recently processed delivery id: 2cf8c00e-b5c8-11f0-9a16-678fd5127d1b
Most recently processed timestamp: 1761853178.0
Delivery ed57487c-b689-11f0-99d8-92c59d371671 (2025-10-31 11:32:01) needs processing (timestamp: 1761935521.0 > most recent timestamp: 1761853178.0)
Most recently processed delivery id: 2cf8c00e-b5c8-11f0-9a16-678fd5127d1b
Most recently processed timestamp: 1761853178.0
Delivery e4e04de4-b687-11f0-8332-ae4a7b38ed99 (2025-10-31 11:32:01) needs processing (timestamp: 1761935521.0 > most recent timestamp: 1761853178.0)
Most recently processed delivery id: 2cf8c00e-b5c8-11f0-9a16-678fd5127d1b
Most recently processed timestamp: 1761853178.0
Delivery 64e563ec-b68a-11f0-94fc-987e91603b75 (2025-10-31 11:49:55) needs processing (timestamp: 1761936595.0 > most recent timestamp: 1761853178.0)
Most recently processed delivery id: 2cf8c00e-b5c8-11f0-9a16-678fd5127d1b
Most recently processed timestamp: 1761853178.0
Delivery 83e5a45a-b68a-11f0-89d1-a0f6cae20b0b (2025-10-31 11:50:47) needs processing (timestamp: 1761936647.0 > most recent timestamp: 1761853178.0)
Most recently processed delivery id: 2cf8c00e-b5c8-11f0-9a16-678fd5127d1b
Most recently processed timestamp: 1761853178.0
Delivery a2a63f8a-b68a-11f0-9fd2-f7a9ff8a2380 (2025-10-31 11:51:38) needs processing (timestamp: 1761936698.0 > most recent timestamp: 1761853178.0)
Most recently processed delivery id: 2cf8c00e-b5c8-11f0-9a16-678fd5127d1b
Most recently processed timestamp: 1761853178.0
Delivery 654ece26-b68b-11f0-9a88-42aae66f1986 (2025-10-31 11:57:01) needs processing (timestamp: 1761937021.0 > most recent timestamp: 1761853178.0)
Most recently processed delivery id: 2cf8c00e-b5c8-11f0-9a16-678fd5127d1b
Most recently processed timestamp: 1761853178.0
Delivery 993d75de-b68b-11f0-8977-ea847eb72222 (2025-10-31 11:58:32) needs processing (timestamp: 1761937112.0 > most recent timestamp: 1761853178.0)
Most recently processed delivery id: 2cf8c00e-b5c8-11f0-9a16-678fd5127d1b
Most recently processed timestamp: 1761853178.0
Delivery 2e6ab644-b68c-11f0-9013-6d492c3f7645 (2025-10-31 12:02:37) needs processing (timestamp: 1761937357.0 > most recent timestamp: 1761853178.0)
Most recently processed delivery id: 2cf8c00e-b5c8-11f0-9a16-678fd5127d1b
Most recently processed timestamp: 1761853178.0
Delivery 3e120b5a-b68d-11f0-8976-b797acc2f1e4 (2025-10-31 12:10:15) needs processing (timestamp: 1761937815.0 > most recent timestamp: 1761853178.0)
Most recently processed delivery id: 2cf8c00e-b5c8-11f0-9a16-678fd5127d1b
Most recently processed timestamp: 1761853178.0
Delivery 6f12c9f6-b68d-11f0-975a-f4bbbd8d2849 (2025-10-31 12:11:40) needs processing (timestamp: 1761937900.0 > most recent timestamp: 1761853178.0)
Most recently processed delivery id: 2cf8c00e-b5c8-11f0-9a16-678fd5127d1b
Most recently processed timestamp: 1761853178.0
Delivery 8ffdf69a-b68d-11f0-985b-fc48eefd13a3 (2025-10-31 12:12:35) needs processing (timestamp: 1761937955.0 > most recent timestamp: 1761853178.0)
Most recently processed delivery id: 2cf8c00e-b5c8-11f0-9a16-678fd5127d1b
Most recently processed timestamp: 1761853178.0
Delivery a9447fd4-b68d-11f0-852b-2c4a77c2e891 (2025-10-31 12:13:18) needs processing (timestamp: 1761937998.0 > most recent timestamp: 1761853178.0)
Most recently processed delivery id: 2cf8c00e-b5c8-11f0-9a16-678fd5127d1b
Most recently processed timestamp: 1761853178.0
Delivery 2bc79598-b6a4-11f0-9b0f-943838228607 (2025-10-31 14:54:25) needs processing (timestamp: 1761947665.0 > most recent timestamp: 1761853178.0)
Most recently processed delivery id: 2cf8c00e-b5c8-11f0-9a16-678fd5127d1b
Most recently processed timestamp: 1761853178.0
Delivery 445e0a24-b6a4-11f0-84bf-8a747684841a (2025-10-31 14:55:07) needs processing (timestamp: 1761947707.0 > most recent timestamp: 1761853178.0)
Most recently processed delivery id: 2cf8c00e-b5c8-11f0-9a16-678fd5127d1b
Most recently processed timestamp: 1761853178.0
Delivery 5d0d2eba-b6a4-11f0-9e88-bd575ad32e34 (2025-10-31 14:55:48) needs processing (timestamp: 1761947748.0 > most recent timestamp: 1761853178.0)
Most recently processed delivery id: 2cf8c00e-b5c8-11f0-9a16-678fd5127d1b
Most recently processed timestamp: 1761853178.0
Delivery 6cc63884-b6d5-11f0-9345-6cf907f5748f (2025-10-31 20:47:00) needs processing (timestamp: 1761968820.0 > most recent timestamp: 1761853178.0)
Most recently processed delivery id: 2cf8c00e-b5c8-11f0-9a16-678fd5127d1b
Most recently processed timestamp: 1761853178.0
Delivery 855b6f2c-b6d5-11f0-832b-645e3ea293ff (2025-10-31 20:47:41) needs processing (timestamp: 1761968861.0 > most recent timestamp: 1761853178.0)
Most recently processed delivery id: 2cf8c00e-b5c8-11f0-9a16-678fd5127d1b
Most recently processed timestamp: 1761853178.0
Delivery 9e757228-b6d5-11f0-9dd7-c5b7771338e3 (2025-10-31 20:48:23) needs processing (timestamp: 1761968903.0 > most recent timestamp: 1761853178.0)
Most recently processed delivery id: 2cf8c00e-b5c8-11f0-9a16-678fd5127d1b
Most recently processed timestamp: 1761853178.0
Delivery 3dd85f4a-b6d8-11f0-9970-073dcd5cf0d1 (2025-10-31 21:07:10) needs processing (timestamp: 1761970030.0 > most recent timestamp: 1761853178.0)
Most recently processed delivery id: 2cf8c00e-b5c8-11f0-9a16-678fd5127d1b
Most recently processed timestamp: 1761853178.0
Delivery 573a1c62-b6d8-11f0-828d-df751861ca19 (2025-10-31 21:07:52) needs processing (timestamp: 1761970072.0 > most recent timestamp: 1761853178.0)
Most recently processed delivery id: 2cf8c00e-b5c8-11f0-9a16-678fd5127d1b
Most recently processed timestamp: 1761853178.0
Delivery 6f7897d6-b6d8-11f0-9de1-a52bcc73dcf3 (2025-10-31 21:08:33) needs processing (timestamp: 1761970113.0 > most recent timestamp: 1761853178.0)
Most recently processed delivery id: 2cf8c00e-b5c8-11f0-9a16-678fd5127d1b
Most recently processed timestamp: 1761853178.0
Delivery 97a219b4-b6db-11f0-853d-e4f195657f7e (2025-10-31 21:31:09) needs processing (timestamp: 1761971469.0 > most recent timestamp: 1761853178.0)
Most recently processed delivery id: 2cf8c00e-b5c8-11f0-9a16-678fd5127d1b
Most recently processed timestamp: 1761853178.0
Delivery aff670fa-b6db-11f0-96ec-93a30a5a7102 (2025-10-31 21:31:49) needs processing (timestamp: 1761971509.0 > most recent timestamp: 1761853178.0)
Most recently processed delivery id: 2cf8c00e-b5c8-11f0-9a16-678fd5127d1b
Most recently processed timestamp: 1761853178.0
Delivery c8c40606-b6db-11f0-9c6b-69edb649b4ab (2025-10-31 21:32:31) needs processing (timestamp: 1761971551.0 > most recent timestamp: 1761853178.0)
Most recently processed delivery id: 2cf8c00e-b5c8-11f0-9a16-678fd5127d1b
Most recently processed timestamp: 1761853178.0
Delivery 62da10ce-b825-11f0-9e0c-8ba22c8db774 (2025-11-02 11:51:48) needs processing (timestamp: 1762113108.0 > most recent timestamp: 1761853178.0)
Most recently processed delivery id: 2cf8c00e-b5c8-11f0-9a16-678fd5127d1b
Most recently processed timestamp: 1761853178.0
Delivery 6a525028-b825-11f0-8272-5b069948494f (2025-11-02 11:52:03) needs processing (timestamp: 1762113123.0 > most recent timestamp: 1761853178.0)
Most recently processed delivery id: 2cf8c00e-b5c8-11f0-9a16-678fd5127d1b
Most recently processed timestamp: 1761853178.0
Delivery b619e0e8-b825-11f0-8577-29ee31d3663d (2025-11-02 11:54:11) needs processing (timestamp: 1762113251.0 > most recent timestamp: 1761853178.0)
Most recently processed delivery id: 2cf8c00e-b5c8-11f0-9a16-678fd5127d1b
Most recently processed timestamp: 1761853178.0
Delivery d340da64-b825-11f0-8519-1f12170ffc54 (2025-11-02 11:55:03) needs processing (timestamp: 1762113303.0 > most recent timestamp: 1761853178.0)
Most recently processed delivery id: 2cf8c00e-b5c8-11f0-9a16-678fd5127d1b
Most recently processed timestamp: 1761853178.0
Delivery df77952a-b825-11f0-9aa2-43a1389965b9 (2025-11-02 11:55:24) needs processing (timestamp: 1762113324.0 > most recent timestamp: 1761853178.0)
Most recently processed delivery id: 2cf8c00e-b5c8-11f0-9a16-678fd5127d1b
Most recently processed timestamp: 1761853178.0
Delivery ee7934ac-b825-11f0-89b1-87689534c874 (2025-11-02 11:55:48) needs processing (timestamp: 1762113348.0 > most recent timestamp: 1761853178.0)
Most recently processed delivery id: 2cf8c00e-b5c8-11f0-9a16-678fd5127d1b
Most recently processed timestamp: 1761853178.0
Delivery 65795b7c-b826-11f0-9930-3cbe7f67b596 (2025-11-02 11:59:00) needs processing (timestamp: 1762113540.0 > most recent timestamp: 1761853178.0)
Most recently processed delivery id: 2cf8c00e-b5c8-11f0-9a16-678fd5127d1b
Most recently processed timestamp: 1761853178.0
Delivery a0088a38-b826-11f0-8fcc-3d94876d1d4c (2025-11-02 12:00:47) needs processing (timestamp: 1762113647.0 > most recent timestamp: 1761853178.0)
Most recently processed delivery id: 2cf8c00e-b5c8-11f0-9a16-678fd5127d1b
Most recently processed timestamp: 1761853178.0
Delivery 7eda2d12-b87b-11f0-8bf7-74661045288d (2025-11-02 21:59:19) needs processing (timestamp: 1762149559.0 > most recent timestamp: 1761853178.0)
Most recently processed delivery id: 2cf8c00e-b5c8-11f0-9a16-678fd5127d1b
Most recently processed timestamp: 1761853178.0
Delivery 3d08bd6e-b87a-11f0-87a7-4b5b39ffe7d8 (2025-11-02 21:59:19) needs processing (timestamp: 1762149559.0 > most recent timestamp: 1761853178.0)
Most recently processed delivery id: 2cf8c00e-b5c8-11f0-9a16-678fd5127d1b
Most recently processed timestamp: 1761853178.0
Delivery 25b2311c-b87b-11f0-9271-2732fa4f2717 (2025-11-02 22:05:32) needs processing (timestamp: 1762149932.0 > most recent timestamp: 1761853178.0)
Most recently processed delivery id: 2cf8c00e-b5c8-11f0-9a16-678fd5127d1b
Most recently processed timestamp: 1761853178.0
Delivery 535819ce-b87b-11f0-929b-3f677baa4f9c (2025-11-02 22:07:05) needs processing (timestamp: 1762150025.0 > most recent timestamp: 1761853178.0)
Most recently processed delivery id: 2cf8c00e-b5c8-11f0-9a16-678fd5127d1b
Most recently processed timestamp: 1761853178.0
Delivery 63bee48c-b87b-11f0-81cf-8a383e04209f (2025-11-02 22:07:32) needs processing (timestamp: 1762150052.0 > most recent timestamp: 1761853178.0)
Most recently processed delivery id: 2cf8c00e-b5c8-11f0-9a16-678fd5127d1b
Most recently processed timestamp: 1761853178.0
Delivery 7355d5c2-b87b-11f0-9f22-5c95eaa3d427 (2025-11-02 22:07:58) needs processing (timestamp: 1762150078.0 > most recent timestamp: 1761853178.0)
Most recently processed delivery id: 2cf8c00e-b5c8-11f0-9a16-678fd5127d1b
Most recently processed timestamp: 1761853178.0
Delivery c52bf7d0-b882-11f0-9a26-b2ee0a01e73b (2025-11-02 23:00:23) needs processing (timestamp: 1762153223.0 > most recent timestamp: 1761853178.0)
Most recently processed delivery id: 2cf8c00e-b5c8-11f0-9a16-678fd5127d1b
Most recently processed timestamp: 1761853178.0
Delivery ad2a7f60-b884-11f0-836b-dbb71a024080 (2025-11-02 23:13:32) needs processing (timestamp: 1762154012.0 > most recent timestamp: 1761853178.0)
Most recently processed delivery id: 2cf8c00e-b5c8-11f0-9a16-678fd5127d1b
Most recently processed timestamp: 1761853178.0
Delivery 320adbda-b885-11f0-89b9-31292d5a9610 (2025-11-02 23:17:44) needs processing (timestamp: 1762154264.0 > most recent timestamp: 1761853178.0)
Most recently processed delivery id: 2cf8c00e-b5c8-11f0-9a16-678fd5127d1b
Most recently processed timestamp: 1761853178.0
Delivery 40a4d1be-b885-11f0-8d50-652981ab1292 (2025-11-02 23:18:09) needs processing (timestamp: 1762154289.0 > most recent timestamp: 1761853178.0)
Most recently processed delivery id: 2cf8c00e-b5c8-11f0-9a16-678fd5127d1b
Most recently processed timestamp: 1761853178.0
Delivery a6158d1c-b890-11f0-9abc-53c0902b9278 (2025-11-02 23:18:39) needs processing (timestamp: 1762154319.0 > most recent timestamp: 1761853178.0)
Most recently processed delivery id: 2cf8c00e-b5c8-11f0-9a16-678fd5127d1b
Most recently processed timestamp: 1761853178.0
Delivery 52ccd68e-b885-11f0-9b77-0372f8aa9cc0 (2025-11-02 23:18:39) needs processing (timestamp: 1762154319.0 > most recent timestamp: 1761853178.0)
Most recently processed delivery id: 2cf8c00e-b5c8-11f0-9a16-678fd5127d1b
Most recently processed timestamp: 1761853178.0
Delivery 068ea490-b890-11f0-8797-87d4ef74e00b (2025-11-03 00:35:16) needs processing (timestamp: 1762158916.0 > most recent timestamp: 1761853178.0)
Most recently processed delivery id: 2cf8c00e-b5c8-11f0-9a16-678fd5127d1b
Most recently processed timestamp: 1761853178.0
Delivery 00000b18-b891-11f0-8a42-bf0fbb50e375 (2025-11-03 00:41:54) needs processing (timestamp: 1762159314.0 > most recent timestamp: 1761853178.0)
Most recently processed delivery id: 2cf8c00e-b5c8-11f0-9a16-678fd5127d1b
Most recently processed timestamp: 1761853178.0
Delivery 18cb29e2-b892-11f0-88e8-846eb285a9b6 (2025-11-03 00:50:06) needs processing (timestamp: 1762159806.0 > most recent timestamp: 1761853178.0)
Most recently processed delivery id: 2cf8c00e-b5c8-11f0-9a16-678fd5127d1b
Most recently processed timestamp: 1761853178.0
Delivery 492b85a4-b893-11f0-9397-c7a97ba3c6ff (2025-11-03 00:58:36) needs processing (timestamp: 1762160316.0 > most recent timestamp: 1761853178.0)
Most recently processed delivery id: 2cf8c00e-b5c8-11f0-9a16-678fd5127d1b
Most recently processed timestamp: 1761853178.0
Delivery 715948c2-b893-11f0-9bda-82c8bdccf060 (2025-11-03 00:59:43) needs processing (timestamp: 1762160383.0 > most recent timestamp: 1761853178.0)
Most recently processed delivery id: 2cf8c00e-b5c8-11f0-9a16-678fd5127d1b
Most recently processed timestamp: 1761853178.0
Delivery 8a1d5742-b896-11f0-8f0e-44bfff8ab158 (2025-11-03 01:21:34) needs processing (timestamp: 1762161694.0 > most recent timestamp: 1761853178.0)
Most recently processed delivery id: 2cf8c00e-b5c8-11f0-9a16-678fd5127d1b
Most recently processed timestamp: 1761853178.0
Delivery dd2c3c82-b896-11f0-84ac-f6cb75451285 (2025-11-03 01:24:13) needs processing (timestamp: 1762161853.0 > most recent timestamp: 1761853178.0)
Most recently processed delivery id: 2cf8c00e-b5c8-11f0-9a16-678fd5127d1b
Most recently processed timestamp: 1761853178.0
Delivery ec61c082-b896-11f0-9cb2-34a83d8f6e50 (2025-11-03 01:24:38) needs processing (timestamp: 1762161878.0 > most recent timestamp: 1761853178.0)
Most recently processed delivery id: 2cf8c00e-b5c8-11f0-9a16-678fd5127d1b
Most recently processed timestamp: 1761853178.0
Delivery feee3d84-b896-11f0-89b5-17977bd98f82 (2025-11-03 01:25:09) needs processing (timestamp: 1762161909.0 > most recent timestamp: 1761853178.0)
Most recently processed delivery id: 2cf8c00e-b5c8-11f0-9a16-678fd5127d1b
Most recently processed timestamp: 1761853178.0
Delivery acf1a6cc-b898-11f0-9a33-bbfeda1069f1 (2025-11-03 01:37:11) needs processing (timestamp: 1762162631.0 > most recent timestamp: 1761853178.0)
Most recently processed delivery id: 2cf8c00e-b5c8-11f0-9a16-678fd5127d1b
Most recently processed timestamp: 1761853178.0
Delivery f9737200-b898-11f0-9a23-ca41141f02b7 (2025-11-03 01:39:19) needs processing (timestamp: 1762162759.0 > most recent timestamp: 1761853178.0)
Most recently processed delivery id: 2cf8c00e-b5c8-11f0-9a16-678fd5127d1b
Most recently processed timestamp: 1761853178.0
Delivery 0c35d6a8-b899-11f0-980c-597c8d61e934 (2025-11-03 01:39:50) needs processing (timestamp: 1762162790.0 > most recent timestamp: 1761853178.0)
Most recently processed delivery id: 2cf8c00e-b5c8-11f0-9a16-678fd5127d1b
Most recently processed timestamp: 1761853178.0
Delivery 1c8b760c-b899-11f0-9e37-503f1832a6b4 (2025-11-03 01:40:18) needs processing (timestamp: 1762162818.0 > most recent timestamp: 1761853178.0)
Most recently processed delivery id: 2cf8c00e-b5c8-11f0-9a16-678fd5127d1b
Most recently processed timestamp: 1761853178.0
Delivery 2ff429a0-b899-11f0-9c96-0e842b7fcb2e (2025-11-03 01:40:51) needs processing (timestamp: 1762162851.0 > most recent timestamp: 1761853178.0)
Most recently processed delivery id: 2cf8c00e-b5c8-11f0-9a16-678fd5127d1b
Most recently processed timestamp: 1761853178.0
Delivery 07e76d9e-b89b-11f0-8617-06c47f887d04 (2025-11-03 01:54:02) needs processing (timestamp: 1762163642.0 > most recent timestamp: 1761853178.0)
Most recently processed delivery id: 2cf8c00e-b5c8-11f0-9a16-678fd5127d1b
Most recently processed timestamp: 1761853178.0
Delivery 169a49ba-b89b-11f0-96f2-69e17b774ff3 (2025-11-03 01:54:26) needs processing (timestamp: 1762163666.0 > most recent timestamp: 1761853178.0)
Most recently processed delivery id: 2cf8c00e-b5c8-11f0-9a16-678fd5127d1b
Most recently processed timestamp: 1761853178.0
Delivery 1e0a70c6-b89b-11f0-846d-cd7ad8cbf057 (2025-11-03 01:54:39) needs processing (timestamp: 1762163679.0 > most recent timestamp: 1761853178.0)
Most recently processed delivery id: 2cf8c00e-b5c8-11f0-9a16-678fd5127d1b
Most recently processed timestamp: 1761853178.0
Delivery 296c28ec-b89b-11f0-9f31-7df4dd96f796 (2025-11-03 01:54:58) needs processing (timestamp: 1762163698.0 > most recent timestamp: 1761853178.0)
Most recently processed delivery id: 2cf8c00e-b5c8-11f0-9a16-678fd5127d1b
Most recently processed timestamp: 1761853178.0
Delivery cd7ceca4-b8a6-11f0-8f6e-83bde1cc4134 (2025-11-03 03:18:19) needs processing (timestamp: 1762168699.0 > most recent timestamp: 1761853178.0)
Most recently processed delivery id: 2cf8c00e-b5c8-11f0-9a16-678fd5127d1b
Most recently processed timestamp: 1761853178.0
Delivery 2d613638-b8a8-11f0-8311-51ab463f03ce (2025-11-03 03:28:09) needs processing (timestamp: 1762169289.0 > most recent timestamp: 1761853178.0)
Most recently processed delivery id: 2cf8c00e-b5c8-11f0-9a16-678fd5127d1b
Most recently processed timestamp: 1761853178.0
Delivery 47eb1afa-b8a8-11f0-9c3c-555ad3e3f4a8 (2025-11-03 03:28:54) needs processing (timestamp: 1762169334.0 > most recent timestamp: 1761853178.0)
Most recently processed delivery id: 2cf8c00e-b5c8-11f0-9a16-678fd5127d1b
Most recently processed timestamp: 1761853178.0
Delivery 83f08f58-b8a8-11f0-844b-30c1cc9559d5 (2025-11-03 03:30:35) needs processing (timestamp: 1762169435.0 > most recent timestamp: 1761853178.0)
Most recently processed delivery id: 2cf8c00e-b5c8-11f0-9a16-678fd5127d1b
Most recently processed timestamp: 1761853178.0
Delivery a5cd11c8-b8a8-11f0-9881-651b6c89935a (2025-11-03 03:31:18) needs processing (timestamp: 1762169478.0 > most recent timestamp: 1761853178.0)
Most recently processed delivery id: 2cf8c00e-b5c8-11f0-9a16-678fd5127d1b
Most recently processed timestamp: 1761853178.0
Delivery 9f58613a-b8a8-11f0-88f6-779e2f7be3c1 (2025-11-03 03:31:20) needs processing (timestamp: 1762169480.0 > most recent timestamp: 1761853178.0)
Most recently processed delivery id: 2cf8c00e-b5c8-11f0-9a16-678fd5127d1b
Most recently processed timestamp: 1761853178.0
Delivery ac0394e0-b8a8-11f0-8cc1-90237350e493 (2025-11-03 03:31:41) needs processing (timestamp: 1762169501.0 > most recent timestamp: 1761853178.0)
Most recently processed delivery id: 2cf8c00e-b5c8-11f0-9a16-678fd5127d1b
Most recently processed timestamp: 1761853178.0
Delivery bc7b533a-b8a8-11f0-953c-d16fabd5ffb0 (2025-11-03 03:32:09) needs processing (timestamp: 1762169529.0 > most recent timestamp: 1761853178.0)
Most recently processed delivery id: 2cf8c00e-b5c8-11f0-9a16-678fd5127d1b
Most recently processed timestamp: 1761853178.0
Delivery e73d2be8-b8a8-11f0-84ec-6b9133303c6f (2025-11-03 03:33:21) needs processing (timestamp: 1762169601.0 > most recent timestamp: 1761853178.0)
Most recently processed delivery id: 2cf8c00e-b5c8-11f0-9a16-678fd5127d1b
Most recently processed timestamp: 1761853178.0
Delivery f42f5678-b8a8-11f0-8c38-7ef2b51a83c1 (2025-11-03 03:33:42) needs processing (timestamp: 1762169622.0 > most recent timestamp: 1761853178.0)
Most recently processed delivery id: 2cf8c00e-b5c8-11f0-9a16-678fd5127d1b
Most recently processed timestamp: 1761853178.0
Delivery 05ecb2ac-b8a9-11f0-890d-8efe7e25b7c9 (2025-11-03 03:34:12) needs processing (timestamp: 1762169652.0 > most recent timestamp: 1761853178.0)
Most recently processed delivery id: 2cf8c00e-b5c8-11f0-9a16-678fd5127d1b
Most recently processed timestamp: 1761853178.0
Delivery 0c463876-b8a9-11f0-8be8-7f22be5d5b5d (2025-11-03 03:34:23) needs processing (timestamp: 1762169663.0 > most recent timestamp: 1761853178.0)
Most recently processed delivery id: 2cf8c00e-b5c8-11f0-9a16-678fd5127d1b
Most recently processed timestamp: 1761853178.0
Delivery 37a7ff54-b8a9-11f0-9c1e-d4587eee7395 (2025-11-03 03:35:35) needs processing (timestamp: 1762169735.0 > most recent timestamp: 1761853178.0)
Most recently processed delivery id: 2cf8c00e-b5c8-11f0-9a16-678fd5127d1b
Most recently processed timestamp: 1761853178.0
Delivery 48d357ec-b8a9-11f0-9aca-82398d53f597 (2025-11-03 03:36:03) needs processing (timestamp: 1762169763.0 > most recent timestamp: 1761853178.0)
Most recently processed delivery id: 2cf8c00e-b5c8-11f0-9a16-678fd5127d1b
Most recently processed timestamp: 1761853178.0
Delivery 593a6328-b8a9-11f0-851b-273823f27f2e (2025-11-03 03:36:31) needs processing (timestamp: 1762169791.0 > most recent timestamp: 1761853178.0)
Most recently processed delivery id: 2cf8c00e-b5c8-11f0-9a16-678fd5127d1b
Most recently processed timestamp: 1761853178.0
Delivery 4000a0b2-b8ad-11f0-88e8-73ca04991f11 (2025-11-03 04:04:28) needs processing (timestamp: 1762171468.0 > most recent timestamp: 1761853178.0)
Most recently processed delivery id: 2cf8c00e-b5c8-11f0-9a16-678fd5127d1b
Most recently processed timestamp: 1761853178.0
Delivery 6e889516-b8ad-11f0-83ce-ef63827849af (2025-11-03 04:05:45) needs processing (timestamp: 1762171545.0 > most recent timestamp: 1761853178.0)
Most recently processed delivery id: 2cf8c00e-b5c8-11f0-9a16-678fd5127d1b
Most recently processed timestamp: 1761853178.0
Delivery 808b8d68-b8ad-11f0-8eff-b59d4b348dd9 (2025-11-03 04:06:15) needs processing (timestamp: 1762171575.0 > most recent timestamp: 1761853178.0)
Most recently processed delivery id: 2cf8c00e-b5c8-11f0-9a16-678fd5127d1b
Most recently processed timestamp: 1761853178.0
Delivery 91a1eae8-b8ad-11f0-966b-e78dafdf4fff (2025-11-03 04:06:44) needs processing (timestamp: 1762171604.0 > most recent timestamp: 1761853178.0)
Most recently processed delivery id: 2cf8c00e-b5c8-11f0-9a16-678fd5127d1b
Most recently processed timestamp: 1761853178.0
Delivery b6f2bffc-b8ad-11f0-88b8-d6171fc1c85b (2025-11-03 04:07:23) needs processing (timestamp: 1762171643.0 > most recent timestamp: 1761853178.0)
Most recently processed delivery id: 2cf8c00e-b5c8-11f0-9a16-678fd5127d1b
Most recently processed timestamp: 1761853178.0
Delivery e4f76650-b8ad-11f0-84de-1da75d9b87cf (2025-11-03 04:09:04) needs processing (timestamp: 1762171744.0 > most recent timestamp: 1761853178.0)
Most recently processed delivery id: 2cf8c00e-b5c8-11f0-9a16-678fd5127d1b
Most recently processed timestamp: 1761853178.0
Delivery f36a4ed2-b8ad-11f0-8179-910064c9ac6a (2025-11-03 04:09:28) needs processing (timestamp: 1762171768.0 > most recent timestamp: 1761853178.0)
Most recently processed delivery id: 2cf8c00e-b5c8-11f0-9a16-678fd5127d1b
Most recently processed timestamp: 1761853178.0
Delivery 01e3c218-b8ae-11f0-827c-73be76fa06ba (2025-11-03 04:09:52) needs processing (timestamp: 1762171792.0 > most recent timestamp: 1761853178.0)
Most recently processed delivery id: 2cf8c00e-b5c8-11f0-9a16-678fd5127d1b
Most recently processed timestamp: 1761853178.0
Delivery 01aacbca-b8b8-11f0-964a-978700f5d689 (2025-11-03 05:21:09) needs processing (timestamp: 1762176069.0 > most recent timestamp: 1761853178.0)
Most recently processed delivery id: 2cf8c00e-b5c8-11f0-9a16-678fd5127d1b
Most recently processed timestamp: 1761853178.0
Delivery 3983515c-b8b8-11f0-9fd7-775ee6f77c25 (2025-11-03 05:23:01) needs processing (timestamp: 1762176181.0 > most recent timestamp: 1761853178.0)
Most recently processed delivery id: 2cf8c00e-b5c8-11f0-9a16-678fd5127d1b
Most recently processed timestamp: 1761853178.0
Delivery 4609c9ec-b8b8-11f0-9aca-0fcc9a69f216 (2025-11-03 05:23:22) needs processing (timestamp: 1762176202.0 > most recent timestamp: 1761853178.0)
Most recently processed delivery id: 2cf8c00e-b5c8-11f0-9a16-678fd5127d1b
Most recently processed timestamp: 1761853178.0
Delivery 58b23214-b8b8-11f0-9092-b09d689a15f6 (2025-11-03 05:23:53) needs processing (timestamp: 1762176233.0 > most recent timestamp: 1761853178.0)
Most recently processed delivery id: 2cf8c00e-b5c8-11f0-9a16-678fd5127d1b
Most recently processed timestamp: 1761853178.0
Delivery 0ca623de-b8be-11f0-8980-ab084fc1fb4d (2025-11-03 06:04:43) needs processing (timestamp: 1762178683.0 > most recent timestamp: 1761853178.0)
Most recently processed delivery id: 2cf8c00e-b5c8-11f0-9a16-678fd5127d1b
Most recently processed timestamp: 1761853178.0
Delivery 9fd5ba84-b8be-11f0-911e-c00208ebb360 (2025-11-03 06:08:50) needs processing (timestamp: 1762178930.0 > most recent timestamp: 1761853178.0)
Most recently processed delivery id: 2cf8c00e-b5c8-11f0-9a16-678fd5127d1b
Most recently processed timestamp: 1761853178.0
Delivery a220ca32-b8c2-11f0-83b0-d04c5ad61844 (2025-11-03 06:37:32) needs processing (timestamp: 1762180652.0 > most recent timestamp: 1761853178.0)
Most recently processed delivery id: 2cf8c00e-b5c8-11f0-9a16-678fd5127d1b
Most recently processed timestamp: 1761853178.0
Delivery f52af66c-b8c2-11f0-9ffd-f43a75ee3f33 (2025-11-03 06:39:51) needs processing (timestamp: 1762180791.0 > most recent timestamp: 1761853178.0)
Most recently processed delivery id: 2cf8c00e-b5c8-11f0-9a16-678fd5127d1b
Most recently processed timestamp: 1761853178.0
Delivery 36925528-b8c3-11f0-81d2-cfa0c9011cec (2025-11-03 06:41:41) needs processing (timestamp: 1762180901.0 > most recent timestamp: 1761853178.0)
Most recently processed delivery id: 2cf8c00e-b5c8-11f0-9a16-678fd5127d1b
Most recently processed timestamp: 1761853178.0
Delivery 709e15a4-b8c3-11f0-8feb-ecb0902a2d18 (2025-11-03 06:43:18) needs processing (timestamp: 1762180998.0 > most recent timestamp: 1761853178.0)
Most recently processed delivery id: 2cf8c00e-b5c8-11f0-9a16-678fd5127d1b
Most recently processed timestamp: 1761853178.0
Delivery 6fad5b92-b8c7-11f0-97cb-cb7e39b8f126 (2025-11-03 07:11:06) needs processing (timestamp: 1762182666.0 > most recent timestamp: 1761853178.0)
Most recently processed delivery id: 2cf8c00e-b5c8-11f0-9a16-678fd5127d1b
Most recently processed timestamp: 1761853178.0
Delivery 63bde1a4-b8d0-11f0-92c3-26a24c0da9c8 (2025-11-03 08:15:52) needs processing (timestamp: 1762186552.0 > most recent timestamp: 1761853178.0)
Most recently processed delivery id: 2cf8c00e-b5c8-11f0-9a16-678fd5127d1b
Most recently processed timestamp: 1761853178.0
Delivery 9c9f40c6-b8d0-11f0-8f22-22fb9d1de469 (2025-11-03 08:17:35) needs processing (timestamp: 1762186655.0 > most recent timestamp: 1761853178.0)
Total number of blocked webhooks: 0
Most recent processed delivery -- id: 9c9f40c6-b8d0-11f0-8f22-22fb9d1de469, timestamp: 2025-11-03 08:17:35, timestamp: 1762186655.0
