Found webhook id for https://developer.fiserv.com/api/git-webhook: 549112588
Found head_commit for delivery id 29db3056-df57-11f0-8e19-62164f0eacf6, timestamp: 1766422581.0, 2025-12-22 08:56:21
signature: sha256=9822ebee1a8b1d8733b3137cc6c0ff9f8709a461d62c651378932078cf200762, delivery id: 29db3056-df57-11f0-8e19-62164f0eacf6
Found head_commit for delivery id 603acbb2-df56-11f0-92cf-68d13f336b73, timestamp: 1766422243.0, 2025-12-22 08:50:43
signature: sha256=da655db858ab680299336f0b6a2b427f793a592347cd2681e42524c231e43243, delivery id: 603acbb2-df56-11f0-92cf-68d13f336b73
Found head_commit for delivery id 9d14590a-df55-11f0-9021-cc4715477db4, timestamp: 1766421910.0, 2025-12-22 08:45:10
signature: sha256=9e9f7b5f6ff93633113bc2a789d019f7460a4f4dea788741b5e053835a75b926, delivery id: 9d14590a-df55-11f0-9021-cc4715477db4
Found head_commit for delivery id 4f849024-df55-11f0-83ee-f7ad32e1b678, timestamp: 1766421783.0, 2025-12-22 08:43:03
signature: sha256=50bce141796c85993cfa5618933e551be765ebb129556b3e7877c47b99237e56, delivery id: 4f849024-df55-11f0-83ee-f7ad32e1b678
Found head_commit for delivery id 3552a996-df52-11f0-87e1-1ddee122ad26, timestamp: 1766420129.0, 2025-12-22 08:15:29
signature: sha256=d7eceaf64fd81d95dcdb18537c439da8a89c22fe73de2bceb89c26ee26178334, delivery id: 3552a996-df52-11f0-87e1-1ddee122ad26
Found head_commit for delivery id 41a32262-df51-11f0-91fa-3de175de2faa, timestamp: 1766420038.0, 2025-12-22 08:13:58
signature: sha256=c5f79daa3a793bd42b015dba11436acff742b4e355104c823b386f1f52441c9d, delivery id: 41a32262-df51-11f0-91fa-3de175de2faa
Found head_commit for delivery id 36453a86-df51-11f0-99bc-141ca0f4faa3, timestamp: 1766419950.0, 2025-12-22 08:12:30
signature: sha256=565b4a713fce72f031f06b345366874c1fdd7b0a802f2cca5fe1ccbe9da81039, delivery id: 36453a86-df51-11f0-99bc-141ca0f4faa3
Found head_commit for delivery id e8eab21c-df4f-11f0-95da-de8ba75c13ca, timestamp: 1766419383.0, 2025-12-22 08:03:03
signature: sha256=b142b98cd3cd0a60edb6834ac766860e8d256a75aba5a03ef3a4d4befba44172, delivery id: e8eab21c-df4f-11f0-95da-de8ba75c13ca
Found head_commit for delivery id fe08a0ca-df4d-11f0-97c9-a47b8ca07d7a, timestamp: 1766418641.0, 2025-12-22 07:50:41
signature: sha256=8afa9bd47ccdbab3da4954c6b504fa86e225f74a13a194ffa615ca204ac6ff0c, delivery id: fe08a0ca-df4d-11f0-97c9-a47b8ca07d7a
Found head_commit for delivery id 221b4b9e-df4d-11f0-9bb9-969dcbaf8a0f, timestamp: 1766418272.0, 2025-12-22 07:44:32
signature: sha256=865b339f057c245fbb5c516884d07505d9ed478c8f0575f30ef89b3a39140a96, delivery id: 221b4b9e-df4d-11f0-9bb9-969dcbaf8a0f
Found head_commit for delivery id d505d360-df4c-11f0-94d2-1216a2b7ca46, timestamp: 1766077794.0, 2025-12-18 09:09:54
signature: sha256=188d42722d5fb9b70cbe10c1682828dc9160a3e69f36e329ce1a886063fd8c1d, delivery id: d505d360-df4c-11f0-94d2-1216a2b7ca46
Found head_commit for delivery id 91841482-df4a-11f0-8936-476b0d389910, timestamp: 1766417179.0, 2025-12-22 07:26:19
signature: sha256=2a138091dc69d12fbd2a72de1a43106c1122ac55363ebe065f62cdbb92f1642b, delivery id: 91841482-df4a-11f0-8936-476b0d389910
Found head_commit for delivery id 792a07de-df4a-11f0-9baf-c7124c398ccf, timestamp: 1766417132.0, 2025-12-22 07:25:32
signature: sha256=3217c87cebed14ef009beb8978d6518d7c4d9fd4b580f3a7816570306e305776, delivery id: 792a07de-df4a-11f0-9baf-c7124c398ccf
Found head_commit for delivery id 8a7010e8-df49-11f0-9f90-be819efddb37, timestamp: 1766416732.0, 2025-12-22 07:18:52
signature: sha256=1051c3c2c8a4e422a7cbefdb0073e0a10cfaf1c744571477451392355143142d, delivery id: 8a7010e8-df49-11f0-9f90-be819efddb37
Found head_commit for delivery id 66744344-df49-11f0-94c9-859326c7c1b2, timestamp: 1766416666.0, 2025-12-22 07:17:46
signature: sha256=d1bbcf6b3d721215624b9615a1531ecea47dd831014a65d181929742aa90ffb4, delivery id: 66744344-df49-11f0-94c9-859326c7c1b2
Found head_commit for delivery id 88a669fc-df48-11f0-9f8e-a6a357027ead, timestamp: 1766416295.0, 2025-12-22 07:11:35
signature: sha256=8271e29a0c44e13d4d18fbd93e2e7ba4cfd6e754d6546007360aa21a8cebc143, delivery id: 88a669fc-df48-11f0-9f8e-a6a357027ead
Found head_commit for delivery id 94547a10-df47-11f0-9f8f-d958f8c975ca, timestamp: 1766415885.0, 2025-12-22 07:04:45
signature: sha256=231ea53e5ff490e490700838611639876a4f5af4cde9e8d6ab9462595efb053a, delivery id: 94547a10-df47-11f0-9f8f-d958f8c975ca
Found head_commit for delivery id 571df37e-df47-11f0-8f93-ece9a5a55159, timestamp: 1766415791.0, 2025-12-22 07:03:11
signature: sha256=1fa6eceabcd7775327f206b8d3bd09bd63412ec9c24c79995cffd8d64182c396, delivery id: 571df37e-df47-11f0-8f93-ece9a5a55159
Found head_commit for delivery id 9679d9b2-df46-11f0-9343-39778ab4f668, timestamp: 1766415470.0, 2025-12-22 06:57:50
signature: sha256=7e6fa0a29f9d7c2b9e6cd4fc73c2104cde9c72d79690e57ecb33dc6510909c97, delivery id: 9679d9b2-df46-11f0-9343-39778ab4f668
Found head_commit for delivery id 8628bd22-df45-11f0-97c1-4d1176b6bae2, timestamp: 1766415002.0, 2025-12-22 06:50:02
signature: sha256=b97309a2a0a1b49b0867de85ad8ffaf6bfe1e0862fc955eb00aeabf35959c08b, delivery id: 8628bd22-df45-11f0-97c1-4d1176b6bae2
Found head_commit for delivery id 87ea0c1a-df40-11f0-8b29-8df4982812eb, timestamp: 1766412861.0, 2025-12-22 06:14:21
signature: sha256=2db30e3ba61008dcd3109b1e210ace8fe493674c23f6b80c2c9e5a0a567035d5, delivery id: 87ea0c1a-df40-11f0-8b29-8df4982812eb
Found head_commit for delivery id b3c58c7c-df3d-11f0-8e7e-8c31f607c26b, timestamp: 1766411644.0, 2025-12-22 05:54:04
signature: sha256=d916e29a21d3d5d835e016556bb08fc0a3e414715e1aeab3820dcad815da6c49, delivery id: b3c58c7c-df3d-11f0-8e7e-8c31f607c26b
Found head_commit for delivery id 2931b01e-df37-11f0-967f-e6f53876e1d0, timestamp: 1766408835.0, 2025-12-22 05:07:15
signature: sha256=66230e0693b714ee1fb5a8d726b89be00eb6b4994258976a3145888ac6d3d66a, delivery id: 2931b01e-df37-11f0-967f-e6f53876e1d0
Found head_commit for delivery id b995ce16-df36-11f0-8eb6-6fd274a71656, timestamp: 1766408647.0, 2025-12-22 05:04:07
signature: sha256=8686f1233bfbbe3ad40bab434969f01698712e3b4fbfc105a43065c772920865, delivery id: b995ce16-df36-11f0-8eb6-6fd274a71656
Found head_commit for delivery id 1c5ca520-df36-11f0-9ce6-7bc2245fbfbd, timestamp: 1766408383.0, 2025-12-22 04:59:43
signature: sha256=e7fc1394d40033d1e29a75b501eafced0dc131bfdcaaef92b0b77e081ee09510, delivery id: 1c5ca520-df36-11f0-9ce6-7bc2245fbfbd
Found head_commit for delivery id 053e99de-df36-11f0-8478-9a57374b585f, timestamp: 1766408355.0, 2025-12-22 04:59:15
signature: sha256=c95de4c0909546235fd35c765b6b73ee112e8138053fe35417cd6c930d99d0f6, delivery id: 053e99de-df36-11f0-8478-9a57374b585f
Found head_commit for delivery id ac27bcd6-df35-11f0-9601-0db35f12d0c7, timestamp: 1766408205.0, 2025-12-22 04:56:45
signature: sha256=6f24cd5605e85e905e1476ae260304f0f0fae6bfc15480641dc70a0aa3b5b4c0, delivery id: ac27bcd6-df35-11f0-9601-0db35f12d0c7
Found head_commit for delivery id 087dae24-df35-11f0-8c1f-c026d8f5462f, timestamp: 1766407924.0, 2025-12-22 04:52:04
signature: sha256=a17e8106d808f07228079e18f32bfc26079ef01fd5678ed35494469107b7cd0a, delivery id: 087dae24-df35-11f0-8c1f-c026d8f5462f
Found head_commit for delivery id 8aade810-df34-11f0-9b0b-5aaddf4702fe, timestamp: 1766407719.0, 2025-12-22 04:48:39
signature: sha256=adcbcd19b9926d3221e3214b953b18f15a44942b9aa683b86dc18187a6ab7917, delivery id: 8aade810-df34-11f0-9b0b-5aaddf4702fe
Found head_commit for delivery id 15203e9a-df34-11f0-9788-d6e3bd93ba1b, timestamp: 1766407514.0, 2025-12-22 04:45:14
signature: sha256=414de64d853c31d8dc54b0e8964dea8900c46957085e1f00d3565f9ffac91c47, delivery id: 15203e9a-df34-11f0-9788-d6e3bd93ba1b
Found head_commit for delivery id 46cbb4f4-df31-11f0-8955-3d1360c63588, timestamp: 1766406317.0, 2025-12-22 04:25:17
signature: sha256=9ce8f0cc73288c79aaee6806fb1eccc284cb58adb4c3b3f3dc811590ecb5d909, delivery id: 46cbb4f4-df31-11f0-8955-3d1360c63588
Found head_commit for delivery id 40470dce-df2f-11f0-88e4-c2aec0962520, timestamp: 1766405447.0, 2025-12-22 04:10:47
signature: sha256=b7d176497f85a3ce1b7493a92472c50d9e78be30d4569e06a959b635764dcf60, delivery id: 40470dce-df2f-11f0-88e4-c2aec0962520
Found head_commit for delivery id 1ab79330-df2f-11f0-91a9-ed871443e569, timestamp: 1766405384.0, 2025-12-22 04:09:44
signature: sha256=164b35ac07d39b5388ae0076b96b805ef660d785eec1b6c37a027ed437222965, delivery id: 1ab79330-df2f-11f0-91a9-ed871443e569
Found head_commit for delivery id 12962644-df2f-11f0-9473-52011fc98648, timestamp: 1766405370.0, 2025-12-22 04:09:30
signature: sha256=912635ba1ed62e9cc91c58d841d97911f5acfc44be1974a748dd3f4ee56c3de5, delivery id: 12962644-df2f-11f0-9473-52011fc98648
Found head_commit for delivery id fefeb9a2-df2e-11f0-84cb-7f47875c9ce3, timestamp: 1766405327.0, 2025-12-22 04:08:47
signature: sha256=69966c9c4de40f4b8f0e52df9258a71550d02b5e6488c9de304cf6a1d4d2730c, delivery id: fefeb9a2-df2e-11f0-84cb-7f47875c9ce3
Found head_commit for delivery id 6a022a82-df2e-11f0-94eb-c861353dfd10, timestamp: 1766405078.0, 2025-12-22 04:04:38
signature: sha256=6db1b84ef3439c2b7a730e90eef1a0eb2fcd699951b4ca2ec82b4ee45ea06e88, delivery id: 6a022a82-df2e-11f0-94eb-c861353dfd10
Found head_commit for delivery id 277ff130-df2e-11f0-826c-ae1db9d1eca4, timestamp: 1766404965.0, 2025-12-22 04:02:45
signature: sha256=0b284f9a7c0c06cd0c7e688a845d7f0c311536d642e8d1048bfc6a9aecca897d, delivery id: 277ff130-df2e-11f0-826c-ae1db9d1eca4
Found head_commit for delivery id fea5d104-df2c-11f0-9aec-1ef893d32435, timestamp: 1766404470.0, 2025-12-22 03:54:30
signature: sha256=8f29c61ed113cb8579e46a8ebea5ee19fec7d30e435c697d00c55cc024a2a870, delivery id: fea5d104-df2c-11f0-9aec-1ef893d32435
Found head_commit for delivery id 7f0d3f5a-df2b-11f0-847c-e5bbf0ff367d, timestamp: 1766403828.0, 2025-12-22 03:43:48
signature: sha256=227cdcc594d39e2bd94b9b44f02e6bcbaa05ab57b49114fb522385c6e0754572, delivery id: 7f0d3f5a-df2b-11f0-847c-e5bbf0ff367d
Found head_commit for delivery id 423b8ece-df2b-11f0-891e-cada5b055193, timestamp: 1766403722.0, 2025-12-22 03:42:02
signature: sha256=c95120a02634601797a3eda3d32f4bca22cff40e8bbc0614bd71f48c76c54e75, delivery id: 423b8ece-df2b-11f0-891e-cada5b055193
Found head_commit for delivery id 5d6485cc-df29-11f0-9534-59fa0de70892, timestamp: 1766402910.0, 2025-12-22 03:28:30
signature: sha256=9c4436f7800917178d87497c744afc6c73a32c949045fa25c7e5945d8a31072c, delivery id: 5d6485cc-df29-11f0-9534-59fa0de70892
Found head_commit for delivery id caa0e48c-df24-11f0-9166-56f6752e305f, timestamp: 1766400954.0, 2025-12-22 02:55:54
signature: sha256=2450ae861a04d077a6f6c0eec24f59d554f7cbe566af70d654eea0baf2689ddb, delivery id: caa0e48c-df24-11f0-9166-56f6752e305f
Found head_commit for delivery id 8d715df8-df24-11f0-9680-bc838ab36d58, timestamp: 1766400852.0, 2025-12-22 02:54:12
signature: sha256=b3a9c11fb30ad6db291cececbd41df794cc64da636250401b9cce5979b65b632, delivery id: 8d715df8-df24-11f0-9680-bc838ab36d58
Found head_commit for delivery id 15eddc5c-df24-11f0-9c54-a81b46c2e6ad, timestamp: 1766400652.0, 2025-12-22 02:50:52
signature: sha256=163accadd89b6d0fe2fe73443b413589044d5943564b7b24bb86f3ffaeadbf2c, delivery id: 15eddc5c-df24-11f0-9c54-a81b46c2e6ad
Found head_commit for delivery id 2faabb54-df21-11f0-894d-f9150296a0d1, timestamp: 1766399406.0, 2025-12-22 02:30:06
signature: sha256=c1fc152b9b76a4e0d99de25287c8b0364ba96d9159c9a079d9c1ba69006cb6a9, delivery id: 2faabb54-df21-11f0-894d-f9150296a0d1
Found head_commit for delivery id f87e113a-df20-11f0-9235-3b849f10eb4a, timestamp: 1766399301.0, 2025-12-22 02:28:21
signature: sha256=27ae55d1e374d1c1309001949411bbc272af90ad4e08986915b8cc6fb49ba340, delivery id: f87e113a-df20-11f0-9235-3b849f10eb4a
Found head_commit for delivery id b038591a-df1d-11f0-984a-0411c8c95f0c, timestamp: 1766397904.0, 2025-12-22 02:05:04
signature: sha256=babd57c84e49cdf679d1a992dbf88519661fe8f75a530ba1b4b40641c13a2531, delivery id: b038591a-df1d-11f0-984a-0411c8c95f0c
Found head_commit for delivery id 86919bee-df1d-11f0-93b4-6727a41ca2ca, timestamp: 1766397823.0, 2025-12-22 02:03:43
signature: sha256=0367229ba3cbef86ed9550e38c4ef0a3bd2fb26755a54703d4890bd2727649a2, delivery id: 86919bee-df1d-11f0-93b4-6727a41ca2ca
Found head_commit for delivery id 4b6fb0f6-df1c-11f0-85d9-9d908f94d359, timestamp: 1766397305.0, 2025-12-22 01:55:05
signature: sha256=39df0d0b18ba95d9a4934f285c814a2478b2ccb03520d177ddca6b3048e77615, delivery id: 4b6fb0f6-df1c-11f0-85d9-9d908f94d359
Found head_commit for delivery id 221e7f52-df1c-11f0-86d2-68c7d15ae1d7, timestamp: 1766397224.0, 2025-12-22 01:53:44
signature: sha256=cd771446957afcd89330de4cf1ded1826980469ff2ac61b56d5dbbb608ce5163, delivery id: 221e7f52-df1c-11f0-86d2-68c7d15ae1d7
Found head_commit for delivery id 30cc6178-df1b-11f0-8ebe-fa408846fb9d, timestamp: 1766396831.0, 2025-12-22 01:47:11
signature: sha256=76c8870a9c5c287b3e10a36ac646801f98fcfc657c799a4c5cf3b02909897d95, delivery id: 30cc6178-df1b-11f0-8ebe-fa408846fb9d
Found head_commit for delivery id f96e6aaa-df1a-11f0-8f11-1e65561832b7, timestamp: 1766396727.0, 2025-12-22 01:45:27
signature: sha256=1b90411e159e61b5ae82f917b4ffe1423f3afd9d384848ad72e49da2b0cf0f73, delivery id: f96e6aaa-df1a-11f0-8f11-1e65561832b7
Found head_commit for delivery id 60ba17e6-df1a-11f0-932f-d37c78c1c2f0, timestamp: 1766396482.0, 2025-12-22 01:41:22
signature: sha256=15bf99dd758b0c714031d53d4f47b498fbe74e004de6380f9fbd603bfcb0712f, delivery id: 60ba17e6-df1a-11f0-932f-d37c78c1c2f0
Found head_commit for delivery id 1af85d1c-df1a-11f0-921b-1f1985d94840, timestamp: 1766396350.0, 2025-12-22 01:39:10
signature: sha256=2bd96dfb279f6eca5418acabeceb34f4c90424dbc0faa5195792a61f7b8adb77, delivery id: 1af85d1c-df1a-11f0-921b-1f1985d94840
Found head_commit for delivery id 091d9974-df18-11f0-810e-62dec9225c77, timestamp: 1766395476.0, 2025-12-22 01:24:36
signature: sha256=34976379b8d80b5fbf4856a4e785fc19e961be459e2b008ed8c8763367544c5f, delivery id: 091d9974-df18-11f0-810e-62dec9225c77
Found head_commit for delivery id e3a4028c-df17-11f0-9115-e40f102179bf, timestamp: 1766395389.0, 2025-12-22 01:23:09
signature: sha256=c32574ecb50112b7b15880b919d337f942c2067ed831da9d37482401a777e93a, delivery id: e3a4028c-df17-11f0-9115-e40f102179bf
Found head_commit for delivery id 294c9c64-df17-11f0-944b-6f11addb82c7, timestamp: 1766395100.0, 2025-12-22 01:18:20
signature: sha256=c02f125b252380bbe6b6f1f0a88c58880caba1611598488eac11adee51c3733e, delivery id: 294c9c64-df17-11f0-944b-6f11addb82c7
Found head_commit for delivery id e22b5e2e-df16-11f0-9133-f39ae74fa3f2, timestamp: 1766394968.0, 2025-12-22 01:16:08
signature: sha256=7c3b8106fe6b26083aadc5a6b2abf002df04695b5b64dc4fd4178841d4565204, delivery id: e22b5e2e-df16-11f0-9133-f39ae74fa3f2
Found head_commit for delivery id a50da37c-df15-11f0-91e0-ceda03b58b83, timestamp: 1766394449.0, 2025-12-22 01:07:29
signature: sha256=f20ff7efa76eedbe12a92c583d06e7eddaddb882c14b1a4de52f0fffce5cbe36, delivery id: a50da37c-df15-11f0-91e0-ceda03b58b83
Found head_commit for delivery id 828accee-df15-11f0-82e6-3f9f5a289729, timestamp: 1766394391.0, 2025-12-22 01:06:31
signature: sha256=c3aef4928ab97fd45b82dd99753028061b15b30557e7232d6fbaa8a3841c622f, delivery id: 828accee-df15-11f0-82e6-3f9f5a289729
Found head_commit for delivery id 78f28b9a-df15-11f0-8b65-f075db694029, timestamp: 1766394375.0, 2025-12-22 01:06:15
signature: sha256=786224b69cfe1d019769709e4768675a9601938da3359dd21992b5401f6b974a, delivery id: 78f28b9a-df15-11f0-8b65-f075db694029
Found head_commit for delivery id fb507b9a-df03-11f0-9064-683ee9945b57, timestamp: 1766386862.0, 2025-12-21 23:01:02
signature: sha256=448567a93d651e7bd120870d6914ea6f82a5742a83e6c78777fd5f43fb2e9b18, delivery id: fb507b9a-df03-11f0-9064-683ee9945b57
Found head_commit for delivery id d54925f0-df03-11f0-8220-ef9303ae249b, timestamp: 1766386785.0, 2025-12-21 22:59:45
signature: sha256=70cb51bfa8d623aa2b28dd97fc7215ff23744324d8e849bc9f19aa74a9fb67b2, delivery id: d54925f0-df03-11f0-8220-ef9303ae249b
Found head_commit for delivery id 785faf62-df03-11f0-86d9-8b26aa44c392, timestamp: 1766386636.0, 2025-12-21 22:57:16
signature: sha256=02c4b5165c6f2959917f29cbe14e89956d4a2bdabad9a463f7c0083e9451c88c, delivery id: 785faf62-df03-11f0-86d9-8b26aa44c392
Found head_commit for delivery id b333e014-df02-11f0-9efa-c61622d67941, timestamp: 1766386312.0, 2025-12-21 22:51:52
signature: sha256=d5364165358ba791fed9b46d5abe7b5bd4b72bd10e39f3909389bb884ad869f9, delivery id: b333e014-df02-11f0-9efa-c61622d67941
Found head_commit for delivery id 6dfdc082-df02-11f0-961c-384e91c23efa, timestamp: 1766386048.0, 2025-12-21 22:47:28
signature: sha256=b19fa18521bbffd5402ef0c29b03d1008ecf5f5dfdd798bdd991eb3a6192bf27, delivery id: 6dfdc082-df02-11f0-961c-384e91c23efa
Found head_commit for delivery id fb93b156-df00-11f0-913c-2842263f8451, timestamp: 1766385575.0, 2025-12-21 22:39:35
signature: sha256=462e4e17bf368976739bb9b77f310a7b22725db1f0fd33504f001cd75fa4e9cb, delivery id: fb93b156-df00-11f0-913c-2842263f8451
Found head_commit for delivery id bf137e78-df00-11f0-979c-7fc80cf6d1b0, timestamp: 1766385473.0, 2025-12-21 22:37:53
signature: sha256=9bfd5a3ae919473fa47abed5b988137ec5db59331008f1db9748f501aac63ec9, delivery id: bf137e78-df00-11f0-979c-7fc80cf6d1b0
Found head_commit for delivery id 4b7efbf8-de61-11f0-9160-566b4c1c8bb6, timestamp: 1766316989.0, 2025-12-21 03:36:29
signature: sha256=51193b8b24ec85fa4d4e84fa3b0d9831a2fd73bcde1987b1be9b4485fd8cac44, delivery id: 4b7efbf8-de61-11f0-9160-566b4c1c8bb6
Found head_commit for delivery id d9a9664e-de60-11f0-8643-950aa80461b3, timestamp: 1766316799.0, 2025-12-21 03:33:19
signature: sha256=c5b82696c39bd05f002e19cdf178d522be5c18c522bdad48e76ae06524f013c2, delivery id: d9a9664e-de60-11f0-8643-950aa80461b3
Found head_commit for delivery id d8b1c5f2-de5f-11f0-9079-f0003995d11f, timestamp: 1766316367.0, 2025-12-21 03:26:07
signature: sha256=88a18a5a783ce9447f06a60334c4b461caf7a2054ee035a37bf942105ab83015, delivery id: d8b1c5f2-de5f-11f0-9079-f0003995d11f
Found head_commit for delivery id 985205ee-de5f-11f0-9a12-e385bdd634f6, timestamp: 1766316259.0, 2025-12-21 03:24:19
signature: sha256=93489c9b72f590e5d841af4553b2eb9f6d5bf56beb4fce957d08ebcc8300aa82, delivery id: 985205ee-de5f-11f0-9a12-e385bdd634f6
Found head_commit for delivery id 00fb01d0-de4d-11f0-8878-7b877b9691be, timestamp: 1766308274.0, 2025-12-21 01:11:14
signature: sha256=461268922a851c09dd5293e5e7f0d4fbf388897955ec543606f8101f8de2aadb, delivery id: 00fb01d0-de4d-11f0-8878-7b877b9691be
Found head_commit for delivery id c4d90f26-de4c-11f0-9116-b023d2d62223, timestamp: 1766308174.0, 2025-12-21 01:09:34
signature: sha256=16b3118f844abe761cbd30b39f02e363e4bbc05bba87f9b15eef87387509af10, delivery id: c4d90f26-de4c-11f0-9116-b023d2d62223
Skipping delivery 1416b132-dd72-11f0-8f8d-00ce98caf98d with no head_commit
Skipping delivery 140a97e4-dd72-11f0-9dd2-e9429b665d1f with no head_commit
Found head_commit for delivery id fe3652e6-dd71-11f0-83a8-5cceffd6fa01, timestamp: 1766214210.0, 2025-12-19 23:03:30
signature: sha256=c0735c9208791f046c2a11b81797e09ad21428477148ae09a2d8fc9b7ab59f42, delivery id: fe3652e6-dd71-11f0-83a8-5cceffd6fa01
Found head_commit for delivery id fdf74c86-dd71-11f0-8844-94ba4ed3466e, timestamp: 1766214209.0, 2025-12-19 23:03:29
signature: sha256=6df252aeda944e464f9f472795bad803aca838f1a1b08b79b93e2e6eaeb10855, delivery id: fdf74c86-dd71-11f0-8844-94ba4ed3466e
Found head_commit for delivery id 79ac4184-dd21-11f0-9371-dc52156cf1a9, timestamp: 1742909898.0, 2025-03-25 06:38:18
signature: sha256=6b12cdf302385312fd35a8a91c53b7ddb127e962d952f4976a227e87265c30fc, delivery id: 79ac4184-dd21-11f0-9371-dc52156cf1a9
Found head_commit for delivery id 79c9f26a-dd21-11f0-8878-165b7d113b83, timestamp: 1742909898.0, 2025-03-25 06:38:18
signature: sha256=faf334b28ec7b894f7e0715299b591cf4d3a9b0ef414a4213260a4c6821f5e1b, delivery id: 79c9f26a-dd21-11f0-8878-165b7d113b83
Found head_commit for delivery id 78adddba-dd21-11f0-8b81-06ebab7ef8ca, timestamp: 1766178709.0, 2025-12-19 13:11:49
signature: sha256=505bf4907b2f931a1c5abdb9cc38fffd8e2c5d92a5e54173711a120f313f4e46, delivery id: 78adddba-dd21-11f0-8b81-06ebab7ef8ca
Found head_commit for delivery id 78d9b840-dd21-11f0-9b96-df9739d641b5, timestamp: 1766179624.0, 2025-12-19 13:27:04
signature: sha256=d7fbd5d6e61c7b90f769ef88ed653e6245f7950fa075a692d13fdd7a6c537bd3, delivery id: 78d9b840-dd21-11f0-9b96-df9739d641b5
Found head_commit for delivery id eb7e9ccc-dd20-11f0-9fbb-b84375b218ad, timestamp: 1766178919.0, 2025-12-19 13:15:19
signature: sha256=0f8cbe8253f243d7c641d3962b81456de583a3d2814e8f78c84f06b21ebc3c5e, delivery id: eb7e9ccc-dd20-11f0-9fbb-b84375b218ad
Found head_commit for delivery id eb590ab6-dd20-11f0-87b0-a145e26b50ce, timestamp: 1766179387.0, 2025-12-19 13:23:07
signature: sha256=e83e055dd742aa045743c425e005721d19b4aea401017050aff4967afbc3cc85, delivery id: eb590ab6-dd20-11f0-87b0-a145e26b50ce
Found head_commit for delivery id d4febdfc-dd1f-11f0-8543-abbd3785bb67, timestamp: 1766178919.0, 2025-12-19 13:15:19
signature: sha256=bd93173095e7e27988c936166da00656933be249f08c0a25dee30767602e9967, delivery id: d4febdfc-dd1f-11f0-8543-abbd3785bb67
Found head_commit for delivery id 84eb4c54-dd1f-11f0-96d4-fada6d9f9034, timestamp: 1742909882.0, 2025-03-25 06:38:02
signature: sha256=bfb222ae76a1118c8ebb6f7740353ae8fddaae5735f747d6458fe3f875f163f3, delivery id: 84eb4c54-dd1f-11f0-96d4-fada6d9f9034
Found head_commit for delivery id 5757f530-dd1f-11f0-92fd-97b75e7dffbb, timestamp: 1766178709.0, 2025-12-19 13:11:49
signature: sha256=297a3f2ca2b4f852f5793a958bd5d4a1d7197aac43a7d7621a737e4ed58bad92, delivery id: 5757f530-dd1f-11f0-92fd-97b75e7dffbb
Found head_commit for delivery id f54da360-dd0c-11f0-8d71-695475e70d44, timestamp: 1765832398.0, 2025-12-15 12:59:58
signature: sha256=37b9e99e9f059c7fdff7d66bf946ca768249578279f5e2ec00b57d58fb65a999, delivery id: f54da360-dd0c-11f0-8d71-695475e70d44
Found head_commit for delivery id f57fc944-dd0c-11f0-857e-0df3815e250a, timestamp: 1759339861.0, 2025-10-01 10:31:01
signature: sha256=9adab9d7cc1ee16f70196ad317b38d5948e607d1fc8e01e19e19ddf5da5b14fa, delivery id: f57fc944-dd0c-11f0-857e-0df3815e250a
Found head_commit for delivery id f524530c-dd0c-11f0-8e88-f036f170b4ca, timestamp: 1764603095.0, 2025-12-01 07:31:35
signature: sha256=4a509eb8f8bd99feeac0eb4f518055ddbd088ed1c01031bf8750729d66662199, delivery id: f524530c-dd0c-11f0-8e88-f036f170b4ca
Found head_commit for delivery id f569563c-dd0c-11f0-9844-53eccd48a7f5, timestamp: 1761666693.0, 2025-10-28 08:51:33
signature: sha256=857f478ce0f3859c43de3e20a48e8cfbacfaf1947ea2a900f4ce27189d4bf68a, delivery id: f569563c-dd0c-11f0-9844-53eccd48a7f5
Found head_commit for delivery id f5388c64-dd0c-11f0-8d7b-0abac2a2baf5, timestamp: 1762204655.0, 2025-11-03 13:17:35
signature: sha256=bca6b5eea380b75822e84dca21189807b1cf35b542b54f324f7b8813f1935920, delivery id: f5388c64-dd0c-11f0-8d7b-0abac2a2baf5
Found head_commit for delivery id f5048d06-dd0c-11f0-9f97-7091285eff52, timestamp: 1752520276.0, 2025-07-14 12:11:16
signature: sha256=8ae8377a0b12db774f3cbe95b65bfa0f5be2a873d5a156b5dfe6192aa8d5c36b, delivery id: f5048d06-dd0c-11f0-9f97-7091285eff52
Found head_commit for delivery id f52129de-dd0c-11f0-9785-f0d694873959, timestamp: 1754668133.0, 2025-08-08 08:48:53
signature: sha256=3a9c9555c642cae8291e9d3dfe388027a57d499aae496db9bffc410fc2be0f89, delivery id: f52129de-dd0c-11f0-9785-f0d694873959
Found head_commit for delivery id f490a03a-dd0c-11f0-85b7-82c49116a9b6, timestamp: 1766075814.0, 2025-12-18 08:36:54
signature: sha256=9699339eef4714bdb8e940f39b26948be7870b53ca46b8d1eecc5dc1b06b828c, delivery id: f490a03a-dd0c-11f0-85b7-82c49116a9b6
Found head_commit for delivery id f4ef7088-dd0c-11f0-99ce-0ff7c076bcde, timestamp: 1760629598.0, 2025-10-16 08:46:38
signature: sha256=dc57f5b6f40972c614cc06e4671f0501331ff97f62621e63734699f663f4446d, delivery id: f4ef7088-dd0c-11f0-99ce-0ff7c076bcde
Found head_commit for delivery id f4c20c10-dd0c-11f0-8f78-3bf510c64221, timestamp: 1765994858.0, 2025-12-17 10:07:38
signature: sha256=8cda104892d033d9c05b56fbde0ee4c8bcc371a04bca7589c06baab5098c5f8e, delivery id: f4c20c10-dd0c-11f0-8f78-3bf510c64221
Found head_commit for delivery id f4d8e4f8-dd0c-11f0-88b0-345f83c6fa83, timestamp: 1758300074.0, 2025-09-19 09:41:14
signature: sha256=9c18e622adbc012a72028b18753c887f31671a0c52a4cab74e294a73a8a95df9, delivery id: f4d8e4f8-dd0c-11f0-88b0-345f83c6fa83
Found head_commit for delivery id f3e9d2b4-dd0c-11f0-9dd9-15e5e3b653b9, timestamp: 1760119005.0, 2025-10-10 10:56:45
signature: sha256=7cc465094dcd64e1844197975dbc3732a71f591c897b7ae14355ff3e1c509c96, delivery id: f3e9d2b4-dd0c-11f0-9dd9-15e5e3b653b9
Found head_commit for delivery id f42ce054-dd0c-11f0-8bbb-a2d0d689e7ed, timestamp: 1755539675.0, 2025-08-18 10:54:35
signature: sha256=97419334eca8849113cda5a5df3fd5bc2732eb07c0bb4ebdbb2f51fcca1c0b26, delivery id: f42ce054-dd0c-11f0-8bbb-a2d0d689e7ed
Adding 98 deliveries
Total deliveries so far: 98
Found head_commit for delivery id f4442a3e-dd0c-11f0-9e7b-70338e4f2a12, timestamp: 1761681560.0, 2025-10-28 12:59:20
signature: sha256=a001aafba4242015acaf80a99a7b40c015d3fcfd6562c9230d561151b306dcc7, delivery id: f4442a3e-dd0c-11f0-9e7b-70338e4f2a12
Found head_commit for delivery id f416ac3a-dd0c-11f0-8a66-1f79c50f7a95, timestamp: 1761930669.0, 2025-10-31 10:11:09
signature: sha256=ad25cc43bec422ddd5fc98b231657d32398a9341f07d777e47b0d6d0e59aac7f, delivery id: f416ac3a-dd0c-11f0-8a66-1f79c50f7a95
Found head_commit for delivery id f400d324-dd0c-11f0-934e-e81ae8a8938f, timestamp: 1752175396.0, 2025-07-10 12:23:16
signature: sha256=9cfba72ae1f16a459d82e9568dd14c66eb7888b414107d90edef8b5608b92d1d, delivery id: f400d324-dd0c-11f0-934e-e81ae8a8938f
Found head_commit for delivery id f3d2fd46-dd0c-11f0-8b21-cdfe2fa872b6, timestamp: 1756148508.0, 2025-08-25 12:01:48
signature: sha256=f99ab30006a7973901d49babf793af1fe249d49bf1c5e10d711649a8af8350c2, delivery id: f3d2fd46-dd0c-11f0-8b21-cdfe2fa872b6
Found head_commit for delivery id f3b776b6-dd0c-11f0-95e7-abda512a532d, timestamp: 1762184043.0, 2025-11-03 07:34:03
signature: sha256=b4ad4741bb9dad1244e1866fc95081208002e9e50cb232592c109195be346e99, delivery id: f3b776b6-dd0c-11f0-95e7-abda512a532d
Found head_commit for delivery id f398badc-dd0c-11f0-9396-27d09d809bcf, timestamp: 1765994953.0, 2025-12-17 10:09:13
signature: sha256=236b1fa4a0333d08652e89f1276b20f112b55f82f5720e0b67d320839f36c72b, delivery id: f398badc-dd0c-11f0-9396-27d09d809bcf
Found head_commit for delivery id f3a1a106-dd0c-11f0-9bae-5c7590ff6f6c, timestamp: 1757438724.0, 2025-09-09 10:25:24
signature: sha256=990ddbbd146bfd0dbaef2feec3ef61903ba2c505fba32a0e42a3b29cd8d220a6, delivery id: f3a1a106-dd0c-11f0-9bae-5c7590ff6f6c
Found head_commit for delivery id f3744dd2-dd0c-11f0-90a4-c27beefbe5d2, timestamp: 1760106395.0, 2025-10-10 07:26:35
signature: sha256=22598c97437454721aa46168c7bb1061b64070d421106003a361166a3a107aab, delivery id: f3744dd2-dd0c-11f0-90a4-c27beefbe5d2
Found head_commit for delivery id f386da1a-dd0c-11f0-9944-073fd0f3c9f1, timestamp: 1761760908.0, 2025-10-29 11:01:48
signature: sha256=78e4c040a054d82ca477e2b5dfec360c93e81889417026c373897a7c086186bc, delivery id: f386da1a-dd0c-11f0-9944-073fd0f3c9f1
Found head_commit for delivery id f35b43c8-dd0c-11f0-9c8a-9ea87030b404, timestamp: 1759869093.0, 2025-10-07 13:31:33
signature: sha256=3e6b7b3d65c2dca671dbea77140d895867df62589bf0e24fc5b2cf36fb5a5f98, delivery id: f35b43c8-dd0c-11f0-9c8a-9ea87030b404
Found head_commit for delivery id f3868bb4-dd0c-11f0-80e3-124ce54835f5, timestamp: 1762545755.0, 2025-11-07 12:02:35
signature: sha256=ecdc27ba207a3a9f130c4b407afd76e4e7743837f994c1f394152b9c5b6a1b64, delivery id: f3868bb4-dd0c-11f0-80e3-124ce54835f5
Found head_commit for delivery id f34816cc-dd0c-11f0-90b6-5ac5c33abd3d, timestamp: 1760127108.0, 2025-10-10 13:11:48
signature: sha256=1c96c077efcaddda1abe6807a2c5a9eb3f5447d11157b4e225413babac1944a4, delivery id: f34816cc-dd0c-11f0-90b6-5ac5c33abd3d
Found head_commit for delivery id f334f92a-dd0c-11f0-8d95-35f48b17db5f, timestamp: 1761586830.0, 2025-10-27 10:40:30
signature: sha256=35964278a9d0333f1b6a62649d52f5586d412614df775f29cf3ba4db830a9002, delivery id: f334f92a-dd0c-11f0-8d95-35f48b17db5f
Found head_commit for delivery id f35ce8ae-dd0c-11f0-8385-7a79c3dcd4cf, timestamp: 1760453640.0, 2025-10-14 07:54:00
signature: sha256=4a4afe47456a62a15dd608b972372ff886d2328d3b7135c7abef6e5bd4146395, delivery id: f35ce8ae-dd0c-11f0-8385-7a79c3dcd4cf
Found head_commit for delivery id f3232236-dd0c-11f0-88d0-a00acb417296, timestamp: 1765994615.0, 2025-12-17 10:03:35
signature: sha256=d895bb6739f584be2a4b96f1d56bfcd66ab0afc6d0fa70c2dc941c9d772f328e, delivery id: f3232236-dd0c-11f0-88d0-a00acb417296
Found head_commit for delivery id f30d14aa-dd0c-11f0-9d44-3332fb9dbf50, timestamp: 1755869248.0, 2025-08-22 06:27:28
signature: sha256=7bd592b59a65f7092a9228b478d2462fd19e245f269adbe1fa3dfd1705b2696b, delivery id: f30d14aa-dd0c-11f0-9d44-3332fb9dbf50
Found head_commit for delivery id f2d480f4-dd0c-11f0-94d4-2118fc582fb6, timestamp: 1762453870.0, 2025-11-06 10:31:10
signature: sha256=c4744f64f9506f7c3b01a5b13a7250bb4a8da2be0478ae2c05ac3d9c2621533c, delivery id: f2d480f4-dd0c-11f0-94d4-2118fc582fb6
Found head_commit for delivery id f2f98f34-dd0c-11f0-9665-2c44dacc3d93, timestamp: 1759246123.0, 2025-09-30 08:28:43
signature: sha256=f5780e62ce296f88b02be22794c738cddc3454e7d325f868f79ba37e488e7849, delivery id: f2f98f34-dd0c-11f0-9665-2c44dacc3d93
Found head_commit for delivery id ee02835a-dd0c-11f0-8c7d-78e33362bc4c, timestamp: 1766170795.0, 2025-12-19 10:59:55
signature: sha256=cb1c6f3d9c973bd11ebe311b54378073dcd6353d8cb42c48924f15b8071173db, delivery id: ee02835a-dd0c-11f0-8c7d-78e33362bc4c
Found head_commit for delivery id 5f8845a2-dd0b-11f0-9c78-f60634c32dab, timestamp: 1766169890.0, 2025-12-19 10:44:50
signature: sha256=6b12c1422263cfe33dcaeef858aa0757419b5c032d92f1e5f94c0f3c31d77bc8, delivery id: 5f8845a2-dd0b-11f0-9c78-f60634c32dab
Found head_commit for delivery id 5f656d0c-dd0b-11f0-963f-d02c9d841b6c, timestamp: 1766169821.0, 2025-12-19 10:43:41
signature: sha256=1e37fbbc1e247e31c52325854c373a6aab1503643894af20ada02ddf0d690b62, delivery id: 5f656d0c-dd0b-11f0-963f-d02c9d841b6c
Found head_commit for delivery id 8ed8af6e-dd0a-11f0-9716-bafd4ba398d1, timestamp: 1754923661.0, 2025-08-11 07:47:41
signature: sha256=b5578f8ec6b512c349f2587fba87e264fcbdc8f122fb0b6c31c057b4065cc2ed, delivery id: 8ed8af6e-dd0a-11f0-9716-bafd4ba398d1
Found head_commit for delivery id 8eeed15e-dd0a-11f0-944c-7c9d0ee23aa1, timestamp: 1766167870.0, 2025-12-19 10:11:10
signature: sha256=6f3e76861a2a5dfff918eee863749622cf0bd35c91ab8ee0ab59d9e8a11ac115, delivery id: 8eeed15e-dd0a-11f0-944c-7c9d0ee23aa1
Found head_commit for delivery id 8ebcfd6e-dd0a-11f0-9e4b-b3414ecde5e8, timestamp: 1746554484.0, 2025-05-06 11:01:24
signature: sha256=16db064ae3785169ec59ff5e1189fcc0b0f3d2052e31146e6cc36cced2219dbf, delivery id: 8ebcfd6e-dd0a-11f0-9e4b-b3414ecde5e8
Found head_commit for delivery id 8ea9c4ce-dd0a-11f0-9d49-52c121810715, timestamp: 1755088008.0, 2025-08-13 05:26:48
signature: sha256=55529f8a7ea7fccdac60c814246c8e195c922a842202b99e79b24fd24539c0a7, delivery id: 8ea9c4ce-dd0a-11f0-9d49-52c121810715
Found head_commit for delivery id 8e5b253a-dd0a-11f0-8765-7a132e409ece, timestamp: 1747138435.0, 2025-05-13 05:13:55
signature: sha256=c3ce16b2b2597edec356db4e9654eddc3854de480253ff993e3f3a1be4b12edc, delivery id: 8e5b253a-dd0a-11f0-8765-7a132e409ece
Found head_commit for delivery id 8e982322-dd0a-11f0-962f-de96ea07e297, timestamp: 1762271749.0, 2025-11-04 07:55:49
signature: sha256=ea90508a0aa9ff8760f4e838998186a6d7ecb3db73046c094976e812a2e48ee2, delivery id: 8e982322-dd0a-11f0-962f-de96ea07e297
Found head_commit for delivery id 8e84c2aa-dd0a-11f0-88ab-a09438565f3f, timestamp: 1760706358.0, 2025-10-17 06:05:58
signature: sha256=78f913041282593565a07d0b638981830b539e6b946f80df1e078fc0cda67c82, delivery id: 8e84c2aa-dd0a-11f0-88ab-a09438565f3f
Found head_commit for delivery id 8e6dde64-dd0a-11f0-9097-31ba272950d7, timestamp: 1759445954.0, 2025-10-02 15:59:14
signature: sha256=e154fc7732e95dbcbb51f592e4aebccf9fb9e87b35b533a80524ae864c90cc52, delivery id: 8e6dde64-dd0a-11f0-9097-31ba272950d7
Found head_commit for delivery id 8e29145a-dd0a-11f0-82a3-b8b47f92581e, timestamp: 1752492913.0, 2025-07-14 04:35:13
signature: sha256=c0463b612550097f8e8d1332db7809397916f6d342fac0e01e27c3f2f46df652, delivery id: 8e29145a-dd0a-11f0-82a3-b8b47f92581e
Found head_commit for delivery id 8e482bf6-dd0a-11f0-87c7-2706caea534f, timestamp: 1753451685.0, 2025-07-25 06:54:45
signature: sha256=a7089bd434c65203980c797baf5808ea636d024c26eb6f69542e73ec2c449ba5, delivery id: 8e482bf6-dd0a-11f0-87c7-2706caea534f
Found head_commit for delivery id 8d60d378-dd0a-11f0-9076-07ea77dd7e88, timestamp: 1754562505.0, 2025-08-07 03:28:25
signature: sha256=0be817d20c7201c24cbc5334cb0a8ec3b6fec13facc71fa5854885c6b9688e03, delivery id: 8d60d378-dd0a-11f0-9076-07ea77dd7e88
Found head_commit for delivery id 8d8847fa-dd0a-11f0-82df-da3eea11da7c, timestamp: 1765914117.0, 2025-12-16 11:41:57
signature: sha256=a13312b43906bd40ab48e84e8cc95ae22f33440318ecfd22e362f8be76915244, delivery id: 8d8847fa-dd0a-11f0-82df-da3eea11da7c
Found head_commit for delivery id 8d739526-dd0a-11f0-9f3a-039117b0bd6b, timestamp: 1766169607.0, 2025-12-19 10:40:07
signature: sha256=6da0211f4f5e39f6554d8594b4826c5a0a6b251ced0a110a9474288b51d00cf1, delivery id: 8d739526-dd0a-11f0-9f3a-039117b0bd6b
Found head_commit for delivery id 8d99d6d2-dd0a-11f0-80e1-503057ba9d72, timestamp: 1762433926.0, 2025-11-06 04:58:46
signature: sha256=314cd1a3bebbc973def969561a3a4cd6d7beef3b757e81f53a05c0d5de99cd01, delivery id: 8d99d6d2-dd0a-11f0-80e1-503057ba9d72
Found head_commit for delivery id 8d5065d8-dd0a-11f0-99b8-de4c82767be4, timestamp: 1753822152.0, 2025-07-29 13:49:12
signature: sha256=3ad54be3eb89b93da60fcc70f3d128781eb7c5aa39bc29dbd82f2e1e61819f6b, delivery id: 8d5065d8-dd0a-11f0-99b8-de4c82767be4
Found head_commit for delivery id 8d2f026c-dd0a-11f0-8b03-b939e611c54f, timestamp: 1762389334.0, 2025-11-05 16:35:34
signature: sha256=5487570d602088c8eb9daf702f4429cf54d1c058c6cdd6c12b43e767014828cc, delivery id: 8d2f026c-dd0a-11f0-8b03-b939e611c54f
Found head_commit for delivery id 8d08a716-dd0a-11f0-8ca8-b8c7c3eac585, timestamp: 1762291988.0, 2025-11-04 13:33:08
signature: sha256=8fe64697423ac3b11d8433bc17ac4df716edc009e74dab31d5f005eeda34beed, delivery id: 8d08a716-dd0a-11f0-8ca8-b8c7c3eac585
Found head_commit for delivery id 8d19bba0-dd0a-11f0-8d29-c0b37c47a993, timestamp: 1742246048.0, 2025-03-17 14:14:08
signature: sha256=dd8292f67cabbe9f555c45a88fe27e9a761d2164df4bc1b290305a7040c1d3fd, delivery id: 8d19bba0-dd0a-11f0-8d29-c0b37c47a993
Found head_commit for delivery id 8d4027cc-dd0a-11f0-8d1a-be1873f08a29, timestamp: 1759793398.0, 2025-10-06 16:29:58
signature: sha256=8b4ef6bdf229cfcd4f2abb8246a4f65c1d30851e36548481bc820145e6c334dd, delivery id: 8d4027cc-dd0a-11f0-8d1a-be1873f08a29
Found head_commit for delivery id 8cecae1c-dd0a-11f0-9118-aaf8bbeb69df, timestamp: 1758563964.0, 2025-09-22 10:59:24
signature: sha256=40af7c3dcded8e09e13d198bf893894457fb582352339fb6f727f5c90f524a03, delivery id: 8cecae1c-dd0a-11f0-9118-aaf8bbeb69df
Found head_commit for delivery id 8c648906-dd0a-11f0-901d-1e9a5eec3d5b, timestamp: 1766062842.0, 2025-12-18 05:00:42
signature: sha256=4176e405c70e8f6b76edeeb311322dbc5514abc422c21258904eb645563ef804, delivery id: 8c648906-dd0a-11f0-901d-1e9a5eec3d5b
Found head_commit for delivery id 8c7a88be-dd0a-11f0-9c14-1ccc0dc9182e, timestamp: 1749054506.0, 2025-06-04 09:28:26
signature: sha256=1b56d8e5e4b1f824b3558640e817e9db7ed7c7a830884c98824e8bd94e0d2910, delivery id: 8c7a88be-dd0a-11f0-9c14-1ccc0dc9182e
Found head_commit for delivery id 8c5280a8-dd0a-11f0-8b99-77dafae53136, timestamp: 1746707732.0, 2025-05-08 05:35:32
signature: sha256=e7bdba290f8588af3b15936476b6cdec795157acd435fde0f639aea9e159c784, delivery id: 8c5280a8-dd0a-11f0-8b99-77dafae53136
Found head_commit for delivery id 8c270176-dd0a-11f0-9c77-9426107c2b2a, timestamp: 1756936802.0, 2025-09-03 15:00:02
signature: sha256=5cc7de60b1011a122302c402b83016214bf93869ab7b676c08eed38cd33a4036, delivery id: 8c270176-dd0a-11f0-9c77-9426107c2b2a
Found head_commit for delivery id 8c3e67d0-dd0a-11f0-9533-71438d938bae, timestamp: 1745276072.0, 2025-04-21 15:54:32
signature: sha256=0f0c3189bd53a5fa406401ee74081559627d3ad72cefab5b96d63e1651578e7f, delivery id: 8c3e67d0-dd0a-11f0-9533-71438d938bae
Found head_commit for delivery id 8bd5a8d0-dd0a-11f0-8ee0-7074339f3929, timestamp: 1752688974.0, 2025-07-16 11:02:54
signature: sha256=38040164dfe72452b24f8758cefcb57f52a7acf179e82440ecaab1b40f9797b8, delivery id: 8bd5a8d0-dd0a-11f0-8ee0-7074339f3929
Found head_commit for delivery id 8c14d78a-dd0a-11f0-80ad-d48615f92dc0, timestamp: 1763668395.0, 2025-11-20 11:53:15
signature: sha256=6bce2d355bedda31c9bc365f3ce2ab8f753b28d3efb0dd7cbd603c46638619f0, delivery id: 8c14d78a-dd0a-11f0-80ad-d48615f92dc0
Found head_commit for delivery id 8bbac4d4-dd0a-11f0-8c0b-1e0aecf98b8a, timestamp: 1765831613.0, 2025-12-15 12:46:53
signature: sha256=4af2bd53fd1f0c0e6eb514ebebe2aa4fd3956260b6f6de55baa58e31d0de2389, delivery id: 8bbac4d4-dd0a-11f0-8c0b-1e0aecf98b8a
Found head_commit for delivery id 8be68efc-dd0a-11f0-873d-ec3a3622269e, timestamp: 1759337408.0, 2025-10-01 09:50:08
signature: sha256=7b782116a9879d3ff6128c33595f8872c6f2fec6316755d6593bd08e94751547, delivery id: 8be68efc-dd0a-11f0-873d-ec3a3622269e
Found head_commit for delivery id 8c036446-dd0a-11f0-838d-441e57cc06e4, timestamp: 1749534369.0, 2025-06-09 22:46:09
signature: sha256=8d630332ffb4b719267bdd1ec9072bff45d38603fafa7db2c8000ba0ee5c19fa, delivery id: 8c036446-dd0a-11f0-838d-441e57cc06e4
Found head_commit for delivery id 8af82852-dd0a-11f0-800d-1694ed4765ed, timestamp: 1764604261.0, 2025-12-01 07:51:01
signature: sha256=7453e70c40468f2ae3be231bee0881ebe05e2bdf7d0f40376a5e93d04241383a, delivery id: 8af82852-dd0a-11f0-800d-1694ed4765ed
Found head_commit for delivery id 8adfc91a-dd0a-11f0-9a45-b45d99344b4c, timestamp: 1758897759.0, 2025-09-26 07:42:39
signature: sha256=205327c816f9f16eac28c7e63043673956ba509aa73a4d54a2536c276496c7e3, delivery id: 8adfc91a-dd0a-11f0-9a45-b45d99344b4c
Found head_commit for delivery id 8abcffac-dd0a-11f0-8444-87daa72b0ef0, timestamp: 1744274243.0, 2025-04-10 01:37:23
signature: sha256=e8cd04891b11dcb00f78e784be321955a72e4de916553c487994c50a7c482d1a, delivery id: 8abcffac-dd0a-11f0-8444-87daa72b0ef0
Found head_commit for delivery id 8a9c0a0e-dd0a-11f0-97c2-0c03d1034223, timestamp: 1754663060.0, 2025-08-08 07:24:20
signature: sha256=8aedbc588ccadb59627376e3356fe408e12ae99023f33add91fc52b9fd037ac5, delivery id: 8a9c0a0e-dd0a-11f0-97c2-0c03d1034223
Found head_commit for delivery id 8aac008a-dd0a-11f0-8007-0d4a66d0373c, timestamp: 1755531482.0, 2025-08-18 08:38:02
signature: sha256=910ba55b4eab92acc8fe3717b29dd1a7eed5ced01643351335bf6d93f83d2f41, delivery id: 8aac008a-dd0a-11f0-8007-0d4a66d0373c
Found head_commit for delivery id 8acf3906-dd0a-11f0-9ce9-5e02ab0c7ad9, timestamp: 1764954909.0, 2025-12-05 09:15:09
signature: sha256=b235181b7438e16d947ef1f3617b0c777122768a9cafa3669831a7ecef532196, delivery id: 8acf3906-dd0a-11f0-9ce9-5e02ab0c7ad9
Found head_commit for delivery id 8a78bb3a-dd0a-11f0-9375-758755a21570, timestamp: 1762296237.0, 2025-11-04 14:43:57
signature: sha256=6c1e983483064d46b7bad10b93def3db9cd3e3df0557caba0ac42084fefc6c0a, delivery id: 8a78bb3a-dd0a-11f0-9375-758755a21570
Found head_commit for delivery id 8a88e762-dd0a-11f0-88b8-ebe51e912d5d, timestamp: 1744195040.0, 2025-04-09 03:37:20
signature: sha256=0b028de88f887086d1ee08f940b055b22aa8a96eda83d3a68a326849ea6867fd, delivery id: 8a88e762-dd0a-11f0-88b8-ebe51e912d5d
Found head_commit for delivery id 8a67a2b4-dd0a-11f0-8606-2123347f1a5b, timestamp: 1755023884.0, 2025-08-12 11:38:04
signature: sha256=f75c62256e146456d98808c433c6c70bb094672136e35a78511d31158174d470, delivery id: 8a67a2b4-dd0a-11f0-8606-2123347f1a5b
Found head_commit for delivery id 8a4a4de0-dd0a-11f0-9aa3-ede24782a8db, timestamp: 1755000432.0, 2025-08-12 05:07:12
signature: sha256=2d478c05432801c62a89e0e43e3d1c04b9775aefca4316d2bbd9ae035fc8af8b, delivery id: 8a4a4de0-dd0a-11f0-9aa3-ede24782a8db
Found head_commit for delivery id d6cef446-dd09-11f0-9f95-81be400657fe, timestamp: 1766169476.0, 2025-12-19 10:37:56
signature: sha256=6e4f4bf81cb92bddd2e5b4a1b120db1a75b06af1b0d20bb968d7fda6cc694d91, delivery id: d6cef446-dd09-11f0-9f95-81be400657fe
Found head_commit for delivery id ca38b046-dd09-11f0-9c38-6d0cc62d24b1, timestamp: 1766169455.0, 2025-12-19 10:37:35
signature: sha256=cd76f221cf7d837294644d4f8d0b7082ce1a34c4f8784fef1f49d0a0818fa19f, delivery id: ca38b046-dd09-11f0-9c38-6d0cc62d24b1
Found head_commit for delivery id c9f4978a-dd09-11f0-96c1-eaf5f9dadc81, timestamp: 1766169238.0, 2025-12-19 10:33:58
signature: sha256=10c3a63abad11d23c81704f11e6dabba9231f96948ee542230fa2e028166b9ca, delivery id: c9f4978a-dd09-11f0-96c1-eaf5f9dadc81
Found head_commit for delivery id 4862a7b6-dd09-11f0-952b-796bbd0304b3, timestamp: 1766169238.0, 2025-12-19 10:33:58
signature: sha256=1c7a230851b247602f2944806770ff6fe522207b4e62b85f9d0cdadf8829aac6, delivery id: 4862a7b6-dd09-11f0-952b-796bbd0304b3
Adding 65 deliveries
Total deliveries so far: 163
Total deliveries to process: 163
Processing delivery id: 29db3056-df57-11f0-8e19-62164f0eacf6
Delivery 29db3056-df57-11f0-8e19-62164f0eacf6 (2025-12-22 08:56:21) needs processing (timestamp: 1766422581.0 > most recent timestamp: 1766090087.0)
Most recent processed delivery set to -- id: 29db3056-df57-11f0-8e19-62164f0eacf6, date-time: 2025-12-22T08:56:21, timestamp: 1766422581.0
Processed 1 deliveries so far...
Processing delivery id: 603acbb2-df56-11f0-92cf-68d13f336b73
Delivery 603acbb2-df56-11f0-92cf-68d13f336b73 (2025-12-22 08:50:43) needs processing (timestamp: 1766422243.0 > most recent timestamp: 1766090087.0)
Processed 2 deliveries so far...
Processing delivery id: 9d14590a-df55-11f0-9021-cc4715477db4
Delivery 9d14590a-df55-11f0-9021-cc4715477db4 (2025-12-22 08:45:10) needs processing (timestamp: 1766421910.0 > most recent timestamp: 1766090087.0)
Processed 3 deliveries so far...
Processing delivery id: 4f849024-df55-11f0-83ee-f7ad32e1b678
Delivery 4f849024-df55-11f0-83ee-f7ad32e1b678 (2025-12-22 08:43:03) needs processing (timestamp: 1766421783.0 > most recent timestamp: 1766090087.0)
Processed 4 deliveries so far...
Processing delivery id: 3552a996-df52-11f0-87e1-1ddee122ad26
Delivery 3552a996-df52-11f0-87e1-1ddee122ad26 (2025-12-22 08:15:29) needs processing (timestamp: 1766420129.0 > most recent timestamp: 1766090087.0)
Processed 5 deliveries so far...
Processing delivery id: 41a32262-df51-11f0-91fa-3de175de2faa
Delivery 41a32262-df51-11f0-91fa-3de175de2faa (2025-12-22 08:13:58) needs processing (timestamp: 1766420038.0 > most recent timestamp: 1766090087.0)
Processed 6 deliveries so far...
Processing delivery id: 36453a86-df51-11f0-99bc-141ca0f4faa3
Delivery 36453a86-df51-11f0-99bc-141ca0f4faa3 (2025-12-22 08:12:30) needs processing (timestamp: 1766419950.0 > most recent timestamp: 1766090087.0)
Processed 7 deliveries so far...
Processing delivery id: e8eab21c-df4f-11f0-95da-de8ba75c13ca
Delivery e8eab21c-df4f-11f0-95da-de8ba75c13ca (2025-12-22 08:03:03) needs processing (timestamp: 1766419383.0 > most recent timestamp: 1766090087.0)
Processed 8 deliveries so far...
Processing delivery id: fe08a0ca-df4d-11f0-97c9-a47b8ca07d7a
Delivery fe08a0ca-df4d-11f0-97c9-a47b8ca07d7a (2025-12-22 07:50:41) needs processing (timestamp: 1766418641.0 > most recent timestamp: 1766090087.0)
Processed 9 deliveries so far...
Processing delivery id: 221b4b9e-df4d-11f0-9bb9-969dcbaf8a0f
Delivery 221b4b9e-df4d-11f0-9bb9-969dcbaf8a0f (2025-12-22 07:44:32) needs processing (timestamp: 1766418272.0 > most recent timestamp: 1766090087.0)
Processed 10 deliveries so far...
Processing delivery id: d505d360-df4c-11f0-94d2-1216a2b7ca46
Delivery d505d360-df4c-11f0-94d2-1216a2b7ca46 (2025-12-18 09:09:54) does not need processing (timestamp: 1766077794.0 <= most recent timestamp: 1766090087.0)
Processing delivery id: 91841482-df4a-11f0-8936-476b0d389910
Delivery 91841482-df4a-11f0-8936-476b0d389910 (2025-12-22 07:26:19) needs processing (timestamp: 1766417179.0 > most recent timestamp: 1766090087.0)
Processed 11 deliveries so far...
Processing delivery id: 792a07de-df4a-11f0-9baf-c7124c398ccf
Delivery 792a07de-df4a-11f0-9baf-c7124c398ccf (2025-12-22 07:25:32) needs processing (timestamp: 1766417132.0 > most recent timestamp: 1766090087.0)
Processed 12 deliveries so far...
Processing delivery id: 8a7010e8-df49-11f0-9f90-be819efddb37
Delivery 8a7010e8-df49-11f0-9f90-be819efddb37 (2025-12-22 07:18:52) needs processing (timestamp: 1766416732.0 > most recent timestamp: 1766090087.0)
Processed 13 deliveries so far...
Processing delivery id: 66744344-df49-11f0-94c9-859326c7c1b2
Delivery 66744344-df49-11f0-94c9-859326c7c1b2 (2025-12-22 07:17:46) needs processing (timestamp: 1766416666.0 > most recent timestamp: 1766090087.0)
Processed 14 deliveries so far...
Processing delivery id: 88a669fc-df48-11f0-9f8e-a6a357027ead
Delivery 88a669fc-df48-11f0-9f8e-a6a357027ead (2025-12-22 07:11:35) needs processing (timestamp: 1766416295.0 > most recent timestamp: 1766090087.0)
Processed 15 deliveries so far...
Processing delivery id: 94547a10-df47-11f0-9f8f-d958f8c975ca
Delivery 94547a10-df47-11f0-9f8f-d958f8c975ca (2025-12-22 07:04:45) needs processing (timestamp: 1766415885.0 > most recent timestamp: 1766090087.0)
Processed 16 deliveries so far...
Processing delivery id: 571df37e-df47-11f0-8f93-ece9a5a55159
Delivery 571df37e-df47-11f0-8f93-ece9a5a55159 (2025-12-22 07:03:11) needs processing (timestamp: 1766415791.0 > most recent timestamp: 1766090087.0)
Processed 17 deliveries so far...
Processing delivery id: 9679d9b2-df46-11f0-9343-39778ab4f668
Delivery 9679d9b2-df46-11f0-9343-39778ab4f668 (2025-12-22 06:57:50) needs processing (timestamp: 1766415470.0 > most recent timestamp: 1766090087.0)
Processed 18 deliveries so far...
Processing delivery id: 8628bd22-df45-11f0-97c1-4d1176b6bae2
Delivery 8628bd22-df45-11f0-97c1-4d1176b6bae2 (2025-12-22 06:50:02) needs processing (timestamp: 1766415002.0 > most recent timestamp: 1766090087.0)
Processed 19 deliveries so far...
Processing delivery id: 87ea0c1a-df40-11f0-8b29-8df4982812eb
Delivery 87ea0c1a-df40-11f0-8b29-8df4982812eb (2025-12-22 06:14:21) needs processing (timestamp: 1766412861.0 > most recent timestamp: 1766090087.0)
Processed 20 deliveries so far...
Processing delivery id: b3c58c7c-df3d-11f0-8e7e-8c31f607c26b
Delivery b3c58c7c-df3d-11f0-8e7e-8c31f607c26b (2025-12-22 05:54:04) needs processing (timestamp: 1766411644.0 > most recent timestamp: 1766090087.0)
Processed 21 deliveries so far...
Processing delivery id: 2931b01e-df37-11f0-967f-e6f53876e1d0
Delivery 2931b01e-df37-11f0-967f-e6f53876e1d0 (2025-12-22 05:07:15) needs processing (timestamp: 1766408835.0 > most recent timestamp: 1766090087.0)
Processed 22 deliveries so far...
Processing delivery id: b995ce16-df36-11f0-8eb6-6fd274a71656
Delivery b995ce16-df36-11f0-8eb6-6fd274a71656 (2025-12-22 05:04:07) needs processing (timestamp: 1766408647.0 > most recent timestamp: 1766090087.0)
Processed 23 deliveries so far...
Processing delivery id: 1c5ca520-df36-11f0-9ce6-7bc2245fbfbd
Delivery 1c5ca520-df36-11f0-9ce6-7bc2245fbfbd (2025-12-22 04:59:43) needs processing (timestamp: 1766408383.0 > most recent timestamp: 1766090087.0)
Processed 24 deliveries so far...
Processing delivery id: 053e99de-df36-11f0-8478-9a57374b585f
Delivery 053e99de-df36-11f0-8478-9a57374b585f (2025-12-22 04:59:15) needs processing (timestamp: 1766408355.0 > most recent timestamp: 1766090087.0)
Processed 25 deliveries so far...
Processing delivery id: ac27bcd6-df35-11f0-9601-0db35f12d0c7
Delivery ac27bcd6-df35-11f0-9601-0db35f12d0c7 (2025-12-22 04:56:45) needs processing (timestamp: 1766408205.0 > most recent timestamp: 1766090087.0)
Processed 26 deliveries so far...
Processing delivery id: 087dae24-df35-11f0-8c1f-c026d8f5462f
Delivery 087dae24-df35-11f0-8c1f-c026d8f5462f (2025-12-22 04:52:04) needs processing (timestamp: 1766407924.0 > most recent timestamp: 1766090087.0)
Processed 27 deliveries so far...
Processing delivery id: 8aade810-df34-11f0-9b0b-5aaddf4702fe
Delivery 8aade810-df34-11f0-9b0b-5aaddf4702fe (2025-12-22 04:48:39) needs processing (timestamp: 1766407719.0 > most recent timestamp: 1766090087.0)
Processed 28 deliveries so far...
Processing delivery id: 15203e9a-df34-11f0-9788-d6e3bd93ba1b
Delivery 15203e9a-df34-11f0-9788-d6e3bd93ba1b (2025-12-22 04:45:14) needs processing (timestamp: 1766407514.0 > most recent timestamp: 1766090087.0)
Processed 29 deliveries so far...
Processing delivery id: 46cbb4f4-df31-11f0-8955-3d1360c63588
Delivery 46cbb4f4-df31-11f0-8955-3d1360c63588 (2025-12-22 04:25:17) needs processing (timestamp: 1766406317.0 > most recent timestamp: 1766090087.0)
Processed 30 deliveries so far...
Processing delivery id: 40470dce-df2f-11f0-88e4-c2aec0962520
Delivery 40470dce-df2f-11f0-88e4-c2aec0962520 (2025-12-22 04:10:47) needs processing (timestamp: 1766405447.0 > most recent timestamp: 1766090087.0)
Processed 31 deliveries so far...
Processing delivery id: 1ab79330-df2f-11f0-91a9-ed871443e569
Delivery 1ab79330-df2f-11f0-91a9-ed871443e569 (2025-12-22 04:09:44) needs processing (timestamp: 1766405384.0 > most recent timestamp: 1766090087.0)
Processed 32 deliveries so far...
Processing delivery id: 12962644-df2f-11f0-9473-52011fc98648
Delivery 12962644-df2f-11f0-9473-52011fc98648 (2025-12-22 04:09:30) needs processing (timestamp: 1766405370.0 > most recent timestamp: 1766090087.0)
Processed 33 deliveries so far...
Processing delivery id: fefeb9a2-df2e-11f0-84cb-7f47875c9ce3
Delivery fefeb9a2-df2e-11f0-84cb-7f47875c9ce3 (2025-12-22 04:08:47) needs processing (timestamp: 1766405327.0 > most recent timestamp: 1766090087.0)
Processed 34 deliveries so far...
Processing delivery id: 6a022a82-df2e-11f0-94eb-c861353dfd10
Delivery 6a022a82-df2e-11f0-94eb-c861353dfd10 (2025-12-22 04:04:38) needs processing (timestamp: 1766405078.0 > most recent timestamp: 1766090087.0)
Processed 35 deliveries so far...
Processing delivery id: 277ff130-df2e-11f0-826c-ae1db9d1eca4
Delivery 277ff130-df2e-11f0-826c-ae1db9d1eca4 (2025-12-22 04:02:45) needs processing (timestamp: 1766404965.0 > most recent timestamp: 1766090087.0)
Processed 36 deliveries so far...
Processing delivery id: fea5d104-df2c-11f0-9aec-1ef893d32435
Delivery fea5d104-df2c-11f0-9aec-1ef893d32435 (2025-12-22 03:54:30) needs processing (timestamp: 1766404470.0 > most recent timestamp: 1766090087.0)
Processed 37 deliveries so far...
Processing delivery id: 7f0d3f5a-df2b-11f0-847c-e5bbf0ff367d
Delivery 7f0d3f5a-df2b-11f0-847c-e5bbf0ff367d (2025-12-22 03:43:48) needs processing (timestamp: 1766403828.0 > most recent timestamp: 1766090087.0)
Processed 38 deliveries so far...
Processing delivery id: 423b8ece-df2b-11f0-891e-cada5b055193
Delivery 423b8ece-df2b-11f0-891e-cada5b055193 (2025-12-22 03:42:02) needs processing (timestamp: 1766403722.0 > most recent timestamp: 1766090087.0)
Processed 39 deliveries so far...
Processing delivery id: 5d6485cc-df29-11f0-9534-59fa0de70892
Delivery 5d6485cc-df29-11f0-9534-59fa0de70892 (2025-12-22 03:28:30) needs processing (timestamp: 1766402910.0 > most recent timestamp: 1766090087.0)
Processed 40 deliveries so far...
Processing delivery id: caa0e48c-df24-11f0-9166-56f6752e305f
Delivery caa0e48c-df24-11f0-9166-56f6752e305f (2025-12-22 02:55:54) needs processing (timestamp: 1766400954.0 > most recent timestamp: 1766090087.0)
Processed 41 deliveries so far...
Processing delivery id: 8d715df8-df24-11f0-9680-bc838ab36d58
Delivery 8d715df8-df24-11f0-9680-bc838ab36d58 (2025-12-22 02:54:12) needs processing (timestamp: 1766400852.0 > most recent timestamp: 1766090087.0)
Processed 42 deliveries so far...
Processing delivery id: 15eddc5c-df24-11f0-9c54-a81b46c2e6ad
Delivery 15eddc5c-df24-11f0-9c54-a81b46c2e6ad (2025-12-22 02:50:52) needs processing (timestamp: 1766400652.0 > most recent timestamp: 1766090087.0)
Processed 43 deliveries so far...
Processing delivery id: 2faabb54-df21-11f0-894d-f9150296a0d1
Delivery 2faabb54-df21-11f0-894d-f9150296a0d1 (2025-12-22 02:30:06) needs processing (timestamp: 1766399406.0 > most recent timestamp: 1766090087.0)
Processed 44 deliveries so far...
Processing delivery id: f87e113a-df20-11f0-9235-3b849f10eb4a
Delivery f87e113a-df20-11f0-9235-3b849f10eb4a (2025-12-22 02:28:21) needs processing (timestamp: 1766399301.0 > most recent timestamp: 1766090087.0)
Processed 45 deliveries so far...
Processing delivery id: b038591a-df1d-11f0-984a-0411c8c95f0c
Delivery b038591a-df1d-11f0-984a-0411c8c95f0c (2025-12-22 02:05:04) needs processing (timestamp: 1766397904.0 > most recent timestamp: 1766090087.0)
Processed 46 deliveries so far...
Processing delivery id: 86919bee-df1d-11f0-93b4-6727a41ca2ca
Delivery 86919bee-df1d-11f0-93b4-6727a41ca2ca (2025-12-22 02:03:43) needs processing (timestamp: 1766397823.0 > most recent timestamp: 1766090087.0)
Processed 47 deliveries so far...
Processing delivery id: 4b6fb0f6-df1c-11f0-85d9-9d908f94d359
Delivery 4b6fb0f6-df1c-11f0-85d9-9d908f94d359 (2025-12-22 01:55:05) needs processing (timestamp: 1766397305.0 > most recent timestamp: 1766090087.0)
Processed 48 deliveries so far...
Processing delivery id: 221e7f52-df1c-11f0-86d2-68c7d15ae1d7
Delivery 221e7f52-df1c-11f0-86d2-68c7d15ae1d7 (2025-12-22 01:53:44) needs processing (timestamp: 1766397224.0 > most recent timestamp: 1766090087.0)
Processed 49 deliveries so far...
Processing delivery id: 30cc6178-df1b-11f0-8ebe-fa408846fb9d
Delivery 30cc6178-df1b-11f0-8ebe-fa408846fb9d (2025-12-22 01:47:11) needs processing (timestamp: 1766396831.0 > most recent timestamp: 1766090087.0)
Processed 50 deliveries so far...
Processing delivery id: f96e6aaa-df1a-11f0-8f11-1e65561832b7
Delivery f96e6aaa-df1a-11f0-8f11-1e65561832b7 (2025-12-22 01:45:27) needs processing (timestamp: 1766396727.0 > most recent timestamp: 1766090087.0)
Processed 51 deliveries so far...
Processing delivery id: 60ba17e6-df1a-11f0-932f-d37c78c1c2f0
Delivery 60ba17e6-df1a-11f0-932f-d37c78c1c2f0 (2025-12-22 01:41:22) needs processing (timestamp: 1766396482.0 > most recent timestamp: 1766090087.0)
Processed 52 deliveries so far...
Processing delivery id: 1af85d1c-df1a-11f0-921b-1f1985d94840
Delivery 1af85d1c-df1a-11f0-921b-1f1985d94840 (2025-12-22 01:39:10) needs processing (timestamp: 1766396350.0 > most recent timestamp: 1766090087.0)
Processed 53 deliveries so far...
Processing delivery id: 091d9974-df18-11f0-810e-62dec9225c77
Delivery 091d9974-df18-11f0-810e-62dec9225c77 (2025-12-22 01:24:36) needs processing (timestamp: 1766395476.0 > most recent timestamp: 1766090087.0)
Processed 54 deliveries so far...
Processing delivery id: e3a4028c-df17-11f0-9115-e40f102179bf
Delivery e3a4028c-df17-11f0-9115-e40f102179bf (2025-12-22 01:23:09) needs processing (timestamp: 1766395389.0 > most recent timestamp: 1766090087.0)
Processed 55 deliveries so far...
Processing delivery id: 294c9c64-df17-11f0-944b-6f11addb82c7
Delivery 294c9c64-df17-11f0-944b-6f11addb82c7 (2025-12-22 01:18:20) needs processing (timestamp: 1766395100.0 > most recent timestamp: 1766090087.0)
Processed 56 deliveries so far...
Processing delivery id: e22b5e2e-df16-11f0-9133-f39ae74fa3f2
Delivery e22b5e2e-df16-11f0-9133-f39ae74fa3f2 (2025-12-22 01:16:08) needs processing (timestamp: 1766394968.0 > most recent timestamp: 1766090087.0)
Processed 57 deliveries so far...
Processing delivery id: a50da37c-df15-11f0-91e0-ceda03b58b83
Delivery a50da37c-df15-11f0-91e0-ceda03b58b83 (2025-12-22 01:07:29) needs processing (timestamp: 1766394449.0 > most recent timestamp: 1766090087.0)
Processed 58 deliveries so far...
Processing delivery id: 828accee-df15-11f0-82e6-3f9f5a289729
Delivery 828accee-df15-11f0-82e6-3f9f5a289729 (2025-12-22 01:06:31) needs processing (timestamp: 1766394391.0 > most recent timestamp: 1766090087.0)
Processed 59 deliveries so far...
Processing delivery id: 78f28b9a-df15-11f0-8b65-f075db694029
Delivery 78f28b9a-df15-11f0-8b65-f075db694029 (2025-12-22 01:06:15) needs processing (timestamp: 1766394375.0 > most recent timestamp: 1766090087.0)
Processed 60 deliveries so far...
Processing delivery id: fb507b9a-df03-11f0-9064-683ee9945b57
Delivery fb507b9a-df03-11f0-9064-683ee9945b57 (2025-12-21 23:01:02) needs processing (timestamp: 1766386862.0 > most recent timestamp: 1766090087.0)
Processed 61 deliveries so far...
Processing delivery id: d54925f0-df03-11f0-8220-ef9303ae249b
Delivery d54925f0-df03-11f0-8220-ef9303ae249b (2025-12-21 22:59:45) needs processing (timestamp: 1766386785.0 > most recent timestamp: 1766090087.0)
Processed 62 deliveries so far...
Processing delivery id: 785faf62-df03-11f0-86d9-8b26aa44c392
Delivery 785faf62-df03-11f0-86d9-8b26aa44c392 (2025-12-21 22:57:16) needs processing (timestamp: 1766386636.0 > most recent timestamp: 1766090087.0)
Processed 63 deliveries so far...
Processing delivery id: b333e014-df02-11f0-9efa-c61622d67941
Delivery b333e014-df02-11f0-9efa-c61622d67941 (2025-12-21 22:51:52) needs processing (timestamp: 1766386312.0 > most recent timestamp: 1766090087.0)
Processed 64 deliveries so far...
Processing delivery id: 6dfdc082-df02-11f0-961c-384e91c23efa
Delivery 6dfdc082-df02-11f0-961c-384e91c23efa (2025-12-21 22:47:28) needs processing (timestamp: 1766386048.0 > most recent timestamp: 1766090087.0)
Processed 65 deliveries so far...
Processing delivery id: fb93b156-df00-11f0-913c-2842263f8451
Delivery fb93b156-df00-11f0-913c-2842263f8451 (2025-12-21 22:39:35) needs processing (timestamp: 1766385575.0 > most recent timestamp: 1766090087.0)
Processed 66 deliveries so far...
Processing delivery id: bf137e78-df00-11f0-979c-7fc80cf6d1b0
Delivery bf137e78-df00-11f0-979c-7fc80cf6d1b0 (2025-12-21 22:37:53) needs processing (timestamp: 1766385473.0 > most recent timestamp: 1766090087.0)
Processed 67 deliveries so far...
Processing delivery id: 4b7efbf8-de61-11f0-9160-566b4c1c8bb6
Delivery 4b7efbf8-de61-11f0-9160-566b4c1c8bb6 (2025-12-21 03:36:29) needs processing (timestamp: 1766316989.0 > most recent timestamp: 1766090087.0)
Processed 68 deliveries so far...
Processing delivery id: d9a9664e-de60-11f0-8643-950aa80461b3
Delivery d9a9664e-de60-11f0-8643-950aa80461b3 (2025-12-21 03:33:19) needs processing (timestamp: 1766316799.0 > most recent timestamp: 1766090087.0)
Processed 69 deliveries so far...
Processing delivery id: d8b1c5f2-de5f-11f0-9079-f0003995d11f
Delivery d8b1c5f2-de5f-11f0-9079-f0003995d11f (2025-12-21 03:26:07) needs processing (timestamp: 1766316367.0 > most recent timestamp: 1766090087.0)
Processed 70 deliveries so far...
Processing delivery id: 985205ee-de5f-11f0-9a12-e385bdd634f6
Delivery 985205ee-de5f-11f0-9a12-e385bdd634f6 (2025-12-21 03:24:19) needs processing (timestamp: 1766316259.0 > most recent timestamp: 1766090087.0)
Processed 71 deliveries so far...
Processing delivery id: 00fb01d0-de4d-11f0-8878-7b877b9691be
Delivery 00fb01d0-de4d-11f0-8878-7b877b9691be (2025-12-21 01:11:14) needs processing (timestamp: 1766308274.0 > most recent timestamp: 1766090087.0)
Processed 72 deliveries so far...
Processing delivery id: c4d90f26-de4c-11f0-9116-b023d2d62223
Delivery c4d90f26-de4c-11f0-9116-b023d2d62223 (2025-12-21 01:09:34) needs processing (timestamp: 1766308174.0 > most recent timestamp: 1766090087.0)
Processed 73 deliveries so far...
Processing delivery id: fe3652e6-dd71-11f0-83a8-5cceffd6fa01
Delivery fe3652e6-dd71-11f0-83a8-5cceffd6fa01 (2025-12-19 23:03:30) needs processing (timestamp: 1766214210.0 > most recent timestamp: 1766090087.0)
Processed 74 deliveries so far...
Processing delivery id: fdf74c86-dd71-11f0-8844-94ba4ed3466e
Delivery fdf74c86-dd71-11f0-8844-94ba4ed3466e (2025-12-19 23:03:29) needs processing (timestamp: 1766214209.0 > most recent timestamp: 1766090087.0)
Processed 75 deliveries so far...
Processing delivery id: 79ac4184-dd21-11f0-9371-dc52156cf1a9
Delivery 79ac4184-dd21-11f0-9371-dc52156cf1a9 (2025-03-25 06:38:18) does not need processing (timestamp: 1742909898.0 <= most recent timestamp: 1766090087.0)
Processing delivery id: 79c9f26a-dd21-11f0-8878-165b7d113b83
Delivery 79c9f26a-dd21-11f0-8878-165b7d113b83 (2025-03-25 06:38:18) does not need processing (timestamp: 1742909898.0 <= most recent timestamp: 1766090087.0)
Processing delivery id: 78adddba-dd21-11f0-8b81-06ebab7ef8ca
Delivery 78adddba-dd21-11f0-8b81-06ebab7ef8ca (2025-12-19 13:11:49) needs processing (timestamp: 1766178709.0 > most recent timestamp: 1766090087.0)
Processed 76 deliveries so far...
Processing delivery id: 78d9b840-dd21-11f0-9b96-df9739d641b5
Delivery 78d9b840-dd21-11f0-9b96-df9739d641b5 (2025-12-19 13:27:04) needs processing (timestamp: 1766179624.0 > most recent timestamp: 1766090087.0)
Processed 77 deliveries so far...
Processing delivery id: eb7e9ccc-dd20-11f0-9fbb-b84375b218ad
Delivery eb7e9ccc-dd20-11f0-9fbb-b84375b218ad (2025-12-19 13:15:19) needs processing (timestamp: 1766178919.0 > most recent timestamp: 1766090087.0)
Processed 78 deliveries so far...
Processing delivery id: eb590ab6-dd20-11f0-87b0-a145e26b50ce
Delivery eb590ab6-dd20-11f0-87b0-a145e26b50ce (2025-12-19 13:23:07) needs processing (timestamp: 1766179387.0 > most recent timestamp: 1766090087.0)
Processed 79 deliveries so far...
Processing delivery id: d4febdfc-dd1f-11f0-8543-abbd3785bb67
Delivery d4febdfc-dd1f-11f0-8543-abbd3785bb67 (2025-12-19 13:15:19) needs processing (timestamp: 1766178919.0 > most recent timestamp: 1766090087.0)
Processed 80 deliveries so far...
Processing delivery id: 84eb4c54-dd1f-11f0-96d4-fada6d9f9034
Delivery 84eb4c54-dd1f-11f0-96d4-fada6d9f9034 (2025-03-25 06:38:02) does not need processing (timestamp: 1742909882.0 <= most recent timestamp: 1766090087.0)
Processing delivery id: 5757f530-dd1f-11f0-92fd-97b75e7dffbb
Delivery 5757f530-dd1f-11f0-92fd-97b75e7dffbb (2025-12-19 13:11:49) needs processing (timestamp: 1766178709.0 > most recent timestamp: 1766090087.0)
Processed 81 deliveries so far...
Processing delivery id: f54da360-dd0c-11f0-8d71-695475e70d44
Delivery f54da360-dd0c-11f0-8d71-695475e70d44 (2025-12-15 12:59:58) does not need processing (timestamp: 1765832398.0 <= most recent timestamp: 1766090087.0)
Processing delivery id: f57fc944-dd0c-11f0-857e-0df3815e250a
Delivery f57fc944-dd0c-11f0-857e-0df3815e250a (2025-10-01 10:31:01) does not need processing (timestamp: 1759339861.0 <= most recent timestamp: 1766090087.0)
Processing delivery id: f524530c-dd0c-11f0-8e88-f036f170b4ca
Delivery f524530c-dd0c-11f0-8e88-f036f170b4ca (2025-12-01 07:31:35) does not need processing (timestamp: 1764603095.0 <= most recent timestamp: 1766090087.0)
Processing delivery id: f569563c-dd0c-11f0-9844-53eccd48a7f5
Delivery f569563c-dd0c-11f0-9844-53eccd48a7f5 (2025-10-28 08:51:33) does not need processing (timestamp: 1761666693.0 <= most recent timestamp: 1766090087.0)
Processing delivery id: f5388c64-dd0c-11f0-8d7b-0abac2a2baf5
Delivery f5388c64-dd0c-11f0-8d7b-0abac2a2baf5 (2025-11-03 13:17:35) does not need processing (timestamp: 1762204655.0 <= most recent timestamp: 1766090087.0)
Processing delivery id: f5048d06-dd0c-11f0-9f97-7091285eff52
Delivery f5048d06-dd0c-11f0-9f97-7091285eff52 (2025-07-14 12:11:16) does not need processing (timestamp: 1752520276.0 <= most recent timestamp: 1766090087.0)
Processing delivery id: f52129de-dd0c-11f0-9785-f0d694873959
Delivery f52129de-dd0c-11f0-9785-f0d694873959 (2025-08-08 08:48:53) does not need processing (timestamp: 1754668133.0 <= most recent timestamp: 1766090087.0)
Processing delivery id: f490a03a-dd0c-11f0-85b7-82c49116a9b6
Delivery f490a03a-dd0c-11f0-85b7-82c49116a9b6 (2025-12-18 08:36:54) does not need processing (timestamp: 1766075814.0 <= most recent timestamp: 1766090087.0)
Processing delivery id: f4ef7088-dd0c-11f0-99ce-0ff7c076bcde
Delivery f4ef7088-dd0c-11f0-99ce-0ff7c076bcde (2025-10-16 08:46:38) does not need processing (timestamp: 1760629598.0 <= most recent timestamp: 1766090087.0)
Processing delivery id: f4c20c10-dd0c-11f0-8f78-3bf510c64221
Delivery f4c20c10-dd0c-11f0-8f78-3bf510c64221 (2025-12-17 10:07:38) does not need processing (timestamp: 1765994858.0 <= most recent timestamp: 1766090087.0)
Processing delivery id: f4d8e4f8-dd0c-11f0-88b0-345f83c6fa83
Delivery f4d8e4f8-dd0c-11f0-88b0-345f83c6fa83 (2025-09-19 09:41:14) does not need processing (timestamp: 1758300074.0 <= most recent timestamp: 1766090087.0)
Processing delivery id: f3e9d2b4-dd0c-11f0-9dd9-15e5e3b653b9
Delivery f3e9d2b4-dd0c-11f0-9dd9-15e5e3b653b9 (2025-10-10 10:56:45) does not need processing (timestamp: 1760119005.0 <= most recent timestamp: 1766090087.0)
Processing delivery id: f42ce054-dd0c-11f0-8bbb-a2d0d689e7ed
Delivery f42ce054-dd0c-11f0-8bbb-a2d0d689e7ed (2025-08-18 10:54:35) does not need processing (timestamp: 1755539675.0 <= most recent timestamp: 1766090087.0)
Processing delivery id: f4442a3e-dd0c-11f0-9e7b-70338e4f2a12
Delivery f4442a3e-dd0c-11f0-9e7b-70338e4f2a12 (2025-10-28 12:59:20) does not need processing (timestamp: 1761681560.0 <= most recent timestamp: 1766090087.0)
Processing delivery id: f416ac3a-dd0c-11f0-8a66-1f79c50f7a95
Delivery f416ac3a-dd0c-11f0-8a66-1f79c50f7a95 (2025-10-31 10:11:09) does not need processing (timestamp: 1761930669.0 <= most recent timestamp: 1766090087.0)
Processing delivery id: f400d324-dd0c-11f0-934e-e81ae8a8938f
Delivery f400d324-dd0c-11f0-934e-e81ae8a8938f (2025-07-10 12:23:16) does not need processing (timestamp: 1752175396.0 <= most recent timestamp: 1766090087.0)
Processing delivery id: f3d2fd46-dd0c-11f0-8b21-cdfe2fa872b6
Delivery f3d2fd46-dd0c-11f0-8b21-cdfe2fa872b6 (2025-08-25 12:01:48) does not need processing (timestamp: 1756148508.0 <= most recent timestamp: 1766090087.0)
Processing delivery id: f3b776b6-dd0c-11f0-95e7-abda512a532d
Delivery f3b776b6-dd0c-11f0-95e7-abda512a532d (2025-11-03 07:34:03) does not need processing (timestamp: 1762184043.0 <= most recent timestamp: 1766090087.0)
Processing delivery id: f398badc-dd0c-11f0-9396-27d09d809bcf
Delivery f398badc-dd0c-11f0-9396-27d09d809bcf (2025-12-17 10:09:13) does not need processing (timestamp: 1765994953.0 <= most recent timestamp: 1766090087.0)
Processing delivery id: f3a1a106-dd0c-11f0-9bae-5c7590ff6f6c
Delivery f3a1a106-dd0c-11f0-9bae-5c7590ff6f6c (2025-09-09 10:25:24) does not need processing (timestamp: 1757438724.0 <= most recent timestamp: 1766090087.0)
Processing delivery id: f3744dd2-dd0c-11f0-90a4-c27beefbe5d2
Delivery f3744dd2-dd0c-11f0-90a4-c27beefbe5d2 (2025-10-10 07:26:35) does not need processing (timestamp: 1760106395.0 <= most recent timestamp: 1766090087.0)
Processing delivery id: f386da1a-dd0c-11f0-9944-073fd0f3c9f1
Delivery f386da1a-dd0c-11f0-9944-073fd0f3c9f1 (2025-10-29 11:01:48) does not need processing (timestamp: 1761760908.0 <= most recent timestamp: 1766090087.0)
Processing delivery id: f35b43c8-dd0c-11f0-9c8a-9ea87030b404
Delivery f35b43c8-dd0c-11f0-9c8a-9ea87030b404 (2025-10-07 13:31:33) does not need processing (timestamp: 1759869093.0 <= most recent timestamp: 1766090087.0)
Processing delivery id: f3868bb4-dd0c-11f0-80e3-124ce54835f5
Delivery f3868bb4-dd0c-11f0-80e3-124ce54835f5 (2025-11-07 12:02:35) does not need processing (timestamp: 1762545755.0 <= most recent timestamp: 1766090087.0)
Processing delivery id: f34816cc-dd0c-11f0-90b6-5ac5c33abd3d
Delivery f34816cc-dd0c-11f0-90b6-5ac5c33abd3d (2025-10-10 13:11:48) does not need processing (timestamp: 1760127108.0 <= most recent timestamp: 1766090087.0)
Processing delivery id: f334f92a-dd0c-11f0-8d95-35f48b17db5f
Delivery f334f92a-dd0c-11f0-8d95-35f48b17db5f (2025-10-27 10:40:30) does not need processing (timestamp: 1761586830.0 <= most recent timestamp: 1766090087.0)
Processing delivery id: f35ce8ae-dd0c-11f0-8385-7a79c3dcd4cf
Delivery f35ce8ae-dd0c-11f0-8385-7a79c3dcd4cf (2025-10-14 07:54:00) does not need processing (timestamp: 1760453640.0 <= most recent timestamp: 1766090087.0)
Processing delivery id: f3232236-dd0c-11f0-88d0-a00acb417296
Delivery f3232236-dd0c-11f0-88d0-a00acb417296 (2025-12-17 10:03:35) does not need processing (timestamp: 1765994615.0 <= most recent timestamp: 1766090087.0)
Processing delivery id: f30d14aa-dd0c-11f0-9d44-3332fb9dbf50
Delivery f30d14aa-dd0c-11f0-9d44-3332fb9dbf50 (2025-08-22 06:27:28) does not need processing (timestamp: 1755869248.0 <= most recent timestamp: 1766090087.0)
Processing delivery id: f2d480f4-dd0c-11f0-94d4-2118fc582fb6
Delivery f2d480f4-dd0c-11f0-94d4-2118fc582fb6 (2025-11-06 10:31:10) does not need processing (timestamp: 1762453870.0 <= most recent timestamp: 1766090087.0)
Processing delivery id: f2f98f34-dd0c-11f0-9665-2c44dacc3d93
Delivery f2f98f34-dd0c-11f0-9665-2c44dacc3d93 (2025-09-30 08:28:43) does not need processing (timestamp: 1759246123.0 <= most recent timestamp: 1766090087.0)
Processing delivery id: ee02835a-dd0c-11f0-8c7d-78e33362bc4c
Delivery ee02835a-dd0c-11f0-8c7d-78e33362bc4c (2025-12-19 10:59:55) needs processing (timestamp: 1766170795.0 > most recent timestamp: 1766090087.0)
Processed 82 deliveries so far...
Processing delivery id: 5f8845a2-dd0b-11f0-9c78-f60634c32dab
Delivery 5f8845a2-dd0b-11f0-9c78-f60634c32dab (2025-12-19 10:44:50) needs processing (timestamp: 1766169890.0 > most recent timestamp: 1766090087.0)
Processed 83 deliveries so far...
Processing delivery id: 5f656d0c-dd0b-11f0-963f-d02c9d841b6c
Delivery 5f656d0c-dd0b-11f0-963f-d02c9d841b6c (2025-12-19 10:43:41) needs processing (timestamp: 1766169821.0 > most recent timestamp: 1766090087.0)
Processed 84 deliveries so far...
Processing delivery id: 8ed8af6e-dd0a-11f0-9716-bafd4ba398d1
Delivery 8ed8af6e-dd0a-11f0-9716-bafd4ba398d1 (2025-08-11 07:47:41) does not need processing (timestamp: 1754923661.0 <= most recent timestamp: 1766090087.0)
Processing delivery id: 8eeed15e-dd0a-11f0-944c-7c9d0ee23aa1
Delivery 8eeed15e-dd0a-11f0-944c-7c9d0ee23aa1 (2025-12-19 10:11:10) needs processing (timestamp: 1766167870.0 > most recent timestamp: 1766090087.0)
Processed 85 deliveries so far...
Processing delivery id: 8ebcfd6e-dd0a-11f0-9e4b-b3414ecde5e8
Delivery 8ebcfd6e-dd0a-11f0-9e4b-b3414ecde5e8 (2025-05-06 11:01:24) does not need processing (timestamp: 1746554484.0 <= most recent timestamp: 1766090087.0)
Processing delivery id: 8ea9c4ce-dd0a-11f0-9d49-52c121810715
Delivery 8ea9c4ce-dd0a-11f0-9d49-52c121810715 (2025-08-13 05:26:48) does not need processing (timestamp: 1755088008.0 <= most recent timestamp: 1766090087.0)
Processing delivery id: 8e5b253a-dd0a-11f0-8765-7a132e409ece
Delivery 8e5b253a-dd0a-11f0-8765-7a132e409ece (2025-05-13 05:13:55) does not need processing (timestamp: 1747138435.0 <= most recent timestamp: 1766090087.0)
Processing delivery id: 8e982322-dd0a-11f0-962f-de96ea07e297
Delivery 8e982322-dd0a-11f0-962f-de96ea07e297 (2025-11-04 07:55:49) does not need processing (timestamp: 1762271749.0 <= most recent timestamp: 1766090087.0)
Processing delivery id: 8e84c2aa-dd0a-11f0-88ab-a09438565f3f
Delivery 8e84c2aa-dd0a-11f0-88ab-a09438565f3f (2025-10-17 06:05:58) does not need processing (timestamp: 1760706358.0 <= most recent timestamp: 1766090087.0)
Processing delivery id: 8e6dde64-dd0a-11f0-9097-31ba272950d7
Delivery 8e6dde64-dd0a-11f0-9097-31ba272950d7 (2025-10-02 15:59:14) does not need processing (timestamp: 1759445954.0 <= most recent timestamp: 1766090087.0)
Processing delivery id: 8e29145a-dd0a-11f0-82a3-b8b47f92581e
Delivery 8e29145a-dd0a-11f0-82a3-b8b47f92581e (2025-07-14 04:35:13) does not need processing (timestamp: 1752492913.0 <= most recent timestamp: 1766090087.0)
Processing delivery id: 8e482bf6-dd0a-11f0-87c7-2706caea534f
Delivery 8e482bf6-dd0a-11f0-87c7-2706caea534f (2025-07-25 06:54:45) does not need processing (timestamp: 1753451685.0 <= most recent timestamp: 1766090087.0)
Processing delivery id: 8d60d378-dd0a-11f0-9076-07ea77dd7e88
Delivery 8d60d378-dd0a-11f0-9076-07ea77dd7e88 (2025-08-07 03:28:25) does not need processing (timestamp: 1754562505.0 <= most recent timestamp: 1766090087.0)
Processing delivery id: 8d8847fa-dd0a-11f0-82df-da3eea11da7c
Delivery 8d8847fa-dd0a-11f0-82df-da3eea11da7c (2025-12-16 11:41:57) does not need processing (timestamp: 1765914117.0 <= most recent timestamp: 1766090087.0)
Processing delivery id: 8d739526-dd0a-11f0-9f3a-039117b0bd6b
Delivery 8d739526-dd0a-11f0-9f3a-039117b0bd6b (2025-12-19 10:40:07) needs processing (timestamp: 1766169607.0 > most recent timestamp: 1766090087.0)
Processed 86 deliveries so far...
Processing delivery id: 8d99d6d2-dd0a-11f0-80e1-503057ba9d72
Delivery 8d99d6d2-dd0a-11f0-80e1-503057ba9d72 (2025-11-06 04:58:46) does not need processing (timestamp: 1762433926.0 <= most recent timestamp: 1766090087.0)
Processing delivery id: 8d5065d8-dd0a-11f0-99b8-de4c82767be4
Delivery 8d5065d8-dd0a-11f0-99b8-de4c82767be4 (2025-07-29 13:49:12) does not need processing (timestamp: 1753822152.0 <= most recent timestamp: 1766090087.0)
Processing delivery id: 8d2f026c-dd0a-11f0-8b03-b939e611c54f
Delivery 8d2f026c-dd0a-11f0-8b03-b939e611c54f (2025-11-05 16:35:34) does not need processing (timestamp: 1762389334.0 <= most recent timestamp: 1766090087.0)
Processing delivery id: 8d08a716-dd0a-11f0-8ca8-b8c7c3eac585
Delivery 8d08a716-dd0a-11f0-8ca8-b8c7c3eac585 (2025-11-04 13:33:08) does not need processing (timestamp: 1762291988.0 <= most recent timestamp: 1766090087.0)
Processing delivery id: 8d19bba0-dd0a-11f0-8d29-c0b37c47a993
Delivery 8d19bba0-dd0a-11f0-8d29-c0b37c47a993 (2025-03-17 14:14:08) does not need processing (timestamp: 1742246048.0 <= most recent timestamp: 1766090087.0)
Processing delivery id: 8d4027cc-dd0a-11f0-8d1a-be1873f08a29
Delivery 8d4027cc-dd0a-11f0-8d1a-be1873f08a29 (2025-10-06 16:29:58) does not need processing (timestamp: 1759793398.0 <= most recent timestamp: 1766090087.0)
Processing delivery id: 8cecae1c-dd0a-11f0-9118-aaf8bbeb69df
Delivery 8cecae1c-dd0a-11f0-9118-aaf8bbeb69df (2025-09-22 10:59:24) does not need processing (timestamp: 1758563964.0 <= most recent timestamp: 1766090087.0)
Processing delivery id: 8c648906-dd0a-11f0-901d-1e9a5eec3d5b
Delivery 8c648906-dd0a-11f0-901d-1e9a5eec3d5b (2025-12-18 05:00:42) does not need processing (timestamp: 1766062842.0 <= most recent timestamp: 1766090087.0)
Processing delivery id: 8c7a88be-dd0a-11f0-9c14-1ccc0dc9182e
Delivery 8c7a88be-dd0a-11f0-9c14-1ccc0dc9182e (2025-06-04 09:28:26) does not need processing (timestamp: 1749054506.0 <= most recent timestamp: 1766090087.0)
Processing delivery id: 8c5280a8-dd0a-11f0-8b99-77dafae53136
Delivery 8c5280a8-dd0a-11f0-8b99-77dafae53136 (2025-05-08 05:35:32) does not need processing (timestamp: 1746707732.0 <= most recent timestamp: 1766090087.0)
Processing delivery id: 8c270176-dd0a-11f0-9c77-9426107c2b2a
Delivery 8c270176-dd0a-11f0-9c77-9426107c2b2a (2025-09-03 15:00:02) does not need processing (timestamp: 1756936802.0 <= most recent timestamp: 1766090087.0)
Processing delivery id: 8c3e67d0-dd0a-11f0-9533-71438d938bae
Delivery 8c3e67d0-dd0a-11f0-9533-71438d938bae (2025-04-21 15:54:32) does not need processing (timestamp: 1745276072.0 <= most recent timestamp: 1766090087.0)
Processing delivery id: 8bd5a8d0-dd0a-11f0-8ee0-7074339f3929
Delivery 8bd5a8d0-dd0a-11f0-8ee0-7074339f3929 (2025-07-16 11:02:54) does not need processing (timestamp: 1752688974.0 <= most recent timestamp: 1766090087.0)
Processing delivery id: 8c14d78a-dd0a-11f0-80ad-d48615f92dc0
Delivery 8c14d78a-dd0a-11f0-80ad-d48615f92dc0 (2025-11-20 11:53:15) does not need processing (timestamp: 1763668395.0 <= most recent timestamp: 1766090087.0)
Processing delivery id: 8bbac4d4-dd0a-11f0-8c0b-1e0aecf98b8a
Delivery 8bbac4d4-dd0a-11f0-8c0b-1e0aecf98b8a (2025-12-15 12:46:53) does not need processing (timestamp: 1765831613.0 <= most recent timestamp: 1766090087.0)
Processing delivery id: 8be68efc-dd0a-11f0-873d-ec3a3622269e
Delivery 8be68efc-dd0a-11f0-873d-ec3a3622269e (2025-10-01 09:50:08) does not need processing (timestamp: 1759337408.0 <= most recent timestamp: 1766090087.0)
Processing delivery id: 8c036446-dd0a-11f0-838d-441e57cc06e4
Delivery 8c036446-dd0a-11f0-838d-441e57cc06e4 (2025-06-09 22:46:09) does not need processing (timestamp: 1749534369.0 <= most recent timestamp: 1766090087.0)
Processing delivery id: 8af82852-dd0a-11f0-800d-1694ed4765ed
Delivery 8af82852-dd0a-11f0-800d-1694ed4765ed (2025-12-01 07:51:01) does not need processing (timestamp: 1764604261.0 <= most recent timestamp: 1766090087.0)
Processing delivery id: 8adfc91a-dd0a-11f0-9a45-b45d99344b4c
Delivery 8adfc91a-dd0a-11f0-9a45-b45d99344b4c (2025-09-26 07:42:39) does not need processing (timestamp: 1758897759.0 <= most recent timestamp: 1766090087.0)
Processing delivery id: 8abcffac-dd0a-11f0-8444-87daa72b0ef0
Delivery 8abcffac-dd0a-11f0-8444-87daa72b0ef0 (2025-04-10 01:37:23) does not need processing (timestamp: 1744274243.0 <= most recent timestamp: 1766090087.0)
Processing delivery id: 8a9c0a0e-dd0a-11f0-97c2-0c03d1034223
Delivery 8a9c0a0e-dd0a-11f0-97c2-0c03d1034223 (2025-08-08 07:24:20) does not need processing (timestamp: 1754663060.0 <= most recent timestamp: 1766090087.0)
Processing delivery id: 8aac008a-dd0a-11f0-8007-0d4a66d0373c
Delivery 8aac008a-dd0a-11f0-8007-0d4a66d0373c (2025-08-18 08:38:02) does not need processing (timestamp: 1755531482.0 <= most recent timestamp: 1766090087.0)
Processing delivery id: 8acf3906-dd0a-11f0-9ce9-5e02ab0c7ad9
Delivery 8acf3906-dd0a-11f0-9ce9-5e02ab0c7ad9 (2025-12-05 09:15:09) does not need processing (timestamp: 1764954909.0 <= most recent timestamp: 1766090087.0)
Processing delivery id: 8a78bb3a-dd0a-11f0-9375-758755a21570
Delivery 8a78bb3a-dd0a-11f0-9375-758755a21570 (2025-11-04 14:43:57) does not need processing (timestamp: 1762296237.0 <= most recent timestamp: 1766090087.0)
Processing delivery id: 8a88e762-dd0a-11f0-88b8-ebe51e912d5d
Delivery 8a88e762-dd0a-11f0-88b8-ebe51e912d5d (2025-04-09 03:37:20) does not need processing (timestamp: 1744195040.0 <= most recent timestamp: 1766090087.0)
Processing delivery id: 8a67a2b4-dd0a-11f0-8606-2123347f1a5b
Delivery 8a67a2b4-dd0a-11f0-8606-2123347f1a5b (2025-08-12 11:38:04) does not need processing (timestamp: 1755023884.0 <= most recent timestamp: 1766090087.0)
Processing delivery id: 8a4a4de0-dd0a-11f0-9aa3-ede24782a8db
Delivery 8a4a4de0-dd0a-11f0-9aa3-ede24782a8db (2025-08-12 05:07:12) does not need processing (timestamp: 1755000432.0 <= most recent timestamp: 1766090087.0)
Processing delivery id: d6cef446-dd09-11f0-9f95-81be400657fe
Delivery d6cef446-dd09-11f0-9f95-81be400657fe (2025-12-19 10:37:56) needs processing (timestamp: 1766169476.0 > most recent timestamp: 1766090087.0)
Processed 87 deliveries so far...
Processing delivery id: ca38b046-dd09-11f0-9c38-6d0cc62d24b1
Delivery ca38b046-dd09-11f0-9c38-6d0cc62d24b1 (2025-12-19 10:37:35) needs processing (timestamp: 1766169455.0 > most recent timestamp: 1766090087.0)
Processed 88 deliveries so far...
Processing delivery id: c9f4978a-dd09-11f0-96c1-eaf5f9dadc81
Delivery c9f4978a-dd09-11f0-96c1-eaf5f9dadc81 (2025-12-19 10:33:58) needs processing (timestamp: 1766169238.0 > most recent timestamp: 1766090087.0)
Processed 89 deliveries so far...
Processing delivery id: 4862a7b6-dd09-11f0-952b-796bbd0304b3
Delivery 4862a7b6-dd09-11f0-952b-796bbd0304b3 (2025-12-19 10:33:58) needs processing (timestamp: 1766169238.0 > most recent timestamp: 1766090087.0)
Processed 90 deliveries so far...
Total number of deliveries processed: 90
Total number of blocked webhooks: 0
Total number of timed_out webhooks: 0
Most recent processed delivery -- id: 29db3056-df57-11f0-8e19-62164f0eacf6, timestamp: 2025-12-22 08:56:21, timestamp: 1766422581.0
