Found webhook id for https://developer.fiserv.com/api/git-webhook: 549112588
Found head_commit for delivery id 2eafcff0-ced7-11f0-8c21-10872cdf4906, timestamp: 1764608403.0, 2025-12-01 09:00:03
signature: sha256=64aa1647ec99421c85fcb22bd43d8edd3550c95929b4f85d27a448a48e9ca7f1, delivery id: 2eafcff0-ced7-11f0-8c21-10872cdf4906
Found head_commit for delivery id c63a8f3c-ced6-11f0-975c-da7cf7d2703e, timestamp: 1764608202.0, 2025-12-01 08:56:42
signature: sha256=1053e6c3ed7626f892ab991a69c196a8f934b67ccd916511840f7d3d0602230f, delivery id: c63a8f3c-ced6-11f0-975c-da7cf7d2703e
Found head_commit for delivery id 69ddecce-ced2-11f0-9448-e002c6c3de89, timestamp: 1764606354.0, 2025-12-01 08:25:54
signature: sha256=86dd94366fad520d82080dca1a755432b6b74a1bc94a86a52f8dbc9918c4470b, delivery id: 69ddecce-ced2-11f0-9448-e002c6c3de89
Skipping delivery 70b56856-ced2-11f0-92b3-c274b598be08 with no head_commit
Found head_commit for delivery id 45089250-ced2-11f0-88ee-4f0fd352e6c6, timestamp: 1764606292.0, 2025-12-01 08:24:52
signature: sha256=780edfb131857e61d60a678f6e5b3d8c2166257f5c22df904b8fb8dd7b0534f3, delivery id: 45089250-ced2-11f0-88ee-4f0fd352e6c6
Found head_commit for delivery id c79becd6-ced1-11f0-8466-75b6205f8059, timestamp: 1764606082.0, 2025-12-01 08:21:22
signature: sha256=f3bb1d2d7c4b186b224ddaf226a0d7d4c6027745224015925aef8777baec667a, delivery id: c79becd6-ced1-11f0-8466-75b6205f8059
Found head_commit for delivery id 94017d6e-ced1-11f0-9ea3-ddbaf78ae866, timestamp: 1764605983.0, 2025-12-01 08:19:43
signature: sha256=90d06163cdd66c196d748fab2679e29be110a8fa4ae003c9415cf79867781baf, delivery id: 94017d6e-ced1-11f0-9ea3-ddbaf78ae866
Skipping delivery 3deb9b3a-ced1-11f0-8d31-e310dbf009af with no head_commit
Found head_commit for delivery id 34627250-ced1-11f0-81d4-276dbbc92c2f, timestamp: 1764605835.0, 2025-12-01 08:17:15
signature: sha256=743bfdebff1ed67591105eda9ecac3bb38a704bc087a00b94e6a4c161da3841a, delivery id: 34627250-ced1-11f0-81d4-276dbbc92c2f
Found head_commit for delivery id 0d2ea82a-ced1-11f0-8aae-be51ca441922, timestamp: 1764605768.0, 2025-12-01 08:16:08
signature: sha256=93d470dfd0ecc3be8cf42f1c029802dcb806118316540e80ef2f2c37aab6e1a1, delivery id: 0d2ea82a-ced1-11f0-8aae-be51ca441922
Found head_commit for delivery id 8e149f7c-ced0-11f0-9de1-8a99687e063d, timestamp: 1764605556.0, 2025-12-01 08:12:36
signature: sha256=5a307180fcdd92b774f87c7914ac3eb8b6108452a1c9de35baff1e59bb03b3e5, delivery id: 8e149f7c-ced0-11f0-9de1-8a99687e063d
Found head_commit for delivery id 56b00f76-ced0-11f0-9c78-68b2c5c543c4, timestamp: 1764605419.0, 2025-12-01 08:10:19
signature: sha256=c356e0bd9944f00bb6ab244acadeeaf4a01e853a74e8d9130eddb9f25c7b58f8, delivery id: 56b00f76-ced0-11f0-9c78-68b2c5c543c4
Skipping delivery 3620650e-cecf-11f0-86ab-9eec1bd6e60c with no head_commit
Found head_commit for delivery id 2ef399c2-cecf-11f0-8707-934f9257e433, timestamp: 1764604967.0, 2025-12-01 08:02:47
signature: sha256=b392a769f205c68a9650d760016abaa4667bd361f1ed2cad83b2d786a916204d, delivery id: 2ef399c2-cecf-11f0-8707-934f9257e433
Found head_commit for delivery id 0c78f504-cecf-11f0-8293-3046665751dd, timestamp: 1764604909.0, 2025-12-01 08:01:49
signature: sha256=03f8a9af8ac1840d08246e4cd885d0bb5c7c7199133fc3550f749b07bae73126, delivery id: 0c78f504-cecf-11f0-8293-3046665751dd
Found head_commit for delivery id 8dcf0c48-cece-11f0-92b5-eccd08ea8ce3, timestamp: 1764604697.0, 2025-12-01 07:58:17
signature: sha256=2ac58ebda066abdf4a8478bffce34a2363c99763d2fc2e069b1c03b0cf1ed8d5, delivery id: 8dcf0c48-cece-11f0-92b5-eccd08ea8ce3
Found head_commit for delivery id 59f19828-cece-11f0-9f73-8068b8754415, timestamp: 1764604596.0, 2025-12-01 07:56:36
signature: sha256=5c7989ffe398667f7e96db2d178b061c0993417980beeb39b8e2d0e8b2ac55cd, delivery id: 59f19828-cece-11f0-9f73-8068b8754415
Skipping delivery 05cc8758-cece-11f0-9c19-55ce74250750 with no head_commit
Found head_commit for delivery id fe006850-cecd-11f0-98dd-c5d075c579a9, timestamp: 1764604455.0, 2025-12-01 07:54:15
signature: sha256=f44f9266db401bcc2b9e5e42aeecf42c0bf3e96c08c42a58f41364318541b09b, delivery id: fe006850-cecd-11f0-98dd-c5d075c579a9
Found head_commit for delivery id dd271822-cecd-11f0-8b2a-73f4686ac12c, timestamp: 1764604400.0, 2025-12-01 07:53:20
signature: sha256=665049b3ad62034a8bebf076d7f3319520f740f98eeb738560e54b2e87f1c0a9, delivery id: dd271822-cecd-11f0-8b2a-73f4686ac12c
Found head_commit for delivery id c7da9840-cecd-11f0-8691-7a7f68d8a413, timestamp: 1764604365.0, 2025-12-01 07:52:45
signature: sha256=fcc02545b667936959f4c9a768591f7a81998d330d0c6b38344d4c6a846a38af, delivery id: c7da9840-cecd-11f0-8691-7a7f68d8a413
Found head_commit for delivery id 61513e44-cecd-11f0-8aef-c64c0e2f44ec, timestamp: 1764604193.0, 2025-12-01 07:49:53
signature: sha256=6690fcd72298354dada4e0729910658b4f43e52c92efbf8ca23164f93a19bed6, delivery id: 61513e44-cecd-11f0-8aef-c64c0e2f44ec
Found head_commit for delivery id 2fe3cfb6-cecd-11f0-9b43-fcf372821c9f, timestamp: 1764604110.0, 2025-12-01 07:48:30
signature: sha256=d3fb4fb9c47257ec7ba28f45208c3eb7d04e4296de8deecc6cfa4f6e92d494df, delivery id: 2fe3cfb6-cecd-11f0-9b43-fcf372821c9f
Found head_commit for delivery id 21288f0c-cecd-11f0-8efe-d82775caa500, timestamp: 1764604071.0, 2025-12-01 07:47:51
signature: sha256=6f496c482368ee82f4375012c21c8e3f7b8462a85834b53c97a83053c881c681, delivery id: 21288f0c-cecd-11f0-8efe-d82775caa500
Found head_commit for delivery id 8de94ab6-cea8-11f0-9590-dcded9c77f6f, timestamp: 1764588376.0, 2025-12-01 03:26:16
signature: sha256=9ba8f4b5e68e2df852d979a80bb7d5c8831ca168bbbeca40fe043c26c947448c, delivery id: 8de94ab6-cea8-11f0-9590-dcded9c77f6f
Found head_commit for delivery id 6e1b975c-cea8-11f0-9592-08ac0cb57e79, timestamp: 1764588324.0, 2025-12-01 03:25:24
signature: sha256=f9882c1077978f9b8855ebff735d0850a204e69c51ebe4a7caadac01f8237e06, delivery id: 6e1b975c-cea8-11f0-9592-08ac0cb57e79
Found head_commit for delivery id 4abf7558-cea8-11f0-9376-feca2691a9e8, timestamp: 1764588264.0, 2025-12-01 03:24:24
signature: sha256=74e7a7e638827a47c44a2e39706e8b03929d2d54e0573ee80be3865de20138b9, delivery id: 4abf7558-cea8-11f0-9376-feca2691a9e8
Skipping delivery 43e30256-cea6-11f0-89e3-f8ac4b7e073f with no head_commit
Found head_commit for delivery id 39e488ec-cea6-11f0-88a7-e0a12e435842, timestamp: 1764587376.0, 2025-12-01 03:09:36
signature: sha256=f31b6c84a9507a672af957f7618c670cfd0f4304d171b2651b6207424d55c00f, delivery id: 39e488ec-cea6-11f0-88a7-e0a12e435842
Found head_commit for delivery id 19bc8cd6-cea6-11f0-8977-d7ddf36f60c5, timestamp: 1764587321.0, 2025-12-01 03:08:41
signature: sha256=07163e9288967b8aad8a2f5a7f48ac8460d3900b634f948baf2023eb2080b6ec, delivery id: 19bc8cd6-cea6-11f0-8977-d7ddf36f60c5
Found head_commit for delivery id d4dc82b0-cea5-11f0-8be5-d0d25c168a3d, timestamp: 1764587207.0, 2025-12-01 03:06:47
signature: sha256=b02dfee305963b5ec50bb582cc4d282eaf592e6815d26e1d86f7e30eb0708c0b, delivery id: d4dc82b0-cea5-11f0-8be5-d0d25c168a3d
Found head_commit for delivery id 98a5e64c-cea5-11f0-99f2-846867228cea, timestamp: 1764587106.0, 2025-12-01 03:05:06
signature: sha256=328e117b7fcb0c005b164e894ed4a01d078b998be441e6499610207bfbe5957f, delivery id: 98a5e64c-cea5-11f0-99f2-846867228cea
Found head_commit for delivery id 2123a62c-cea5-11f0-9866-9d5ec14d778a, timestamp: 1764586905.0, 2025-12-01 03:01:45
signature: sha256=0b9237f35c777896b43c65fbc75ae312d2fdf3341717bb7b2e126b5f39a2459b, delivery id: 2123a62c-cea5-11f0-9866-9d5ec14d778a
Skipping delivery c26c8d4c-cea4-11f0-9e90-5e3070f023d4 with no head_commit
Found head_commit for delivery id bc848524-cea4-11f0-9674-ba5e433bbbe5, timestamp: 1764586736.0, 2025-12-01 02:58:56
signature: sha256=f9e00db93d723274295dc7f72527fa15c50009b3ba55296724169a07a59a3884, delivery id: bc848524-cea4-11f0-9674-ba5e433bbbe5
Found head_commit for delivery id aa890d68-cea4-11f0-9790-fd38d4de0d11, timestamp: 1764586706.0, 2025-12-01 02:58:26
signature: sha256=bd33a7ed677bb928c6bc07d8a9372cecd49694b6886192b891e53318b1c8b692, delivery id: aa890d68-cea4-11f0-9790-fd38d4de0d11
Found head_commit for delivery id 91966cba-cea4-11f0-8a06-5b89f2395821, timestamp: 1764586664.0, 2025-12-01 02:57:44
signature: sha256=b78be8b9ac96a5ca22b8ba29a6f8a4b9d10f32975ab93a66763845daf3b2488c, delivery id: 91966cba-cea4-11f0-8a06-5b89f2395821
Found head_commit for delivery id 2cff6ac2-cea4-11f0-8136-5d3f6dc6010a, timestamp: 1764586496.0, 2025-12-01 02:54:56
signature: sha256=f9c0143e2472ae1e9abd9ebca2260f0f1829dabd600a15912d8f30739c6d898f, delivery id: 2cff6ac2-cea4-11f0-8136-5d3f6dc6010a
Found head_commit for delivery id 047ae4d2-cea4-11f0-9039-c91bdee39878, timestamp: 1764586428.0, 2025-12-01 02:53:48
signature: sha256=e7b92adbfaca9b1d39d8dc6f78e5e8dbda45c476b9a95c005539890e7124a380, delivery id: 047ae4d2-cea4-11f0-9039-c91bdee39878
Found head_commit for delivery id e4dee664-cea3-11f0-86c9-5bee2cb09703, timestamp: 1764586375.0, 2025-12-01 02:52:55
signature: sha256=2666ab7a913825d32ffbb6327ea328ae74abdd3fd4f84a1a18a358170be40ee4, delivery id: e4dee664-cea3-11f0-86c9-5bee2cb09703
Found head_commit for delivery id d9e1b48a-cea3-11f0-81a4-ef828545a363, timestamp: 1764586357.0, 2025-12-01 02:52:37
signature: sha256=c345f4f6ab7c556d70477f0ec9c696a3ce75a692158f3e7c94c5d8f5ca44aae5, delivery id: d9e1b48a-cea3-11f0-81a4-ef828545a363
Found head_commit for delivery id bb50d906-cea3-11f0-974c-40d938a353d5, timestamp: 1764586306.0, 2025-12-01 02:51:46
signature: sha256=1e1011d90a741db4bbc9aaab9327573f873ed268cd2fb0a84ccf11f02cbd4ef7, delivery id: bb50d906-cea3-11f0-974c-40d938a353d5
Found head_commit for delivery id 9d6515a6-cea3-11f0-9fc4-59997dbaa7c2, timestamp: 1764586255.0, 2025-12-01 02:50:55
signature: sha256=29f9ff69d8f35e06c044c84b8c53558cdec41577cde127a80a6d5cf3120cd125, delivery id: 9d6515a6-cea3-11f0-9fc4-59997dbaa7c2
Found head_commit for delivery id e7f51b4e-cea2-11f0-8e7d-d4e76585815e, timestamp: 1764585950.0, 2025-12-01 02:45:50
signature: sha256=b19b3193eba3eb59eae153765f1125a8c8a116ed44b62a768ad7b0a3f76ccb0c, delivery id: e7f51b4e-cea2-11f0-8e7d-d4e76585815e
Found head_commit for delivery id 6a5a6964-cea2-11f0-9f6e-c383b637ae58, timestamp: 1764585740.0, 2025-12-01 02:42:20
signature: sha256=5d9cde602a5b20c9e24964eb3a167ac5e233fba2ebf20cc6676c68382384c005, delivery id: 6a5a6964-cea2-11f0-9f6e-c383b637ae58
Found head_commit for delivery id 554cd84a-cea2-11f0-93bc-0a95e1bf9059, timestamp: 1764585705.0, 2025-12-01 02:41:45
signature: sha256=a9b9359180ae3112ea1a330a1b767c41857ae848608dcaf62722698d431421a0, delivery id: 554cd84a-cea2-11f0-93bc-0a95e1bf9059
Found head_commit for delivery id 3c7911c6-cea2-11f0-8212-ceb7d31efef7, timestamp: 1764585663.0, 2025-12-01 02:41:03
signature: sha256=99c642c262987e3a41a135ca1b496d6f7682a6ca8ed0e235546ef1423a383aa4, delivery id: 3c7911c6-cea2-11f0-8212-ceb7d31efef7
Found head_commit for delivery id fcc94136-cea1-11f0-8046-6c1fb612efdb, timestamp: 1764585556.0, 2025-12-01 02:39:16
signature: sha256=66987fe0be40b555e54fe5a3d42d4e2da29f521b3c16538b02d4d3a5f4375634, delivery id: fcc94136-cea1-11f0-8046-6c1fb612efdb
Found head_commit for delivery id c414079a-cea1-11f0-8bc0-aeab2537c8e3, timestamp: 1764585461.0, 2025-12-01 02:37:41
signature: sha256=f54e99ed8d4c9c6550006837d1a5cd3b89e089cafff3f569d627ca1f4c08cf9e, delivery id: c414079a-cea1-11f0-8bc0-aeab2537c8e3
Found head_commit for delivery id beb580c6-cea1-11f0-8bc2-b5c441dcf543, timestamp: 1764585452.0, 2025-12-01 02:37:32
signature: sha256=aeeb2a1db53d2212181b26c5056d85f020442dd587b52f9293b69048e6a77e3e, delivery id: beb580c6-cea1-11f0-8bc2-b5c441dcf543
Found head_commit for delivery id a23c0082-cea1-11f0-90f1-dd9cd949959a, timestamp: 1764585405.0, 2025-12-01 02:36:45
signature: sha256=d9317a33c457c073a94512567166f440a546e31a5e57c98358a2398cf0518e43, delivery id: a23c0082-cea1-11f0-90f1-dd9cd949959a
Found head_commit for delivery id d2c48068-cea0-11f0-93be-89213ff820b5, timestamp: 1764585056.0, 2025-12-01 02:30:56
signature: sha256=cdf407e9a95922f11b59915f98e601640724d65e77b7592e3c64599ead5df739, delivery id: d2c48068-cea0-11f0-93be-89213ff820b5
Found head_commit for delivery id c6b8eb38-cea0-11f0-8c3a-7fa4f1a5cc0e, timestamp: 1764585036.0, 2025-12-01 02:30:36
signature: sha256=4c70b6c9465f3027b6889f0bf038f3433afb8c551f2842ea6b1301dd83e0bf76, delivery id: c6b8eb38-cea0-11f0-8c3a-7fa4f1a5cc0e
Found head_commit for delivery id ab846f9a-cea0-11f0-8654-ab434f502bc2, timestamp: 1764584990.0, 2025-12-01 02:29:50
signature: sha256=5d311576ebbbd0da9faa6f3c3edf61358557fa84915ef75569693743637b1f91, delivery id: ab846f9a-cea0-11f0-8654-ab434f502bc2
Found head_commit for delivery id 52f35a8a-cea0-11f0-8f3b-24c2e5fd5310, timestamp: 1764584842.0, 2025-12-01 02:27:22
signature: sha256=83cceea541d2cae774230e5f5a33d9c99e9fd9b3a77987d905c7f9fd669cd590, delivery id: 52f35a8a-cea0-11f0-8f3b-24c2e5fd5310
Found head_commit for delivery id ce245aca-ce9f-11f0-8b3a-06414e6b9535, timestamp: 1764584619.0, 2025-12-01 02:23:39
signature: sha256=e99d5bc1f8589b79a6546e758d05f1b5b168bf85e7633927e7b4b20f21e31e72, delivery id: ce245aca-ce9f-11f0-8b3a-06414e6b9535
Found head_commit for delivery id c52e824c-ce9f-11f0-984b-0a471c683094, timestamp: 1764584604.0, 2025-12-01 02:23:24
signature: sha256=ae212a636cc605be87665242d409c51a72f50c18b8d160a64ed43df236a9c8ab, delivery id: c52e824c-ce9f-11f0-984b-0a471c683094
Found head_commit for delivery id ab5cb8ac-ce9f-11f0-93c7-9e701e0ddcf8, timestamp: 1764584560.0, 2025-12-01 02:22:40
signature: sha256=f94ed15d7556159e8efc37ca9353590055c0c496c6dc24cd6a52884a83dd0e21, delivery id: ab5cb8ac-ce9f-11f0-93c7-9e701e0ddcf8
Skipping delivery 4040f6a0-ce9f-11f0-9bb7-8ea159187588 with no head_commit
Found head_commit for delivery id 3abd968e-ce9f-11f0-9510-213fe6f899c0, timestamp: 1764584371.0, 2025-12-01 02:19:31
signature: sha256=bd16b58217ff12aa76b638fee215145b65f15ec551ba0b6535ed589b19b50d60, delivery id: 3abd968e-ce9f-11f0-9510-213fe6f899c0
Found head_commit for delivery id 27f27574-ce9f-11f0-9581-d616c4e57528, timestamp: 1764584340.0, 2025-12-01 02:19:00
signature: sha256=b6fed6d41d905cb5487c80405a3d99d179497afb53e64d0b16aaa1819ee53ac1, delivery id: 27f27574-ce9f-11f0-9581-d616c4e57528
Found head_commit for delivery id 10bf28c0-ce9f-11f0-9c6a-b8816c0fb189, timestamp: 1764584301.0, 2025-12-01 02:18:21
signature: sha256=e850d99b361850e52081e9b0eef8c0776af0f1e1be0e986ca9acd5c97ffddf8b, delivery id: 10bf28c0-ce9f-11f0-9c6a-b8816c0fb189
Found head_commit for delivery id a550295e-ce9e-11f0-93f3-aec7f4b1649c, timestamp: 1764584121.0, 2025-12-01 02:15:21
signature: sha256=f37fd1d5cd9585fddf6ca2d8c7e3d3ac8a43d7c3f4a765d56d815c3dba10de27, delivery id: a550295e-ce9e-11f0-93f3-aec7f4b1649c
Found head_commit for delivery id 3eb19be2-ce9e-11f0-87b7-e27420fb4f70, timestamp: 1764583949.0, 2025-12-01 02:12:29
signature: sha256=fdfec0d66579c158143948752ecce2c79839ed5a71e296e7aefe0612a9a868f0, delivery id: 3eb19be2-ce9e-11f0-87b7-e27420fb4f70
Found head_commit for delivery id 2aace728-ce9e-11f0-9730-ba2d7bbdef35, timestamp: 1764583915.0, 2025-12-01 02:11:55
signature: sha256=3c28f2552917d108426cf0d37a77fcf3b2dda5609562f72f7e72544191acec2e, delivery id: 2aace728-ce9e-11f0-9730-ba2d7bbdef35
Found head_commit for delivery id ebdaf864-ce9d-11f0-84ea-c917c4cee650, timestamp: 1764583810.0, 2025-12-01 02:10:10
signature: sha256=568ced3686847eb306563faafb6514205901ea491c0de47e79ecf9047774b8d9, delivery id: ebdaf864-ce9d-11f0-84ea-c917c4cee650
Found head_commit for delivery id 802a6e46-ce80-11f0-8c3b-9f75c559393a, timestamp: 1764571173.0, 2025-11-30 22:39:33
signature: sha256=59c4b9fa5fb46b3c18d1d4cc50c5875d6ffeb78bb1edb9a069d4f23eaa0a9015, delivery id: 802a6e46-ce80-11f0-8c3b-9f75c559393a
Found head_commit for delivery id 4bc58a32-ce80-11f0-9509-12feb6d97947, timestamp: 1764571086.0, 2025-11-30 22:38:06
signature: sha256=f8b0b2c837c59396bc2bae103eb720e9474e03a2aed61379a469def3c42fc8e1, delivery id: 4bc58a32-ce80-11f0-9509-12feb6d97947
Found head_commit for delivery id 045b53a2-ce80-11f0-9164-2ddf1fa3329f, timestamp: 1764570966.0, 2025-11-30 22:36:06
signature: sha256=f0b4d58aade058afdccce452b7ba7a87dbff73964bf3330f2aaf2ed80160665d, delivery id: 045b53a2-ce80-11f0-9164-2ddf1fa3329f
Found head_commit for delivery id 77193c66-ce7f-11f0-96f2-c2a248f42832, timestamp: 1764570729.0, 2025-11-30 22:32:09
signature: sha256=156049f2d64ba13451228c801ca19baba2c18b3a7d9216cc5304d878f510eae0, delivery id: 77193c66-ce7f-11f0-96f2-c2a248f42832
Found head_commit for delivery id 2f924414-ce7f-11f0-91e2-f5435e6dbd95, timestamp: 1764570609.0, 2025-11-30 22:30:09
signature: sha256=d8a770409525bca8664b9cea7d567d2ae15deaa51fdb949082c15f9b169bd8dd, delivery id: 2f924414-ce7f-11f0-91e2-f5435e6dbd95
Found head_commit for delivery id 94fda510-ce7e-11f0-9382-4f60c896bb48, timestamp: 1764570349.0, 2025-11-30 22:25:49
signature: sha256=2563831d8331496acc215edbe446eabc0f9888014ca9fd89fd28b30ef6d8c53f, delivery id: 94fda510-ce7e-11f0-9382-4f60c896bb48
Found head_commit for delivery id 67ded432-ce7e-11f0-986a-ce9651ce8599, timestamp: 1764570274.0, 2025-11-30 22:24:34
signature: sha256=f0bd0e14441a7921b92c4836ad1e9aed8990e8c1855cc0fd2d2d11824d4d116e, delivery id: 67ded432-ce7e-11f0-986a-ce9651ce8599
Found head_commit for delivery id 8d3370f2-cd80-11f0-8636-cc3338748ff8, timestamp: 1764461244.0, 2025-11-29 16:07:24
signature: sha256=1a715da26296e2f5270b6a21b1076bb731870920cf24cd8758b6ad9074e214e3, delivery id: 8d3370f2-cd80-11f0-8636-cc3338748ff8
Found head_commit for delivery id 4d7fd7a2-cd80-11f0-95fc-64da8e728a62, timestamp: 1764461128.0, 2025-11-29 16:05:28
signature: sha256=352247087b6ec9e246bdf0dcdf2aad749a37bf15161335ca5c3645ca2c60ef68, delivery id: 4d7fd7a2-cd80-11f0-95fc-64da8e728a62
Found head_commit for delivery id 2b7b1124-ccdd-11f0-9eaf-21a09f8051f7, timestamp: 1764199136.0, 2025-11-26 15:18:56
signature: sha256=3b4dfc7ee57939f2db6e65a29950f7de1f92ebfbd8a7bf213cf5bc4ab4886083, delivery id: 2b7b1124-ccdd-11f0-9eaf-21a09f8051f7
Skipping delivery 718e5732-cca8-11f0-954d-fc012bc9c30c with no head_commit
Found head_commit for delivery id 6cc818b4-cca8-11f0-8a58-240b0a36df91, timestamp: 1764368418.0, 2025-11-28 14:20:18
signature: sha256=0b32cae0c060486dc0f353ad695ea852271f0ef0eea04b922fc64a768df4e9a8, delivery id: 6cc818b4-cca8-11f0-8a58-240b0a36df91
Found head_commit for delivery id 5d74e482-cca8-11f0-9149-7cdca1587619, timestamp: 1764368393.0, 2025-11-28 14:19:53
signature: sha256=840c53616e797f673f64107589da64a598a842c98ac459aa36fcacc0999117ee, delivery id: 5d74e482-cca8-11f0-9149-7cdca1587619
Found head_commit for delivery id 51d99b36-cca8-11f0-9864-e4da11d950f5, timestamp: 1764368373.0, 2025-11-28 14:19:33
signature: sha256=3ec40de7f6af39da7a50a68436bb25fff0cbde06a5e36e655c9d052c91f2ec96, delivery id: 51d99b36-cca8-11f0-9864-e4da11d950f5
Found head_commit for delivery id 3e713054-cca8-11f0-9301-5590e89c3392, timestamp: 1764368338.0, 2025-11-28 14:18:58
signature: sha256=a7a1856297f8dda77033c1e9dcbe6cbe30ebff4928eba16081ef35c432e3e98f, delivery id: 3e713054-cca8-11f0-9301-5590e89c3392
Found head_commit for delivery id 10519a8e-cca7-11f0-833e-47312c515d42, timestamp: 1764367828.0, 2025-11-28 14:10:28
signature: sha256=4520e526370d70aae1e602696c1a8a0c2eaa01deddf8b15227898d8a8a18b424, delivery id: 10519a8e-cca7-11f0-833e-47312c515d42
Adding 74 deliveries
Total deliveries so far: 74
Total deliveries to process: 74
Processing delivery id: 2eafcff0-ced7-11f0-8c21-10872cdf4906
Delivery 2eafcff0-ced7-11f0-8c21-10872cdf4906 (2025-12-01 09:00:03) needs processing (timestamp: 1764608403.0 > most recent timestamp: 1764368418.0)
Most recent processed delivery set to -- id: 2eafcff0-ced7-11f0-8c21-10872cdf4906, date-time: 2025-12-01T09:00:03, timestamp: 1764608403.0
Processed 1 deliveries so far...
Processing delivery id: c63a8f3c-ced6-11f0-975c-da7cf7d2703e
Delivery c63a8f3c-ced6-11f0-975c-da7cf7d2703e (2025-12-01 08:56:42) needs processing (timestamp: 1764608202.0 > most recent timestamp: 1764368418.0)
Processed 2 deliveries so far...
Processing delivery id: 69ddecce-ced2-11f0-9448-e002c6c3de89
Delivery 69ddecce-ced2-11f0-9448-e002c6c3de89 (2025-12-01 08:25:54) needs processing (timestamp: 1764606354.0 > most recent timestamp: 1764368418.0)
Processed 3 deliveries so far...
Processing delivery id: 45089250-ced2-11f0-88ee-4f0fd352e6c6
Delivery 45089250-ced2-11f0-88ee-4f0fd352e6c6 (2025-12-01 08:24:52) needs processing (timestamp: 1764606292.0 > most recent timestamp: 1764368418.0)
Processed 4 deliveries so far...
Processing delivery id: c79becd6-ced1-11f0-8466-75b6205f8059
Delivery c79becd6-ced1-11f0-8466-75b6205f8059 (2025-12-01 08:21:22) needs processing (timestamp: 1764606082.0 > most recent timestamp: 1764368418.0)
Processed 5 deliveries so far...
Processing delivery id: 94017d6e-ced1-11f0-9ea3-ddbaf78ae866
Delivery 94017d6e-ced1-11f0-9ea3-ddbaf78ae866 (2025-12-01 08:19:43) needs processing (timestamp: 1764605983.0 > most recent timestamp: 1764368418.0)
Processed 6 deliveries so far...
Processing delivery id: 34627250-ced1-11f0-81d4-276dbbc92c2f
Delivery 34627250-ced1-11f0-81d4-276dbbc92c2f (2025-12-01 08:17:15) needs processing (timestamp: 1764605835.0 > most recent timestamp: 1764368418.0)
Processed 7 deliveries so far...
Processing delivery id: 0d2ea82a-ced1-11f0-8aae-be51ca441922
Delivery 0d2ea82a-ced1-11f0-8aae-be51ca441922 (2025-12-01 08:16:08) needs processing (timestamp: 1764605768.0 > most recent timestamp: 1764368418.0)
Processed 8 deliveries so far...
Processing delivery id: 8e149f7c-ced0-11f0-9de1-8a99687e063d
Delivery 8e149f7c-ced0-11f0-9de1-8a99687e063d (2025-12-01 08:12:36) needs processing (timestamp: 1764605556.0 > most recent timestamp: 1764368418.0)
Processed 9 deliveries so far...
Processing delivery id: 56b00f76-ced0-11f0-9c78-68b2c5c543c4
Delivery 56b00f76-ced0-11f0-9c78-68b2c5c543c4 (2025-12-01 08:10:19) needs processing (timestamp: 1764605419.0 > most recent timestamp: 1764368418.0)
Processed 10 deliveries so far...
Processing delivery id: 2ef399c2-cecf-11f0-8707-934f9257e433
Delivery 2ef399c2-cecf-11f0-8707-934f9257e433 (2025-12-01 08:02:47) needs processing (timestamp: 1764604967.0 > most recent timestamp: 1764368418.0)
Processed 11 deliveries so far...
Processing delivery id: 0c78f504-cecf-11f0-8293-3046665751dd
Delivery 0c78f504-cecf-11f0-8293-3046665751dd (2025-12-01 08:01:49) needs processing (timestamp: 1764604909.0 > most recent timestamp: 1764368418.0)
Processed 12 deliveries so far...
Processing delivery id: 8dcf0c48-cece-11f0-92b5-eccd08ea8ce3
Delivery 8dcf0c48-cece-11f0-92b5-eccd08ea8ce3 (2025-12-01 07:58:17) needs processing (timestamp: 1764604697.0 > most recent timestamp: 1764368418.0)
Processed 13 deliveries so far...
Processing delivery id: 59f19828-cece-11f0-9f73-8068b8754415
Delivery 59f19828-cece-11f0-9f73-8068b8754415 (2025-12-01 07:56:36) needs processing (timestamp: 1764604596.0 > most recent timestamp: 1764368418.0)
Processed 14 deliveries so far...
Processing delivery id: fe006850-cecd-11f0-98dd-c5d075c579a9
Delivery fe006850-cecd-11f0-98dd-c5d075c579a9 (2025-12-01 07:54:15) needs processing (timestamp: 1764604455.0 > most recent timestamp: 1764368418.0)
Processed 15 deliveries so far...
Processing delivery id: dd271822-cecd-11f0-8b2a-73f4686ac12c
Delivery dd271822-cecd-11f0-8b2a-73f4686ac12c (2025-12-01 07:53:20) needs processing (timestamp: 1764604400.0 > most recent timestamp: 1764368418.0)
Processed 16 deliveries so far...
Processing delivery id: c7da9840-cecd-11f0-8691-7a7f68d8a413
Delivery c7da9840-cecd-11f0-8691-7a7f68d8a413 (2025-12-01 07:52:45) needs processing (timestamp: 1764604365.0 > most recent timestamp: 1764368418.0)
Processed 17 deliveries so far...
Processing delivery id: 61513e44-cecd-11f0-8aef-c64c0e2f44ec
Delivery 61513e44-cecd-11f0-8aef-c64c0e2f44ec (2025-12-01 07:49:53) needs processing (timestamp: 1764604193.0 > most recent timestamp: 1764368418.0)
Processed 18 deliveries so far...
Processing delivery id: 2fe3cfb6-cecd-11f0-9b43-fcf372821c9f
Delivery 2fe3cfb6-cecd-11f0-9b43-fcf372821c9f (2025-12-01 07:48:30) needs processing (timestamp: 1764604110.0 > most recent timestamp: 1764368418.0)
Processed 19 deliveries so far...
Processing delivery id: 21288f0c-cecd-11f0-8efe-d82775caa500
Delivery 21288f0c-cecd-11f0-8efe-d82775caa500 (2025-12-01 07:47:51) needs processing (timestamp: 1764604071.0 > most recent timestamp: 1764368418.0)
Processed 20 deliveries so far...
Processing delivery id: 8de94ab6-cea8-11f0-9590-dcded9c77f6f
Delivery 8de94ab6-cea8-11f0-9590-dcded9c77f6f (2025-12-01 03:26:16) needs processing (timestamp: 1764588376.0 > most recent timestamp: 1764368418.0)
Processed 21 deliveries so far...
Processing delivery id: 6e1b975c-cea8-11f0-9592-08ac0cb57e79
Delivery 6e1b975c-cea8-11f0-9592-08ac0cb57e79 (2025-12-01 03:25:24) needs processing (timestamp: 1764588324.0 > most recent timestamp: 1764368418.0)
Processed 22 deliveries so far...
Processing delivery id: 4abf7558-cea8-11f0-9376-feca2691a9e8
Delivery 4abf7558-cea8-11f0-9376-feca2691a9e8 (2025-12-01 03:24:24) needs processing (timestamp: 1764588264.0 > most recent timestamp: 1764368418.0)
Processed 23 deliveries so far...
Processing delivery id: 39e488ec-cea6-11f0-88a7-e0a12e435842
Delivery 39e488ec-cea6-11f0-88a7-e0a12e435842 (2025-12-01 03:09:36) needs processing (timestamp: 1764587376.0 > most recent timestamp: 1764368418.0)
Processed 24 deliveries so far...
Processing delivery id: 19bc8cd6-cea6-11f0-8977-d7ddf36f60c5
Delivery 19bc8cd6-cea6-11f0-8977-d7ddf36f60c5 (2025-12-01 03:08:41) needs processing (timestamp: 1764587321.0 > most recent timestamp: 1764368418.0)
Processed 25 deliveries so far...
Processing delivery id: d4dc82b0-cea5-11f0-8be5-d0d25c168a3d
Delivery d4dc82b0-cea5-11f0-8be5-d0d25c168a3d (2025-12-01 03:06:47) needs processing (timestamp: 1764587207.0 > most recent timestamp: 1764368418.0)
Processed 26 deliveries so far...
Processing delivery id: 98a5e64c-cea5-11f0-99f2-846867228cea
Delivery 98a5e64c-cea5-11f0-99f2-846867228cea (2025-12-01 03:05:06) needs processing (timestamp: 1764587106.0 > most recent timestamp: 1764368418.0)
Processed 27 deliveries so far...
Processing delivery id: 2123a62c-cea5-11f0-9866-9d5ec14d778a
Delivery 2123a62c-cea5-11f0-9866-9d5ec14d778a (2025-12-01 03:01:45) needs processing (timestamp: 1764586905.0 > most recent timestamp: 1764368418.0)
Processed 28 deliveries so far...
Processing delivery id: bc848524-cea4-11f0-9674-ba5e433bbbe5
Delivery bc848524-cea4-11f0-9674-ba5e433bbbe5 (2025-12-01 02:58:56) needs processing (timestamp: 1764586736.0 > most recent timestamp: 1764368418.0)
Processed 29 deliveries so far...
Processing delivery id: aa890d68-cea4-11f0-9790-fd38d4de0d11
Delivery aa890d68-cea4-11f0-9790-fd38d4de0d11 (2025-12-01 02:58:26) needs processing (timestamp: 1764586706.0 > most recent timestamp: 1764368418.0)
Processed 30 deliveries so far...
Processing delivery id: 91966cba-cea4-11f0-8a06-5b89f2395821
Delivery 91966cba-cea4-11f0-8a06-5b89f2395821 (2025-12-01 02:57:44) needs processing (timestamp: 1764586664.0 > most recent timestamp: 1764368418.0)
Processed 31 deliveries so far...
Processing delivery id: 2cff6ac2-cea4-11f0-8136-5d3f6dc6010a
Delivery 2cff6ac2-cea4-11f0-8136-5d3f6dc6010a (2025-12-01 02:54:56) needs processing (timestamp: 1764586496.0 > most recent timestamp: 1764368418.0)
Processed 32 deliveries so far...
Processing delivery id: 047ae4d2-cea4-11f0-9039-c91bdee39878
Delivery 047ae4d2-cea4-11f0-9039-c91bdee39878 (2025-12-01 02:53:48) needs processing (timestamp: 1764586428.0 > most recent timestamp: 1764368418.0)
Processed 33 deliveries so far...
Processing delivery id: e4dee664-cea3-11f0-86c9-5bee2cb09703
Delivery e4dee664-cea3-11f0-86c9-5bee2cb09703 (2025-12-01 02:52:55) needs processing (timestamp: 1764586375.0 > most recent timestamp: 1764368418.0)
Processed 34 deliveries so far...
Processing delivery id: d9e1b48a-cea3-11f0-81a4-ef828545a363
Delivery d9e1b48a-cea3-11f0-81a4-ef828545a363 (2025-12-01 02:52:37) needs processing (timestamp: 1764586357.0 > most recent timestamp: 1764368418.0)
Processed 35 deliveries so far...
Processing delivery id: bb50d906-cea3-11f0-974c-40d938a353d5
Delivery bb50d906-cea3-11f0-974c-40d938a353d5 (2025-12-01 02:51:46) needs processing (timestamp: 1764586306.0 > most recent timestamp: 1764368418.0)
Processed 36 deliveries so far...
Processing delivery id: 9d6515a6-cea3-11f0-9fc4-59997dbaa7c2
Delivery 9d6515a6-cea3-11f0-9fc4-59997dbaa7c2 (2025-12-01 02:50:55) needs processing (timestamp: 1764586255.0 > most recent timestamp: 1764368418.0)
Processed 37 deliveries so far...
Processing delivery id: e7f51b4e-cea2-11f0-8e7d-d4e76585815e
Delivery e7f51b4e-cea2-11f0-8e7d-d4e76585815e (2025-12-01 02:45:50) needs processing (timestamp: 1764585950.0 > most recent timestamp: 1764368418.0)
Processed 38 deliveries so far...
Processing delivery id: 6a5a6964-cea2-11f0-9f6e-c383b637ae58
Delivery 6a5a6964-cea2-11f0-9f6e-c383b637ae58 (2025-12-01 02:42:20) needs processing (timestamp: 1764585740.0 > most recent timestamp: 1764368418.0)
Processed 39 deliveries so far...
Processing delivery id: 554cd84a-cea2-11f0-93bc-0a95e1bf9059
Delivery 554cd84a-cea2-11f0-93bc-0a95e1bf9059 (2025-12-01 02:41:45) needs processing (timestamp: 1764585705.0 > most recent timestamp: 1764368418.0)
Processed 40 deliveries so far...
Processing delivery id: 3c7911c6-cea2-11f0-8212-ceb7d31efef7
Delivery 3c7911c6-cea2-11f0-8212-ceb7d31efef7 (2025-12-01 02:41:03) needs processing (timestamp: 1764585663.0 > most recent timestamp: 1764368418.0)
Processed 41 deliveries so far...
Processing delivery id: fcc94136-cea1-11f0-8046-6c1fb612efdb
Delivery fcc94136-cea1-11f0-8046-6c1fb612efdb (2025-12-01 02:39:16) needs processing (timestamp: 1764585556.0 > most recent timestamp: 1764368418.0)
Processed 42 deliveries so far...
Processing delivery id: c414079a-cea1-11f0-8bc0-aeab2537c8e3
Delivery c414079a-cea1-11f0-8bc0-aeab2537c8e3 (2025-12-01 02:37:41) needs processing (timestamp: 1764585461.0 > most recent timestamp: 1764368418.0)
Processed 43 deliveries so far...
Processing delivery id: beb580c6-cea1-11f0-8bc2-b5c441dcf543
Delivery beb580c6-cea1-11f0-8bc2-b5c441dcf543 (2025-12-01 02:37:32) needs processing (timestamp: 1764585452.0 > most recent timestamp: 1764368418.0)
Processed 44 deliveries so far...
Processing delivery id: a23c0082-cea1-11f0-90f1-dd9cd949959a
Delivery a23c0082-cea1-11f0-90f1-dd9cd949959a (2025-12-01 02:36:45) needs processing (timestamp: 1764585405.0 > most recent timestamp: 1764368418.0)
Processed 45 deliveries so far...
Processing delivery id: d2c48068-cea0-11f0-93be-89213ff820b5
Delivery d2c48068-cea0-11f0-93be-89213ff820b5 (2025-12-01 02:30:56) needs processing (timestamp: 1764585056.0 > most recent timestamp: 1764368418.0)
Processed 46 deliveries so far...
Processing delivery id: c6b8eb38-cea0-11f0-8c3a-7fa4f1a5cc0e
Delivery c6b8eb38-cea0-11f0-8c3a-7fa4f1a5cc0e (2025-12-01 02:30:36) needs processing (timestamp: 1764585036.0 > most recent timestamp: 1764368418.0)
Processed 47 deliveries so far...
Processing delivery id: ab846f9a-cea0-11f0-8654-ab434f502bc2
Delivery ab846f9a-cea0-11f0-8654-ab434f502bc2 (2025-12-01 02:29:50) needs processing (timestamp: 1764584990.0 > most recent timestamp: 1764368418.0)
Processed 48 deliveries so far...
Processing delivery id: 52f35a8a-cea0-11f0-8f3b-24c2e5fd5310
Delivery 52f35a8a-cea0-11f0-8f3b-24c2e5fd5310 (2025-12-01 02:27:22) needs processing (timestamp: 1764584842.0 > most recent timestamp: 1764368418.0)
Processed 49 deliveries so far...
Processing delivery id: ce245aca-ce9f-11f0-8b3a-06414e6b9535
Delivery ce245aca-ce9f-11f0-8b3a-06414e6b9535 (2025-12-01 02:23:39) needs processing (timestamp: 1764584619.0 > most recent timestamp: 1764368418.0)
Processed 50 deliveries so far...
Processing delivery id: c52e824c-ce9f-11f0-984b-0a471c683094
Delivery c52e824c-ce9f-11f0-984b-0a471c683094 (2025-12-01 02:23:24) needs processing (timestamp: 1764584604.0 > most recent timestamp: 1764368418.0)
Processed 51 deliveries so far...
Processing delivery id: ab5cb8ac-ce9f-11f0-93c7-9e701e0ddcf8
Delivery ab5cb8ac-ce9f-11f0-93c7-9e701e0ddcf8 (2025-12-01 02:22:40) needs processing (timestamp: 1764584560.0 > most recent timestamp: 1764368418.0)
Processed 52 deliveries so far...
Processing delivery id: 3abd968e-ce9f-11f0-9510-213fe6f899c0
Delivery 3abd968e-ce9f-11f0-9510-213fe6f899c0 (2025-12-01 02:19:31) needs processing (timestamp: 1764584371.0 > most recent timestamp: 1764368418.0)
Processed 53 deliveries so far...
Processing delivery id: 27f27574-ce9f-11f0-9581-d616c4e57528
Delivery 27f27574-ce9f-11f0-9581-d616c4e57528 (2025-12-01 02:19:00) needs processing (timestamp: 1764584340.0 > most recent timestamp: 1764368418.0)
Processed 54 deliveries so far...
Processing delivery id: 10bf28c0-ce9f-11f0-9c6a-b8816c0fb189
Delivery 10bf28c0-ce9f-11f0-9c6a-b8816c0fb189 (2025-12-01 02:18:21) needs processing (timestamp: 1764584301.0 > most recent timestamp: 1764368418.0)
Processed 55 deliveries so far...
Processing delivery id: a550295e-ce9e-11f0-93f3-aec7f4b1649c
Delivery a550295e-ce9e-11f0-93f3-aec7f4b1649c (2025-12-01 02:15:21) needs processing (timestamp: 1764584121.0 > most recent timestamp: 1764368418.0)
Processed 56 deliveries so far...
Processing delivery id: 3eb19be2-ce9e-11f0-87b7-e27420fb4f70
Delivery 3eb19be2-ce9e-11f0-87b7-e27420fb4f70 (2025-12-01 02:12:29) needs processing (timestamp: 1764583949.0 > most recent timestamp: 1764368418.0)
Processed 57 deliveries so far...
Processing delivery id: 2aace728-ce9e-11f0-9730-ba2d7bbdef35
Delivery 2aace728-ce9e-11f0-9730-ba2d7bbdef35 (2025-12-01 02:11:55) needs processing (timestamp: 1764583915.0 > most recent timestamp: 1764368418.0)
Processed 58 deliveries so far...
Processing delivery id: ebdaf864-ce9d-11f0-84ea-c917c4cee650
Delivery ebdaf864-ce9d-11f0-84ea-c917c4cee650 (2025-12-01 02:10:10) needs processing (timestamp: 1764583810.0 > most recent timestamp: 1764368418.0)
Processed 59 deliveries so far...
Processing delivery id: 802a6e46-ce80-11f0-8c3b-9f75c559393a
Delivery 802a6e46-ce80-11f0-8c3b-9f75c559393a (2025-11-30 22:39:33) needs processing (timestamp: 1764571173.0 > most recent timestamp: 1764368418.0)
Processed 60 deliveries so far...
Processing delivery id: 4bc58a32-ce80-11f0-9509-12feb6d97947
Delivery 4bc58a32-ce80-11f0-9509-12feb6d97947 (2025-11-30 22:38:06) needs processing (timestamp: 1764571086.0 > most recent timestamp: 1764368418.0)
Processed 61 deliveries so far...
Processing delivery id: 045b53a2-ce80-11f0-9164-2ddf1fa3329f
Delivery 045b53a2-ce80-11f0-9164-2ddf1fa3329f (2025-11-30 22:36:06) needs processing (timestamp: 1764570966.0 > most recent timestamp: 1764368418.0)
Processed 62 deliveries so far...
Processing delivery id: 77193c66-ce7f-11f0-96f2-c2a248f42832
Delivery 77193c66-ce7f-11f0-96f2-c2a248f42832 (2025-11-30 22:32:09) needs processing (timestamp: 1764570729.0 > most recent timestamp: 1764368418.0)
Processed 63 deliveries so far...
Processing delivery id: 2f924414-ce7f-11f0-91e2-f5435e6dbd95
Delivery 2f924414-ce7f-11f0-91e2-f5435e6dbd95 (2025-11-30 22:30:09) needs processing (timestamp: 1764570609.0 > most recent timestamp: 1764368418.0)
Processed 64 deliveries so far...
Processing delivery id: 94fda510-ce7e-11f0-9382-4f60c896bb48
Delivery 94fda510-ce7e-11f0-9382-4f60c896bb48 (2025-11-30 22:25:49) needs processing (timestamp: 1764570349.0 > most recent timestamp: 1764368418.0)
Processed 65 deliveries so far...
Processing delivery id: 67ded432-ce7e-11f0-986a-ce9651ce8599
Delivery 67ded432-ce7e-11f0-986a-ce9651ce8599 (2025-11-30 22:24:34) needs processing (timestamp: 1764570274.0 > most recent timestamp: 1764368418.0)
Processed 66 deliveries so far...
Processing delivery id: 8d3370f2-cd80-11f0-8636-cc3338748ff8
Delivery 8d3370f2-cd80-11f0-8636-cc3338748ff8 (2025-11-29 16:07:24) needs processing (timestamp: 1764461244.0 > most recent timestamp: 1764368418.0)
Processed 67 deliveries so far...
Processing delivery id: 4d7fd7a2-cd80-11f0-95fc-64da8e728a62
Delivery 4d7fd7a2-cd80-11f0-95fc-64da8e728a62 (2025-11-29 16:05:28) needs processing (timestamp: 1764461128.0 > most recent timestamp: 1764368418.0)
Processed 68 deliveries so far...
Processing delivery id: 2b7b1124-ccdd-11f0-9eaf-21a09f8051f7
Delivery 2b7b1124-ccdd-11f0-9eaf-21a09f8051f7 (2025-11-26 15:18:56) does not need processing (timestamp: 1764199136.0 <= most recent timestamp: 1764368418.0)
Processing delivery id: 6cc818b4-cca8-11f0-8a58-240b0a36df91
Delivery 6cc818b4-cca8-11f0-8a58-240b0a36df91 (2025-11-28 14:20:18) does not need processing (timestamp: 1764368418.0 <= most recent timestamp: 1764368418.0)
Processing delivery id: 5d74e482-cca8-11f0-9149-7cdca1587619
Delivery 5d74e482-cca8-11f0-9149-7cdca1587619 (2025-11-28 14:19:53) does not need processing (timestamp: 1764368393.0 <= most recent timestamp: 1764368418.0)
Processing delivery id: 51d99b36-cca8-11f0-9864-e4da11d950f5
Delivery 51d99b36-cca8-11f0-9864-e4da11d950f5 (2025-11-28 14:19:33) does not need processing (timestamp: 1764368373.0 <= most recent timestamp: 1764368418.0)
Processing delivery id: 3e713054-cca8-11f0-9301-5590e89c3392
Delivery 3e713054-cca8-11f0-9301-5590e89c3392 (2025-11-28 14:18:58) does not need processing (timestamp: 1764368338.0 <= most recent timestamp: 1764368418.0)
Processing delivery id: 10519a8e-cca7-11f0-833e-47312c515d42
Delivery 10519a8e-cca7-11f0-833e-47312c515d42 (2025-11-28 14:10:28) does not need processing (timestamp: 1764367828.0 <= most recent timestamp: 1764368418.0)
Total number of deliveries processed: 68
Total number of blocked webhooks: 0
Total number of timed_out webhooks: 0
Most recent processed delivery -- id: 2eafcff0-ced7-11f0-8c21-10872cdf4906, timestamp: 2025-12-01 09:00:03, timestamp: 1764608403.0
