Found webhook id for https://developer.fiserv.com/api/git-webhook: 549112588
Found head_commit for delivery id bd94f16c-d9f6-11f0-86fa-2139bdda1a7a, timestamp: 1765831416.0, 2025-12-15 12:43:36
signature: sha256=2068af908d09d6efc744baa6619fc4afc313f4771bb69cb1fa3e3a7eaea98dfd, delivery id: bd94f16c-d9f6-11f0-86fa-2139bdda1a7a
Found head_commit for delivery id a6f42068-d9f6-11f0-97cd-707e345b0ea5, timestamp: 1765831382.0, 2025-12-15 12:43:02
signature: sha256=383a1a285433cf7f1f297b85ea9c7cfc8b343d97d9913efb3a88d30b858ce485, delivery id: a6f42068-d9f6-11f0-97cd-707e345b0ea5
Found head_commit for delivery id 8ad351b0-d9f6-11f0-8b28-741fbbeec9c4, timestamp: 1765831335.0, 2025-12-15 12:42:15
signature: sha256=cae2b6c8abad9f872d4a54597d80debcba29d0a15616dff8fcda9c4fa3122063, delivery id: 8ad351b0-d9f6-11f0-8b28-741fbbeec9c4
Found head_commit for delivery id 8055e8f6-d9f6-11f0-8370-f16e1ea2e810, timestamp: 1765831317.0, 2025-12-15 12:41:57
signature: sha256=0f685d35f637f3191a2c70f47a666541a267ef44a770c6c8ab47ec54a2a51f82, delivery id: 8055e8f6-d9f6-11f0-8370-f16e1ea2e810
Skipping delivery 480b8e50-d9d9-11f0-9e33-8dfc13fc2b83 with no head_commit
Found head_commit for delivery id 43348594-d9d9-11f0-9072-61315cef9ed2, timestamp: 1765818759.0, 2025-12-15 09:12:39
signature: sha256=7b45932a2f7c16ea60a04fad04a902d8de38ddba22f792349fd1b7f3e49985ea, delivery id: 43348594-d9d9-11f0-9072-61315cef9ed2
Found head_commit for delivery id 13f2fcca-d9d9-11f0-99a3-b80caa57bdd5, timestamp: 1765818680.0, 2025-12-15 09:11:20
signature: sha256=0b1d585e0ccb0818db94009e7024f86c50d0b9625cc8812886a2b42ae89270d9, delivery id: 13f2fcca-d9d9-11f0-99a3-b80caa57bdd5
Found head_commit for delivery id e0189fae-d9d8-11f0-9673-8ac1b44220d3, timestamp: 1765818593.0, 2025-12-15 09:09:53
signature: sha256=941a29d971220a79871018f0ff83745da49d14338cd43684c1be8b602e5932b1, delivery id: e0189fae-d9d8-11f0-9673-8ac1b44220d3
Found head_commit for delivery id d75ce58c-d9d8-11f0-9c06-9e1c35c199b6, timestamp: 1765818578.0, 2025-12-15 09:09:38
signature: sha256=c817151990b08cb36c947cadd962bcf27bda5cf5abbc933cb1b40e93fc2a7ca6, delivery id: d75ce58c-d9d8-11f0-9c06-9e1c35c199b6
Found head_commit for delivery id 78faef58-d9d7-11f0-99e1-0e0418594214, timestamp: 1765817990.0, 2025-12-15 08:59:50
signature: sha256=3b2ddaccce56b3db41a9745063641e4226c242281ea3b29effd4943ed736f404, delivery id: 78faef58-d9d7-11f0-99e1-0e0418594214
Skipping delivery 4d884d98-d9d7-11f0-9d28-3a972624d5ec with no head_commit
Found head_commit for delivery id 48aef43e-d9d7-11f0-82b0-93048250a572, timestamp: 1765817909.0, 2025-12-15 08:58:29
signature: sha256=23c56cfa1de7369b851fcf7e59363aa26daae4caf86924b7030e8528ad90383c, delivery id: 48aef43e-d9d7-11f0-82b0-93048250a572
Found head_commit for delivery id 30d66de2-d9d7-11f0-93ac-aaf45e033125, timestamp: 1765817869.0, 2025-12-15 08:57:49
signature: sha256=48b4b32d9ebc0f7b5f23fd4aa6759be99f41e01d19fa2ad16b408d4310f6e9fa, delivery id: 30d66de2-d9d7-11f0-93ac-aaf45e033125
Found head_commit for delivery id 1fddda5c-d9d7-11f0-8a61-5dd4b7a8bbc6, timestamp: 1765817841.0, 2025-12-15 08:57:21
signature: sha256=d489ff6367412dca109144b7eb4840f9ad934833e2f977f99715045fd0e76731, delivery id: 1fddda5c-d9d7-11f0-8a61-5dd4b7a8bbc6
Found head_commit for delivery id 86d244e8-d9d5-11f0-9544-e23f16df3d95, timestamp: 1765817155.0, 2025-12-15 08:45:55
signature: sha256=91b8e66d97daf3ca380d297c3ce1b0829311497d4ffef345d6d924bdacce1052, delivery id: 86d244e8-d9d5-11f0-9544-e23f16df3d95
Skipping delivery 22094232-d9d5-11f0-9c2b-7d7a2abd4330 with no head_commit
Found head_commit for delivery id 1d479f6e-d9d5-11f0-9460-1cc9f3a2ec85, timestamp: 1765816977.0, 2025-12-15 08:42:57
signature: sha256=d5b286dc5eefe59fa8dfbd2867d58026837029f6112c95e6dd2ba6f7434f63aa, delivery id: 1d479f6e-d9d5-11f0-9460-1cc9f3a2ec85
Skipping delivery 0e962c7e-d9d5-11f0-87ab-2a227786157f with no head_commit
Found head_commit for delivery id 0cc498f4-d9d5-11f0-989e-9d1054e9bdb1, timestamp: 1765816950.0, 2025-12-15 08:42:30
signature: sha256=bc25eee0474c606547aba814919ab6c03eeb4d955bd2479105ecea3b52d41b57, delivery id: 0cc498f4-d9d5-11f0-989e-9d1054e9bdb1
Found head_commit for delivery id 00931312-d9d5-11f0-84ae-67f69f4afff5, timestamp: 1765816929.0, 2025-12-15 08:42:09
signature: sha256=11e3d4734aab6d6fa7b81ae817ce83e886afd2d5c895c085ad39dc11f177acb8, delivery id: 00931312-d9d5-11f0-84ae-67f69f4afff5
Found head_commit for delivery id a4fe4e2c-d9d4-11f0-837e-fdf9baa6811d, timestamp: 1765816776.0, 2025-12-15 08:39:36
signature: sha256=4d8d18a30479fc9859529c007f1d8b6ecd24b4e8baeb79434825a920bc7049b1, delivery id: a4fe4e2c-d9d4-11f0-837e-fdf9baa6811d
Found head_commit for delivery id 8ca52ad0-d9d4-11f0-8bf8-10c48171a233, timestamp: 1765816735.0, 2025-12-15 08:38:55
signature: sha256=0cf8757ca8155a3f367117eaf9f3ba4d590fd2c88a0c0473bc42851ed4ac3a1a, delivery id: 8ca52ad0-d9d4-11f0-8bf8-10c48171a233
Found head_commit for delivery id 8780d2de-d9d4-11f0-871a-2727cca3d248, timestamp: 1765816727.0, 2025-12-15 08:38:47
signature: sha256=3e62ba60751c724990534fa1abd6b327510b4bd6c72bfa83ac9441c49f9f71d3, delivery id: 8780d2de-d9d4-11f0-871a-2727cca3d248
Found head_commit for delivery id ce9a376a-d9d3-11f0-85ac-42147881f21f, timestamp: 1765569421.0, 2025-12-12 11:57:01
signature: sha256=7e598ee57b0112cb4ab153c536ce017791f87348adde7d2ae9a583e699be8c54, delivery id: ce9a376a-d9d3-11f0-85ac-42147881f21f
Found head_commit for delivery id e0c257f8-d9d1-11f0-95bf-4b7e9e14cd3a, timestamp: 1765815588.0, 2025-12-15 08:19:48
signature: sha256=4d567080b0c483d8ed60bffa8503ee4ba6688643b78e58b8a28e016aab831cec, delivery id: e0c257f8-d9d1-11f0-95bf-4b7e9e14cd3a
Found head_commit for delivery id ac61a3b8-d9b5-11f0-92ea-56a9004a7284, timestamp: 1765803474.0, 2025-12-15 04:57:54
signature: sha256=a61ae32d2e47171fddc9bae696b44c35830932fbc9087151061fa9a190973f78, delivery id: ac61a3b8-d9b5-11f0-92ea-56a9004a7284
Found head_commit for delivery id a2c8a414-d9b5-11f0-9479-f966368153c1, timestamp: 1765803458.0, 2025-12-15 04:57:38
signature: sha256=18746a0b9b5ebb45d98aaef7a209be2b86910b8aa5ef4aca158514d86f81a260, delivery id: a2c8a414-d9b5-11f0-9479-f966368153c1
Found head_commit for delivery id 991fa3a4-d9b5-11f0-96ce-64161fccc46d, timestamp: 1765803442.0, 2025-12-15 04:57:22
signature: sha256=1971f4366381ff09eaf86b8fc1ee164d8e92f86b54f791eaaa50ce7618394c79, delivery id: 991fa3a4-d9b5-11f0-96ce-64161fccc46d
Found head_commit for delivery id 2ae4ba92-d9b4-11f0-9bba-0153d88d07f5, timestamp: 1765802827.0, 2025-12-15 04:47:07
signature: sha256=1687fe36e70140b0244f8ce457c3004fc2c2f75efd42a21ec0c5b073fb243cc5, delivery id: 2ae4ba92-d9b4-11f0-9bba-0153d88d07f5
Found head_commit for delivery id a6c84968-d9b3-11f0-8d5c-c7924871bda6, timestamp: 1765802605.0, 2025-12-15 04:43:25
signature: sha256=46b77eba9df44955de22ce8d4c2fd119cf314f8f2a93ee90a44f2ca27edcf068, delivery id: a6c84968-d9b3-11f0-8d5c-c7924871bda6
Found head_commit for delivery id 9e76101a-d9b3-11f0-9942-c56670209b82, timestamp: 1765802592.0, 2025-12-15 04:43:12
signature: sha256=21c73f125d8262a5e7f0ad753f8ac0238d853f3e9c6c7e9dc1e1ee38fd91c553, delivery id: 9e76101a-d9b3-11f0-9942-c56670209b82
Found head_commit for delivery id 17ccb886-d9b1-11f0-922e-cd1dc1faca3e, timestamp: 1765801506.0, 2025-12-15 04:25:06
signature: sha256=7601f1aae6c34221f3a480824e586fa9ecc14f7ece960e0874a85a0feba6490d, delivery id: 17ccb886-d9b1-11f0-922e-cd1dc1faca3e
Found head_commit for delivery id d2d66e70-d9b0-11f0-8b1a-8684bc0802f8, timestamp: 1765801376.0, 2025-12-15 04:22:56
signature: sha256=70054047eb44d8ce6c3058e825da31add4f55e7386c4a0ff5d8b6f737ebdf7f8, delivery id: d2d66e70-d9b0-11f0-8b1a-8684bc0802f8
Found head_commit for delivery id 48d59b9c-d9b0-11f0-9931-b69510e0453c, timestamp: 1765801141.0, 2025-12-15 04:19:01
signature: sha256=98e7905025dd8c2f244a59555cd460ec92e01639fc0fadbb0f20f4c2afd84971, delivery id: 48d59b9c-d9b0-11f0-9931-b69510e0453c
Found head_commit for delivery id caf06414-d9af-11f0-8e59-9d052b6e98a1, timestamp: 1765799145.0, 2025-12-15 03:45:45
signature: sha256=002063b518e93c13d0391cc8aadecd1dcba99035a2dd0a995a04324866095880, delivery id: caf06414-d9af-11f0-8e59-9d052b6e98a1
Found head_commit for delivery id c84a8ed4-d9ae-11f0-8d3a-47fc5f356ca4, timestamp: 1765800502.0, 2025-12-15 04:08:22
signature: sha256=ad9da4114a4c4f9d8a3b0004fee645ddb1172a11d3291da7518dc449be069a6e, delivery id: c84a8ed4-d9ae-11f0-8d3a-47fc5f356ca4
Found head_commit for delivery id 1613e888-d9ad-11f0-8dd4-c9af8a415bda, timestamp: 1765799786.0, 2025-12-15 03:56:26
signature: sha256=096ed535be896c7de54317bb8f68de2786828bc212bc9577a12afcdb24c47216, delivery id: 1613e888-d9ad-11f0-8dd4-c9af8a415bda
Found head_commit for delivery id f19f8ade-d9ac-11f0-9ea8-6fcc1e099b24, timestamp: 1765799724.0, 2025-12-15 03:55:24
signature: sha256=8378833ef7d22d335840b8c8a04d8817641f73455c291db38823e8ae3e7e1182, delivery id: f19f8ade-d9ac-11f0-9ea8-6fcc1e099b24
Found head_commit for delivery id e803b89c-d9ac-11f0-93a0-ef0084e7eb7e, timestamp: 1765799709.0, 2025-12-15 03:55:09
signature: sha256=b146bbd93df12ce404c8add2fea544f52bf6f2129d3b857496dd4d05c6590a28, delivery id: e803b89c-d9ac-11f0-93a0-ef0084e7eb7e
Found head_commit for delivery id f6050f82-d9ab-11f0-9aef-ec459c56d23d, timestamp: 1765799302.0, 2025-12-15 03:48:22
signature: sha256=1dde610c847090eab106650e584b846727ebcc1b219df0448ce7847a7d43a2e7, delivery id: f6050f82-d9ab-11f0-9aef-ec459c56d23d
Found head_commit for delivery id 988ff664-d9ab-11f0-9e0b-6e2b78b13739, timestamp: 1765799145.0, 2025-12-15 03:45:45
signature: sha256=c5e2c5c1f191cd25b514d655fe315d86928f4fd906b9524e660ecdc1de7e68da, delivery id: 988ff664-d9ab-11f0-9e0b-6e2b78b13739
Found head_commit for delivery id 76290908-d9ab-11f0-8e8c-55c729114865, timestamp: 1765799076.0, 2025-12-15 03:44:36
signature: sha256=b4f077c2fe3cd87fe0b5402fc7dc82b616644582320edac7fd6fa098936464f1, delivery id: 76290908-d9ab-11f0-8e8c-55c729114865
Found head_commit for delivery id 879750ac-d9a9-11f0-819a-f01d5d4d3961, timestamp: 1765798258.0, 2025-12-15 03:30:58
signature: sha256=960ff577cde2d1a935a67adf00815ccfdec9ab04e3602456cc9d54f8b6acacfc, delivery id: 879750ac-d9a9-11f0-819a-f01d5d4d3961
Found head_commit for delivery id 5e92a760-d9a9-11f0-994c-7c46cc98867d, timestamp: 1765798179.0, 2025-12-15 03:29:39
signature: sha256=dbc8554c8ad94189c34aa0d245c36e3cf22190fc1dc92b9eac7e42ddc47a809a, delivery id: 5e92a760-d9a9-11f0-994c-7c46cc98867d
Found head_commit for delivery id d919db80-d9a8-11f0-8936-ffd96636b571, timestamp: 1765797965.0, 2025-12-15 03:26:05
signature: sha256=1a968e8857af126e4b74d7e95c44481c41fe92905e4994ef655597ddd99b1532, delivery id: d919db80-d9a8-11f0-8936-ffd96636b571
Found head_commit for delivery id c4c8a008-d9a8-11f0-97c2-53b9b1864c5e, timestamp: 1765797921.0, 2025-12-15 03:25:21
signature: sha256=fbef9b71344f44048f3f6c8b9fc432433cb813fb11903bad13cc26809c64595a, delivery id: c4c8a008-d9a8-11f0-97c2-53b9b1864c5e
Found head_commit for delivery id 35a0908e-d9a8-11f0-89fa-39c71b00e720, timestamp: 1765797679.0, 2025-12-15 03:21:19
signature: sha256=f877b2b48e56ba62c02147b54408caa028ffd8cf0c451c58f2cbd42330ff5f93, delivery id: 35a0908e-d9a8-11f0-89fa-39c71b00e720
Found head_commit for delivery id fb5b3834-d9a7-11f0-8ea8-5de5107da94b, timestamp: 1765797593.0, 2025-12-15 03:19:53
signature: sha256=81df68559fc626b4987cfc088c5c6714003a65598cc8d4b3644ec8c977db421c, delivery id: fb5b3834-d9a7-11f0-8ea8-5de5107da94b
Found head_commit for delivery id f2ed57e0-d9a7-11f0-8188-fc194ec52a74, timestamp: 1765797580.0, 2025-12-15 03:19:40
signature: sha256=378238cdf170204e8e8a49ea6b194e4433bcf6013ce6b9f6b0ebe5e91d29f2fa, delivery id: f2ed57e0-d9a7-11f0-8188-fc194ec52a74
Found head_commit for delivery id 62b2db64-d9a7-11f0-859b-d685af0f8a35, timestamp: 1765797337.0, 2025-12-15 03:15:37
signature: sha256=35df9adc676b066673cef8ef64df82a1031ff639808c109d01e22410a61d644e, delivery id: 62b2db64-d9a7-11f0-859b-d685af0f8a35
Found head_commit for delivery id 43e72190-d9a7-11f0-871a-a7e25790fc59, timestamp: 1765797271.0, 2025-12-15 03:14:31
signature: sha256=eba9d350705e1104d05b93f21b5fd3b6b6c0fab444d0e56bd8611ffa0108308b, delivery id: 43e72190-d9a7-11f0-871a-a7e25790fc59
Found head_commit for delivery id 7415fdec-d9a6-11f0-9397-eacdab3c6b42, timestamp: 1765796937.0, 2025-12-15 03:08:57
signature: sha256=8eb50ddbc6fb750f6bc233ff1af0cd0e1827df3c21496221095e305c14c8c4a1, delivery id: 7415fdec-d9a6-11f0-9397-eacdab3c6b42
Found head_commit for delivery id 1629d46a-d9a6-11f0-882f-142fbf8a849e, timestamp: 1765796767.0, 2025-12-15 03:06:07
signature: sha256=a5638a4adde20c71a63b0b0d9e4773983011caeaccd7b21234eed66424cd6629, delivery id: 1629d46a-d9a6-11f0-882f-142fbf8a849e
Found head_commit for delivery id 8c3d2dfa-d9a1-11f0-99ec-ed135f5ad55d, timestamp: 1765794830.0, 2025-12-15 02:33:50
signature: sha256=08e0958716e0380aef6e2905cffe853aa15ba3d2f704c63ddbd22d2c84acabed, delivery id: 8c3d2dfa-d9a1-11f0-99ec-ed135f5ad55d
Found head_commit for delivery id 6538040a-d9a1-11f0-8746-ccd9f94141e2, timestamp: 1765794764.0, 2025-12-15 02:32:44
signature: sha256=0da4090bf92d2fcd2b53b62d6a3aec9effe8af5e2e7d7b39f244853d63584b77, delivery id: 6538040a-d9a1-11f0-8746-ccd9f94141e2
Found head_commit for delivery id 3f176450-d9a1-11f0-9308-c9e0a976deb6, timestamp: 1765794675.0, 2025-12-15 02:31:15
signature: sha256=50a7633e08e4f402ab90f5d434f41248930d49768ddb9c5f3d5d8355bd61618f, delivery id: 3f176450-d9a1-11f0-9308-c9e0a976deb6
Found head_commit for delivery id d0f81472-d99d-11f0-9e14-b6b3cbc130f2, timestamp: 1765793227.0, 2025-12-15 02:07:07
signature: sha256=50132f81ffbf53c72e381741517a124a2d7cb22c16fa4556d41d6f1668f61265, delivery id: d0f81472-d99d-11f0-9e14-b6b3cbc130f2
Found head_commit for delivery id b202a64a-d99d-11f0-86e6-d59437255677, timestamp: 1765793175.0, 2025-12-15 02:06:15
signature: sha256=27f6e89960c103d5104ec6cbebc6182ce281272ddb284b0dc41c6fbdbe6957d7, delivery id: b202a64a-d99d-11f0-86e6-d59437255677
Found head_commit for delivery id 41288288-d99c-11f0-84e6-d32caa007733, timestamp: 1765792556.0, 2025-12-15 01:55:56
signature: sha256=6f08d561e1d3bb3d23125f371fe69d1e6613cbd9f23e9c1e61dfa1b0791fe240, delivery id: 41288288-d99c-11f0-84e6-d32caa007733
Found head_commit for delivery id 73cfbb14-d999-11f0-9a0b-508ad94d9a9f, timestamp: 1765791338.0, 2025-12-15 01:35:38
signature: sha256=6f072212123b4437ab66364fb10addf2d386c794d6226576f0726ef6973a9cd5, delivery id: 73cfbb14-d999-11f0-9a0b-508ad94d9a9f
Found head_commit for delivery id 382857f4-d996-11f0-9251-46900f400231, timestamp: 1765789949.0, 2025-12-15 01:12:29
signature: sha256=e51a1de9948b603ac87f4f116ee9c17a1eb941338b99a93134bf2dbd3226678c, delivery id: 382857f4-d996-11f0-9251-46900f400231
Found head_commit for delivery id 4329d79a-d987-11f0-81cd-ad5cec63b21b, timestamp: 1765783528.0, 2025-12-14 23:25:28
signature: sha256=e776333aaee171c03f68e641c1ba3c07c8939ba7901395d01cbd72a7312cdd90, delivery id: 4329d79a-d987-11f0-81cd-ad5cec63b21b
Found head_commit for delivery id 7f560708-d986-11f0-9676-b9600cc2601a, timestamp: 1765783199.0, 2025-12-14 23:19:59
signature: sha256=7568c34ae8dad3cf586614d3c030f008dcb59f2b14cca5cb7b9552afe2ae1b45, delivery id: 7f560708-d986-11f0-9676-b9600cc2601a
Found head_commit for delivery id 17f389ec-d985-11f0-92cb-7e7ad17f555a, timestamp: 1765782599.0, 2025-12-14 23:09:59
signature: sha256=46b0ae14dfa7d868a891aa56a0f7622befc90102a2a2b17d29126ebaa2eae453, delivery id: 17f389ec-d985-11f0-92cb-7e7ad17f555a
Found head_commit for delivery id 96276c3a-d984-11f0-90be-7aaff8f5faaa, timestamp: 1765782373.0, 2025-12-14 23:06:13
signature: sha256=10e25e7a4488971aa2ddad1f108125c41807938ca579972129baca67cd424952, delivery id: 96276c3a-d984-11f0-90be-7aaff8f5faaa
Found head_commit for delivery id a8ab5836-d983-11f0-9b1c-c1246c2a659c, timestamp: 1765781982.0, 2025-12-14 22:59:42
signature: sha256=52ee750273e69f7156f80692d33adb4b1d57633268fd7edcd21029ca9ecf620f, delivery id: a8ab5836-d983-11f0-9b1c-c1246c2a659c
Found head_commit for delivery id fc837a30-d981-11f0-92bb-7227e89c8b2d, timestamp: 1765781261.0, 2025-12-14 22:47:41
signature: sha256=4e3bca283ede13d0e3aeb21482184432d451d08c3773caa869c9f27fb15ad6f6, delivery id: fc837a30-d981-11f0-92bb-7227e89c8b2d
Found head_commit for delivery id ad0251c0-d981-11f0-8d15-6027916be87f, timestamp: 1765781141.0, 2025-12-14 22:45:41
signature: sha256=f585b5eba0f4757a81235ad72e96b73f41e15a1be1c678283be39af99fa1f4d3, delivery id: ad0251c0-d981-11f0-8d15-6027916be87f
Found head_commit for delivery id 519ce552-d981-11f0-8edd-90fb2abd4d8b, timestamp: 1765780987.0, 2025-12-14 22:43:07
signature: sha256=25588aec82e9833601d74b916af38f6299aa9f670cc78786dbdfe68b5486aece, delivery id: 519ce552-d981-11f0-8edd-90fb2abd4d8b
Found head_commit for delivery id 48ddd1b0-d981-11f0-9ae2-7ab0ee229287, timestamp: 1765780973.0, 2025-12-14 22:42:53
signature: sha256=8191ae86c94e87c8dc35899caa2b604dfd790f4dba682b1138aec87c54275eb1, delivery id: 48ddd1b0-d981-11f0-9ae2-7ab0ee229287
Found head_commit for delivery id e8d695c2-d97b-11f0-92ab-f9f000125d2a, timestamp: 1765778664.0, 2025-12-14 22:04:24
signature: sha256=3cf9c1dadedbc259ccdaf804da78a85361f8c8703bdf5fe359214c403539ec07, delivery id: e8d695c2-d97b-11f0-92ab-f9f000125d2a
Found head_commit for delivery id abbce8ec-d969-11f0-8bb2-21dd830c5590, timestamp: 1765770831.0, 2025-12-14 19:53:51
signature: sha256=641b9e3ab3a91bd06f719c6fc082fde01772abe1fdf281b27e48b4b334edadf9, delivery id: abbce8ec-d969-11f0-8bb2-21dd830c5590
Found head_commit for delivery id 26387272-d969-11f0-8913-ff5b9aa399c8, timestamp: 1765770605.0, 2025-12-14 19:50:05
signature: sha256=219fd86cb278e83134b0c1ad7b6202e2430631b05822867280b8708a4d262e68, delivery id: 26387272-d969-11f0-8913-ff5b9aa399c8
Found head_commit for delivery id efcce808-d968-11f0-97fd-c8b6e63f18be, timestamp: 1765770516.0, 2025-12-14 19:48:36
signature: sha256=ff99e7848372d8d523296e79ef76fa36252f14016791a9917743d8d74aa06651, delivery id: efcce808-d968-11f0-97fd-c8b6e63f18be
Found head_commit for delivery id bfbd9900-d968-11f0-888c-7c9e1af52f0f, timestamp: 1765770434.0, 2025-12-14 19:47:14
signature: sha256=58f320ce55f33949cec03ea12711b6d41d74413b948f902bdc6e2e46b21b0f85, delivery id: bfbd9900-d968-11f0-888c-7c9e1af52f0f
Found head_commit for delivery id f42de84e-d967-11f0-88d7-c8fb8879c24f, timestamp: 1765770093.0, 2025-12-14 19:41:33
signature: sha256=49f222803257a369662a9fa59b8c5b5e7316ed9de898760a78c543c0c177f03b, delivery id: f42de84e-d967-11f0-88d7-c8fb8879c24f
Found head_commit for delivery id bc06178e-d967-11f0-8f3e-8b3cc24bb71f, timestamp: 1765769998.0, 2025-12-14 19:39:58
signature: sha256=9ab3d714704a7be40b5f125208e68244ecddfaebdb5c0a7005cbb17af0f8d9d1, delivery id: bc06178e-d967-11f0-8f3e-8b3cc24bb71f
Found head_commit for delivery id b4f7cf74-d966-11f0-8615-ec0871aaff8c, timestamp: 1765769558.0, 2025-12-14 19:32:38
signature: sha256=12da492a1901afe7ba9c2a6fd9d2e373670d92f60910d8a326f775c713c2fe38, delivery id: b4f7cf74-d966-11f0-8615-ec0871aaff8c
Found head_commit for delivery id 7ffbb9d4-d966-11f0-98bb-ac797ab1e3bb, timestamp: 1765769468.0, 2025-12-14 19:31:08
signature: sha256=109e11fa1d238d841291ae782e913dd3a2eff93b8fe0bd1363fb89ddd305e386, delivery id: 7ffbb9d4-d966-11f0-98bb-ac797ab1e3bb
Found head_commit for delivery id 0d2583fe-d966-11f0-8b55-2860c238cf5c, timestamp: 1765769276.0, 2025-12-14 19:27:56
signature: sha256=0e590341c513755ca8f1f360e5ba5bb8dedd79ceff12421c5edc926fd1f1bff7, delivery id: 0d2583fe-d966-11f0-8b55-2860c238cf5c
Found head_commit for delivery id d9761b5e-d965-11f0-91c7-1cd222371066, timestamp: 1765769188.0, 2025-12-14 19:26:28
signature: sha256=48be76f11cf8d90cf14020e20e319ba4fd48b61673160c2b69392a8d0a50e625, delivery id: d9761b5e-d965-11f0-91c7-1cd222371066
Found head_commit for delivery id 83885946-d965-11f0-96ad-3a3a9cccb6f3, timestamp: 1765769045.0, 2025-12-14 19:24:05
signature: sha256=28348b85638aaec8a8884efb2885086a026e9eb931964b5b9c0f301bd6468a7f, delivery id: 83885946-d965-11f0-96ad-3a3a9cccb6f3
Found head_commit for delivery id 4ff70eec-d965-11f0-994d-7c9cedcc762d, timestamp: 1765768958.0, 2025-12-14 19:22:38
signature: sha256=9bfca7e5ff78052fa6d53da6e235f5ec56f2a4e0e8034061cd6987825c5d5b5a, delivery id: 4ff70eec-d965-11f0-994d-7c9cedcc762d
Found head_commit for delivery id 9376aaa2-d964-11f0-96b7-f620f6683f2c, timestamp: 1765768643.0, 2025-12-14 19:17:23
signature: sha256=456677920e3469b12a190dcb8942f383c2b9af523814cdf61af29f03cc7c9eb9, delivery id: 9376aaa2-d964-11f0-96b7-f620f6683f2c
Found head_commit for delivery id 573f3022-d964-11f0-9ffa-8b633235e7de, timestamp: 1765768541.0, 2025-12-14 19:15:41
signature: sha256=a72ddf93e890cd892b9b1a986371343d6fdeed55d3c1ea117cfdc217bb9fb52f, delivery id: 573f3022-d964-11f0-9ffa-8b633235e7de
Found head_commit for delivery id 2ecfbf0a-d962-11f0-9e25-80f1fc9d45ce, timestamp: 1765767614.0, 2025-12-14 19:00:14
signature: sha256=5da9a959c95342d9bfa2faeba6203c1d8d0696d316ea2a08c1b20007076d75c3, delivery id: 2ecfbf0a-d962-11f0-9e25-80f1fc9d45ce
Found head_commit for delivery id eac7b8f8-d961-11f0-8353-bb0e38536b72, timestamp: 1765767500.0, 2025-12-14 18:58:20
signature: sha256=7d9c8397b76c78808466b6cf0d44c88706d6d4df36d86f7127e7a09bf2690527, delivery id: eac7b8f8-d961-11f0-8353-bb0e38536b72
Found head_commit for delivery id a5e1bfa0-d960-11f0-8b05-b61f37b2f3cf, timestamp: 1765766956.0, 2025-12-14 18:49:16
signature: sha256=081803586bc48bd336a551c5c5c42796cc977cadb97f91ec2cfe112bc62db0fb, delivery id: a5e1bfa0-d960-11f0-8b05-b61f37b2f3cf
Found head_commit for delivery id 7895a0e8-d960-11f0-867b-338d860a1a71, timestamp: 1765766878.0, 2025-12-14 18:47:58
signature: sha256=5f3a0c7dffbf998a80612a311d47aec3da01ae6e423e05c1d7716719fc6777c8, delivery id: 7895a0e8-d960-11f0-867b-338d860a1a71
Found head_commit for delivery id 1e45af76-d95f-11f0-940d-a135bae5c78f, timestamp: 1765766294.0, 2025-12-14 18:38:14
signature: sha256=f569a20483935269f4d5ee81de29f4e47857e745b73ad51f9ab9a6d86ceae162, delivery id: 1e45af76-d95f-11f0-940d-a135bae5c78f
Skipping delivery 4cfdee98-d930-11f0-89aa-b740ad65fded with no head_commit
Found head_commit for delivery id 48404a40-d930-11f0-89ad-a9b91f6f80da, timestamp: 1765746182.0, 2025-12-14 13:03:02
signature: sha256=fde093df9c51bfca35805daa924eabd4ff9bcf50c61ddc22377893fde8bf6805, delivery id: 48404a40-d930-11f0-89ad-a9b91f6f80da
Found head_commit for delivery id 372672f2-d930-11f0-865c-7bbd2f4ac0eb, timestamp: 1765746154.0, 2025-12-14 13:02:34
signature: sha256=65ae2fa524c055d461525d0ce395a44052bd04df35ad275430d688fc18170dae, delivery id: 372672f2-d930-11f0-865c-7bbd2f4ac0eb
Found head_commit for delivery id 1ad6eb2c-d930-11f0-9f95-7f9a1c4b84db, timestamp: 1765746106.0, 2025-12-14 13:01:46
signature: sha256=11040b318168b8768ce2507e6d1cfddf760045619fc3d182719f7fb9e48def4d, delivery id: 1ad6eb2c-d930-11f0-9f95-7f9a1c4b84db
Found head_commit for delivery id 5ecb82d0-d92f-11f0-814d-fae526b48d28, timestamp: 1765745791.0, 2025-12-14 12:56:31
signature: sha256=727357bf8cab243522b21241d0957be944eb54ce9ae70cd5fbb490bb279d643f, delivery id: 5ecb82d0-d92f-11f0-814d-fae526b48d28
Found head_commit for delivery id 41dc6bb2-d92f-11f0-9759-2faf7925c202, timestamp: 1765745743.0, 2025-12-14 12:55:43
signature: sha256=a9f275ae79839317906bc816f42e33f9db5f7b1b91b17057e1fe8dd951dcd73b, delivery id: 41dc6bb2-d92f-11f0-9759-2faf7925c202
Found head_commit for delivery id 103ba88e-d92f-11f0-952d-a06bb70fd910, timestamp: 1765745660.0, 2025-12-14 12:54:20
signature: sha256=d6194b562b6bd41708cd365215ebb09610c5a86797233b2b9264b3c7fe251fbe, delivery id: 103ba88e-d92f-11f0-952d-a06bb70fd910
Skipping delivery 17b58cd0-d92d-11f0-9693-7610fdaa42fe with no head_commit
Found head_commit for delivery id 11d02550-d92d-11f0-8f5a-4911fa473e99, timestamp: 1765744803.0, 2025-12-14 12:40:03
signature: sha256=737e44bf3961589ab2d88b07789119661c1a8ae36b666d361bad90d6e228a923, delivery id: 11d02550-d92d-11f0-8f5a-4911fa473e99
Found head_commit for delivery id 0102b01c-d92d-11f0-99c3-b53904402bc3, timestamp: 1765744775.0, 2025-12-14 12:39:35
signature: sha256=ef3b0b2a2ea06b89da321c510495769a1bfca3f3d66875f9a397504fe992b2d5, delivery id: 0102b01c-d92d-11f0-99c3-b53904402bc3
Adding 94 deliveries
Total deliveries so far: 94
Found head_commit for delivery id e5e3cea6-d92c-11f0-9ef1-dd69a273dc72, timestamp: 1765744729.0, 2025-12-14 12:38:49
signature: sha256=5d527d1c52aa4384f10259365c0e23dc90ddac4fc3a6868b81fae9c4a50331ba, delivery id: e5e3cea6-d92c-11f0-9ef1-dd69a273dc72
Found head_commit for delivery id cf256ae4-d92c-11f0-8a65-32caebf5ed23, timestamp: 1765744691.0, 2025-12-14 12:38:11
signature: sha256=973b76d583fc47653f9a23fe8f6e1949b7e8d09a74b2287a2c5ca62d8cee3210, delivery id: cf256ae4-d92c-11f0-8a65-32caebf5ed23
Found head_commit for delivery id c3b99f54-d92c-11f0-857d-852ad7c54ac5, timestamp: 1765744672.0, 2025-12-14 12:37:52
signature: sha256=1ac7d980eecfd66a0918477afc11b3bd48b3b2ce32a61f9e747e5b450fbf63e8, delivery id: c3b99f54-d92c-11f0-857d-852ad7c54ac5
Found head_commit for delivery id ead7ecd6-d92b-11f0-81db-9f9c877b7678, timestamp: 1765744309.0, 2025-12-14 12:31:49
signature: sha256=da70e778461cdda4c3d8325c25ac4ae2ea91ace1b42702dbdb2bf418639f52fb, delivery id: ead7ecd6-d92b-11f0-81db-9f9c877b7678
Found head_commit for delivery id cc605432-d92b-11f0-9ad8-c78ca55b63ca, timestamp: 1765744257.0, 2025-12-14 12:30:57
signature: sha256=7364147e0d0416fae34bb7e86cb93bb2e0ec1e411ed605b60ef9d44c4b78bd3d, delivery id: cc605432-d92b-11f0-9ad8-c78ca55b63ca
Found head_commit for delivery id b33c98c6-d92b-11f0-9510-111ff77b7c8a, timestamp: 1765744215.0, 2025-12-14 12:30:15
signature: sha256=507cb8722d17b914a9e1d92497b7a19ed01ec74903ed94a67ebcdb4831ca6238, delivery id: b33c98c6-d92b-11f0-9510-111ff77b7c8a
Skipping delivery 52b7cc34-d929-11f0-9439-794dd220bbed with no head_commit
Found head_commit for delivery id 4daae2f8-d929-11f0-916e-a25c1bfebb7f, timestamp: 1765743185.0, 2025-12-14 12:13:05
signature: sha256=e92a8b6cdeeb8d1892b51a2e44187ade711de3541e2ad3db713d935807d44994, delivery id: 4daae2f8-d929-11f0-916e-a25c1bfebb7f
Found head_commit for delivery id 3a39b51e-d929-11f0-931f-e08a144e9033, timestamp: 1765743152.0, 2025-12-14 12:12:32
signature: sha256=1e8ffd3f745f47b881e8cd5b27f9529422edb797bef812f824f900ddf5e0f70b, delivery id: 3a39b51e-d929-11f0-931f-e08a144e9033
Found head_commit for delivery id 1d76513a-d929-11f0-8ff5-cd2af7388109, timestamp: 1765743104.0, 2025-12-14 12:11:44
signature: sha256=cc542c4daa4d3f775de9e12001a31f15c3e94070d1a0ba360f2355fdd54a846f, delivery id: 1d76513a-d929-11f0-8ff5-cd2af7388109
Found head_commit for delivery id fce920a0-d928-11f0-8591-6f5f327b7bfb, timestamp: 1765743050.0, 2025-12-14 12:10:50
signature: sha256=bdf8b6b7ff98fa0d6bdf034af8c4a3acf835a3a13604fda574cba7951fc101e7, delivery id: fce920a0-d928-11f0-8591-6f5f327b7bfb
Found head_commit for delivery id d61200d2-d928-11f0-9586-4b782590251d, timestamp: 1765742985.0, 2025-12-14 12:09:45
signature: sha256=e3f73690de34718da2179d844ab3cabd4c3f0a5a55f5c2712e8cc675a7c21bfa, delivery id: d61200d2-d928-11f0-9586-4b782590251d
Found head_commit for delivery id b58bd608-d928-11f0-9f84-86ffe41891c4, timestamp: 1765742930.0, 2025-12-14 12:08:50
signature: sha256=75e536d8110cab99db8bae93e086771415c4b434e79be76b080ca843928142f6, delivery id: b58bd608-d928-11f0-9f84-86ffe41891c4
Found head_commit for delivery id 38b243d8-d856-11f0-9246-5e49f96d4b5d, timestamp: 1765652526.0, 2025-12-13 11:02:06
signature: sha256=23d76e3fe121ff970c2962c6df443dc7f0cb0e2b9043b5d343083dcf0af74972, delivery id: 38b243d8-d856-11f0-9246-5e49f96d4b5d
Found head_commit for delivery id 072a8118-d856-11f0-951d-f820bd911eae, timestamp: 1765652442.0, 2025-12-13 11:00:42
signature: sha256=9764d5f2b76e4d12632a9a0aabb9299fc0897b3f35da67b116977f2fc2743720, delivery id: 072a8118-d856-11f0-951d-f820bd911eae
Found head_commit for delivery id bfd97ecc-d855-11f0-9106-162a4b55811c, timestamp: 1765652324.0, 2025-12-13 10:58:44
signature: sha256=cb8b9697dae44aa8b073cffa15dd7fc75090d69130cab905126ab5bcdae26431, delivery id: bfd97ecc-d855-11f0-9106-162a4b55811c
Found head_commit for delivery id 836edac2-d855-11f0-8827-a2d803657bea, timestamp: 1765652220.0, 2025-12-13 10:57:00
signature: sha256=d2dd7c4c639e2b56a0c30d23020037bc9511b72371c262b07fe64ad1679aee58, delivery id: 836edac2-d855-11f0-8827-a2d803657bea
Found head_commit for delivery id 67e0943a-d855-11f0-8ef8-76739da54964, timestamp: 1765652176.0, 2025-12-13 10:56:16
signature: sha256=49a180982d1641b01ab899b44fd7db2991e0880454d91e40047344d8c95659f6, delivery id: 67e0943a-d855-11f0-8ef8-76739da54964
Found head_commit for delivery id 3b8d628c-d855-11f0-8ed4-e57e8f4d04a3, timestamp: 1765652101.0, 2025-12-13 10:55:01
signature: sha256=3e7c9a070aa36367488d4883f45c789eae3780655a487282caa7c6c48f2d44f2, delivery id: 3b8d628c-d855-11f0-8ed4-e57e8f4d04a3
Found head_commit for delivery id 8bbaaa86-d854-11f0-9a7c-cfb46b0971c3, timestamp: 1765651805.0, 2025-12-13 10:50:05
signature: sha256=70ec551d7def785839d9a97489d0bac519b58a45c03077690cda893012ed167f, delivery id: 8bbaaa86-d854-11f0-9a7c-cfb46b0971c3
Found head_commit for delivery id 771f177a-d853-11f0-91dc-1b3057d62a95, timestamp: 1765651343.0, 2025-12-13 10:42:23
signature: sha256=ae7cc26b6729bcd5c2ddb3bf9a930f300624979fb710442e43042ada0e8b0f53, delivery id: 771f177a-d853-11f0-91dc-1b3057d62a95
Found head_commit for delivery id 4c2f7f46-d853-11f0-90c3-f61f8325c8fb, timestamp: 1765651270.0, 2025-12-13 10:41:10
signature: sha256=ca4ccffc3cc83f6ddd2c7d0b0d55137eef4f46a00523e0022def44c809ace4d4, delivery id: 4c2f7f46-d853-11f0-90c3-f61f8325c8fb
Found head_commit for delivery id 01acf4f8-d853-11f0-9f8d-15cea89b43c6, timestamp: 1765651144.0, 2025-12-13 10:39:04
signature: sha256=f471fe7186a557810e68e80145d54910471aa6f2681a03f71cf1c8c72f59e766, delivery id: 01acf4f8-d853-11f0-9f8d-15cea89b43c6
Found head_commit for delivery id a99ac538-d852-11f0-8360-d01b96d8abb9, timestamp: 1765650997.0, 2025-12-13 10:36:37
signature: sha256=e825b0cc61738413be1ba0dc8ecf85f6b0048f543017854b74f58ff04d3fe400, delivery id: a99ac538-d852-11f0-8360-d01b96d8abb9
Found head_commit for delivery id 93bdf69a-d852-11f0-9a64-b85e793c1cf2, timestamp: 1765650961.0, 2025-12-13 10:36:01
signature: sha256=4bb09f85b4436f3cb192db3773f19d7633c730efb0fe0b98811c4f991fd8dae1, delivery id: 93bdf69a-d852-11f0-9a64-b85e793c1cf2
Found head_commit for delivery id 4e2f3ddc-d852-11f0-9d0f-c313c491ff02, timestamp: 1765650841.0, 2025-12-13 10:34:01
signature: sha256=c0898cce0292a9e0dbef378d07b2bac4f1521dd697ae5e54306f3767433bbbea, delivery id: 4e2f3ddc-d852-11f0-9d0f-c313c491ff02
Found head_commit for delivery id 1ea783f0-d7ba-11f0-9e56-131da44ce349, timestamp: 1765585231.0, 2025-12-12 16:20:31
signature: sha256=3ee7e16b17174c534da5a356733a3cec93b41f1069795e5a86c032b18e2c67c2, delivery id: 1ea783f0-d7ba-11f0-9e56-131da44ce349
Found head_commit for delivery id 98420c2c-d7b9-11f0-8746-fadf4c76f0d8, timestamp: 1765585222.0, 2025-12-12 16:20:22
signature: sha256=77cf877de3d63ea7347adf675f2b9ba80905dbbddecce93bd90473704132c91a, delivery id: 98420c2c-d7b9-11f0-8746-fadf4c76f0d8
Found head_commit for delivery id 97ea7e6c-d7b9-11f0-8970-5542fd904d0e, timestamp: 1765585222.0, 2025-12-12 16:20:22
signature: sha256=5ce765277a82c2100157d07169d1822aef60254ecf225d91a3b8ba59041a5c34, delivery id: 97ea7e6c-d7b9-11f0-8970-5542fd904d0e
Skipping delivery 78aa57e0-d7ad-11f0-8199-4aaa4062f293 with no head_commit
Found head_commit for delivery id 738ed43e-d7ad-11f0-90bc-c775bb3dc026, timestamp: 1765580040.0, 2025-12-12 14:54:00
signature: sha256=32223edaba9c761f4fc8d83d047eb1007bf8837adbad7c86113a6fdb13a9cc22, delivery id: 738ed43e-d7ad-11f0-90bc-c775bb3dc026
Found head_commit for delivery id 6523924a-d7ad-11f0-92f5-843434cbfec1, timestamp: 1765580016.0, 2025-12-12 14:53:36
signature: sha256=31dff8274cf57c711d60921dd616fe77a45ffcaf19b5e8b11c570e1b55069360, delivery id: 6523924a-d7ad-11f0-92f5-843434cbfec1
Found head_commit for delivery id 592704d6-d7ad-11f0-9d59-85d113f65a9a, timestamp: 1765579996.0, 2025-12-12 14:53:16
signature: sha256=856f6194132c0dce8677af15384e316df02fe24aa51bc4aa595eb1b946f3f6ec, delivery id: 592704d6-d7ad-11f0-9d59-85d113f65a9a
Found head_commit for delivery id 454e7476-d7ad-11f0-98c0-34b6a20867b2, timestamp: 1765579961.0, 2025-12-12 14:52:41
signature: sha256=5b43ccfef92ff0939a3ad8dc2ae657caf7eae27eaad85d9487f7cd5017b0716f, delivery id: 454e7476-d7ad-11f0-98c0-34b6a20867b2
Found head_commit for delivery id 16731a8a-d7ad-11f0-9c9e-ea925c24e2bf, timestamp: 1765579884.0, 2025-12-12 14:51:24
signature: sha256=a6695886244921705de75e50a98aa0477609afc7ecb15e2dcc4843a4f14659df, delivery id: 16731a8a-d7ad-11f0-9c9e-ea925c24e2bf
Found head_commit for delivery id 080ab5b6-d7ad-11f0-9023-abc96c0f866f, timestamp: 1765579858.0, 2025-12-12 14:50:58
signature: sha256=986dc6921eecec5196689f1f96caf8403f2c50797ef9913e953556af86e7dda4, delivery id: 080ab5b6-d7ad-11f0-9023-abc96c0f866f
Found head_commit for delivery id 05642a36-d7ad-11f0-97c3-5e1e2a222d03, timestamp: 1765579560.0, 2025-12-12 14:46:00
signature: sha256=2bd7f2e2c4735a514eb5b1e75ba250c7da7228b1b4daf54550f7ded270b22787, delivery id: 05642a36-d7ad-11f0-97c3-5e1e2a222d03
Found head_commit for delivery id 6663d7d8-d7ac-11f0-8d60-128b28dc9d72, timestamp: 1765579547.0, 2025-12-12 14:45:47
signature: sha256=de281876c9270d0f9a092bb4686aea931dedf84056e90f79d921fedd3588ec3e, delivery id: 6663d7d8-d7ac-11f0-8d60-128b28dc9d72
Found head_commit for delivery id 65ad9c98-d7ac-11f0-803e-eb93d55c3fe8, timestamp: 1765579547.0, 2025-12-12 14:45:47
signature: sha256=4487260773b8c5fcbe709d594c80bebf77d0f9834eb44a541fb633767eac21ac, delivery id: 65ad9c98-d7ac-11f0-803e-eb93d55c3fe8
Found head_commit for delivery id 138d69d4-d7ac-11f0-8ab3-d3c73b59c785, timestamp: 1765577816.0, 2025-12-12 14:16:56
signature: sha256=ea31ef0df1a23cc4be6e7ac3060f96ad6c1573bd8a0c61d60a0c478969857232, delivery id: 138d69d4-d7ac-11f0-8ab3-d3c73b59c785
Found head_commit for delivery id 139dab82-d7ac-11f0-9603-588875e772b3, timestamp: 1765575511.0, 2025-12-12 13:38:31
signature: sha256=2e8c23327043ee5a6b09c4279c6d328948ea79ae896687293dc9346b66e720d1, delivery id: 139dab82-d7ac-11f0-9603-588875e772b3
Found head_commit for delivery id 135b030e-d7ac-11f0-94d6-ea6ac19a7b91, timestamp: 1765577798.0, 2025-12-12 14:16:38
signature: sha256=16a5a6efd5c723abf7e3d10ae3ead8d093355a642746ab3fcba912cef9948b2b, delivery id: 135b030e-d7ac-11f0-94d6-ea6ac19a7b91
Found head_commit for delivery id 13784c02-d7ac-11f0-8fdc-2d63e1be3f57, timestamp: 1765575924.0, 2025-12-12 13:45:24
signature: sha256=03206df0392cd3aa55cbc427889dd91b650724402ff5e7925ceb4db1ed2850ad, delivery id: 13784c02-d7ac-11f0-8fdc-2d63e1be3f57
Found head_commit for delivery id bdda7308-d79f-11f0-95ca-c229a09a597d, timestamp: 1765574152.0, 2025-12-12 13:15:52
signature: sha256=41d447e70e928f5cb9d065ebaeb9eb75a3b6a9f49b5863f84d6cd37cae8c46c4, delivery id: bdda7308-d79f-11f0-95ca-c229a09a597d
Found head_commit for delivery id 9e621ae4-d79f-11f0-986d-36eba5f574ab, timestamp: 1765574099.0, 2025-12-12 13:14:59
signature: sha256=3e959d11869ba1e2d4cae548f5a3b486c08838ff0e0d75d767decdf8fb243144, delivery id: 9e621ae4-d79f-11f0-986d-36eba5f574ab
Adding 43 deliveries
Total deliveries so far: 137
File not found: persistence/most_recently_processed_prod.json
Total deliveries to process: 137
Processing delivery id: bd94f16c-d9f6-11f0-86fa-2139bdda1a7a
Delivery bd94f16c-d9f6-11f0-86fa-2139bdda1a7a (2025-12-15 12:43:36) needs processing (timestamp: 1765831416.0 > most recent timestamp: 0.0)
Most recent processed delivery set to -- id: bd94f16c-d9f6-11f0-86fa-2139bdda1a7a, date-time: 2025-12-15T12:43:36, timestamp: 1765831416.0
Processed 1 deliveries so far...
Processing delivery id: a6f42068-d9f6-11f0-97cd-707e345b0ea5
Delivery a6f42068-d9f6-11f0-97cd-707e345b0ea5 (2025-12-15 12:43:02) needs processing (timestamp: 1765831382.0 > most recent timestamp: 0.0)
Processed 2 deliveries so far...
Processing delivery id: 8ad351b0-d9f6-11f0-8b28-741fbbeec9c4
Delivery 8ad351b0-d9f6-11f0-8b28-741fbbeec9c4 (2025-12-15 12:42:15) needs processing (timestamp: 1765831335.0 > most recent timestamp: 0.0)
Skipping timed-out delivery 8ad351b0-d9f6-11f0-8b28-741fbbeec9c4 for branch 'mdx-test' not matching environment branch 'main'
Processing delivery id: 8055e8f6-d9f6-11f0-8370-f16e1ea2e810
Delivery 8055e8f6-d9f6-11f0-8370-f16e1ea2e810 (2025-12-15 12:41:57) needs processing (timestamp: 1765831317.0 > most recent timestamp: 0.0)
Processed 3 deliveries so far...
Processing delivery id: 43348594-d9d9-11f0-9072-61315cef9ed2
Delivery 43348594-d9d9-11f0-9072-61315cef9ed2 (2025-12-15 09:12:39) needs processing (timestamp: 1765818759.0 > most recent timestamp: 0.0)
Processed 4 deliveries so far...
Processing delivery id: 13f2fcca-d9d9-11f0-99a3-b80caa57bdd5
Delivery 13f2fcca-d9d9-11f0-99a3-b80caa57bdd5 (2025-12-15 09:11:20) needs processing (timestamp: 1765818680.0 > most recent timestamp: 0.0)
Processed 5 deliveries so far...
Processing delivery id: e0189fae-d9d8-11f0-9673-8ac1b44220d3
Delivery e0189fae-d9d8-11f0-9673-8ac1b44220d3 (2025-12-15 09:09:53) needs processing (timestamp: 1765818593.0 > most recent timestamp: 0.0)
Processed 6 deliveries so far...
Processing delivery id: d75ce58c-d9d8-11f0-9c06-9e1c35c199b6
Delivery d75ce58c-d9d8-11f0-9c06-9e1c35c199b6 (2025-12-15 09:09:38) needs processing (timestamp: 1765818578.0 > most recent timestamp: 0.0)
Processed 7 deliveries so far...
Processing delivery id: 78faef58-d9d7-11f0-99e1-0e0418594214
Delivery 78faef58-d9d7-11f0-99e1-0e0418594214 (2025-12-15 08:59:50) needs processing (timestamp: 1765817990.0 > most recent timestamp: 0.0)
Processed 8 deliveries so far...
Processing delivery id: 48aef43e-d9d7-11f0-82b0-93048250a572
Delivery 48aef43e-d9d7-11f0-82b0-93048250a572 (2025-12-15 08:58:29) needs processing (timestamp: 1765817909.0 > most recent timestamp: 0.0)
Processed 9 deliveries so far...
Processing delivery id: 30d66de2-d9d7-11f0-93ac-aaf45e033125
Delivery 30d66de2-d9d7-11f0-93ac-aaf45e033125 (2025-12-15 08:57:49) needs processing (timestamp: 1765817869.0 > most recent timestamp: 0.0)
Processed 10 deliveries so far...
Processing delivery id: 1fddda5c-d9d7-11f0-8a61-5dd4b7a8bbc6
Delivery 1fddda5c-d9d7-11f0-8a61-5dd4b7a8bbc6 (2025-12-15 08:57:21) needs processing (timestamp: 1765817841.0 > most recent timestamp: 0.0)
Processed 11 deliveries so far...
Processing delivery id: 86d244e8-d9d5-11f0-9544-e23f16df3d95
Delivery 86d244e8-d9d5-11f0-9544-e23f16df3d95 (2025-12-15 08:45:55) needs processing (timestamp: 1765817155.0 > most recent timestamp: 0.0)
Processed 12 deliveries so far...
Processing delivery id: 1d479f6e-d9d5-11f0-9460-1cc9f3a2ec85
Delivery 1d479f6e-d9d5-11f0-9460-1cc9f3a2ec85 (2025-12-15 08:42:57) needs processing (timestamp: 1765816977.0 > most recent timestamp: 0.0)
Processed 13 deliveries so far...
Processing delivery id: 0cc498f4-d9d5-11f0-989e-9d1054e9bdb1
Delivery 0cc498f4-d9d5-11f0-989e-9d1054e9bdb1 (2025-12-15 08:42:30) needs processing (timestamp: 1765816950.0 > most recent timestamp: 0.0)
Processed 14 deliveries so far...
Processing delivery id: 00931312-d9d5-11f0-84ae-67f69f4afff5
Delivery 00931312-d9d5-11f0-84ae-67f69f4afff5 (2025-12-15 08:42:09) needs processing (timestamp: 1765816929.0 > most recent timestamp: 0.0)
Processed 15 deliveries so far...
Processing delivery id: a4fe4e2c-d9d4-11f0-837e-fdf9baa6811d
Delivery a4fe4e2c-d9d4-11f0-837e-fdf9baa6811d (2025-12-15 08:39:36) needs processing (timestamp: 1765816776.0 > most recent timestamp: 0.0)
Processed 16 deliveries so far...
Processing delivery id: 8ca52ad0-d9d4-11f0-8bf8-10c48171a233
Delivery 8ca52ad0-d9d4-11f0-8bf8-10c48171a233 (2025-12-15 08:38:55) needs processing (timestamp: 1765816735.0 > most recent timestamp: 0.0)
Processed 17 deliveries so far...
Processing delivery id: 8780d2de-d9d4-11f0-871a-2727cca3d248
Delivery 8780d2de-d9d4-11f0-871a-2727cca3d248 (2025-12-15 08:38:47) needs processing (timestamp: 1765816727.0 > most recent timestamp: 0.0)
Processed 18 deliveries so far...
Processing delivery id: ce9a376a-d9d3-11f0-85ac-42147881f21f
Delivery ce9a376a-d9d3-11f0-85ac-42147881f21f (2025-12-12 11:57:01) needs processing (timestamp: 1765569421.0 > most recent timestamp: 0.0)
Processed 19 deliveries so far...
Processing delivery id: e0c257f8-d9d1-11f0-95bf-4b7e9e14cd3a
Delivery e0c257f8-d9d1-11f0-95bf-4b7e9e14cd3a (2025-12-15 08:19:48) needs processing (timestamp: 1765815588.0 > most recent timestamp: 0.0)
Processed 20 deliveries so far...
Processing delivery id: ac61a3b8-d9b5-11f0-92ea-56a9004a7284
Delivery ac61a3b8-d9b5-11f0-92ea-56a9004a7284 (2025-12-15 04:57:54) needs processing (timestamp: 1765803474.0 > most recent timestamp: 0.0)
Processed 21 deliveries so far...
Processing delivery id: a2c8a414-d9b5-11f0-9479-f966368153c1
Delivery a2c8a414-d9b5-11f0-9479-f966368153c1 (2025-12-15 04:57:38) needs processing (timestamp: 1765803458.0 > most recent timestamp: 0.0)
Processed 22 deliveries so far...
Processing delivery id: 991fa3a4-d9b5-11f0-96ce-64161fccc46d
Delivery 991fa3a4-d9b5-11f0-96ce-64161fccc46d (2025-12-15 04:57:22) needs processing (timestamp: 1765803442.0 > most recent timestamp: 0.0)
Processed 23 deliveries so far...
Processing delivery id: 2ae4ba92-d9b4-11f0-9bba-0153d88d07f5
Delivery 2ae4ba92-d9b4-11f0-9bba-0153d88d07f5 (2025-12-15 04:47:07) needs processing (timestamp: 1765802827.0 > most recent timestamp: 0.0)
Processed 24 deliveries so far...
Processing delivery id: a6c84968-d9b3-11f0-8d5c-c7924871bda6
Delivery a6c84968-d9b3-11f0-8d5c-c7924871bda6 (2025-12-15 04:43:25) needs processing (timestamp: 1765802605.0 > most recent timestamp: 0.0)
Processed 25 deliveries so far...
Processing delivery id: 9e76101a-d9b3-11f0-9942-c56670209b82
Delivery 9e76101a-d9b3-11f0-9942-c56670209b82 (2025-12-15 04:43:12) needs processing (timestamp: 1765802592.0 > most recent timestamp: 0.0)
Processed 26 deliveries so far...
Processing delivery id: 17ccb886-d9b1-11f0-922e-cd1dc1faca3e
Delivery 17ccb886-d9b1-11f0-922e-cd1dc1faca3e (2025-12-15 04:25:06) needs processing (timestamp: 1765801506.0 > most recent timestamp: 0.0)
Processed 27 deliveries so far...
Processing delivery id: d2d66e70-d9b0-11f0-8b1a-8684bc0802f8
Delivery d2d66e70-d9b0-11f0-8b1a-8684bc0802f8 (2025-12-15 04:22:56) needs processing (timestamp: 1765801376.0 > most recent timestamp: 0.0)
Processed 28 deliveries so far...
Processing delivery id: 48d59b9c-d9b0-11f0-9931-b69510e0453c
Delivery 48d59b9c-d9b0-11f0-9931-b69510e0453c (2025-12-15 04:19:01) needs processing (timestamp: 1765801141.0 > most recent timestamp: 0.0)
Processed 29 deliveries so far...
Processing delivery id: caf06414-d9af-11f0-8e59-9d052b6e98a1
Delivery caf06414-d9af-11f0-8e59-9d052b6e98a1 (2025-12-15 03:45:45) needs processing (timestamp: 1765799145.0 > most recent timestamp: 0.0)
Processed 30 deliveries so far...
Processing delivery id: c84a8ed4-d9ae-11f0-8d3a-47fc5f356ca4
Delivery c84a8ed4-d9ae-11f0-8d3a-47fc5f356ca4 (2025-12-15 04:08:22) needs processing (timestamp: 1765800502.0 > most recent timestamp: 0.0)
Processed 31 deliveries so far...
Processing delivery id: 1613e888-d9ad-11f0-8dd4-c9af8a415bda
Delivery 1613e888-d9ad-11f0-8dd4-c9af8a415bda (2025-12-15 03:56:26) needs processing (timestamp: 1765799786.0 > most recent timestamp: 0.0)
Processed 32 deliveries so far...
Processing delivery id: f19f8ade-d9ac-11f0-9ea8-6fcc1e099b24
Delivery f19f8ade-d9ac-11f0-9ea8-6fcc1e099b24 (2025-12-15 03:55:24) needs processing (timestamp: 1765799724.0 > most recent timestamp: 0.0)
Processed 33 deliveries so far...
Processing delivery id: e803b89c-d9ac-11f0-93a0-ef0084e7eb7e
Delivery e803b89c-d9ac-11f0-93a0-ef0084e7eb7e (2025-12-15 03:55:09) needs processing (timestamp: 1765799709.0 > most recent timestamp: 0.0)
Processed 34 deliveries so far...
Processing delivery id: f6050f82-d9ab-11f0-9aef-ec459c56d23d
Delivery f6050f82-d9ab-11f0-9aef-ec459c56d23d (2025-12-15 03:48:22) needs processing (timestamp: 1765799302.0 > most recent timestamp: 0.0)
Processed 35 deliveries so far...
Processing delivery id: 988ff664-d9ab-11f0-9e0b-6e2b78b13739
Delivery 988ff664-d9ab-11f0-9e0b-6e2b78b13739 (2025-12-15 03:45:45) needs processing (timestamp: 1765799145.0 > most recent timestamp: 0.0)
Processed 36 deliveries so far...
Processing delivery id: 76290908-d9ab-11f0-8e8c-55c729114865
Delivery 76290908-d9ab-11f0-8e8c-55c729114865 (2025-12-15 03:44:36) needs processing (timestamp: 1765799076.0 > most recent timestamp: 0.0)
Processed 37 deliveries so far...
Processing delivery id: 879750ac-d9a9-11f0-819a-f01d5d4d3961
Delivery 879750ac-d9a9-11f0-819a-f01d5d4d3961 (2025-12-15 03:30:58) needs processing (timestamp: 1765798258.0 > most recent timestamp: 0.0)
Processed 38 deliveries so far...
Processing delivery id: 5e92a760-d9a9-11f0-994c-7c46cc98867d
Delivery 5e92a760-d9a9-11f0-994c-7c46cc98867d (2025-12-15 03:29:39) needs processing (timestamp: 1765798179.0 > most recent timestamp: 0.0)
Processed 39 deliveries so far...
Processing delivery id: d919db80-d9a8-11f0-8936-ffd96636b571
Delivery d919db80-d9a8-11f0-8936-ffd96636b571 (2025-12-15 03:26:05) needs processing (timestamp: 1765797965.0 > most recent timestamp: 0.0)
Processed 40 deliveries so far...
Processing delivery id: c4c8a008-d9a8-11f0-97c2-53b9b1864c5e
Delivery c4c8a008-d9a8-11f0-97c2-53b9b1864c5e (2025-12-15 03:25:21) needs processing (timestamp: 1765797921.0 > most recent timestamp: 0.0)
Processed 41 deliveries so far...
Processing delivery id: 35a0908e-d9a8-11f0-89fa-39c71b00e720
Delivery 35a0908e-d9a8-11f0-89fa-39c71b00e720 (2025-12-15 03:21:19) needs processing (timestamp: 1765797679.0 > most recent timestamp: 0.0)
Processed 42 deliveries so far...
Processing delivery id: fb5b3834-d9a7-11f0-8ea8-5de5107da94b
Delivery fb5b3834-d9a7-11f0-8ea8-5de5107da94b (2025-12-15 03:19:53) needs processing (timestamp: 1765797593.0 > most recent timestamp: 0.0)
Processed 43 deliveries so far...
Processing delivery id: f2ed57e0-d9a7-11f0-8188-fc194ec52a74
Delivery f2ed57e0-d9a7-11f0-8188-fc194ec52a74 (2025-12-15 03:19:40) needs processing (timestamp: 1765797580.0 > most recent timestamp: 0.0)
Processed 44 deliveries so far...
Processing delivery id: 62b2db64-d9a7-11f0-859b-d685af0f8a35
Delivery 62b2db64-d9a7-11f0-859b-d685af0f8a35 (2025-12-15 03:15:37) needs processing (timestamp: 1765797337.0 > most recent timestamp: 0.0)
Processed 45 deliveries so far...
Processing delivery id: 43e72190-d9a7-11f0-871a-a7e25790fc59
Delivery 43e72190-d9a7-11f0-871a-a7e25790fc59 (2025-12-15 03:14:31) needs processing (timestamp: 1765797271.0 > most recent timestamp: 0.0)
Processed 46 deliveries so far...
Processing delivery id: 7415fdec-d9a6-11f0-9397-eacdab3c6b42
Delivery 7415fdec-d9a6-11f0-9397-eacdab3c6b42 (2025-12-15 03:08:57) needs processing (timestamp: 1765796937.0 > most recent timestamp: 0.0)
Processed 47 deliveries so far...
Processing delivery id: 1629d46a-d9a6-11f0-882f-142fbf8a849e
Delivery 1629d46a-d9a6-11f0-882f-142fbf8a849e (2025-12-15 03:06:07) needs processing (timestamp: 1765796767.0 > most recent timestamp: 0.0)
Processed 48 deliveries so far...
Processing delivery id: 8c3d2dfa-d9a1-11f0-99ec-ed135f5ad55d
Delivery 8c3d2dfa-d9a1-11f0-99ec-ed135f5ad55d (2025-12-15 02:33:50) needs processing (timestamp: 1765794830.0 > most recent timestamp: 0.0)
Processed 49 deliveries so far...
Processing delivery id: 6538040a-d9a1-11f0-8746-ccd9f94141e2
Delivery 6538040a-d9a1-11f0-8746-ccd9f94141e2 (2025-12-15 02:32:44) needs processing (timestamp: 1765794764.0 > most recent timestamp: 0.0)
Processed 50 deliveries so far...
Processing delivery id: 3f176450-d9a1-11f0-9308-c9e0a976deb6
Delivery 3f176450-d9a1-11f0-9308-c9e0a976deb6 (2025-12-15 02:31:15) needs processing (timestamp: 1765794675.0 > most recent timestamp: 0.0)
Processed 51 deliveries so far...
Processing delivery id: d0f81472-d99d-11f0-9e14-b6b3cbc130f2
Delivery d0f81472-d99d-11f0-9e14-b6b3cbc130f2 (2025-12-15 02:07:07) needs processing (timestamp: 1765793227.0 > most recent timestamp: 0.0)
Processed 52 deliveries so far...
Processing delivery id: b202a64a-d99d-11f0-86e6-d59437255677
Delivery b202a64a-d99d-11f0-86e6-d59437255677 (2025-12-15 02:06:15) needs processing (timestamp: 1765793175.0 > most recent timestamp: 0.0)
Processed 53 deliveries so far...
Processing delivery id: 41288288-d99c-11f0-84e6-d32caa007733
Delivery 41288288-d99c-11f0-84e6-d32caa007733 (2025-12-15 01:55:56) needs processing (timestamp: 1765792556.0 > most recent timestamp: 0.0)
Processed 54 deliveries so far...
Processing delivery id: 73cfbb14-d999-11f0-9a0b-508ad94d9a9f
Delivery 73cfbb14-d999-11f0-9a0b-508ad94d9a9f (2025-12-15 01:35:38) needs processing (timestamp: 1765791338.0 > most recent timestamp: 0.0)
Processed 55 deliveries so far...
Processing delivery id: 382857f4-d996-11f0-9251-46900f400231
Delivery 382857f4-d996-11f0-9251-46900f400231 (2025-12-15 01:12:29) needs processing (timestamp: 1765789949.0 > most recent timestamp: 0.0)
Processed 56 deliveries so far...
Processing delivery id: 4329d79a-d987-11f0-81cd-ad5cec63b21b
Delivery 4329d79a-d987-11f0-81cd-ad5cec63b21b (2025-12-14 23:25:28) needs processing (timestamp: 1765783528.0 > most recent timestamp: 0.0)
Processed 57 deliveries so far...
Processing delivery id: 7f560708-d986-11f0-9676-b9600cc2601a
Delivery 7f560708-d986-11f0-9676-b9600cc2601a (2025-12-14 23:19:59) needs processing (timestamp: 1765783199.0 > most recent timestamp: 0.0)
Processed 58 deliveries so far...
Processing delivery id: 17f389ec-d985-11f0-92cb-7e7ad17f555a
Delivery 17f389ec-d985-11f0-92cb-7e7ad17f555a (2025-12-14 23:09:59) needs processing (timestamp: 1765782599.0 > most recent timestamp: 0.0)
Processed 59 deliveries so far...
Processing delivery id: 96276c3a-d984-11f0-90be-7aaff8f5faaa
Delivery 96276c3a-d984-11f0-90be-7aaff8f5faaa (2025-12-14 23:06:13) needs processing (timestamp: 1765782373.0 > most recent timestamp: 0.0)
Processed 60 deliveries so far...
Processing delivery id: a8ab5836-d983-11f0-9b1c-c1246c2a659c
Delivery a8ab5836-d983-11f0-9b1c-c1246c2a659c (2025-12-14 22:59:42) needs processing (timestamp: 1765781982.0 > most recent timestamp: 0.0)
Processed 61 deliveries so far...
Processing delivery id: fc837a30-d981-11f0-92bb-7227e89c8b2d
Delivery fc837a30-d981-11f0-92bb-7227e89c8b2d (2025-12-14 22:47:41) needs processing (timestamp: 1765781261.0 > most recent timestamp: 0.0)
Processed 62 deliveries so far...
Processing delivery id: ad0251c0-d981-11f0-8d15-6027916be87f
Delivery ad0251c0-d981-11f0-8d15-6027916be87f (2025-12-14 22:45:41) needs processing (timestamp: 1765781141.0 > most recent timestamp: 0.0)
Processed 63 deliveries so far...
Processing delivery id: 519ce552-d981-11f0-8edd-90fb2abd4d8b
Delivery 519ce552-d981-11f0-8edd-90fb2abd4d8b (2025-12-14 22:43:07) needs processing (timestamp: 1765780987.0 > most recent timestamp: 0.0)
Processed 64 deliveries so far...
Processing delivery id: 48ddd1b0-d981-11f0-9ae2-7ab0ee229287
Delivery 48ddd1b0-d981-11f0-9ae2-7ab0ee229287 (2025-12-14 22:42:53) needs processing (timestamp: 1765780973.0 > most recent timestamp: 0.0)
Processed 65 deliveries so far...
Processing delivery id: e8d695c2-d97b-11f0-92ab-f9f000125d2a
Delivery e8d695c2-d97b-11f0-92ab-f9f000125d2a (2025-12-14 22:04:24) needs processing (timestamp: 1765778664.0 > most recent timestamp: 0.0)
Processed 66 deliveries so far...
Processing delivery id: abbce8ec-d969-11f0-8bb2-21dd830c5590
Delivery abbce8ec-d969-11f0-8bb2-21dd830c5590 (2025-12-14 19:53:51) needs processing (timestamp: 1765770831.0 > most recent timestamp: 0.0)
Processed 67 deliveries so far...
Processing delivery id: 26387272-d969-11f0-8913-ff5b9aa399c8
Delivery 26387272-d969-11f0-8913-ff5b9aa399c8 (2025-12-14 19:50:05) needs processing (timestamp: 1765770605.0 > most recent timestamp: 0.0)
Processed 68 deliveries so far...
Processing delivery id: efcce808-d968-11f0-97fd-c8b6e63f18be
Delivery efcce808-d968-11f0-97fd-c8b6e63f18be (2025-12-14 19:48:36) needs processing (timestamp: 1765770516.0 > most recent timestamp: 0.0)
Processed 69 deliveries so far...
Processing delivery id: bfbd9900-d968-11f0-888c-7c9e1af52f0f
Delivery bfbd9900-d968-11f0-888c-7c9e1af52f0f (2025-12-14 19:47:14) needs processing (timestamp: 1765770434.0 > most recent timestamp: 0.0)
Processed 70 deliveries so far...
Processing delivery id: f42de84e-d967-11f0-88d7-c8fb8879c24f
Delivery f42de84e-d967-11f0-88d7-c8fb8879c24f (2025-12-14 19:41:33) needs processing (timestamp: 1765770093.0 > most recent timestamp: 0.0)
Processed 71 deliveries so far...
Processing delivery id: bc06178e-d967-11f0-8f3e-8b3cc24bb71f
Delivery bc06178e-d967-11f0-8f3e-8b3cc24bb71f (2025-12-14 19:39:58) needs processing (timestamp: 1765769998.0 > most recent timestamp: 0.0)
Processed 72 deliveries so far...
Processing delivery id: b4f7cf74-d966-11f0-8615-ec0871aaff8c
Delivery b4f7cf74-d966-11f0-8615-ec0871aaff8c (2025-12-14 19:32:38) needs processing (timestamp: 1765769558.0 > most recent timestamp: 0.0)
Processed 73 deliveries so far...
Processing delivery id: 7ffbb9d4-d966-11f0-98bb-ac797ab1e3bb
Delivery 7ffbb9d4-d966-11f0-98bb-ac797ab1e3bb (2025-12-14 19:31:08) needs processing (timestamp: 1765769468.0 > most recent timestamp: 0.0)
Processed 74 deliveries so far...
Processing delivery id: 0d2583fe-d966-11f0-8b55-2860c238cf5c
Delivery 0d2583fe-d966-11f0-8b55-2860c238cf5c (2025-12-14 19:27:56) needs processing (timestamp: 1765769276.0 > most recent timestamp: 0.0)
Processed 75 deliveries so far...
Processing delivery id: d9761b5e-d965-11f0-91c7-1cd222371066
Delivery d9761b5e-d965-11f0-91c7-1cd222371066 (2025-12-14 19:26:28) needs processing (timestamp: 1765769188.0 > most recent timestamp: 0.0)
Processed 76 deliveries so far...
Processing delivery id: 83885946-d965-11f0-96ad-3a3a9cccb6f3
Delivery 83885946-d965-11f0-96ad-3a3a9cccb6f3 (2025-12-14 19:24:05) needs processing (timestamp: 1765769045.0 > most recent timestamp: 0.0)
Processed 77 deliveries so far...
Processing delivery id: 4ff70eec-d965-11f0-994d-7c9cedcc762d
Delivery 4ff70eec-d965-11f0-994d-7c9cedcc762d (2025-12-14 19:22:38) needs processing (timestamp: 1765768958.0 > most recent timestamp: 0.0)
Processed 78 deliveries so far...
Processing delivery id: 9376aaa2-d964-11f0-96b7-f620f6683f2c
Delivery 9376aaa2-d964-11f0-96b7-f620f6683f2c (2025-12-14 19:17:23) needs processing (timestamp: 1765768643.0 > most recent timestamp: 0.0)
Processed 79 deliveries so far...
Processing delivery id: 573f3022-d964-11f0-9ffa-8b633235e7de
Delivery 573f3022-d964-11f0-9ffa-8b633235e7de (2025-12-14 19:15:41) needs processing (timestamp: 1765768541.0 > most recent timestamp: 0.0)
Processed 80 deliveries so far...
Processing delivery id: 2ecfbf0a-d962-11f0-9e25-80f1fc9d45ce
Delivery 2ecfbf0a-d962-11f0-9e25-80f1fc9d45ce (2025-12-14 19:00:14) needs processing (timestamp: 1765767614.0 > most recent timestamp: 0.0)
Processed 81 deliveries so far...
Processing delivery id: eac7b8f8-d961-11f0-8353-bb0e38536b72
Delivery eac7b8f8-d961-11f0-8353-bb0e38536b72 (2025-12-14 18:58:20) needs processing (timestamp: 1765767500.0 > most recent timestamp: 0.0)
Processed 82 deliveries so far...
Processing delivery id: a5e1bfa0-d960-11f0-8b05-b61f37b2f3cf
Delivery a5e1bfa0-d960-11f0-8b05-b61f37b2f3cf (2025-12-14 18:49:16) needs processing (timestamp: 1765766956.0 > most recent timestamp: 0.0)
Processed 83 deliveries so far...
Processing delivery id: 7895a0e8-d960-11f0-867b-338d860a1a71
Delivery 7895a0e8-d960-11f0-867b-338d860a1a71 (2025-12-14 18:47:58) needs processing (timestamp: 1765766878.0 > most recent timestamp: 0.0)
Processed 84 deliveries so far...
Processing delivery id: 1e45af76-d95f-11f0-940d-a135bae5c78f
Delivery 1e45af76-d95f-11f0-940d-a135bae5c78f (2025-12-14 18:38:14) needs processing (timestamp: 1765766294.0 > most recent timestamp: 0.0)
Processed 85 deliveries so far...
Processing delivery id: 48404a40-d930-11f0-89ad-a9b91f6f80da
Delivery 48404a40-d930-11f0-89ad-a9b91f6f80da (2025-12-14 13:03:02) needs processing (timestamp: 1765746182.0 > most recent timestamp: 0.0)
Processed 86 deliveries so far...
Processing delivery id: 372672f2-d930-11f0-865c-7bbd2f4ac0eb
Delivery 372672f2-d930-11f0-865c-7bbd2f4ac0eb (2025-12-14 13:02:34) needs processing (timestamp: 1765746154.0 > most recent timestamp: 0.0)
Processed 87 deliveries so far...
Processing delivery id: 1ad6eb2c-d930-11f0-9f95-7f9a1c4b84db
Delivery 1ad6eb2c-d930-11f0-9f95-7f9a1c4b84db (2025-12-14 13:01:46) needs processing (timestamp: 1765746106.0 > most recent timestamp: 0.0)
Processed 88 deliveries so far...
Processing delivery id: 5ecb82d0-d92f-11f0-814d-fae526b48d28
Delivery 5ecb82d0-d92f-11f0-814d-fae526b48d28 (2025-12-14 12:56:31) needs processing (timestamp: 1765745791.0 > most recent timestamp: 0.0)
Processed 89 deliveries so far...
Processing delivery id: 41dc6bb2-d92f-11f0-9759-2faf7925c202
Delivery 41dc6bb2-d92f-11f0-9759-2faf7925c202 (2025-12-14 12:55:43) needs processing (timestamp: 1765745743.0 > most recent timestamp: 0.0)
Processed 90 deliveries so far...
Processing delivery id: 103ba88e-d92f-11f0-952d-a06bb70fd910
Delivery 103ba88e-d92f-11f0-952d-a06bb70fd910 (2025-12-14 12:54:20) needs processing (timestamp: 1765745660.0 > most recent timestamp: 0.0)
Processed 91 deliveries so far...
Processing delivery id: 11d02550-d92d-11f0-8f5a-4911fa473e99
Delivery 11d02550-d92d-11f0-8f5a-4911fa473e99 (2025-12-14 12:40:03) needs processing (timestamp: 1765744803.0 > most recent timestamp: 0.0)
Processed 92 deliveries so far...
Processing delivery id: 0102b01c-d92d-11f0-99c3-b53904402bc3
Delivery 0102b01c-d92d-11f0-99c3-b53904402bc3 (2025-12-14 12:39:35) needs processing (timestamp: 1765744775.0 > most recent timestamp: 0.0)
Processed 93 deliveries so far...
Processing delivery id: e5e3cea6-d92c-11f0-9ef1-dd69a273dc72
Delivery e5e3cea6-d92c-11f0-9ef1-dd69a273dc72 (2025-12-14 12:38:49) needs processing (timestamp: 1765744729.0 > most recent timestamp: 0.0)
Processed 94 deliveries so far...
Processing delivery id: cf256ae4-d92c-11f0-8a65-32caebf5ed23
Delivery cf256ae4-d92c-11f0-8a65-32caebf5ed23 (2025-12-14 12:38:11) needs processing (timestamp: 1765744691.0 > most recent timestamp: 0.0)
Processed 95 deliveries so far...
Processing delivery id: c3b99f54-d92c-11f0-857d-852ad7c54ac5
Delivery c3b99f54-d92c-11f0-857d-852ad7c54ac5 (2025-12-14 12:37:52) needs processing (timestamp: 1765744672.0 > most recent timestamp: 0.0)
Processed 96 deliveries so far...
Processing delivery id: ead7ecd6-d92b-11f0-81db-9f9c877b7678
Delivery ead7ecd6-d92b-11f0-81db-9f9c877b7678 (2025-12-14 12:31:49) needs processing (timestamp: 1765744309.0 > most recent timestamp: 0.0)
Processed 97 deliveries so far...
Processing delivery id: cc605432-d92b-11f0-9ad8-c78ca55b63ca
Delivery cc605432-d92b-11f0-9ad8-c78ca55b63ca (2025-12-14 12:30:57) needs processing (timestamp: 1765744257.0 > most recent timestamp: 0.0)
Processed 98 deliveries so far...
Processing delivery id: b33c98c6-d92b-11f0-9510-111ff77b7c8a
Delivery b33c98c6-d92b-11f0-9510-111ff77b7c8a (2025-12-14 12:30:15) needs processing (timestamp: 1765744215.0 > most recent timestamp: 0.0)
Processed 99 deliveries so far...
Processing delivery id: 4daae2f8-d929-11f0-916e-a25c1bfebb7f
Delivery 4daae2f8-d929-11f0-916e-a25c1bfebb7f (2025-12-14 12:13:05) needs processing (timestamp: 1765743185.0 > most recent timestamp: 0.0)
Processed 100 deliveries so far...
Processing delivery id: 3a39b51e-d929-11f0-931f-e08a144e9033
Delivery 3a39b51e-d929-11f0-931f-e08a144e9033 (2025-12-14 12:12:32) needs processing (timestamp: 1765743152.0 > most recent timestamp: 0.0)
Processed 101 deliveries so far...
Processing delivery id: 1d76513a-d929-11f0-8ff5-cd2af7388109
Delivery 1d76513a-d929-11f0-8ff5-cd2af7388109 (2025-12-14 12:11:44) needs processing (timestamp: 1765743104.0 > most recent timestamp: 0.0)
Processed 102 deliveries so far...
Processing delivery id: fce920a0-d928-11f0-8591-6f5f327b7bfb
Delivery fce920a0-d928-11f0-8591-6f5f327b7bfb (2025-12-14 12:10:50) needs processing (timestamp: 1765743050.0 > most recent timestamp: 0.0)
Processed 103 deliveries so far...
Processing delivery id: d61200d2-d928-11f0-9586-4b782590251d
Delivery d61200d2-d928-11f0-9586-4b782590251d (2025-12-14 12:09:45) needs processing (timestamp: 1765742985.0 > most recent timestamp: 0.0)
Processed 104 deliveries so far...
Processing delivery id: b58bd608-d928-11f0-9f84-86ffe41891c4
Delivery b58bd608-d928-11f0-9f84-86ffe41891c4 (2025-12-14 12:08:50) needs processing (timestamp: 1765742930.0 > most recent timestamp: 0.0)
Processed 105 deliveries so far...
Processing delivery id: 38b243d8-d856-11f0-9246-5e49f96d4b5d
Delivery 38b243d8-d856-11f0-9246-5e49f96d4b5d (2025-12-13 11:02:06) needs processing (timestamp: 1765652526.0 > most recent timestamp: 0.0)
Processed 106 deliveries so far...
Processing delivery id: 072a8118-d856-11f0-951d-f820bd911eae
Delivery 072a8118-d856-11f0-951d-f820bd911eae (2025-12-13 11:00:42) needs processing (timestamp: 1765652442.0 > most recent timestamp: 0.0)
Processed 107 deliveries so far...
Processing delivery id: bfd97ecc-d855-11f0-9106-162a4b55811c
Delivery bfd97ecc-d855-11f0-9106-162a4b55811c (2025-12-13 10:58:44) needs processing (timestamp: 1765652324.0 > most recent timestamp: 0.0)
Processed 108 deliveries so far...
Processing delivery id: 836edac2-d855-11f0-8827-a2d803657bea
Delivery 836edac2-d855-11f0-8827-a2d803657bea (2025-12-13 10:57:00) needs processing (timestamp: 1765652220.0 > most recent timestamp: 0.0)
Processed 109 deliveries so far...
Processing delivery id: 67e0943a-d855-11f0-8ef8-76739da54964
Delivery 67e0943a-d855-11f0-8ef8-76739da54964 (2025-12-13 10:56:16) needs processing (timestamp: 1765652176.0 > most recent timestamp: 0.0)
Processed 110 deliveries so far...
Processing delivery id: 3b8d628c-d855-11f0-8ed4-e57e8f4d04a3
Delivery 3b8d628c-d855-11f0-8ed4-e57e8f4d04a3 (2025-12-13 10:55:01) needs processing (timestamp: 1765652101.0 > most recent timestamp: 0.0)
Processed 111 deliveries so far...
Processing delivery id: 8bbaaa86-d854-11f0-9a7c-cfb46b0971c3
Delivery 8bbaaa86-d854-11f0-9a7c-cfb46b0971c3 (2025-12-13 10:50:05) needs processing (timestamp: 1765651805.0 > most recent timestamp: 0.0)
Processed 112 deliveries so far...
Processing delivery id: 771f177a-d853-11f0-91dc-1b3057d62a95
Delivery 771f177a-d853-11f0-91dc-1b3057d62a95 (2025-12-13 10:42:23) needs processing (timestamp: 1765651343.0 > most recent timestamp: 0.0)
Processed 113 deliveries so far...
Processing delivery id: 4c2f7f46-d853-11f0-90c3-f61f8325c8fb
Delivery 4c2f7f46-d853-11f0-90c3-f61f8325c8fb (2025-12-13 10:41:10) needs processing (timestamp: 1765651270.0 > most recent timestamp: 0.0)
Processed 114 deliveries so far...
Processing delivery id: 01acf4f8-d853-11f0-9f8d-15cea89b43c6
Delivery 01acf4f8-d853-11f0-9f8d-15cea89b43c6 (2025-12-13 10:39:04) needs processing (timestamp: 1765651144.0 > most recent timestamp: 0.0)
Processed 115 deliveries so far...
Processing delivery id: a99ac538-d852-11f0-8360-d01b96d8abb9
Delivery a99ac538-d852-11f0-8360-d01b96d8abb9 (2025-12-13 10:36:37) needs processing (timestamp: 1765650997.0 > most recent timestamp: 0.0)
Processed 116 deliveries so far...
Processing delivery id: 93bdf69a-d852-11f0-9a64-b85e793c1cf2
Delivery 93bdf69a-d852-11f0-9a64-b85e793c1cf2 (2025-12-13 10:36:01) needs processing (timestamp: 1765650961.0 > most recent timestamp: 0.0)
Processed 117 deliveries so far...
Processing delivery id: 4e2f3ddc-d852-11f0-9d0f-c313c491ff02
Delivery 4e2f3ddc-d852-11f0-9d0f-c313c491ff02 (2025-12-13 10:34:01) needs processing (timestamp: 1765650841.0 > most recent timestamp: 0.0)
Processed 118 deliveries so far...
Processing delivery id: 1ea783f0-d7ba-11f0-9e56-131da44ce349
Delivery 1ea783f0-d7ba-11f0-9e56-131da44ce349 (2025-12-12 16:20:31) needs processing (timestamp: 1765585231.0 > most recent timestamp: 0.0)
Processed 119 deliveries so far...
Processing delivery id: 98420c2c-d7b9-11f0-8746-fadf4c76f0d8
Delivery 98420c2c-d7b9-11f0-8746-fadf4c76f0d8 (2025-12-12 16:20:22) needs processing (timestamp: 1765585222.0 > most recent timestamp: 0.0)
Processed 120 deliveries so far...
Processing delivery id: 97ea7e6c-d7b9-11f0-8970-5542fd904d0e
Delivery 97ea7e6c-d7b9-11f0-8970-5542fd904d0e (2025-12-12 16:20:22) needs processing (timestamp: 1765585222.0 > most recent timestamp: 0.0)
Processed 121 deliveries so far...
Processing delivery id: 738ed43e-d7ad-11f0-90bc-c775bb3dc026
Delivery 738ed43e-d7ad-11f0-90bc-c775bb3dc026 (2025-12-12 14:54:00) needs processing (timestamp: 1765580040.0 > most recent timestamp: 0.0)
Processed 122 deliveries so far...
Processing delivery id: 6523924a-d7ad-11f0-92f5-843434cbfec1
Delivery 6523924a-d7ad-11f0-92f5-843434cbfec1 (2025-12-12 14:53:36) needs processing (timestamp: 1765580016.0 > most recent timestamp: 0.0)
Processed 123 deliveries so far...
Processing delivery id: 592704d6-d7ad-11f0-9d59-85d113f65a9a
Delivery 592704d6-d7ad-11f0-9d59-85d113f65a9a (2025-12-12 14:53:16) needs processing (timestamp: 1765579996.0 > most recent timestamp: 0.0)
Processed 124 deliveries so far...
Processing delivery id: 454e7476-d7ad-11f0-98c0-34b6a20867b2
Delivery 454e7476-d7ad-11f0-98c0-34b6a20867b2 (2025-12-12 14:52:41) needs processing (timestamp: 1765579961.0 > most recent timestamp: 0.0)
Processed 125 deliveries so far...
Processing delivery id: 16731a8a-d7ad-11f0-9c9e-ea925c24e2bf
Delivery 16731a8a-d7ad-11f0-9c9e-ea925c24e2bf (2025-12-12 14:51:24) needs processing (timestamp: 1765579884.0 > most recent timestamp: 0.0)
Processed 126 deliveries so far...
Processing delivery id: 080ab5b6-d7ad-11f0-9023-abc96c0f866f
Delivery 080ab5b6-d7ad-11f0-9023-abc96c0f866f (2025-12-12 14:50:58) needs processing (timestamp: 1765579858.0 > most recent timestamp: 0.0)
Processed 127 deliveries so far...
Processing delivery id: 05642a36-d7ad-11f0-97c3-5e1e2a222d03
Delivery 05642a36-d7ad-11f0-97c3-5e1e2a222d03 (2025-12-12 14:46:00) needs processing (timestamp: 1765579560.0 > most recent timestamp: 0.0)
Processed 128 deliveries so far...
Processing delivery id: 6663d7d8-d7ac-11f0-8d60-128b28dc9d72
Delivery 6663d7d8-d7ac-11f0-8d60-128b28dc9d72 (2025-12-12 14:45:47) needs processing (timestamp: 1765579547.0 > most recent timestamp: 0.0)
Processed 129 deliveries so far...
Processing delivery id: 65ad9c98-d7ac-11f0-803e-eb93d55c3fe8
Delivery 65ad9c98-d7ac-11f0-803e-eb93d55c3fe8 (2025-12-12 14:45:47) needs processing (timestamp: 1765579547.0 > most recent timestamp: 0.0)
Processed 130 deliveries so far...
Processing delivery id: 138d69d4-d7ac-11f0-8ab3-d3c73b59c785
Delivery 138d69d4-d7ac-11f0-8ab3-d3c73b59c785 (2025-12-12 14:16:56) needs processing (timestamp: 1765577816.0 > most recent timestamp: 0.0)
Processed 131 deliveries so far...
Processing delivery id: 139dab82-d7ac-11f0-9603-588875e772b3
Delivery 139dab82-d7ac-11f0-9603-588875e772b3 (2025-12-12 13:38:31) needs processing (timestamp: 1765575511.0 > most recent timestamp: 0.0)
Processed 132 deliveries so far...
Processing delivery id: 135b030e-d7ac-11f0-94d6-ea6ac19a7b91
Delivery 135b030e-d7ac-11f0-94d6-ea6ac19a7b91 (2025-12-12 14:16:38) needs processing (timestamp: 1765577798.0 > most recent timestamp: 0.0)
Processed 133 deliveries so far...
Processing delivery id: 13784c02-d7ac-11f0-8fdc-2d63e1be3f57
Delivery 13784c02-d7ac-11f0-8fdc-2d63e1be3f57 (2025-12-12 13:45:24) needs processing (timestamp: 1765575924.0 > most recent timestamp: 0.0)
Processed 134 deliveries so far...
Processing delivery id: bdda7308-d79f-11f0-95ca-c229a09a597d
Delivery bdda7308-d79f-11f0-95ca-c229a09a597d (2025-12-12 13:15:52) needs processing (timestamp: 1765574152.0 > most recent timestamp: 0.0)
Processed 135 deliveries so far...
Processing delivery id: 9e621ae4-d79f-11f0-986d-36eba5f574ab
Delivery 9e621ae4-d79f-11f0-986d-36eba5f574ab (2025-12-12 13:14:59) needs processing (timestamp: 1765574099.0 > most recent timestamp: 0.0)
Processed 136 deliveries so far...
Total number of deliveries processed: 136
Total number of blocked webhooks: 0
Total number of timed_out webhooks: 0
Most recent processed delivery -- id: bd94f16c-d9f6-11f0-86fa-2139bdda1a7a, timestamp: 2025-12-15 12:43:36, timestamp: 1765831416.0
