Found webhook id for https://developer.fiserv.com/api/git-webhook: 549112588
Found head_commit for delivery id 6c013c52-2c53-11f1-9a60-7ba2fc4b89c8, timestamp: 1774638213.0, 2026-03-27 12:03:33
signature: sha256=0f3eb36cfb638aa39662d823284de83421c6611373df2e42265fdaa00a395f37, delivery id: 6c013c52-2c53-11f1-9a60-7ba2fc4b89c8
Found head_commit for delivery id 3fb1a57e-2c53-11f1-8d8c-8e6973b91deb, timestamp: 1774887143.0, 2026-03-30 09:12:23
signature: sha256=e8f546582d5e7e6866121371e0d7953d5952d3f8c9406265c4d186ae2f685790, delivery id: 3fb1a57e-2c53-11f1-8d8c-8e6973b91deb
Found head_commit for delivery id 902dfae0-2c51-11f1-93d3-7c15d1644bd7, timestamp: 1774886422.0, 2026-03-30 09:00:22
signature: sha256=3c53aaab71691b7aa901ab5148b6eba7d70d1a4c1a1adb1d1238dd66084c9dc7, delivery id: 902dfae0-2c51-11f1-93d3-7c15d1644bd7
Found head_commit for delivery id 4e05ed9e-2c51-11f1-89e9-6b21fee2a4c4, timestamp: 1774886287.0, 2026-03-30 08:58:07
signature: sha256=8268f24e26339693bea20119d22ff7ae6d549c6c9b9d2d48f40052cb0eb05698, delivery id: 4e05ed9e-2c51-11f1-89e9-6b21fee2a4c4
Found head_commit for delivery id 6a517caa-2c4e-11f1-81db-697b4083a7c4, timestamp: 1774884754.0, 2026-03-30 08:32:34
signature: sha256=2523dcceca31870d8ada36342ff51a5502decf9f2e1a6f306003dc8cd5bb84b3, delivery id: 6a517caa-2c4e-11f1-81db-697b4083a7c4
Found head_commit for delivery id a01e4242-2c4d-11f1-9657-b0fcac3ebed0, timestamp: 1774884720.0, 2026-03-30 08:32:00
signature: sha256=f6db402e9c260a548e7ee705a0dd6c112bdf5f3f768cdca8d66c7897fca839f7, delivery id: a01e4242-2c4d-11f1-9657-b0fcac3ebed0
Found head_commit for delivery id 29a6843c-2c46-11f1-83b5-4d5c37f4ccdc, timestamp: 1763952170.0, 2025-11-23 18:42:50
signature: sha256=f4ca4157d42075a3cc0c6ef8927059c8be969e6178356d18c8051b7d942afdaa, delivery id: 29a6843c-2c46-11f1-83b5-4d5c37f4ccdc
Found head_commit for delivery id 32470422-2c41-11f1-85a6-b77f238f0be6, timestamp: 1774879393.0, 2026-03-30 07:03:13
signature: sha256=5e8e1232def4ef01da7e2de56d93359d8dd798b5bba2d7e4e3ce1f8deaaeed4a, delivery id: 32470422-2c41-11f1-85a6-b77f238f0be6
Found head_commit for delivery id c664a700-2c40-11f1-81bd-8c0f832dabf3, timestamp: 1774879213.0, 2026-03-30 07:00:13
signature: sha256=a7c3a9ee7cb1f74d602a32cd5238b328927ac15576adb207a758e82cd921f325, delivery id: c664a700-2c40-11f1-81bd-8c0f832dabf3
Found head_commit for delivery id a61de890-2c3f-11f1-9eb1-59cd1abca111, timestamp: 1774878729.0, 2026-03-30 06:52:09
signature: sha256=10ed525448073278bf73ff6fd3b8f06175d38f83210d18c8f081765088eb02b2, delivery id: a61de890-2c3f-11f1-9eb1-59cd1abca111
Found head_commit for delivery id 26cbd51a-2c3b-11f1-83b6-db7f5642b497, timestamp: 1774876797.0, 2026-03-30 06:19:57
signature: sha256=7623b4516fa8bf3535d0ee8e6541cb5fda2b15dcc7844ae4d8ad93e6ad5442e7, delivery id: 26cbd51a-2c3b-11f1-83b6-db7f5642b497
Found head_commit for delivery id f2b37f80-2c3a-11f1-8bfa-09ae725d8f08, timestamp: 1774876698.0, 2026-03-30 06:18:18
signature: sha256=737194efe19f78bfb9b18ac8030a781974f1bcd10c250094893474b29de02b4a, delivery id: f2b37f80-2c3a-11f1-8bfa-09ae725d8f08
Found head_commit for delivery id 1ee0f74a-2c36-11f1-9992-3a74a2ce836e, timestamp: 1774874617.0, 2026-03-30 05:43:37
signature: sha256=31ed5eccc4f825853dbc253f777b8becd163103c19645e0beac0bd27adc3f64a, delivery id: 1ee0f74a-2c36-11f1-9992-3a74a2ce836e
Found head_commit for delivery id c2505f22-2c33-11f1-8e98-770eb5a783d0, timestamp: 1774873610.0, 2026-03-30 05:26:50
signature: sha256=cfc85b0d7dda9d85154dc9645e6aaf3b1953b071c35cd0773cadeb66c05d86d0, delivery id: c2505f22-2c33-11f1-8e98-770eb5a783d0
Found head_commit for delivery id 7a32783e-2c32-11f1-9c2d-9ef4c7606b13, timestamp: 1774873070.0, 2026-03-30 05:17:50
signature: sha256=b35fa26e5fe6f7163d8efa83e896ea94695d9f296ce86a295cecbb60926c1b77, delivery id: 7a32783e-2c32-11f1-9c2d-9ef4c7606b13
Found head_commit for delivery id f0a36376-2c31-11f1-950c-3de52fa58bfc, timestamp: 1774872832.0, 2026-03-30 05:13:52
signature: sha256=cbc9be87b7f8e79adb474dfca148c0ca898b6be9d4e81270cac2d0a031d2f0dc, delivery id: f0a36376-2c31-11f1-950c-3de52fa58bfc
Found head_commit for delivery id 6c0b4052-2c31-11f1-93dc-9a21726855c6, timestamp: 1774872618.0, 2026-03-30 05:10:18
signature: sha256=5dbc0bc160aa8f322ad2e4e8f8f12008009b42579deab310e4db255864aae7fd, delivery id: 6c0b4052-2c31-11f1-93dc-9a21726855c6
Found head_commit for delivery id 8e49a24a-2c30-11f1-97ef-5c5396d3fcad, timestamp: 1774872247.0, 2026-03-30 05:04:07
signature: sha256=7001d8c2fdaf8425e80cfb5fc1fd340c396545dcd67310747b46e9dbb0ef9cd6, delivery id: 8e49a24a-2c30-11f1-97ef-5c5396d3fcad
Found head_commit for delivery id b2fe84a8-2c2f-11f1-8328-6beaf4fafa1e, timestamp: 1774871863.0, 2026-03-30 04:57:43
signature: sha256=9be65eda736bda33723654aa337e9d0a84417409d4370b98e0ad0a605d6605a7, delivery id: b2fe84a8-2c2f-11f1-8328-6beaf4fafa1e
Found head_commit for delivery id b7d6f002-2c2d-11f1-942d-2831d4cb7f7a, timestamp: 1774871028.0, 2026-03-30 04:43:48
signature: sha256=4d563a0ac5fd9732664c7b3ad2a44400eb99049b1a1a24516ebfb451fedad3b1, delivery id: b7d6f002-2c2d-11f1-942d-2831d4cb7f7a
Found head_commit for delivery id ae01a99c-2c2c-11f1-8e05-66d21d697ee6, timestamp: 1774870581.0, 2026-03-30 04:36:21
signature: sha256=dac7bc7dd791beedcda8e934933f6a06fb5e6b060336e8d0e21cfc20af90eea2, delivery id: ae01a99c-2c2c-11f1-8e05-66d21d697ee6
Found head_commit for delivery id 489a5370-2c2b-11f1-870d-e74a9ecac21f, timestamp: 1774869982.0, 2026-03-30 04:26:22
signature: sha256=e6d5ff2ca1a5868a58d12d6a8075fe722afcf002a629e1771b49171b023b9f27, delivery id: 489a5370-2c2b-11f1-870d-e74a9ecac21f
Found head_commit for delivery id eeb436dc-2c2a-11f1-9cb6-648a37dac00c, timestamp: 1774869709.0, 2026-03-30 04:21:49
signature: sha256=79e08a14467bc8f49fb60497befb77ef467e7664fb9d75cca2b4fc94b2d837d3, delivery id: eeb436dc-2c2a-11f1-9cb6-648a37dac00c
Found head_commit for delivery id 293fdcd2-2c28-11f1-9175-75ee2d65885a, timestamp: 1774868635.0, 2026-03-30 04:03:55
signature: sha256=eb92913a6e0cc3aa7bee4dbdd07766dfddb76dc5d3937df720d0aa66fb50c60f, delivery id: 293fdcd2-2c28-11f1-9175-75ee2d65885a
Skipping delivery 2c15278c-2c28-11f1-81b8-fd637d0fbac2 with no head_commit
Found head_commit for delivery id 115f49e0-2c28-11f1-8440-f870e4bb7276, timestamp: 1774868601.0, 2026-03-30 04:03:21
signature: sha256=d14aa23aff91d4bf9bfa6c60511193144f91b129f52e6e341bdf1fcf00d3d69c, delivery id: 115f49e0-2c28-11f1-8440-f870e4bb7276
Found head_commit for delivery id f2451026-2c27-11f1-932d-92a97b52e21e, timestamp: 1774868548.0, 2026-03-30 04:02:28
signature: sha256=370d9b73a17b2a9e5003e659a7228df91815397483ad00f3e5a07a979d7d9646, delivery id: f2451026-2c27-11f1-932d-92a97b52e21e
Found head_commit for delivery id bcfa488c-2c27-11f1-966c-4e6b99557dfa, timestamp: 1774868460.0, 2026-03-30 04:01:00
signature: sha256=bc75e6082636093723fdcb803493c77e6a555a874e75eb75deb93670e059a3b1, delivery id: bcfa488c-2c27-11f1-966c-4e6b99557dfa
Skipping delivery 4596a470-2c27-11f1-88ff-252479dd418c with no head_commit
Found head_commit for delivery id 40229544-2c27-11f1-8803-179b9dd767b1, timestamp: 1774868247.0, 2026-03-30 03:57:27
signature: sha256=44ddf99a3b3ac186256dcd6e026cbe151cc80b8ebc7e888b02b0183cf98ed6b5, delivery id: 40229544-2c27-11f1-8803-179b9dd767b1
Found head_commit for delivery id 29799c2a-2c27-11f1-9a57-55914d10e669, timestamp: 1774868212.0, 2026-03-30 03:56:52
signature: sha256=50ea25452d0c070e9839facb1c783081be1289fbf5bf91dbc9ee7f7e9ad08594, delivery id: 29799c2a-2c27-11f1-9a57-55914d10e669
Found head_commit for delivery id 12676b52-2c27-11f1-82e2-dabecab48d34, timestamp: 1774868173.0, 2026-03-30 03:56:13
signature: sha256=ac965b1b2f1022cc9be3d069e30c66b827879157125bd032c622458cc22eaa32, delivery id: 12676b52-2c27-11f1-82e2-dabecab48d34
Found head_commit for delivery id f3c5bd84-2c26-11f1-8c76-cf454c490c29, timestamp: 1774868121.0, 2026-03-30 03:55:21
signature: sha256=2b8b89c414a4a812e743ab15275dd88ca73ecb31b21d2342797d08870ad0e4cb, delivery id: f3c5bd84-2c26-11f1-8c76-cf454c490c29
Found head_commit for delivery id d76002bc-2c26-11f1-9a6e-53cd9287ff96, timestamp: 1774868075.0, 2026-03-30 03:54:35
signature: sha256=64371b3d01022605f01f8b508ab1d03d11d8e49d33df878d6273eddfde727e65, delivery id: d76002bc-2c26-11f1-9a6e-53cd9287ff96
Found head_commit for delivery id 89a4d20a-2c26-11f1-8bb0-c1bbb4b1333b, timestamp: 1774867943.0, 2026-03-30 03:52:23
signature: sha256=708b7d8e81431e2a8a0478e5c97a9d3ea7cdbe982e6b3a7d6c277b0a010168c0, delivery id: 89a4d20a-2c26-11f1-8bb0-c1bbb4b1333b
Found head_commit for delivery id 7e955786-2c26-11f1-9c8b-57b0a791e916, timestamp: 1774867925.0, 2026-03-30 03:52:05
signature: sha256=084d9a8bffc0c8ad6ebefbc14fede017b5a45d81e5de6179c36da8091f594c21, delivery id: 7e955786-2c26-11f1-9c8b-57b0a791e916
Found head_commit for delivery id 6635d170-2c26-11f1-9293-d3412f36a36c, timestamp: 1774867885.0, 2026-03-30 03:51:25
signature: sha256=30f55bfbab074cd8bd3490abc734f6f0bee608e2587ec777569b77626250b609, delivery id: 6635d170-2c26-11f1-9293-d3412f36a36c
Found head_commit for delivery id a923e284-2c20-11f1-82cd-6f65ec4cc2ae, timestamp: 1774865420.0, 2026-03-30 03:10:20
signature: sha256=68567811876262174bf2946d2c7735aecb71b5f80637336cf689611e5a5a2782, delivery id: a923e284-2c20-11f1-82cd-6f65ec4cc2ae
Found head_commit for delivery id 86cf3508-2c20-11f1-875a-6e75c1718cb9, timestamp: 1774865362.0, 2026-03-30 03:09:22
signature: sha256=f62e25b2fa6487034ca1332aff2576b9d2761a064d3896bd85007dabb483d814, delivery id: 86cf3508-2c20-11f1-875a-6e75c1718cb9
Found head_commit for delivery id 68a7cff8-2c1c-11f1-9cba-119fbe42c38e, timestamp: 1774863593.0, 2026-03-30 02:39:53
signature: sha256=cd64b35c2c075fe795193e56294111c1ea4b71713ed08b4d60c16a8fdb4d7394, delivery id: 68a7cff8-2c1c-11f1-9cba-119fbe42c38e
Found head_commit for delivery id 5115895c-2c1c-11f1-99e3-cbcaa3f0ec93, timestamp: 1774863544.0, 2026-03-30 02:39:04
signature: sha256=be2dc519c01a2999fd6497e3926218ba47bcd3bd0654edb95b942b129acd673d, delivery id: 5115895c-2c1c-11f1-99e3-cbcaa3f0ec93
Found head_commit for delivery id f71439e4-2c1b-11f1-9b71-938e6af72c08, timestamp: 1774863403.0, 2026-03-30 02:36:43
signature: sha256=410a241576e826c1bf54d2c4dc8f4e6df11da1798e5ddae4f84a0b0710d03eb4, delivery id: f71439e4-2c1b-11f1-9b71-938e6af72c08
Found head_commit for delivery id ed7b4490-2c1b-11f1-963b-d55e67311f07, timestamp: 1774863387.0, 2026-03-30 02:36:27
signature: sha256=0625ffb396f12ea09873b850630cc2727e3bfe15f3041f8a739bde9debd85d29, delivery id: ed7b4490-2c1b-11f1-963b-d55e67311f07
Found head_commit for delivery id 409e7b08-2c1a-11f1-90a1-6e48ed34634f, timestamp: 1774862654.0, 2026-03-30 02:24:14
signature: sha256=f9d53e4cf2d3d2466eda398247b62563411c57c3e695cba1a9a316610ee86f32, delivery id: 409e7b08-2c1a-11f1-90a1-6e48ed34634f
Found head_commit for delivery id 8f4cc8aa-2c19-11f1-918e-5afbb9bea099, timestamp: 1774862370.0, 2026-03-30 02:19:30
signature: sha256=b538fa8fcc06a698d713ad77a081ce780f9d2545824892ab97c80a38b5dfaa5e, delivery id: 8f4cc8aa-2c19-11f1-918e-5afbb9bea099
Found head_commit for delivery id 5f47d0f6-2c18-11f1-9597-da4d1d43dedf, timestamp: 1774861859.0, 2026-03-30 02:10:59
signature: sha256=7c389e71568ee43a9f6643d696db1a5ee031c61878c7968a2bee3cc121f6a8cb, delivery id: 5f47d0f6-2c18-11f1-9597-da4d1d43dedf
Found head_commit for delivery id ff90174a-2c17-11f1-848a-df2316037692, timestamp: 1774861699.0, 2026-03-30 02:08:19
signature: sha256=2d2d43aea2035db4a0804152c8718044913c7ae3cf50c3a5eb4ec96c1e787d83, delivery id: ff90174a-2c17-11f1-848a-df2316037692
Found head_commit for delivery id f4b311ba-2c17-11f1-9760-db69e0184e22, timestamp: 1774861681.0, 2026-03-30 02:08:01
signature: sha256=a8177e7a54d7a3970e841dd798322d806f6c766e87204a6c35614a784dd524f7, delivery id: f4b311ba-2c17-11f1-9760-db69e0184e22
Found head_commit for delivery id 8f6422e4-2c0e-11f1-8ec6-3b60bce50c8b, timestamp: 1774857645.0, 2026-03-30 01:00:45
signature: sha256=101378f206fe2edb3dd733b23dc02118f7414c1d648ae37e6452db9830d8d883, delivery id: 8f6422e4-2c0e-11f1-8ec6-3b60bce50c8b
Found head_commit for delivery id 5f6f87d2-2c0d-11f1-89a6-6e5bbfccac1a, timestamp: 1774857135.0, 2026-03-30 00:52:15
signature: sha256=4edc16d5179f29858618944a5a6bf9e3d8d6e38a0e2bcd3dc261cc436b6f62a8, delivery id: 5f6f87d2-2c0d-11f1-89a6-6e5bbfccac1a
Found head_commit for delivery id 0672f328-2c01-11f1-8fe3-229d815de67a, timestamp: 1774851831.0, 2026-03-29 23:23:51
signature: sha256=5a9bd66716490bfdb6d5262f4d1e72afa2b46b84205a532568b5f99b1a6fdf39, delivery id: 0672f328-2c01-11f1-8fe3-229d815de67a
Found head_commit for delivery id b5b7c850-2c00-11f1-94f9-bc6042993b39, timestamp: 1774851691.0, 2026-03-29 23:21:31
signature: sha256=ac9cbcc375ccee418ca8d9aad078bd394aa7b267df889370bb7c2ab5283832a0, delivery id: b5b7c850-2c00-11f1-94f9-bc6042993b39
Found head_commit for delivery id d91683a2-2bfd-11f1-9fb1-4edfd08311c8, timestamp: 1774850468.0, 2026-03-29 23:01:08
signature: sha256=c52aba949eeaacfe4946e52c9310d5d0fdf56c701bf2d46fa9456193d3fa65ca, delivery id: d91683a2-2bfd-11f1-9fb1-4edfd08311c8
Found head_commit for delivery id 9909cd28-2bfd-11f1-8050-9e7ff5f289fa, timestamp: 1774850353.0, 2026-03-29 22:59:13
signature: sha256=0fef262b958149a624953b2d7cd02ecd400c1bbe25d6c90fd7f9e0de8d877df0, delivery id: 9909cd28-2bfd-11f1-8050-9e7ff5f289fa
Skipping delivery 22857bea-2bf1-11f1-8f96-d795e2ecdfa2 with no head_commit
Found head_commit for delivery id 1c49ffd0-2bf1-11f1-9465-1af284cbb2f7, timestamp: 1774844996.0, 2026-03-29 21:29:56
signature: sha256=8c84d7ea60faf1a332f9db145a29ff090905d5ae28129cd5b64fda1de5926b61, delivery id: 1c49ffd0-2bf1-11f1-9465-1af284cbb2f7
Found head_commit for delivery id 057cfa64-2bf1-11f1-8ef0-9496524c13f5, timestamp: 1774844959.0, 2026-03-29 21:29:19
signature: sha256=c9a976119fc28f87ca6a0c45644757771c19c6840175e17847c7d0ba14431c69, delivery id: 057cfa64-2bf1-11f1-8ef0-9496524c13f5
Found head_commit for delivery id f149dbd4-2bf0-11f1-9f5c-3b34dc8aef6b, timestamp: 1774844924.0, 2026-03-29 21:28:44
signature: sha256=8e7b3cd96518b7a6a61a90faea9c296b706997f727ba3134fe31c92f921593c2, delivery id: f149dbd4-2bf0-11f1-9f5c-3b34dc8aef6b
Found head_commit for delivery id b64fc8e0-2bf0-11f1-8538-90253bbc1349, timestamp: 1774844827.0, 2026-03-29 21:27:07
signature: sha256=356e2fa332000f099409a58cde68b28c305a7ea7c17dc558460ee69306b3fc2e, delivery id: b64fc8e0-2bf0-11f1-8538-90253bbc1349
Found head_commit for delivery id 38393428-2bf0-11f1-9ff3-719bde6479d2, timestamp: 1774844614.0, 2026-03-29 21:23:34
signature: sha256=d15f6857fe818ac90dba4425a38976c154608bd9d3d6d15f2ade3fc183a93c0e, delivery id: 38393428-2bf0-11f1-9ff3-719bde6479d2
Found head_commit for delivery id 77e237ee-2b4d-11f1-85e8-a0d9be8264f7, timestamp: 1774774713.0, 2026-03-29 01:58:33
signature: sha256=04e0e7efe6912771a36dd968e32798e11c848372f7b96a652e12fd17d496a7d1, delivery id: 77e237ee-2b4d-11f1-85e8-a0d9be8264f7
Found head_commit for delivery id d6e8b78c-2b4c-11f1-9b89-927311232ac9, timestamp: 1774774443.0, 2026-03-29 01:54:03
signature: sha256=0001d723c5c957ed175b4cd97df20ae99b3959cb8f0b0373f3701c0548386dbf, delivery id: d6e8b78c-2b4c-11f1-9b89-927311232ac9
Found head_commit for delivery id f26a8688-2b43-11f1-9825-a7b49dca7b82, timestamp: 1774770623.0, 2026-03-29 00:50:23
signature: sha256=8f9e10a182b9f4e05197e1e0162e9704c5443b42d31016e5fa4a0d1941724ace, delivery id: f26a8688-2b43-11f1-9825-a7b49dca7b82
Found head_commit for delivery id 01b0b940-2a8c-11f1-8484-71a96d690ec3, timestamp: 1774691622.0, 2026-03-28 02:53:42
signature: sha256=937560852e15229adb32203d10ae2ca89c7d2180fc9d7e459a89a8c5ff13b3bd, delivery id: 01b0b940-2a8c-11f1-8484-71a96d690ec3
Found head_commit for delivery id 9a872b64-2a8b-11f1-943d-0d48c4ae0628, timestamp: 1774691432.0, 2026-03-28 02:50:32
signature: sha256=9b2c77353151864429557501564abc616f10c6985963008842ab13ca6d42772c, delivery id: 9a872b64-2a8b-11f1-943d-0d48c4ae0628
Found head_commit for delivery id f4f08588-2a8a-11f1-8326-653f9c419f14, timestamp: 1774691151.0, 2026-03-28 02:45:51
signature: sha256=0ec0d4015b8884e912eed9ea3d8c9d68b37bf8f1a02fd9fa030bff6d793fde9a, delivery id: f4f08588-2a8a-11f1-8326-653f9c419f14
Found head_commit for delivery id 2e1321d2-2a35-11f1-93e2-303954bb732f, timestamp: 1774654330.0, 2026-03-27 16:32:10
signature: sha256=dc838fd4f08a2742443b7dee18f0fdd79e03e9d5bd20f7821b97a0399850ceb9, delivery id: 2e1321d2-2a35-11f1-93e2-303954bb732f
Found head_commit for delivery id 12d4a95e-2a35-11f1-9536-596371f64999, timestamp: 1774654266.0, 2026-03-27 16:31:06
signature: sha256=3313d08ed9a47dac88ffa8301c2ac430bab5ddc05c978921d07aaa670e196ac4, delivery id: 12d4a95e-2a35-11f1-9536-596371f64999
Found head_commit for delivery id c73afb88-2a34-11f1-8b87-0865f3db3ffb, timestamp: 1774654115.0, 2026-03-27 16:28:35
signature: sha256=7961a46015308ea07103a5734879534e02cea3a3d4ea866d3598a86958a0f055, delivery id: c73afb88-2a34-11f1-8b87-0865f3db3ffb
Found head_commit for delivery id a02a61ca-2a23-11f1-862b-da089e1455e8, timestamp: 1774646778.0, 2026-03-27 14:26:18
signature: sha256=0d5d5e2a817a670d388c4ca925662017db80491333aec3272697796026c4a4a4, delivery id: a02a61ca-2a23-11f1-862b-da089e1455e8
Skipping delivery 9d02e580-2a23-11f1-803a-d4653b225c91 with no head_commit
Found head_commit for delivery id 88fcbeda-2a23-11f1-9c50-efd19c3d1011, timestamp: 1774646752.0, 2026-03-27 14:25:52
signature: sha256=48e5525ad93803927c7f47c3714fa16c76fe721e6d5b47623c9025c092d88877, delivery id: 88fcbeda-2a23-11f1-9c50-efd19c3d1011
Found head_commit for delivery id 7f065bb6-2a23-11f1-901a-6c739543a4ec, timestamp: 1774646735.0, 2026-03-27 14:25:35
signature: sha256=79767dcb2100e07a31066ca07737d48d4c0c1c57ce2cb391263539e165d1c7da, delivery id: 7f065bb6-2a23-11f1-901a-6c739543a4ec
Found head_commit for delivery id 4c971418-2a23-11f1-8e11-c9b302091c26, timestamp: 1774646651.0, 2026-03-27 14:24:11
signature: sha256=0a8d231b1780064fc4e0887c8c55af8e8fe2e9551b44d5e3ea727caac21187ef, delivery id: 4c971418-2a23-11f1-8e11-c9b302091c26
Found head_commit for delivery id 0c8ccf02-2a23-11f1-8adf-45075eb7e300, timestamp: 1774646526.0, 2026-03-27 14:22:06
signature: sha256=8680274dee2feaacff2c9bf1d40561934bcf80f8c265387996947d69c7053f2d, delivery id: 0c8ccf02-2a23-11f1-8adf-45075eb7e300
Found head_commit for delivery id deeac790-2a20-11f1-972f-9bf1b9f2c962, timestamp: 1774645599.0, 2026-03-27 14:06:39
signature: sha256=d172f9966330a095a5f2ccdbe27ecfb5833ed3436887bc88375b328e2517e8fb, delivery id: deeac790-2a20-11f1-972f-9bf1b9f2c962
Skipping delivery a377f656-2a20-11f1-94e6-de722893ec10 with no head_commit
Found head_commit for delivery id 9e3a021a-2a20-11f1-988a-a811f049d957, timestamp: 1774645499.0, 2026-03-27 14:04:59
signature: sha256=d41b058459618e679d113123df993b32b1eb0eee31504d22d19aa8b3cd9421fb, delivery id: 9e3a021a-2a20-11f1-988a-a811f049d957
Found head_commit for delivery id 8d0e9e42-2a20-11f1-8536-86c0f897c22e, timestamp: 1774645470.0, 2026-03-27 14:04:30
signature: sha256=787d6909f78778ac12a7d6ba10a9d33d0d1b0a77417e740381d04cc67de07818, delivery id: 8d0e9e42-2a20-11f1-8536-86c0f897c22e
Found head_commit for delivery id 80c66584-2a20-11f1-83f4-52a755fac517, timestamp: 1774645449.0, 2026-03-27 14:04:09
signature: sha256=5303ee7ef7138653a0f88e599470802b33b7f5b3288ee62b0bb14a905304ddfa, delivery id: 80c66584-2a20-11f1-83f4-52a755fac517
Found head_commit for delivery id 64da001a-2a20-11f1-8c76-77ea612e6169, timestamp: 1774645403.0, 2026-03-27 14:03:23
signature: sha256=c1a42cfc4785203944c42a3cc6850fd324ae75e6e8cb83649fc905e8284187bc, delivery id: 64da001a-2a20-11f1-8c76-77ea612e6169
Found head_commit for delivery id 2af6f31c-2a20-11f1-9d06-a710fc5d6d63, timestamp: 1774644874.0, 2026-03-27 13:54:34
signature: sha256=ecdfdc648e8a1a6baba31789ec1af8c8ed0b0ea9572a144322449ca546b9816a, delivery id: 2af6f31c-2a20-11f1-9d06-a710fc5d6d63
Found head_commit for delivery id 6a07a64c-2a1f-11f1-9c9f-0bfab0516f68, timestamp: 1774644982.0, 2026-03-27 13:56:22
signature: sha256=4f0841ef3a57b359e5c5dfbcb19f685258456d7d4848859ca128f0b955748bbb, delivery id: 6a07a64c-2a1f-11f1-9c9f-0bfab0516f68
Found head_commit for delivery id 4741a626-2a1f-11f1-83be-4b9f4c051bc9, timestamp: 1774644924.0, 2026-03-27 13:55:24
signature: sha256=0a7c7dd35d0bf6ee93794a92813923d54c2567609e233a8f7f27869c4b769d3b, delivery id: 4741a626-2a1f-11f1-83be-4b9f4c051bc9
Found head_commit for delivery id 2ba6fa06-2a1f-11f1-9a00-2342696b3d07, timestamp: 1774644877.0, 2026-03-27 13:54:37
signature: sha256=95eb0eaa21f50e6dd8cd8c7a13d16623498c4438b314865c398f7410c5a990d9, delivery id: 2ba6fa06-2a1f-11f1-9a00-2342696b3d07
Found head_commit for delivery id 0b9422c0-2a1f-11f1-9d63-5fab4c36fa4a, timestamp: 1774644824.0, 2026-03-27 13:53:44
signature: sha256=e6c41f314cd9e97a852f6d78cf945b1a676b8eb1ed9fb3f103806f30fa699d9b, delivery id: 0b9422c0-2a1f-11f1-9d63-5fab4c36fa4a
Found head_commit for delivery id 5452287e-2a1d-11f1-8f95-54e6a3208316, timestamp: 1774644067.0, 2026-03-27 13:41:07
signature: sha256=36ea08a7377178251d90bd9f72070e610d0229d820e7b25bd780fa92a4779447, delivery id: 5452287e-2a1d-11f1-8f95-54e6a3208316
Found head_commit for delivery id e8bb76ce-2a1c-11f1-8102-a897a9488b41, timestamp: 1774643906.0, 2026-03-27 13:38:26
signature: sha256=3202f4706e807f28668baa213a7ecf1c606621be5c49b78d3a491eb6fcac5dc6, delivery id: e8bb76ce-2a1c-11f1-8102-a897a9488b41
Found head_commit for delivery id dd5c8174-2a1c-11f1-94a9-18ae48d89625, timestamp: 1774643887.0, 2026-03-27 13:38:07
signature: sha256=32f3fcdac130f16cc3527a5d34a73c1962b863143d11d34f9792a3119f8e5816, delivery id: dd5c8174-2a1c-11f1-94a9-18ae48d89625
Found head_commit for delivery id b6b02526-2a1c-11f1-99f3-5984cdd59a2d, timestamp: 1774643823.0, 2026-03-27 13:37:03
signature: sha256=7868feb42c5d97719c81386b8a021989967e450d65d8dc196e6954e4c9c1c2fa, delivery id: b6b02526-2a1c-11f1-99f3-5984cdd59a2d
Found head_commit for delivery id b13caebc-2a1b-11f1-9d8b-6ac4e1870c50, timestamp: 1774643384.0, 2026-03-27 13:29:44
signature: sha256=b08cf64046681aa8eadce44f26b62e380a3d3f10836e6114b5fe7b0cd959c5a6, delivery id: b13caebc-2a1b-11f1-9d8b-6ac4e1870c50
Found head_commit for delivery id a2993d8a-2a1b-11f1-9ed8-4fb785f9b12c, timestamp: 1774643359.0, 2026-03-27 13:29:19
signature: sha256=e88a0414c2820a907276b1fee9425ee6a10d8a0b3fec1ebf78e071d6dafd2972, delivery id: a2993d8a-2a1b-11f1-9ed8-4fb785f9b12c
Found head_commit for delivery id 365d0fa2-2a1b-11f1-8311-c5c5454d1f9e, timestamp: 1774643178.0, 2026-03-27 13:26:18
signature: sha256=a86a951e0370919e3aef31955f3758ce1df3ac893945be22f63738fb2aa1487b, delivery id: 365d0fa2-2a1b-11f1-8311-c5c5454d1f9e
Found head_commit for delivery id 00a3a4b6-2a1b-11f1-82f1-d26c88ff3c3d, timestamp: 1774643088.0, 2026-03-27 13:24:48
signature: sha256=286881f994f003817bf9a39385028608a95a20a44d601a997ac3b2c4793a9139, delivery id: 00a3a4b6-2a1b-11f1-82f1-d26c88ff3c3d
Found head_commit for delivery id 79462df4-2a1a-11f1-817b-b2c76aebdfbe, timestamp: 1774642860.0, 2026-03-27 13:21:00
signature: sha256=f242a3e13d1545e8c0329f91bfba0da750ba69f37613f2802a0a6e556de77e47, delivery id: 79462df4-2a1a-11f1-817b-b2c76aebdfbe
Found head_commit for delivery id 635e9d46-2a1a-11f1-9499-f3d27ff087f1, timestamp: 1774642823.0, 2026-03-27 13:20:23
signature: sha256=5f2e4d257367562cd7051ce41960c63210c02d1d1ba1d077c7a548045d47337d, delivery id: 635e9d46-2a1a-11f1-9499-f3d27ff087f1
Found head_commit for delivery id 991d3be6-2a19-11f1-8003-22de10887c40, timestamp: 1774642474.0, 2026-03-27 13:14:34
signature: sha256=26072bcb0f6aa2bfbd95b84d33b2763dd3ca34d13dba7ffdebbe59b97f52e4c8, delivery id: 991d3be6-2a19-11f1-8003-22de10887c40
Found head_commit for delivery id 3e5f949a-2a16-11f1-8396-2389a06e4fc4, timestamp: 1774641044.0, 2026-03-27 12:50:44
signature: sha256=0f8a8b5b1774e2c835dc33b89a317d8c7f2e25dba3387117781194dfac1f296a, delivery id: 3e5f949a-2a16-11f1-8396-2389a06e4fc4
Found head_commit for delivery id e6496e3e-2a15-11f1-9792-b9802a9fb133, timestamp: 1774640896.0, 2026-03-27 12:48:16
signature: sha256=f5f76214e2f6738df194804923dee3294f1f3811d816b365858b06fff30ee9f0, delivery id: e6496e3e-2a15-11f1-9792-b9802a9fb133
Found head_commit for delivery id ff83dafc-2a14-11f1-980e-344e21d75cd0, timestamp: 1774540338.0, 2026-03-26 08:52:18
signature: sha256=3b702618c754ac61cf2d1a67eeb04b9616588493e7942073d4e4eae452eaeada, delivery id: ff83dafc-2a14-11f1-980e-344e21d75cd0
Adding 95 deliveries
Total deliveries so far: 95
Skipping delivery e0914e4a-2a14-11f1-8a82-312d3c510420 with no head_commit
Found head_commit for delivery id ad0890d8-2a14-11f1-969c-09fc4c242dcb, timestamp: 1774540338.0, 2026-03-26 08:52:18
signature: sha256=7c9aa78c09096890bb2424454e919882fc586ffaa224a95a9d01e7032a7c1e7d, delivery id: ad0890d8-2a14-11f1-969c-09fc4c242dcb
Found head_commit for delivery id 34ff1b2a-2a14-11f1-83a4-6df53fa3d0b8, timestamp: 1774640169.0, 2026-03-27 12:36:09
signature: sha256=71fffae03e914db40cf014c6b99786264b69dba07bbc8b3e7c3f6a7b5c029369, delivery id: 34ff1b2a-2a14-11f1-83a4-6df53fa3d0b8
Found head_commit for delivery id ac5fdd80-2a0f-11f1-9695-e0ba9f72929d, timestamp: 1774638213.0, 2026-03-27 12:03:33
signature: sha256=5b76e3405b060844b396997c9ff31f1e9c805e09307c340698754df8018a924d, delivery id: ac5fdd80-2a0f-11f1-9695-e0ba9f72929d
Found head_commit for delivery id c6397da2-2a04-11f1-9885-533317ec1fac, timestamp: 1774633537.0, 2026-03-27 10:45:37
signature: sha256=4c0aea4c5ed69c4b131abd5620ccaa5a240282df33041804f1d1ae83d63f9b92, delivery id: c6397da2-2a04-11f1-9885-533317ec1fac
Found head_commit for delivery id 2d5f5224-2a03-11f1-9e7b-5a67536d4ad6, timestamp: 1774632854.0, 2026-03-27 10:34:14
signature: sha256=4e1ba012e92b2f4e39392c3f250d34de119fda5435e764894b3f9bd5d333f04b, delivery id: 2d5f5224-2a03-11f1-9e7b-5a67536d4ad6
Found head_commit for delivery id ef4d9e3c-2a02-11f1-9dc2-5b6f6f2ded5c, timestamp: 1774632728.0, 2026-03-27 10:32:08
signature: sha256=59dec9daa118fef590b59ebd2276cc79357dd0e7e7e6bd0fc778f33f9c093c23, delivery id: ef4d9e3c-2a02-11f1-9dc2-5b6f6f2ded5c
Found head_commit for delivery id db92046e-2a02-11f1-9830-5474b5180f11, timestamp: 1774632635.0, 2026-03-27 10:30:35
signature: sha256=bbbc9990aeae8b8012c46725967d41c386373b18dc63151be3d31086fc5d8ab5, delivery id: db92046e-2a02-11f1-9830-5474b5180f11
Found head_commit for delivery id 7cebf81c-2a01-11f1-9abe-924ab00eef20, timestamp: 1774632129.0, 2026-03-27 10:22:09
signature: sha256=7213a36e0b071316118338e9a60865f084ae8636e9959e88c6f8704613460491, delivery id: 7cebf81c-2a01-11f1-9abe-924ab00eef20
Found head_commit for delivery id 3870417a-2a01-11f1-95d6-570775c973a6, timestamp: 1774631962.0, 2026-03-27 10:19:22
signature: sha256=5e40f8995b4051394c1881c72775df69ce21a507ff60b1ce13cd0a10fcf9445e, delivery id: 3870417a-2a01-11f1-95d6-570775c973a6
Found head_commit for delivery id f2a35e30-29ff-11f1-8744-61ae95230f53, timestamp: 1773904561.0, 2026-03-19 00:16:01
signature: sha256=caebfe077c5ded4419e75299ddfad27bb0f55f77276a340e53f1dad4f4d1070b, delivery id: f2a35e30-29ff-11f1-8744-61ae95230f53
Adding 10 deliveries
Total deliveries so far: 105
Total deliveries to process: 105
Processing delivery id: 6c013c52-2c53-11f1-9a60-7ba2fc4b89c8
Delivery 6c013c52-2c53-11f1-9a60-7ba2fc4b89c8 (2026-03-27 12:03:33) needs processing (timestamp: 1774638213.0 > most recent timestamp: 1774378187.0)
Most recent processed delivery set to -- id: 6c013c52-2c53-11f1-9a60-7ba2fc4b89c8, date-time: 2026-03-27T12:03:33, timestamp: 1774638213.0
Processed 1 deliveries so far...
Processing delivery id: 3fb1a57e-2c53-11f1-8d8c-8e6973b91deb
Delivery 3fb1a57e-2c53-11f1-8d8c-8e6973b91deb (2026-03-30 09:12:23) needs processing (timestamp: 1774887143.0 > most recent timestamp: 1774378187.0)
Most recent processed delivery set to -- id: 3fb1a57e-2c53-11f1-8d8c-8e6973b91deb, date-time: 2026-03-30T09:12:23, timestamp: 1774887143.0
Processed 2 deliveries so far...
Processing delivery id: 902dfae0-2c51-11f1-93d3-7c15d1644bd7
Delivery 902dfae0-2c51-11f1-93d3-7c15d1644bd7 (2026-03-30 09:00:22) needs processing (timestamp: 1774886422.0 > most recent timestamp: 1774378187.0)
Processed 3 deliveries so far...
Processing delivery id: 4e05ed9e-2c51-11f1-89e9-6b21fee2a4c4
Delivery 4e05ed9e-2c51-11f1-89e9-6b21fee2a4c4 (2026-03-30 08:58:07) needs processing (timestamp: 1774886287.0 > most recent timestamp: 1774378187.0)
Processed 4 deliveries so far...
Processing delivery id: 6a517caa-2c4e-11f1-81db-697b4083a7c4
Ignoring repository: adobe-commerce-plugin
Ignoring delivery 6a517caa-2c4e-11f1-81db-697b4083a7c4 based on repository ignore list
Processing delivery id: a01e4242-2c4d-11f1-9657-b0fcac3ebed0
Ignoring repository: adobe-commerce-plugin
Ignoring delivery a01e4242-2c4d-11f1-9657-b0fcac3ebed0 based on repository ignore list
Processing delivery id: 29a6843c-2c46-11f1-83b5-4d5c37f4ccdc
Delivery 29a6843c-2c46-11f1-83b5-4d5c37f4ccdc (2025-11-23 18:42:50) does not need processing (timestamp: 1763952170.0 <= most recent timestamp: 1774378187.0)
Processing delivery id: 32470422-2c41-11f1-85a6-b77f238f0be6
Delivery 32470422-2c41-11f1-85a6-b77f238f0be6 (2026-03-30 07:03:13) needs processing (timestamp: 1774879393.0 > most recent timestamp: 1774378187.0)
Processed 5 deliveries so far...
Processing delivery id: c664a700-2c40-11f1-81bd-8c0f832dabf3
Delivery c664a700-2c40-11f1-81bd-8c0f832dabf3 (2026-03-30 07:00:13) needs processing (timestamp: 1774879213.0 > most recent timestamp: 1774378187.0)
Processed 6 deliveries so far...
Processing delivery id: a61de890-2c3f-11f1-9eb1-59cd1abca111
Delivery a61de890-2c3f-11f1-9eb1-59cd1abca111 (2026-03-30 06:52:09) needs processing (timestamp: 1774878729.0 > most recent timestamp: 1774378187.0)
Processed 7 deliveries so far...
Processing delivery id: 26cbd51a-2c3b-11f1-83b6-db7f5642b497
Delivery 26cbd51a-2c3b-11f1-83b6-db7f5642b497 (2026-03-30 06:19:57) needs processing (timestamp: 1774876797.0 > most recent timestamp: 1774378187.0)
Processed 8 deliveries so far...
Processing delivery id: f2b37f80-2c3a-11f1-8bfa-09ae725d8f08
Delivery f2b37f80-2c3a-11f1-8bfa-09ae725d8f08 (2026-03-30 06:18:18) needs processing (timestamp: 1774876698.0 > most recent timestamp: 1774378187.0)
Processed 9 deliveries so far...
Processing delivery id: 1ee0f74a-2c36-11f1-9992-3a74a2ce836e
Ignoring repository: adobe-commerce-plugin
Ignoring delivery 1ee0f74a-2c36-11f1-9992-3a74a2ce836e based on repository ignore list
Processing delivery id: c2505f22-2c33-11f1-8e98-770eb5a783d0
Ignoring repository: adobe-commerce-plugin
Ignoring delivery c2505f22-2c33-11f1-8e98-770eb5a783d0 based on repository ignore list
Processing delivery id: 7a32783e-2c32-11f1-9c2d-9ef4c7606b13
Delivery 7a32783e-2c32-11f1-9c2d-9ef4c7606b13 (2026-03-30 05:17:50) needs processing (timestamp: 1774873070.0 > most recent timestamp: 1774378187.0)
Processed 10 deliveries so far...
Processing delivery id: f0a36376-2c31-11f1-950c-3de52fa58bfc
Ignoring repository: adobe-commerce-plugin
Ignoring delivery f0a36376-2c31-11f1-950c-3de52fa58bfc based on repository ignore list
Processing delivery id: 6c0b4052-2c31-11f1-93dc-9a21726855c6
Delivery 6c0b4052-2c31-11f1-93dc-9a21726855c6 (2026-03-30 05:10:18) needs processing (timestamp: 1774872618.0 > most recent timestamp: 1774378187.0)
Processed 11 deliveries so far...
Processing delivery id: 8e49a24a-2c30-11f1-97ef-5c5396d3fcad
Delivery 8e49a24a-2c30-11f1-97ef-5c5396d3fcad (2026-03-30 05:04:07) needs processing (timestamp: 1774872247.0 > most recent timestamp: 1774378187.0)
Processed 12 deliveries so far...
Processing delivery id: b2fe84a8-2c2f-11f1-8328-6beaf4fafa1e
Delivery b2fe84a8-2c2f-11f1-8328-6beaf4fafa1e (2026-03-30 04:57:43) needs processing (timestamp: 1774871863.0 > most recent timestamp: 1774378187.0)
Processed 13 deliveries so far...
Processing delivery id: b7d6f002-2c2d-11f1-942d-2831d4cb7f7a
Delivery b7d6f002-2c2d-11f1-942d-2831d4cb7f7a (2026-03-30 04:43:48) needs processing (timestamp: 1774871028.0 > most recent timestamp: 1774378187.0)
Processed 14 deliveries so far...
Processing delivery id: ae01a99c-2c2c-11f1-8e05-66d21d697ee6
Delivery ae01a99c-2c2c-11f1-8e05-66d21d697ee6 (2026-03-30 04:36:21) needs processing (timestamp: 1774870581.0 > most recent timestamp: 1774378187.0)
Processed 15 deliveries so far...
Processing delivery id: 489a5370-2c2b-11f1-870d-e74a9ecac21f
Delivery 489a5370-2c2b-11f1-870d-e74a9ecac21f (2026-03-30 04:26:22) needs processing (timestamp: 1774869982.0 > most recent timestamp: 1774378187.0)
Processed 16 deliveries so far...
Processing delivery id: eeb436dc-2c2a-11f1-9cb6-648a37dac00c
Delivery eeb436dc-2c2a-11f1-9cb6-648a37dac00c (2026-03-30 04:21:49) needs processing (timestamp: 1774869709.0 > most recent timestamp: 1774378187.0)
Processed 17 deliveries so far...
Processing delivery id: 293fdcd2-2c28-11f1-9175-75ee2d65885a
Delivery 293fdcd2-2c28-11f1-9175-75ee2d65885a (2026-03-30 04:03:55) needs processing (timestamp: 1774868635.0 > most recent timestamp: 1774378187.0)
Processed 18 deliveries so far...
Processing delivery id: 115f49e0-2c28-11f1-8440-f870e4bb7276
Delivery 115f49e0-2c28-11f1-8440-f870e4bb7276 (2026-03-30 04:03:21) needs processing (timestamp: 1774868601.0 > most recent timestamp: 1774378187.0)
Processed 19 deliveries so far...
Processing delivery id: f2451026-2c27-11f1-932d-92a97b52e21e
Delivery f2451026-2c27-11f1-932d-92a97b52e21e (2026-03-30 04:02:28) needs processing (timestamp: 1774868548.0 > most recent timestamp: 1774378187.0)
Processed 20 deliveries so far...
Processing delivery id: bcfa488c-2c27-11f1-966c-4e6b99557dfa
Delivery bcfa488c-2c27-11f1-966c-4e6b99557dfa (2026-03-30 04:01:00) needs processing (timestamp: 1774868460.0 > most recent timestamp: 1774378187.0)
Processed 21 deliveries so far...
Processing delivery id: 40229544-2c27-11f1-8803-179b9dd767b1
Delivery 40229544-2c27-11f1-8803-179b9dd767b1 (2026-03-30 03:57:27) needs processing (timestamp: 1774868247.0 > most recent timestamp: 1774378187.0)
Processed 22 deliveries so far...
Processing delivery id: 29799c2a-2c27-11f1-9a57-55914d10e669
Delivery 29799c2a-2c27-11f1-9a57-55914d10e669 (2026-03-30 03:56:52) needs processing (timestamp: 1774868212.0 > most recent timestamp: 1774378187.0)
Processed 23 deliveries so far...
Processing delivery id: 12676b52-2c27-11f1-82e2-dabecab48d34
Delivery 12676b52-2c27-11f1-82e2-dabecab48d34 (2026-03-30 03:56:13) needs processing (timestamp: 1774868173.0 > most recent timestamp: 1774378187.0)
Processed 24 deliveries so far...
Processing delivery id: f3c5bd84-2c26-11f1-8c76-cf454c490c29
Delivery f3c5bd84-2c26-11f1-8c76-cf454c490c29 (2026-03-30 03:55:21) needs processing (timestamp: 1774868121.0 > most recent timestamp: 1774378187.0)
Processed 25 deliveries so far...
Processing delivery id: d76002bc-2c26-11f1-9a6e-53cd9287ff96
Delivery d76002bc-2c26-11f1-9a6e-53cd9287ff96 (2026-03-30 03:54:35) needs processing (timestamp: 1774868075.0 > most recent timestamp: 1774378187.0)
Processed 26 deliveries so far...
Processing delivery id: 89a4d20a-2c26-11f1-8bb0-c1bbb4b1333b
Delivery 89a4d20a-2c26-11f1-8bb0-c1bbb4b1333b (2026-03-30 03:52:23) needs processing (timestamp: 1774867943.0 > most recent timestamp: 1774378187.0)
Processed 27 deliveries so far...
Processing delivery id: 7e955786-2c26-11f1-9c8b-57b0a791e916
Delivery 7e955786-2c26-11f1-9c8b-57b0a791e916 (2026-03-30 03:52:05) needs processing (timestamp: 1774867925.0 > most recent timestamp: 1774378187.0)
Processed 28 deliveries so far...
Processing delivery id: 6635d170-2c26-11f1-9293-d3412f36a36c
Delivery 6635d170-2c26-11f1-9293-d3412f36a36c (2026-03-30 03:51:25) needs processing (timestamp: 1774867885.0 > most recent timestamp: 1774378187.0)
Processed 29 deliveries so far...
Processing delivery id: a923e284-2c20-11f1-82cd-6f65ec4cc2ae
Delivery a923e284-2c20-11f1-82cd-6f65ec4cc2ae (2026-03-30 03:10:20) needs processing (timestamp: 1774865420.0 > most recent timestamp: 1774378187.0)
Processed 30 deliveries so far...
Processing delivery id: 86cf3508-2c20-11f1-875a-6e75c1718cb9
Delivery 86cf3508-2c20-11f1-875a-6e75c1718cb9 (2026-03-30 03:09:22) needs processing (timestamp: 1774865362.0 > most recent timestamp: 1774378187.0)
Processed 31 deliveries so far...
Processing delivery id: 68a7cff8-2c1c-11f1-9cba-119fbe42c38e
Delivery 68a7cff8-2c1c-11f1-9cba-119fbe42c38e (2026-03-30 02:39:53) needs processing (timestamp: 1774863593.0 > most recent timestamp: 1774378187.0)
Processed 32 deliveries so far...
Processing delivery id: 5115895c-2c1c-11f1-99e3-cbcaa3f0ec93
Delivery 5115895c-2c1c-11f1-99e3-cbcaa3f0ec93 (2026-03-30 02:39:04) needs processing (timestamp: 1774863544.0 > most recent timestamp: 1774378187.0)
Processed 33 deliveries so far...
Processing delivery id: f71439e4-2c1b-11f1-9b71-938e6af72c08
Delivery f71439e4-2c1b-11f1-9b71-938e6af72c08 (2026-03-30 02:36:43) needs processing (timestamp: 1774863403.0 > most recent timestamp: 1774378187.0)
Processed 34 deliveries so far...
Processing delivery id: ed7b4490-2c1b-11f1-963b-d55e67311f07
Delivery ed7b4490-2c1b-11f1-963b-d55e67311f07 (2026-03-30 02:36:27) needs processing (timestamp: 1774863387.0 > most recent timestamp: 1774378187.0)
Processed 35 deliveries so far...
Processing delivery id: 409e7b08-2c1a-11f1-90a1-6e48ed34634f
Delivery 409e7b08-2c1a-11f1-90a1-6e48ed34634f (2026-03-30 02:24:14) needs processing (timestamp: 1774862654.0 > most recent timestamp: 1774378187.0)
Processed 36 deliveries so far...
Processing delivery id: 8f4cc8aa-2c19-11f1-918e-5afbb9bea099
Delivery 8f4cc8aa-2c19-11f1-918e-5afbb9bea099 (2026-03-30 02:19:30) needs processing (timestamp: 1774862370.0 > most recent timestamp: 1774378187.0)
Processed 37 deliveries so far...
Processing delivery id: 5f47d0f6-2c18-11f1-9597-da4d1d43dedf
Delivery 5f47d0f6-2c18-11f1-9597-da4d1d43dedf (2026-03-30 02:10:59) needs processing (timestamp: 1774861859.0 > most recent timestamp: 1774378187.0)
Processed 38 deliveries so far...
Processing delivery id: ff90174a-2c17-11f1-848a-df2316037692
Delivery ff90174a-2c17-11f1-848a-df2316037692 (2026-03-30 02:08:19) needs processing (timestamp: 1774861699.0 > most recent timestamp: 1774378187.0)
Processed 39 deliveries so far...
Processing delivery id: f4b311ba-2c17-11f1-9760-db69e0184e22
Delivery f4b311ba-2c17-11f1-9760-db69e0184e22 (2026-03-30 02:08:01) needs processing (timestamp: 1774861681.0 > most recent timestamp: 1774378187.0)
Processed 40 deliveries so far...
Processing delivery id: 8f6422e4-2c0e-11f1-8ec6-3b60bce50c8b
Delivery 8f6422e4-2c0e-11f1-8ec6-3b60bce50c8b (2026-03-30 01:00:45) needs processing (timestamp: 1774857645.0 > most recent timestamp: 1774378187.0)
Processed 41 deliveries so far...
Processing delivery id: 5f6f87d2-2c0d-11f1-89a6-6e5bbfccac1a
Delivery 5f6f87d2-2c0d-11f1-89a6-6e5bbfccac1a (2026-03-30 00:52:15) needs processing (timestamp: 1774857135.0 > most recent timestamp: 1774378187.0)
Processed 42 deliveries so far...
Processing delivery id: 0672f328-2c01-11f1-8fe3-229d815de67a
Delivery 0672f328-2c01-11f1-8fe3-229d815de67a (2026-03-29 23:23:51) needs processing (timestamp: 1774851831.0 > most recent timestamp: 1774378187.0)
Processed 43 deliveries so far...
Processing delivery id: b5b7c850-2c00-11f1-94f9-bc6042993b39
Delivery b5b7c850-2c00-11f1-94f9-bc6042993b39 (2026-03-29 23:21:31) needs processing (timestamp: 1774851691.0 > most recent timestamp: 1774378187.0)
Processed 44 deliveries so far...
Processing delivery id: d91683a2-2bfd-11f1-9fb1-4edfd08311c8
Delivery d91683a2-2bfd-11f1-9fb1-4edfd08311c8 (2026-03-29 23:01:08) needs processing (timestamp: 1774850468.0 > most recent timestamp: 1774378187.0)
Processed 45 deliveries so far...
Processing delivery id: 9909cd28-2bfd-11f1-8050-9e7ff5f289fa
Delivery 9909cd28-2bfd-11f1-8050-9e7ff5f289fa (2026-03-29 22:59:13) needs processing (timestamp: 1774850353.0 > most recent timestamp: 1774378187.0)
Processed 46 deliveries so far...
Processing delivery id: 1c49ffd0-2bf1-11f1-9465-1af284cbb2f7
Delivery 1c49ffd0-2bf1-11f1-9465-1af284cbb2f7 (2026-03-29 21:29:56) needs processing (timestamp: 1774844996.0 > most recent timestamp: 1774378187.0)
Processed 47 deliveries so far...
Processing delivery id: 057cfa64-2bf1-11f1-8ef0-9496524c13f5
Delivery 057cfa64-2bf1-11f1-8ef0-9496524c13f5 (2026-03-29 21:29:19) needs processing (timestamp: 1774844959.0 > most recent timestamp: 1774378187.0)
Processed 48 deliveries so far...
Processing delivery id: f149dbd4-2bf0-11f1-9f5c-3b34dc8aef6b
Delivery f149dbd4-2bf0-11f1-9f5c-3b34dc8aef6b (2026-03-29 21:28:44) needs processing (timestamp: 1774844924.0 > most recent timestamp: 1774378187.0)
Processed 49 deliveries so far...
Processing delivery id: b64fc8e0-2bf0-11f1-8538-90253bbc1349
Delivery b64fc8e0-2bf0-11f1-8538-90253bbc1349 (2026-03-29 21:27:07) needs processing (timestamp: 1774844827.0 > most recent timestamp: 1774378187.0)
Processed 50 deliveries so far...
Processing delivery id: 38393428-2bf0-11f1-9ff3-719bde6479d2
Delivery 38393428-2bf0-11f1-9ff3-719bde6479d2 (2026-03-29 21:23:34) needs processing (timestamp: 1774844614.0 > most recent timestamp: 1774378187.0)
Processed 51 deliveries so far...
Processing delivery id: 77e237ee-2b4d-11f1-85e8-a0d9be8264f7
Delivery 77e237ee-2b4d-11f1-85e8-a0d9be8264f7 (2026-03-29 01:58:33) needs processing (timestamp: 1774774713.0 > most recent timestamp: 1774378187.0)
Processed 52 deliveries so far...
Processing delivery id: d6e8b78c-2b4c-11f1-9b89-927311232ac9
Delivery d6e8b78c-2b4c-11f1-9b89-927311232ac9 (2026-03-29 01:54:03) needs processing (timestamp: 1774774443.0 > most recent timestamp: 1774378187.0)
Processed 53 deliveries so far...
Processing delivery id: f26a8688-2b43-11f1-9825-a7b49dca7b82
Delivery f26a8688-2b43-11f1-9825-a7b49dca7b82 (2026-03-29 00:50:23) needs processing (timestamp: 1774770623.0 > most recent timestamp: 1774378187.0)
Processed 54 deliveries so far...
Processing delivery id: 01b0b940-2a8c-11f1-8484-71a96d690ec3
Delivery 01b0b940-2a8c-11f1-8484-71a96d690ec3 (2026-03-28 02:53:42) needs processing (timestamp: 1774691622.0 > most recent timestamp: 1774378187.0)
Processed 55 deliveries so far...
Processing delivery id: 9a872b64-2a8b-11f1-943d-0d48c4ae0628
Delivery 9a872b64-2a8b-11f1-943d-0d48c4ae0628 (2026-03-28 02:50:32) needs processing (timestamp: 1774691432.0 > most recent timestamp: 1774378187.0)
Processed 56 deliveries so far...
Processing delivery id: f4f08588-2a8a-11f1-8326-653f9c419f14
Delivery f4f08588-2a8a-11f1-8326-653f9c419f14 (2026-03-28 02:45:51) needs processing (timestamp: 1774691151.0 > most recent timestamp: 1774378187.0)
Processed 57 deliveries so far...
Processing delivery id: 2e1321d2-2a35-11f1-93e2-303954bb732f
Delivery 2e1321d2-2a35-11f1-93e2-303954bb732f (2026-03-27 16:32:10) needs processing (timestamp: 1774654330.0 > most recent timestamp: 1774378187.0)
Processed 58 deliveries so far...
Processing delivery id: 12d4a95e-2a35-11f1-9536-596371f64999
Delivery 12d4a95e-2a35-11f1-9536-596371f64999 (2026-03-27 16:31:06) needs processing (timestamp: 1774654266.0 > most recent timestamp: 1774378187.0)
Processed 59 deliveries so far...
Processing delivery id: c73afb88-2a34-11f1-8b87-0865f3db3ffb
Delivery c73afb88-2a34-11f1-8b87-0865f3db3ffb (2026-03-27 16:28:35) needs processing (timestamp: 1774654115.0 > most recent timestamp: 1774378187.0)
Processed 60 deliveries so far...
Processing delivery id: a02a61ca-2a23-11f1-862b-da089e1455e8
Delivery a02a61ca-2a23-11f1-862b-da089e1455e8 (2026-03-27 14:26:18) needs processing (timestamp: 1774646778.0 > most recent timestamp: 1774378187.0)
Processed 61 deliveries so far...
Processing delivery id: 88fcbeda-2a23-11f1-9c50-efd19c3d1011
Delivery 88fcbeda-2a23-11f1-9c50-efd19c3d1011 (2026-03-27 14:25:52) needs processing (timestamp: 1774646752.0 > most recent timestamp: 1774378187.0)
Processed 62 deliveries so far...
Processing delivery id: 7f065bb6-2a23-11f1-901a-6c739543a4ec
Delivery 7f065bb6-2a23-11f1-901a-6c739543a4ec (2026-03-27 14:25:35) needs processing (timestamp: 1774646735.0 > most recent timestamp: 1774378187.0)
Processed 63 deliveries so far...
Processing delivery id: 4c971418-2a23-11f1-8e11-c9b302091c26
Delivery 4c971418-2a23-11f1-8e11-c9b302091c26 (2026-03-27 14:24:11) needs processing (timestamp: 1774646651.0 > most recent timestamp: 1774378187.0)
Processed 64 deliveries so far...
Processing delivery id: 0c8ccf02-2a23-11f1-8adf-45075eb7e300
Delivery 0c8ccf02-2a23-11f1-8adf-45075eb7e300 (2026-03-27 14:22:06) needs processing (timestamp: 1774646526.0 > most recent timestamp: 1774378187.0)
Processed 65 deliveries so far...
Processing delivery id: deeac790-2a20-11f1-972f-9bf1b9f2c962
Ignoring repository: adobe-commerce-plugin
Ignoring delivery deeac790-2a20-11f1-972f-9bf1b9f2c962 based on repository ignore list
Processing delivery id: 9e3a021a-2a20-11f1-988a-a811f049d957
Delivery 9e3a021a-2a20-11f1-988a-a811f049d957 (2026-03-27 14:04:59) needs processing (timestamp: 1774645499.0 > most recent timestamp: 1774378187.0)
Processed 66 deliveries so far...
Processing delivery id: 8d0e9e42-2a20-11f1-8536-86c0f897c22e
Delivery 8d0e9e42-2a20-11f1-8536-86c0f897c22e (2026-03-27 14:04:30) needs processing (timestamp: 1774645470.0 > most recent timestamp: 1774378187.0)
Processed 67 deliveries so far...
Processing delivery id: 80c66584-2a20-11f1-83f4-52a755fac517
Delivery 80c66584-2a20-11f1-83f4-52a755fac517 (2026-03-27 14:04:09) needs processing (timestamp: 1774645449.0 > most recent timestamp: 1774378187.0)
Processed 68 deliveries so far...
Processing delivery id: 64da001a-2a20-11f1-8c76-77ea612e6169
Delivery 64da001a-2a20-11f1-8c76-77ea612e6169 (2026-03-27 14:03:23) needs processing (timestamp: 1774645403.0 > most recent timestamp: 1774378187.0)
Processed 69 deliveries so far...
Processing delivery id: 2af6f31c-2a20-11f1-9d06-a710fc5d6d63
Delivery 2af6f31c-2a20-11f1-9d06-a710fc5d6d63 (2026-03-27 13:54:34) needs processing (timestamp: 1774644874.0 > most recent timestamp: 1774378187.0)
Processed 70 deliveries so far...
Processing delivery id: 6a07a64c-2a1f-11f1-9c9f-0bfab0516f68
Delivery 6a07a64c-2a1f-11f1-9c9f-0bfab0516f68 (2026-03-27 13:56:22) needs processing (timestamp: 1774644982.0 > most recent timestamp: 1774378187.0)
Processed 71 deliveries so far...
Processing delivery id: 4741a626-2a1f-11f1-83be-4b9f4c051bc9
Delivery 4741a626-2a1f-11f1-83be-4b9f4c051bc9 (2026-03-27 13:55:24) needs processing (timestamp: 1774644924.0 > most recent timestamp: 1774378187.0)
Processed 72 deliveries so far...
Processing delivery id: 2ba6fa06-2a1f-11f1-9a00-2342696b3d07
Delivery 2ba6fa06-2a1f-11f1-9a00-2342696b3d07 (2026-03-27 13:54:37) needs processing (timestamp: 1774644877.0 > most recent timestamp: 1774378187.0)
Processed 73 deliveries so far...
Processing delivery id: 0b9422c0-2a1f-11f1-9d63-5fab4c36fa4a
Delivery 0b9422c0-2a1f-11f1-9d63-5fab4c36fa4a (2026-03-27 13:53:44) needs processing (timestamp: 1774644824.0 > most recent timestamp: 1774378187.0)
Processed 74 deliveries so far...
Processing delivery id: 5452287e-2a1d-11f1-8f95-54e6a3208316
Ignoring repository: adobe-commerce-plugin
Ignoring delivery 5452287e-2a1d-11f1-8f95-54e6a3208316 based on repository ignore list
Processing delivery id: e8bb76ce-2a1c-11f1-8102-a897a9488b41
Delivery e8bb76ce-2a1c-11f1-8102-a897a9488b41 (2026-03-27 13:38:26) needs processing (timestamp: 1774643906.0 > most recent timestamp: 1774378187.0)
Processed 75 deliveries so far...
Processing delivery id: dd5c8174-2a1c-11f1-94a9-18ae48d89625
Delivery dd5c8174-2a1c-11f1-94a9-18ae48d89625 (2026-03-27 13:38:07) needs processing (timestamp: 1774643887.0 > most recent timestamp: 1774378187.0)
Processed 76 deliveries so far...
Processing delivery id: b6b02526-2a1c-11f1-99f3-5984cdd59a2d
Delivery b6b02526-2a1c-11f1-99f3-5984cdd59a2d (2026-03-27 13:37:03) needs processing (timestamp: 1774643823.0 > most recent timestamp: 1774378187.0)
Processed 77 deliveries so far...
Processing delivery id: b13caebc-2a1b-11f1-9d8b-6ac4e1870c50
Delivery b13caebc-2a1b-11f1-9d8b-6ac4e1870c50 (2026-03-27 13:29:44) needs processing (timestamp: 1774643384.0 > most recent timestamp: 1774378187.0)
Processed 78 deliveries so far...
Processing delivery id: a2993d8a-2a1b-11f1-9ed8-4fb785f9b12c
Delivery a2993d8a-2a1b-11f1-9ed8-4fb785f9b12c (2026-03-27 13:29:19) needs processing (timestamp: 1774643359.0 > most recent timestamp: 1774378187.0)
Processed 79 deliveries so far...
Processing delivery id: 365d0fa2-2a1b-11f1-8311-c5c5454d1f9e
Delivery 365d0fa2-2a1b-11f1-8311-c5c5454d1f9e (2026-03-27 13:26:18) needs processing (timestamp: 1774643178.0 > most recent timestamp: 1774378187.0)
Processed 80 deliveries so far...
Processing delivery id: 00a3a4b6-2a1b-11f1-82f1-d26c88ff3c3d
Delivery 00a3a4b6-2a1b-11f1-82f1-d26c88ff3c3d (2026-03-27 13:24:48) needs processing (timestamp: 1774643088.0 > most recent timestamp: 1774378187.0)
Processed 81 deliveries so far...
Processing delivery id: 79462df4-2a1a-11f1-817b-b2c76aebdfbe
Delivery 79462df4-2a1a-11f1-817b-b2c76aebdfbe (2026-03-27 13:21:00) needs processing (timestamp: 1774642860.0 > most recent timestamp: 1774378187.0)
Processed 82 deliveries so far...
Processing delivery id: 635e9d46-2a1a-11f1-9499-f3d27ff087f1
Delivery 635e9d46-2a1a-11f1-9499-f3d27ff087f1 (2026-03-27 13:20:23) needs processing (timestamp: 1774642823.0 > most recent timestamp: 1774378187.0)
Processed 83 deliveries so far...
Processing delivery id: 991d3be6-2a19-11f1-8003-22de10887c40
Ignoring repository: adobe-commerce-plugin
Ignoring delivery 991d3be6-2a19-11f1-8003-22de10887c40 based on repository ignore list
Processing delivery id: 3e5f949a-2a16-11f1-8396-2389a06e4fc4
Delivery 3e5f949a-2a16-11f1-8396-2389a06e4fc4 (2026-03-27 12:50:44) needs processing (timestamp: 1774641044.0 > most recent timestamp: 1774378187.0)
Processed 84 deliveries so far...
Processing delivery id: e6496e3e-2a15-11f1-9792-b9802a9fb133
Delivery e6496e3e-2a15-11f1-9792-b9802a9fb133 (2026-03-27 12:48:16) needs processing (timestamp: 1774640896.0 > most recent timestamp: 1774378187.0)
Processed 85 deliveries so far...
Processing delivery id: ff83dafc-2a14-11f1-980e-344e21d75cd0
Delivery ff83dafc-2a14-11f1-980e-344e21d75cd0 (2026-03-26 08:52:18) needs processing (timestamp: 1774540338.0 > most recent timestamp: 1774378187.0)
Processed 86 deliveries so far...
Processing delivery id: ad0890d8-2a14-11f1-969c-09fc4c242dcb
Delivery ad0890d8-2a14-11f1-969c-09fc4c242dcb (2026-03-26 08:52:18) needs processing (timestamp: 1774540338.0 > most recent timestamp: 1774378187.0)
Processed 87 deliveries so far...
Processing delivery id: 34ff1b2a-2a14-11f1-83a4-6df53fa3d0b8
Delivery 34ff1b2a-2a14-11f1-83a4-6df53fa3d0b8 (2026-03-27 12:36:09) needs processing (timestamp: 1774640169.0 > most recent timestamp: 1774378187.0)
Processed 88 deliveries so far...
Processing delivery id: ac5fdd80-2a0f-11f1-9695-e0ba9f72929d
Delivery ac5fdd80-2a0f-11f1-9695-e0ba9f72929d (2026-03-27 12:03:33) needs processing (timestamp: 1774638213.0 > most recent timestamp: 1774378187.0)
Processed 89 deliveries so far...
Processing delivery id: c6397da2-2a04-11f1-9885-533317ec1fac
Delivery c6397da2-2a04-11f1-9885-533317ec1fac (2026-03-27 10:45:37) needs processing (timestamp: 1774633537.0 > most recent timestamp: 1774378187.0)
Processed 90 deliveries so far...
Processing delivery id: 2d5f5224-2a03-11f1-9e7b-5a67536d4ad6
Delivery 2d5f5224-2a03-11f1-9e7b-5a67536d4ad6 (2026-03-27 10:34:14) needs processing (timestamp: 1774632854.0 > most recent timestamp: 1774378187.0)
Processed 91 deliveries so far...
Processing delivery id: ef4d9e3c-2a02-11f1-9dc2-5b6f6f2ded5c
Delivery ef4d9e3c-2a02-11f1-9dc2-5b6f6f2ded5c (2026-03-27 10:32:08) needs processing (timestamp: 1774632728.0 > most recent timestamp: 1774378187.0)
Processed 92 deliveries so far...
Processing delivery id: db92046e-2a02-11f1-9830-5474b5180f11
Delivery db92046e-2a02-11f1-9830-5474b5180f11 (2026-03-27 10:30:35) needs processing (timestamp: 1774632635.0 > most recent timestamp: 1774378187.0)
Processed 93 deliveries so far...
Processing delivery id: 7cebf81c-2a01-11f1-9abe-924ab00eef20
Delivery 7cebf81c-2a01-11f1-9abe-924ab00eef20 (2026-03-27 10:22:09) needs processing (timestamp: 1774632129.0 > most recent timestamp: 1774378187.0)
Processed 94 deliveries so far...
Processing delivery id: 3870417a-2a01-11f1-95d6-570775c973a6
Delivery 3870417a-2a01-11f1-95d6-570775c973a6 (2026-03-27 10:19:22) needs processing (timestamp: 1774631962.0 > most recent timestamp: 1774378187.0)
Processed 95 deliveries so far...
Processing delivery id: f2a35e30-29ff-11f1-8744-61ae95230f53
Delivery f2a35e30-29ff-11f1-8744-61ae95230f53 (2026-03-19 00:16:01) does not need processing (timestamp: 1773904561.0 <= most recent timestamp: 1774378187.0)
Total number of deliveries processed: 95
Total number of blocked webhooks: 1
Total number of timed_out webhooks: 0
Most recent processed delivery -- id: 3fb1a57e-2c53-11f1-8d8c-8e6973b91deb, timestamp: 2026-03-30 09:12:23, timestamp: 1774887143.0
