Found webhook id for https://developer.fiserv.com/api/git-webhook: 549112588
Found head_commit for delivery id f3611d6e-0608-11f1-9eda-6a97430fffcf, timestamp: 1770677083.0, 2026-02-09 14:44:43
signature: sha256=dd168791c5cea8a43233e93b1f1f6c88341301916da31522b6418ef37868997b, delivery id: f3611d6e-0608-11f1-9eda-6a97430fffcf
Found head_commit for delivery id 94eb156a-0602-11f1-8e61-f9330c75ee9b, timestamp: 1770674356.0, 2026-02-09 13:59:16
signature: sha256=21e9f31d1bc0bb45171be36c9c6c593a9515f3693a5a0975463cb93b054c2a62, delivery id: 94eb156a-0602-11f1-8e61-f9330c75ee9b
Found head_commit for delivery id 62513ed6-0602-11f1-875b-a33d770012e5, timestamp: 1770674272.0, 2026-02-09 13:57:52
signature: sha256=319f0098c1f533955dcfaac620e7622898e3adafbe5e0f8576b94503c4b0ceb2, delivery id: 62513ed6-0602-11f1-875b-a33d770012e5
Found head_commit for delivery id 0ce4bb6c-0602-11f1-9e0e-cd8cabf8f0ae, timestamp: 1770674128.0, 2026-02-09 13:55:28
signature: sha256=a1d5980d0e51be2ca95323914ee739efa7952f7bcfc40a86d8a2a739c209b362, delivery id: 0ce4bb6c-0602-11f1-9e0e-cd8cabf8f0ae
Found head_commit for delivery id d2f961be-0601-11f1-8ddd-1c7d4bf6ac6f, timestamp: 1770674031.0, 2026-02-09 13:53:51
signature: sha256=b70126fcc30d83200313adddb870951a3fd7d1adf4917fe29f193c9ef23b3a8c, delivery id: d2f961be-0601-11f1-8ddd-1c7d4bf6ac6f
Found head_commit for delivery id 3e0e957e-0601-11f1-902b-ec02f8d5d8e2, timestamp: 1770673782.0, 2026-02-09 13:49:42
signature: sha256=5f63fdffc8fcf5f757b089777bd71fbd0315a7d8d0a3fe914b1a2cc6a11022c2, delivery id: 3e0e957e-0601-11f1-902b-ec02f8d5d8e2
Found head_commit for delivery id c998eb68-0600-11f1-9a64-a374e1397b67, timestamp: 1770673586.0, 2026-02-09 13:46:26
signature: sha256=9580c121b0b0a710022e9deb3fd6b2a5d789ebc64024c83be8b9979f5dbb2c67, delivery id: c998eb68-0600-11f1-9a64-a374e1397b67
Found head_commit for delivery id 4bc35484-05fc-11f1-85ba-a25a69ade5fd, timestamp: 1770671657.0, 2026-02-09 13:14:17
signature: sha256=b99a92cc591248ec8dcf6852c3d4d68e9dec2e81073d39de7e0eb4aab9cda603, delivery id: 4bc35484-05fc-11f1-85ba-a25a69ade5fd
Found head_commit for delivery id da86d12e-05fb-11f1-8c58-0253eb93932d, timestamp: 1770671467.0, 2026-02-09 13:11:07
signature: sha256=383ba580d9f76e1141f1165dfe391fbb6e19b9168923d9b8dc518203f505a32f, delivery id: da86d12e-05fb-11f1-8c58-0253eb93932d
Found head_commit for delivery id c6ff4494-05f9-11f1-8f7c-840cbf7f71ed, timestamp: 1770670472.0, 2026-02-09 12:54:32
signature: sha256=a4ec870b9bbd04452925026f46dc438a91eec4b9c00fdc21bc996a6b5d1bd735, delivery id: c6ff4494-05f9-11f1-8f7c-840cbf7f71ed
Skipping delivery 62718aaa-05f9-11f1-9c00-59a0d826d897 with no head_commit
Found head_commit for delivery id 5d64ca7c-05f9-11f1-927f-6d8d07057218, timestamp: 1770670398.0, 2026-02-09 12:53:18
signature: sha256=f9d30a1ff45c7c204050e1cba3410d6758e238ca5b3f4752513065d05aba1f80, delivery id: 5d64ca7c-05f9-11f1-927f-6d8d07057218
Found head_commit for delivery id 3dc5e9b2-05f9-11f1-9232-6deb96bce0b9, timestamp: 1770670345.0, 2026-02-09 12:52:25
signature: sha256=523a62cc55c70d6c23533ad060ba820074ae09ce78a44476165b49f3bc6a1542, delivery id: 3dc5e9b2-05f9-11f1-9232-6deb96bce0b9
Skipping delivery 351cef04-05f9-11f1-9741-8cd219d3e73d with no head_commit
Found head_commit for delivery id 32af54b4-05f9-11f1-8de4-94d913fecef0, timestamp: 1770670326.0, 2026-02-09 12:52:06
signature: sha256=3d9f14b25950b6eb3b93c1776f1d45a496e5b60714774e052865bd11e6061a68, delivery id: 32af54b4-05f9-11f1-8de4-94d913fecef0
Found head_commit for delivery id b5a68dd4-05f8-11f1-8dbb-2fe6d783a135, timestamp: 1770670073.0, 2026-02-09 12:47:53
signature: sha256=d6ce7719f2cc65581111ae961030ca9a78f955cb5463aead14c038a509f72359, delivery id: b5a68dd4-05f8-11f1-8dbb-2fe6d783a135
Found head_commit for delivery id a6015224-05f8-11f1-9b3c-264acb11cba2, timestamp: 1770670091.0, 2026-02-09 12:48:11
signature: sha256=5678f3fe8d22ab2dbf697a9ddc94a43fe0f2ff8dfbcac7e2d709bc7596930112, delivery id: a6015224-05f8-11f1-9b3c-264acb11cba2
Skipping delivery 7df4b844-05f7-11f1-9413-bba926d16c56 with no head_commit
Found head_commit for delivery id 66fc0138-05f7-11f1-9700-d7862185bc8e, timestamp: 1770669555.0, 2026-02-09 12:39:15
signature: sha256=a9df5dcdfe4503115e52fb4ec26939c29c92af0d8a8b8633a19dc927a4e35351, delivery id: 66fc0138-05f7-11f1-9700-d7862185bc8e
Found head_commit for delivery id 589aca16-05f7-11f1-94d9-7824b22aa64a, timestamp: 1770669531.0, 2026-02-09 12:38:51
signature: sha256=2b7a81f2d07b80e71cd442c69f0a7b75869cc80b180c2bc350c29a7db217cc45, delivery id: 589aca16-05f7-11f1-94d9-7824b22aa64a
Skipping delivery 4e3160ee-05f7-11f1-9bb9-24b84034430f with no head_commit
Found head_commit for delivery id 4c57d924-05f7-11f1-8be4-2561b7ff1d18, timestamp: 1770669510.0, 2026-02-09 12:38:30
signature: sha256=acf45ede29f0509ba3ca674d2151d5959a05399dc5898e92bbf83db913216782, delivery id: 4c57d924-05f7-11f1-8be4-2561b7ff1d18
Found head_commit for delivery id 1188dd2a-05f7-11f1-878d-73077015764c, timestamp: 1770669402.0, 2026-02-09 12:36:42
signature: sha256=b2e2d4ca500d0b99a313647848e5eba8517a8446f8f49ad16131269ea902ba6d, delivery id: 1188dd2a-05f7-11f1-878d-73077015764c
Found head_commit for delivery id d7399bc8-05f6-11f1-948e-c199e5f68aef, timestamp: 1770669315.0, 2026-02-09 12:35:15
signature: sha256=01a96ffd826d438f6bded2a9c49ee9a7bc9d6c593363e0b1a09d035486818417, delivery id: d7399bc8-05f6-11f1-948e-c199e5f68aef
Skipping delivery d42617a6-05f4-11f1-9789-a50e3f0c3099 with no head_commit
Found head_commit for delivery id cf187ed4-05f4-11f1-9be5-3c14d595cc90, timestamp: 1770668441.0, 2026-02-09 12:20:41
signature: sha256=aa91122a04ea2f3e2a40f99d4502e34bd37011e77f220ac22e532645f54c270f, delivery id: cf187ed4-05f4-11f1-9be5-3c14d595cc90
Found head_commit for delivery id becb5e70-05f4-11f1-9f33-40ca67905456, timestamp: 1770668414.0, 2026-02-09 12:20:14
signature: sha256=c940f2e0313e7606464c9eaa173350fb69b0e0403a54330b41a3eeded7a551b1, delivery id: becb5e70-05f4-11f1-9f33-40ca67905456
Skipping delivery ac9c6d3e-05f4-11f1-91a7-127695e1577f with no head_commit
Found head_commit for delivery id a9913084-05f4-11f1-88a0-896e91248aae, timestamp: 1770668378.0, 2026-02-09 12:19:38
signature: sha256=285c3e199f4405a581acb19cd764db30f87f0425292eff34d0b5e066bd88a287, delivery id: a9913084-05f4-11f1-88a0-896e91248aae
Found head_commit for delivery id 9002dee2-05f4-11f1-85ef-1c71c7508902, timestamp: 1770668336.0, 2026-02-09 12:18:56
signature: sha256=0e738388d367b94f289a176963489c601b402f3428619f1558ca7814ad9463bc, delivery id: 9002dee2-05f4-11f1-85ef-1c71c7508902
Found head_commit for delivery id 02121eb0-05f2-11f1-9523-0447e7a1fece, timestamp: 1770667227.0, 2026-02-09 12:00:27
signature: sha256=f9b0629ca0113a058f0c0eaf4ea2f25a1d0e84bfc083e422be0bc3b06903b1a7, delivery id: 02121eb0-05f2-11f1-9523-0447e7a1fece
Found head_commit for delivery id 16979492-05f1-11f1-83f2-00e58bfaf6ee, timestamp: 1770666843.0, 2026-02-09 11:54:03
signature: sha256=0bea0f19c0d4a14a8bd01da5768cd73a35a9392937149b235e33db2bed7f22f3, delivery id: 16979492-05f1-11f1-83f2-00e58bfaf6ee
Found head_commit for delivery id e886e814-05f0-11f1-9533-0c362342b174, timestamp: 1770666764.0, 2026-02-09 11:52:44
signature: sha256=bdba157a6a189700705d7585da27eaefc9df23d141f65e7deafe0e028f8529b1, delivery id: e886e814-05f0-11f1-9533-0c362342b174
Found head_commit for delivery id 11807312-05f0-11f1-906b-545bc63bae93, timestamp: 1770666396.0, 2026-02-09 11:46:36
signature: sha256=4fc16dac20e19af750f2a13528ec6688c91f9cdc8b4dfc3e6d1ceb2eb58e8098, delivery id: 11807312-05f0-11f1-906b-545bc63bae93
Found head_commit for delivery id 1c810a2a-05ef-11f1-9a5d-73f7c0e91b70, timestamp: 1770665994.0, 2026-02-09 11:39:54
signature: sha256=1e5191528ef34b09a9cd4941b10e347950a83910a488824ed7361ad0cf97a410, delivery id: 1c810a2a-05ef-11f1-9a5d-73f7c0e91b70
Found head_commit for delivery id 09c9f41e-05ef-11f1-9296-cb1451402ced, timestamp: 1770665963.0, 2026-02-09 11:39:23
signature: sha256=7cc1add405302999928fc5a5bfc7bfe6c3cde00b7a97e52a6ce83381eb3365b2, delivery id: 09c9f41e-05ef-11f1-9296-cb1451402ced
Found head_commit for delivery id 08aa868e-05ef-11f1-8e92-120801f4b757, timestamp: 1770665961.0, 2026-02-09 11:39:21
signature: sha256=e03f38c7e979bdfa50209e2b7b331d9897e333d683ea16143638be4c9e0ef7d3, delivery id: 08aa868e-05ef-11f1-8e92-120801f4b757
Found head_commit for delivery id 0642891e-05ef-11f1-9d6f-b9ebcc897b82, timestamp: 1770665957.0, 2026-02-09 11:39:17
signature: sha256=3355807b58e58bf096462d6a8a31b9905a233ec6240f00c4d6f994f9476653dd, delivery id: 0642891e-05ef-11f1-9d6f-b9ebcc897b82
Found head_commit for delivery id ffab11a2-05ee-11f1-9c78-ffeb58996b7a, timestamp: 1770665946.0, 2026-02-09 11:39:06
signature: sha256=1b14c62fb34e31273c6bb85cfee86d875ba715c2070186e633ae1af6d7d5e541, delivery id: ffab11a2-05ee-11f1-9c78-ffeb58996b7a
Found head_commit for delivery id fecfda24-05ee-11f1-8236-4c7344d6c7f8, timestamp: 1770665944.0, 2026-02-09 11:39:04
signature: sha256=3143400378293f1073f72edf530b0795ab1e59166b4e70096a3bee26f69b4189, delivery id: fecfda24-05ee-11f1-8236-4c7344d6c7f8
Found head_commit for delivery id fdd64126-05ee-11f1-943d-f6e53fff5eaa, timestamp: 1770665943.0, 2026-02-09 11:39:03
signature: sha256=ea23ecefea3cdfe615c0bf86710050d38371b62669ba2bd5640210d54177e5d9, delivery id: fdd64126-05ee-11f1-943d-f6e53fff5eaa
Found head_commit for delivery id fc3740f4-05ee-11f1-9862-7118bfe2286c, timestamp: 1770665941.0, 2026-02-09 11:39:01
signature: sha256=20073797cea948288957dbf740b93f1f11f66a0ce8605b1a1dd0f3c5e5b000f7, delivery id: fc3740f4-05ee-11f1-9862-7118bfe2286c
Found head_commit for delivery id fbcea512-05ee-11f1-97d5-33cacc7e08e6, timestamp: 1770665940.0, 2026-02-09 11:39:00
signature: sha256=4e338be6d96d6a45e759430526c44b9ebf1f7b738738173cd90ce28d2497240d, delivery id: fbcea512-05ee-11f1-97d5-33cacc7e08e6
Found head_commit for delivery id fb80e4da-05ee-11f1-8886-c66a9e9c8d4b, timestamp: 1770665939.0, 2026-02-09 11:38:59
signature: sha256=63497cd2c7811eff80eea1ea0a0d921f257496f4b5d328c6f76f70164249f7ef, delivery id: fb80e4da-05ee-11f1-8886-c66a9e9c8d4b
Found head_commit for delivery id fb1fa954-05ee-11f1-9cb7-4b5fbe4b8a3e, timestamp: 1770665939.0, 2026-02-09 11:38:59
signature: sha256=b99a29665bdb751af53b71595b4e8eeeaf936d1b0882cfb6ddfa29e01cba5471, delivery id: fb1fa954-05ee-11f1-9cb7-4b5fbe4b8a3e
Found head_commit for delivery id fab206f6-05ee-11f1-9a3f-0abeb035af86, timestamp: 1770665938.0, 2026-02-09 11:38:58
signature: sha256=ab9c13a10b6d70a4a61c9b3bdd91ee46c82bd1ec7c5bb03e645464cbaf004408, delivery id: fab206f6-05ee-11f1-9a3f-0abeb035af86
Found head_commit for delivery id 2cea11ca-05ec-11f1-9482-23fb92801f4a, timestamp: 1770664731.0, 2026-02-09 11:18:51
signature: sha256=3cd5046722b1991059959e4234736216d5ed28781b5d145296b6a07c16fd154c, delivery id: 2cea11ca-05ec-11f1-9482-23fb92801f4a
Found head_commit for delivery id 6a27fac6-05eb-11f1-9bbb-7317dcd168f2, timestamp: 1770664402.0, 2026-02-09 11:13:22
signature: sha256=76bc8e21e1b0ae0789928f113fd61734918a50a9962b47d049693cc93dc129a0, delivery id: 6a27fac6-05eb-11f1-9bbb-7317dcd168f2
Found head_commit for delivery id 00759320-05e8-11f1-84b1-c62ef3c7a82c, timestamp: 1770391921.0, 2026-02-06 07:32:01
signature: sha256=e1e3a7fd643b92b1e009212fc156a29d8f241a7fdb3ef36636022c573eddee40, delivery id: 00759320-05e8-11f1-84b1-c62ef3c7a82c
Found head_commit for delivery id df783d30-05e7-11f1-8487-49810b7e6a95, timestamp: 1770662797.0, 2026-02-09 10:46:37
signature: sha256=224b0abe18db0d55227291e792b80e0f1a73b02f2e3b86d3c09ae6a2aa533ece, delivery id: df783d30-05e7-11f1-8487-49810b7e6a95
Found head_commit for delivery id bea6b14a-05e7-11f1-94d5-ddc0f747a15c, timestamp: 1770662797.0, 2026-02-09 10:46:37
signature: sha256=ee8342427637c240f1b9441a7af0494585eb9a571a5b8b9301d02ce6176cbc5e, delivery id: bea6b14a-05e7-11f1-94d5-ddc0f747a15c
Found head_commit for delivery id ff03b838-05e6-11f1-93ac-0e7703111fac, timestamp: 1770662499.0, 2026-02-09 10:41:39
signature: sha256=455f62b61d66dfd86ef779ca094a7af85356991701abbba615dde558cf20f114, delivery id: ff03b838-05e6-11f1-93ac-0e7703111fac
Found head_commit for delivery id 7658f05e-05e4-11f1-98ca-96ccff60834b, timestamp: 1770661412.0, 2026-02-09 10:23:32
signature: sha256=0cab1af69a0efedb4201fef9d4dc09359ce68a0112a36c6b484447ec78941ea4, delivery id: 7658f05e-05e4-11f1-98ca-96ccff60834b
Skipping delivery e241c080-05e3-11f1-891d-c2e54d1c3eaa with no head_commit
Found head_commit for delivery id dc546a9c-05e3-11f1-8992-1240e94227b3, timestamp: 1770661162.0, 2026-02-09 10:19:22
signature: sha256=3aca6b208d6440c37fb95803b95297c7b853f1eba4739d9a80d1bd624032be83, delivery id: dc546a9c-05e3-11f1-8992-1240e94227b3
Found head_commit for delivery id c9e4375c-05e3-11f1-89a2-92995040eeac, timestamp: 1770661131.0, 2026-02-09 10:18:51
signature: sha256=08e6394d60364343c9eb668fc81965008ad07edcfe7435784df35cd48c144a05, delivery id: c9e4375c-05e3-11f1-89a2-92995040eeac
Found head_commit for delivery id c9e4375c-05e3-11f1-89a2-92995040eeac, timestamp: 1770661131.0, 2026-02-09 10:18:51
signature: sha256=08e6394d60364343c9eb668fc81965008ad07edcfe7435784df35cd48c144a05, delivery id: c9e4375c-05e3-11f1-89a2-92995040eeac
Found head_commit for delivery id bb20ae80-05e3-11f1-9aa1-c3f7cab78bb2, timestamp: 1770661106.0, 2026-02-09 10:18:26
signature: sha256=de2a0f3c5c0edcaaa4a758748ccd1d982748af3e4c6e5424543323eb8ede5d4c, delivery id: bb20ae80-05e3-11f1-9aa1-c3f7cab78bb2
Found head_commit for delivery id 869ab9c6-05e3-11f1-8b22-9de4058b6eb8, timestamp: 1770661010.0, 2026-02-09 10:16:50
signature: sha256=addc07a30e9d8da8892c2c05567adce4e71cc3e800edc4f339c05970b69d16c2, delivery id: 869ab9c6-05e3-11f1-8b22-9de4058b6eb8
Found head_commit for delivery id e928845c-05e2-11f1-8b06-638526eb55a1, timestamp: 1770659911.0, 2026-02-09 09:58:31
signature: sha256=2ef2c283d72ca71fb20ee91d629702fa714442afd92f545b518f8b8592daab5c, delivery id: e928845c-05e2-11f1-8b06-638526eb55a1
Found head_commit for delivery id 6fb576fc-05e2-11f1-885e-d8f35718397c, timestamp: 1770660541.0, 2026-02-09 10:09:01
signature: sha256=c5ae21d7c7f520d70cd4b0db9aaef767c1c3876157085ecc0f8ede9e08031dd8, delivery id: 6fb576fc-05e2-11f1-885e-d8f35718397c
Found head_commit for delivery id 396baf68-05e1-11f1-9440-aace599b435a, timestamp: 1770660029.0, 2026-02-09 10:00:29
signature: sha256=885fa0fb7eb72c59804ecdf89d7f0c2488855da60c0604f96d8fd5242a283731, delivery id: 396baf68-05e1-11f1-9440-aace599b435a
Found head_commit for delivery id 052fdfbc-05e1-11f1-909a-f3d87885c53b, timestamp: 1770659942.0, 2026-02-09 09:59:02
signature: sha256=ab5e03d9234abf90ff87d8f91425df14d62fa7f8c15c7fd2196cacf29a1e2c51, delivery id: 052fdfbc-05e1-11f1-909a-f3d87885c53b
Skipping delivery 9e7c882a-05df-11f1-839b-24ecf4fc0c99 with no head_commit
Found head_commit for delivery id 978ff20e-05df-11f1-9eac-59f63ab10fe1, timestamp: 1770659328.0, 2026-02-09 09:48:48
signature: sha256=e420d961ca0c9d4690cf63e19fac3ec0997db80a7e0cbb37e418ea3f48e6b686, delivery id: 978ff20e-05df-11f1-9eac-59f63ab10fe1
Found head_commit for delivery id 8508e0aa-05df-11f1-9ceb-bb5e74a21849, timestamp: 1770659298.0, 2026-02-09 09:48:18
signature: sha256=7c06435c666fa3f750da3f06a9d18c80a860cdca4fc1920c6b5e502a108879eb, delivery id: 8508e0aa-05df-11f1-9ceb-bb5e74a21849
Found head_commit for delivery id 69a132e0-05df-11f1-9e76-3dea056a59ae, timestamp: 1770659251.0, 2026-02-09 09:47:31
signature: sha256=dc49480e3af2dd5ec698756a5b438dfc3007cbcb60fd89976f6e424bb1363eca, delivery id: 69a132e0-05df-11f1-9e76-3dea056a59ae
Found head_commit for delivery id d03ba1c4-05db-11f1-8a49-e83d5cb9865c, timestamp: 1770657697.0, 2026-02-09 09:21:37
signature: sha256=1ab9ed469564a2a8d4f36b0e787a1afa9083c06f7f6152e588d0bba224be4624, delivery id: d03ba1c4-05db-11f1-8a49-e83d5cb9865c
Found head_commit for delivery id 5310a894-05d0-11f1-85b9-8ae2e25b2c08, timestamp: 1770652761.0, 2026-02-09 07:59:21
signature: sha256=6961ffbe2459a6e2738c3c83503322d16cb8c15748c1fec73ca6d317c0e381ef, delivery id: 5310a894-05d0-11f1-85b9-8ae2e25b2c08
Found head_commit for delivery id 32f04732-05cf-11f1-96ef-32cbb6eedcf2, timestamp: 1770651977.0, 2026-02-09 07:46:17
signature: sha256=8225b767d74de14045664d132923406f49c5e0139aeea594f25d5a62b38eb96b, delivery id: 32f04732-05cf-11f1-96ef-32cbb6eedcf2
Found head_commit for delivery id 50f9de9c-05ce-11f1-8c2b-8f554eb389b8, timestamp: 1770651597.0, 2026-02-09 07:39:57
signature: sha256=5bbae17befc2f5ff3fb773a99d395e13162d4c629846456e8f7bb5b81fcb9d89, delivery id: 50f9de9c-05ce-11f1-8c2b-8f554eb389b8
Found head_commit for delivery id 5d325566-05cb-11f1-8de3-8aad2c8eff1f, timestamp: 1770650633.0, 2026-02-09 07:23:53
signature: sha256=201eb0d2226c40e5adfdf9d6bf35d09a0f003d23e7d3d031b7f16bb72b7c38fd, delivery id: 5d325566-05cb-11f1-8de3-8aad2c8eff1f
Found head_commit for delivery id de03aa84-05c9-11f1-8bf4-4cfda76788c8, timestamp: 1770649997.0, 2026-02-09 07:13:17
signature: sha256=b3623070621b3bda05b6e1274446135f0a191531a3597a6898c9e6f11a7c1706, delivery id: de03aa84-05c9-11f1-8bf4-4cfda76788c8
Found head_commit for delivery id 79fc34b6-05c9-11f1-9b41-072dfc57f340, timestamp: 1769626688.0, 2026-01-28 10:58:08
signature: sha256=6608466566e0163091a6007f5169f58f9e236996c2e00acdc2e91662d212702c, delivery id: 79fc34b6-05c9-11f1-9b41-072dfc57f340
Found head_commit for delivery id 1e2937d8-05c9-11f1-8f59-46a2ad46019a, timestamp: 1770649667.0, 2026-02-09 07:07:47
signature: sha256=98d024591917fd90dca7b5ab0c8cebc72565e3b2708b7742fb1654a85ec78344, delivery id: 1e2937d8-05c9-11f1-8f59-46a2ad46019a
Skipping delivery 156fa196-05c8-11f1-83db-8f48ecd26ad1 with no head_commit
Found head_commit for delivery id 14c43ff4-05c8-11f1-9c2b-d0e0aa6ce131, timestamp: 1770649230.0, 2026-02-09 07:00:30
signature: sha256=7715df9bd8f4f6ab49db23da986a13131eb61b4d640b4d967be576b7ceec014d, delivery id: 14c43ff4-05c8-11f1-9c2b-d0e0aa6ce131
Found head_commit for delivery id f132513e-05c7-11f1-9a3c-d1eb7a7041ca, timestamp: 1770649171.0, 2026-02-09 06:59:31
signature: sha256=1e1f2d31f4d3bfa7acd3d549a471127c6ee9e523476f4a74c9870a38a3f66760, delivery id: f132513e-05c7-11f1-9a3c-d1eb7a7041ca
Found head_commit for delivery id de3c13d0-05c7-11f1-96e4-429ad969b6eb, timestamp: 1770649140.0, 2026-02-09 06:59:00
signature: sha256=f73c8c222ae054896cfe7440131cb1969ea6af775b3f776799d809ce9cce8692, delivery id: de3c13d0-05c7-11f1-96e4-429ad969b6eb
Found head_commit for delivery id bc9c9f06-05c7-11f1-8984-f242b4d3ea36, timestamp: 1770649074.0, 2026-02-09 06:57:54
signature: sha256=d4d567d131616343ee973b32a75c2aa80a0143ba5d7d6a77e71c0744bc709925, delivery id: bc9c9f06-05c7-11f1-8984-f242b4d3ea36
Found head_commit for delivery id 625d080a-05c7-11f1-91aa-a4d7e8dd6535, timestamp: 1770648932.0, 2026-02-09 06:55:32
signature: sha256=0f9e704361d7aeb12c7684efcb324bd9ec7fc5c6806efd259da0e81a291b1d9f, delivery id: 625d080a-05c7-11f1-91aa-a4d7e8dd6535
Found head_commit for delivery id 868d2242-05c6-11f1-8dce-19957d61ac54, timestamp: 1770648553.0, 2026-02-09 06:49:13
signature: sha256=060da08c66067008bfe7699251b9f78112053b3cb0d4a6ccc75f4f2957d26ba3, delivery id: 868d2242-05c6-11f1-8dce-19957d61ac54
Found head_commit for delivery id 6711b280-05c5-11f1-96b4-67a3135b22ce, timestamp: 1770647767.0, 2026-02-09 06:36:07
signature: sha256=3b21af7febd7b13f71340d1242f71aa60540e11fd23d008ffd10d1c5c794a9a8, delivery id: 6711b280-05c5-11f1-96b4-67a3135b22ce
Found head_commit for delivery id 65d35330-05c3-11f1-8047-9101e29392e3, timestamp: 1770647212.0, 2026-02-09 06:26:52
signature: sha256=0b7f167b7a3dfcd67d102b0476fe1aaecd87fea0dbe6d6996a92b5a95169a96a, delivery id: 65d35330-05c3-11f1-8047-9101e29392e3
Found head_commit for delivery id a9e49108-05c1-11f1-9163-7cb65f6751cf, timestamp: 1770646466.0, 2026-02-09 06:14:26
signature: sha256=61e4b34cad8d005aabb6b9166eba153c886ecc034d2693d6fadd253a3017ed02, delivery id: a9e49108-05c1-11f1-9163-7cb65f6751cf
Found head_commit for delivery id 09a19736-05c1-11f1-9657-7e91a709b136, timestamp: 1770646205.0, 2026-02-09 06:10:05
signature: sha256=21974bf963baac8f36138fa4b177c2ef933bc649a04412b39a38e4057f11364d, delivery id: 09a19736-05c1-11f1-9657-7e91a709b136
Found head_commit for delivery id fa3ecdd2-05bf-11f1-9216-15b97822a1b7, timestamp: 1770645750.0, 2026-02-09 06:02:30
signature: sha256=9c0c5fd74147031ba4cb6f08434a5905fceb9cce975433534d15a9c2e3780073, delivery id: fa3ecdd2-05bf-11f1-9216-15b97822a1b7
Found head_commit for delivery id 7781e0f0-05bf-11f1-87f2-0985bc3d0d0e, timestamp: 1770645531.0, 2026-02-09 05:58:51
signature: sha256=08b94b8543a92a3e9588e62395c926a783543dc1057045d65a7e291e62cee32d, delivery id: 7781e0f0-05bf-11f1-87f2-0985bc3d0d0e
Found head_commit for delivery id 27574f52-05bf-11f1-91ce-0c20202de8f9, timestamp: 1770645397.0, 2026-02-09 05:56:37
signature: sha256=81a6a968fd44bbf7944759720a9b590ca0b252d96d60a6109919ed6e20637b64, delivery id: 27574f52-05bf-11f1-91ce-0c20202de8f9
Found head_commit for delivery id 1daad2f8-05bf-11f1-90c6-ea94b658cc84, timestamp: 1770645381.0, 2026-02-09 05:56:21
signature: sha256=5741a137e0fcd01f81b7b7c5a1de861c6505bfbd8f9005b3e78485eb8159843d, delivery id: 1daad2f8-05bf-11f1-90c6-ea94b658cc84
Found head_commit for delivery id f3f91b18-05be-11f1-9345-379b5f380916, timestamp: 1770645311.0, 2026-02-09 05:55:11
signature: sha256=547c83a59cdf4b2f39ab2be576471e139bf53a36557cd02540491da4bd412113, delivery id: f3f91b18-05be-11f1-9345-379b5f380916
Found head_commit for delivery id 9412b7b4-05bd-11f1-9d01-7489295b3407, timestamp: 1770644710.0, 2026-02-09 05:45:10
signature: sha256=e1efa211d2936c77185ae5ca6bad959398239aba163a7676f365dad058d2845e, delivery id: 9412b7b4-05bd-11f1-9d01-7489295b3407
Skipping delivery 309ee1ee-05bd-11f1-844d-515e6d4457a2 with no head_commit
Found head_commit for delivery id 2edaa762-05bd-11f1-9099-f2cba42e6ccc, timestamp: 1770644550.0, 2026-02-09 05:42:30
signature: sha256=3b5516ad79b7eb5b3affa64549c58ddb11c5ea4a6aa025b5660498d8dde493ab, delivery id: 2edaa762-05bd-11f1-9099-f2cba42e6ccc
Skipping delivery 2ee90960-05bd-11f1-9b77-bb3a29ea550d with no head_commit
Found head_commit for delivery id 2def1720-05bd-11f1-9a80-8a75f9e773e6, timestamp: 1770644548.0, 2026-02-09 05:42:28
signature: sha256=fc763035720994b08685a3c7cc05bb22bb619de4c0f7c33b7d91d177e16823c6, delivery id: 2def1720-05bd-11f1-9a80-8a75f9e773e6
Found head_commit for delivery id 184bc620-05bd-11f1-8a5a-190b77e70bfd, timestamp: 1770644512.0, 2026-02-09 05:41:52
signature: sha256=0285fd94435092db26d9173feae0e4669e0334e4f95a42efce9d3a322c930755, delivery id: 184bc620-05bd-11f1-8a5a-190b77e70bfd
Found head_commit for delivery id 17205a5e-05bd-11f1-9653-17ed4221dfb5, timestamp: 1770644510.0, 2026-02-09 05:41:50
signature: sha256=76d8aa18e144829b7a04a3dce64f4d71951cbe649b03fde404be9d3cce9e9fd6, delivery id: 17205a5e-05bd-11f1-9653-17ed4221dfb5
Found head_commit for delivery id d40ea6d6-05bb-11f1-8463-00c2b6cfb149, timestamp: 1770643852.0, 2026-02-09 05:30:52
signature: sha256=324048491b5365d590b90e6449b316825560e08b379e094e50beee2617f284e1, delivery id: d40ea6d6-05bb-11f1-8463-00c2b6cfb149
Found head_commit for delivery id 3134a25e-05ba-11f1-9e87-db6b6e8945bb, timestamp: 1770643265.0, 2026-02-09 05:21:05
signature: sha256=4afe8debaaffe5636d8e5f99b025384bc67aeeca4370564eb0efcdc2a3ffb1a3, delivery id: 3134a25e-05ba-11f1-9e87-db6b6e8945bb
Adding 89 deliveries
Total deliveries so far: 89
Found head_commit for delivery id d4e98ae6-05b9-11f1-8051-e2c9b9061bbf, timestamp: 1770643111.0, 2026-02-09 05:18:31
signature: sha256=4a7c1967a5c4f33c511c9549122fc4038f2f3873e909e69e4342747623a70e40, delivery id: d4e98ae6-05b9-11f1-8051-e2c9b9061bbf
Found head_commit for delivery id ca771768-05b9-11f1-95b2-52ba8f1c9d50, timestamp: 1770643094.0, 2026-02-09 05:18:14
signature: sha256=0c28ad34e4d033349626b3ea95f9d4a43b247e2d4fbd879ce606fefa5b77c619, delivery id: ca771768-05b9-11f1-95b2-52ba8f1c9d50
Found head_commit for delivery id f1324f18-05b8-11f1-820a-9a6bcf8742f4, timestamp: 1770642729.0, 2026-02-09 05:12:09
signature: sha256=475f6398e0a23b551c9a56d1a53cb47f6fed7e8f57f80f271c4dac6c70d4f4fe, delivery id: f1324f18-05b8-11f1-820a-9a6bcf8742f4
Found head_commit for delivery id f1952bb6-05b7-11f1-9859-1c48f3343a6d, timestamp: 1770642300.0, 2026-02-09 05:05:00
signature: sha256=6b15a625f52ba5fba536ec6b6de63551f477a98198d68da8f3a868c684cd8549, delivery id: f1952bb6-05b7-11f1-9859-1c48f3343a6d
Found head_commit for delivery id e8b567a4-05b7-11f1-90e4-ae0e4a3a7ce6, timestamp: 1770642285.0, 2026-02-09 05:04:45
signature: sha256=5d630e4eb5050c5c0b567ffbf9daae32bb4ccd3ba78ffd0781d2647080d9921e, delivery id: e8b567a4-05b7-11f1-90e4-ae0e4a3a7ce6
Found head_commit for delivery id e1c294b2-05b7-11f1-99d7-37c856af5b19, timestamp: 1770642273.0, 2026-02-09 05:04:33
signature: sha256=bae98863230cf16fce00494aad223a5d59d9437b412ccc8d0c3e589020ae6f39, delivery id: e1c294b2-05b7-11f1-99d7-37c856af5b19
Found head_commit for delivery id d729219c-05b7-11f1-811c-750db97c3b76, timestamp: 1770642256.0, 2026-02-09 05:04:16
signature: sha256=b0b94b013b26cfbd0158394d63f62fdc90f836127b04c5ec9038fa46972e3c93, delivery id: d729219c-05b7-11f1-811c-750db97c3b76
Found head_commit for delivery id 6d824552-05b7-11f1-85bb-6173d7c148d2, timestamp: 1770642078.0, 2026-02-09 05:01:18
signature: sha256=d08a919d227c577107baedf0d4a683e6a78e2a5e23682780f64a9bc57f0e6a8b, delivery id: 6d824552-05b7-11f1-85bb-6173d7c148d2
Found head_commit for delivery id 62482ec2-05b7-11f1-9158-645f058219b4, timestamp: 1770642060.0, 2026-02-09 05:01:00
signature: sha256=5b99a1321f294e6c361751eae5cd59d9aa814c80d039ac2ec0a1ab3e60db2f16, delivery id: 62482ec2-05b7-11f1-9158-645f058219b4
Found head_commit for delivery id 442e2e1e-05b7-11f1-9676-6ebde64f9724, timestamp: 1770641999.0, 2026-02-09 04:59:59
signature: sha256=27f0ddbf651ca7e7290f6128d983857b931331560790746d2bdf04c50e938283, delivery id: 442e2e1e-05b7-11f1-9676-6ebde64f9724
Found head_commit for delivery id 79e1ac18-05b5-11f1-912e-21777e7d4c56, timestamp: 1770641221.0, 2026-02-09 04:47:01
signature: sha256=9436bcb48c4dae50cc4468d18e701038d00b464e0817c101581084b0207bbb32, delivery id: 79e1ac18-05b5-11f1-912e-21777e7d4c56
Found head_commit for delivery id 7929286e-05b5-11f1-89fc-0fb083b049e4, timestamp: 1770641238.0, 2026-02-09 04:47:18
signature: sha256=cb92033983a81e85e7bc4eb68497d3ff8dfd2b24ca52e2a442e9b1ddf92045a0, delivery id: 7929286e-05b5-11f1-89fc-0fb083b049e4
Found head_commit for delivery id 5a6b5028-05b5-11f1-9c9e-a780cec730e2, timestamp: 1770640930.0, 2026-02-09 04:42:10
signature: sha256=31715cbafd6ffd06ec75b6c889ae15c36890200212c7fd7dcb595f8e04a3d91f, delivery id: 5a6b5028-05b5-11f1-9c9e-a780cec730e2
Skipping delivery f5618c88-05b4-11f1-8467-fc95c4097866 with no head_commit
Found head_commit for delivery id ee9ee1d4-05b4-11f1-905d-257ae48c94c6, timestamp: 1770641006.0, 2026-02-09 04:43:26
signature: sha256=b8eaf334a88b93e528d321e1ce02ea674acc15d6d839c378a88eb94e55729284, delivery id: ee9ee1d4-05b4-11f1-905d-257ae48c94c6
Found head_commit for delivery id dcc49eb8-05b4-11f1-9bfa-0eb97a36bdee, timestamp: 1770640976.0, 2026-02-09 04:42:56
signature: sha256=6ba791b8e4fa6988b01cc1128bfee8698c7eba5fe0f70d96143c9bd23836d9da, delivery id: dcc49eb8-05b4-11f1-9bfa-0eb97a36bdee
Found head_commit for delivery id d164b684-05b4-11f1-8613-9799a8584e7c, timestamp: 1770640957.0, 2026-02-09 04:42:37
signature: sha256=a3c5b131a915d733e4458f56852dec9fe155a1cd8000c0939d5412e8254d16b4, delivery id: d164b684-05b4-11f1-8613-9799a8584e7c
Found head_commit for delivery id 931ef966-05b4-11f1-83ee-feeb8193b8c3, timestamp: 1770640853.0, 2026-02-09 04:40:53
signature: sha256=5836459d4c512ff993d529e6ae1b75a2ad2777cb8b7901f7395b10002c28753f, delivery id: 931ef966-05b4-11f1-83ee-feeb8193b8c3
Found head_commit for delivery id c60233d0-05b3-11f1-8917-400e80c07924, timestamp: 1770640508.0, 2026-02-09 04:35:08
signature: sha256=1d38766065a6353cd5722f0c9a3b801669314cc4363f64c04a4469c690db13cf, delivery id: c60233d0-05b3-11f1-8917-400e80c07924
Found head_commit for delivery id b1df6b8e-05ae-11f1-9353-c5aca8eeaf9c, timestamp: 1770638327.0, 2026-02-09 03:58:47
signature: sha256=ad793c28c697f77de2c90f5b91a59626472dd2d7f2b693c98d29168de2d1febe, delivery id: b1df6b8e-05ae-11f1-9353-c5aca8eeaf9c
Found head_commit for delivery id 7a7016ee-05ae-11f1-8a57-6f3d54817b98, timestamp: 1770638235.0, 2026-02-09 03:57:15
signature: sha256=d5d0e34225725d40b967f2e3856d8baece57a0410bbfc94acc9cf3d1a078c3a3, delivery id: 7a7016ee-05ae-11f1-8a57-6f3d54817b98
Found head_commit for delivery id 7036a68e-05ae-11f1-9ffb-9411b8bba5c5, timestamp: 1770638218.0, 2026-02-09 03:56:58
signature: sha256=31084b73b87462b0cfe576325fa56f86b65706eb0ea3814b76c079e48142e0da, delivery id: 7036a68e-05ae-11f1-9ffb-9411b8bba5c5
Found head_commit for delivery id d502b72a-05ad-11f1-8708-6a3568e975fb, timestamp: 1770637956.0, 2026-02-09 03:52:36
signature: sha256=729e41dd3642621ef4e908459b2556a8ae1027bd268c136aaf26aabee605e136, delivery id: d502b72a-05ad-11f1-8708-6a3568e975fb
Found head_commit for delivery id 87f0695a-05ad-11f1-826f-ce17edc441a0, timestamp: 1770637828.0, 2026-02-09 03:50:28
signature: sha256=914542104debc080dd0825b4eb43bbb086f2abaca098ed92bff5e60a8e0d948b, delivery id: 87f0695a-05ad-11f1-826f-ce17edc441a0
Found head_commit for delivery id 7f27afcc-05ad-11f1-9410-9a8533c402a0, timestamp: 1770637813.0, 2026-02-09 03:50:13
signature: sha256=185b8b9a5115c632d2a90f070fbd36457fa81309b1d230b2f18b24e50e2d4d2c, delivery id: 7f27afcc-05ad-11f1-9410-9a8533c402a0
Found head_commit for delivery id 28277296-059b-11f1-85e0-c3b5a7b3f25d, timestamp: 1770629936.0, 2026-02-09 01:38:56
signature: sha256=f2e74ad63a35f0fbf67a25775243fedb9ae4910f34b2d2e201b24472cb54d1f2, delivery id: 28277296-059b-11f1-85e0-c3b5a7b3f25d
Found head_commit for delivery id dad0e1b2-059a-11f1-9e85-c2eb1e9c84a9, timestamp: 1770629807.0, 2026-02-09 01:36:47
signature: sha256=783f62d96eefb308113ed9e2041fec13d0a0e3d94d5ecb826f8d947678231226, delivery id: dad0e1b2-059a-11f1-9e85-c2eb1e9c84a9
Found head_commit for delivery id d26ebfa8-059a-11f1-8e7b-f5a4e133cbb8, timestamp: 1770629792.0, 2026-02-09 01:36:32
signature: sha256=0459b2a2193732387dc4bca339770171e5c61e3546878f6edf62cb7d578174b5, delivery id: d26ebfa8-059a-11f1-8e7b-f5a4e133cbb8
Found head_commit for delivery id 1c11767a-0599-11f1-92fa-80ed535f4f7e, timestamp: 1770629056.0, 2026-02-09 01:24:16
signature: sha256=bc897f0dc2b08bfabbd82b247d473ef43489a074567304d8fea7784bd45bd5dc, delivery id: 1c11767a-0599-11f1-92fa-80ed535f4f7e
Found head_commit for delivery id e02c56de-0598-11f1-9b86-b3737998a5f7, timestamp: 1770628956.0, 2026-02-09 01:22:36
signature: sha256=fab0450e2c7b3e6d88dd0344a1c2a0047bb3d6e14cdf60119529fe2d37acd4b4, delivery id: e02c56de-0598-11f1-9b86-b3737998a5f7
Found head_commit for delivery id 68b32bd2-0598-11f1-9ae5-b61eb0f4ea8d, timestamp: 1770628755.0, 2026-02-09 01:19:15
signature: sha256=136ee8b77bc557923319aa623b2355a3f43c7ece7aa2b11c80ea23d27c5da6b0, delivery id: 68b32bd2-0598-11f1-9ae5-b61eb0f4ea8d
Found head_commit for delivery id 1f0cea22-0598-11f1-9b1d-add0c9e34eba, timestamp: 1770628633.0, 2026-02-09 01:17:13
signature: sha256=05bc89995fd968c9eb886fb080187dc452f570f4c0d91ee41acdc1f3418a0c8c, delivery id: 1f0cea22-0598-11f1-9b1d-add0c9e34eba
Found head_commit for delivery id 951c863e-0596-11f1-9b03-f699928a9827, timestamp: 1770627971.0, 2026-02-09 01:06:11
signature: sha256=14fba510bde7af86abc4264fb3b52d9a000eac9623dc10a61c764c48540c318b, delivery id: 951c863e-0596-11f1-9b03-f699928a9827
Found head_commit for delivery id 25ba7076-0596-11f1-82b8-f214c4d1edcf, timestamp: 1770627785.0, 2026-02-09 01:03:05
signature: sha256=309dd2e9dbae02e2872f7d627c2b6a10270cb1d4ae7e3435fe3a529580d83a87, delivery id: 25ba7076-0596-11f1-82b8-f214c4d1edcf
Found head_commit for delivery id 8c1e97fa-0593-11f1-8364-83ae84d4ef70, timestamp: 1770154506.0, 2026-02-03 13:35:06
signature: sha256=07f4d0e2841b4ade5a9a21005836df013e32bf43084e18735a2f8647eb0ea551, delivery id: 8c1e97fa-0593-11f1-8364-83ae84d4ef70
Skipping delivery 13f62428-0593-11f1-8a02-98eaf81ceddd with no head_commit
Found head_commit for delivery id e1321d86-0591-11f1-9d20-b9ce10b3d9e3, timestamp: 1770414622.0, 2026-02-06 13:50:22
signature: sha256=981710c7154b1f573d267c44150ce38426ff2ef9c1e25e3f9185765646e57680, delivery id: e1321d86-0591-11f1-9d20-b9ce10b3d9e3
Skipping delivery 40971220-058f-11f1-896b-e1b29ad379de with no head_commit
Skipping delivery 40967b12-058f-11f1-8d07-bb9a53deaa92 with no head_commit
Found head_commit for delivery id 3fc5ff5a-058f-11f1-9107-a1d2cca36816, timestamp: 1770624821.0, 2026-02-09 00:13:41
signature: sha256=b640cb494fb229b7250a750b1462034af13e0464e465ada93aa90ac1d25f892a, delivery id: 3fc5ff5a-058f-11f1-9107-a1d2cca36816
Found head_commit for delivery id 3f9d4e48-058f-11f1-8861-5da9dbb366a1, timestamp: 1770624821.0, 2026-02-09 00:13:41
signature: sha256=4ce343c3a98a4255912b90b64e627600e9a960bd5c87edfcce4d3770df55094a, delivery id: 3f9d4e48-058f-11f1-8861-5da9dbb366a1
Found head_commit for delivery id 297855d6-058f-11f1-9096-0af4592ace16, timestamp: 1770624784.0, 2026-02-09 00:13:04
signature: sha256=0657ac5c1b927fb43826d6b6a966955fb6ce53916635170c3d8e5330f6881dd0, delivery id: 297855d6-058f-11f1-9096-0af4592ace16
Found head_commit for delivery id 2939f908-058f-11f1-9369-d5f87504edd3, timestamp: 1770624784.0, 2026-02-09 00:13:04
signature: sha256=a6e52a3de9ce08079c885baf8aeb647cff52f650b52323705439b51edd8164e8, delivery id: 2939f908-058f-11f1-9369-d5f87504edd3
Found head_commit for delivery id 027e61c8-0571-11f1-928b-e7252eaf68fe, timestamp: 1770611834.0, 2026-02-08 20:37:14
signature: sha256=885671b3642241963e299b545d31263069999e4127c1daa081344557b8a15cf7, delivery id: 027e61c8-0571-11f1-928b-e7252eaf68fe
Found head_commit for delivery id e3e5477c-0570-11f1-8637-d189272a1ca7, timestamp: 1770611783.0, 2026-02-08 20:36:23
signature: sha256=ee7c3c5d4a3d2e9934187c6a04dbec6103a1b1f872e76ff2a222471d356fcf81, delivery id: e3e5477c-0570-11f1-8637-d189272a1ca7
Found head_commit for delivery id d9adacc2-0570-11f1-934f-da1a06cff729, timestamp: 1770611766.0, 2026-02-08 20:36:06
signature: sha256=6557737a152a2b1e6448e2abcc6e81bb38f624613608bbcaf52f19eff5117894, delivery id: d9adacc2-0570-11f1-934f-da1a06cff729
Found head_commit for delivery id 3cca63d6-056c-11f1-9007-7122ffc35527, timestamp: 1770609784.0, 2026-02-08 20:03:04
signature: sha256=ac1d53fcf6349cbb0600f38cafd98d9843d1bf83a10015cc7342c215d1d2f63e, delivery id: 3cca63d6-056c-11f1-9007-7122ffc35527
Found head_commit for delivery id 1e89c330-056c-11f1-9753-33c3372465aa, timestamp: 1770609734.0, 2026-02-08 20:02:14
signature: sha256=45461bece07ac2ce4afc7b66a8a0ee3b395b21b807d70e18582d3d94e0468f89, delivery id: 1e89c330-056c-11f1-9753-33c3372465aa
Found head_commit for delivery id 140ab5a4-056c-11f1-99cd-c078a95c2a78, timestamp: 1770609716.0, 2026-02-08 20:01:56
signature: sha256=abd3e896d2f13f9e84ab639936b544bef84e1e8d63608211843a33f1afd222a6, delivery id: 140ab5a4-056c-11f1-99cd-c078a95c2a78
Adding 45 deliveries
Total deliveries so far: 134
Total deliveries to process: 134
Processing delivery id: f3611d6e-0608-11f1-9eda-6a97430fffcf
Ignoring repository: adobe-commerce-plugin
Ignoring delivery f3611d6e-0608-11f1-9eda-6a97430fffcf based on repository ignore list
Processing delivery id: 94eb156a-0602-11f1-8e61-f9330c75ee9b
Delivery 94eb156a-0602-11f1-8e61-f9330c75ee9b (2026-02-09 13:59:16) needs processing (timestamp: 1770674356.0 > most recent timestamp: 1770050940.0)
Most recent processed delivery set to -- id: 94eb156a-0602-11f1-8e61-f9330c75ee9b, date-time: 2026-02-09T13:59:16, timestamp: 1770674356.0
Processed 1 deliveries so far...
Processing delivery id: 62513ed6-0602-11f1-875b-a33d770012e5
Delivery 62513ed6-0602-11f1-875b-a33d770012e5 (2026-02-09 13:57:52) needs processing (timestamp: 1770674272.0 > most recent timestamp: 1770050940.0)
Processed 2 deliveries so far...
Processing delivery id: 0ce4bb6c-0602-11f1-9e0e-cd8cabf8f0ae
Delivery 0ce4bb6c-0602-11f1-9e0e-cd8cabf8f0ae (2026-02-09 13:55:28) needs processing (timestamp: 1770674128.0 > most recent timestamp: 1770050940.0)
Processed 3 deliveries so far...
Processing delivery id: d2f961be-0601-11f1-8ddd-1c7d4bf6ac6f
Delivery d2f961be-0601-11f1-8ddd-1c7d4bf6ac6f (2026-02-09 13:53:51) needs processing (timestamp: 1770674031.0 > most recent timestamp: 1770050940.0)
Processed 4 deliveries so far...
Processing delivery id: 3e0e957e-0601-11f1-902b-ec02f8d5d8e2
Delivery 3e0e957e-0601-11f1-902b-ec02f8d5d8e2 (2026-02-09 13:49:42) needs processing (timestamp: 1770673782.0 > most recent timestamp: 1770050940.0)
Processed 5 deliveries so far...
Processing delivery id: c998eb68-0600-11f1-9a64-a374e1397b67
Delivery c998eb68-0600-11f1-9a64-a374e1397b67 (2026-02-09 13:46:26) needs processing (timestamp: 1770673586.0 > most recent timestamp: 1770050940.0)
Processed 6 deliveries so far...
Processing delivery id: 4bc35484-05fc-11f1-85ba-a25a69ade5fd
Delivery 4bc35484-05fc-11f1-85ba-a25a69ade5fd (2026-02-09 13:14:17) needs processing (timestamp: 1770671657.0 > most recent timestamp: 1770050940.0)
Processed 7 deliveries so far...
Processing delivery id: da86d12e-05fb-11f1-8c58-0253eb93932d
Delivery da86d12e-05fb-11f1-8c58-0253eb93932d (2026-02-09 13:11:07) needs processing (timestamp: 1770671467.0 > most recent timestamp: 1770050940.0)
Processed 8 deliveries so far...
Processing delivery id: c6ff4494-05f9-11f1-8f7c-840cbf7f71ed
Ignoring repository: adobe-commerce-plugin
Ignoring delivery c6ff4494-05f9-11f1-8f7c-840cbf7f71ed based on repository ignore list
Processing delivery id: 5d64ca7c-05f9-11f1-927f-6d8d07057218
Delivery 5d64ca7c-05f9-11f1-927f-6d8d07057218 (2026-02-09 12:53:18) needs processing (timestamp: 1770670398.0 > most recent timestamp: 1770050940.0)
Processed 9 deliveries so far...
Processing delivery id: 3dc5e9b2-05f9-11f1-9232-6deb96bce0b9
Delivery 3dc5e9b2-05f9-11f1-9232-6deb96bce0b9 (2026-02-09 12:52:25) needs processing (timestamp: 1770670345.0 > most recent timestamp: 1770050940.0)
Processed 10 deliveries so far...
Processing delivery id: 32af54b4-05f9-11f1-8de4-94d913fecef0
Delivery 32af54b4-05f9-11f1-8de4-94d913fecef0 (2026-02-09 12:52:06) needs processing (timestamp: 1770670326.0 > most recent timestamp: 1770050940.0)
Processed 11 deliveries so far...
Processing delivery id: b5a68dd4-05f8-11f1-8dbb-2fe6d783a135
Ignoring repository: adobe-commerce-plugin
Ignoring delivery b5a68dd4-05f8-11f1-8dbb-2fe6d783a135 based on repository ignore list
Processing delivery id: a6015224-05f8-11f1-9b3c-264acb11cba2
Delivery a6015224-05f8-11f1-9b3c-264acb11cba2 (2026-02-09 12:48:11) needs processing (timestamp: 1770670091.0 > most recent timestamp: 1770050940.0)
Processed 12 deliveries so far...
Processing delivery id: 66fc0138-05f7-11f1-9700-d7862185bc8e
Delivery 66fc0138-05f7-11f1-9700-d7862185bc8e (2026-02-09 12:39:15) needs processing (timestamp: 1770669555.0 > most recent timestamp: 1770050940.0)
Processed 13 deliveries so far...
Processing delivery id: 589aca16-05f7-11f1-94d9-7824b22aa64a
Delivery 589aca16-05f7-11f1-94d9-7824b22aa64a (2026-02-09 12:38:51) needs processing (timestamp: 1770669531.0 > most recent timestamp: 1770050940.0)
Processed 14 deliveries so far...
Processing delivery id: 4c57d924-05f7-11f1-8be4-2561b7ff1d18
Delivery 4c57d924-05f7-11f1-8be4-2561b7ff1d18 (2026-02-09 12:38:30) needs processing (timestamp: 1770669510.0 > most recent timestamp: 1770050940.0)
Processed 15 deliveries so far...
Processing delivery id: 1188dd2a-05f7-11f1-878d-73077015764c
Ignoring repository: adobe-commerce-plugin
Ignoring delivery 1188dd2a-05f7-11f1-878d-73077015764c based on repository ignore list
Processing delivery id: d7399bc8-05f6-11f1-948e-c199e5f68aef
Delivery d7399bc8-05f6-11f1-948e-c199e5f68aef (2026-02-09 12:35:15) needs processing (timestamp: 1770669315.0 > most recent timestamp: 1770050940.0)
Processed 16 deliveries so far...
Processing delivery id: cf187ed4-05f4-11f1-9be5-3c14d595cc90
Delivery cf187ed4-05f4-11f1-9be5-3c14d595cc90 (2026-02-09 12:20:41) needs processing (timestamp: 1770668441.0 > most recent timestamp: 1770050940.0)
Processed 17 deliveries so far...
Processing delivery id: becb5e70-05f4-11f1-9f33-40ca67905456
Delivery becb5e70-05f4-11f1-9f33-40ca67905456 (2026-02-09 12:20:14) needs processing (timestamp: 1770668414.0 > most recent timestamp: 1770050940.0)
Processed 18 deliveries so far...
Processing delivery id: a9913084-05f4-11f1-88a0-896e91248aae
Delivery a9913084-05f4-11f1-88a0-896e91248aae (2026-02-09 12:19:38) needs processing (timestamp: 1770668378.0 > most recent timestamp: 1770050940.0)
Processed 19 deliveries so far...
Processing delivery id: 9002dee2-05f4-11f1-85ef-1c71c7508902
Delivery 9002dee2-05f4-11f1-85ef-1c71c7508902 (2026-02-09 12:18:56) needs processing (timestamp: 1770668336.0 > most recent timestamp: 1770050940.0)
Processed 20 deliveries so far...
Processing delivery id: 02121eb0-05f2-11f1-9523-0447e7a1fece
Ignoring repository: adobe-commerce-plugin
Ignoring delivery 02121eb0-05f2-11f1-9523-0447e7a1fece based on repository ignore list
Processing delivery id: 16979492-05f1-11f1-83f2-00e58bfaf6ee
Delivery 16979492-05f1-11f1-83f2-00e58bfaf6ee (2026-02-09 11:54:03) needs processing (timestamp: 1770666843.0 > most recent timestamp: 1770050940.0)
Processed 21 deliveries so far...
Processing delivery id: e886e814-05f0-11f1-9533-0c362342b174
Delivery e886e814-05f0-11f1-9533-0c362342b174 (2026-02-09 11:52:44) needs processing (timestamp: 1770666764.0 > most recent timestamp: 1770050940.0)
Processed 22 deliveries so far...
Processing delivery id: 11807312-05f0-11f1-906b-545bc63bae93
Ignoring repository: adobe-commerce-plugin
Ignoring delivery 11807312-05f0-11f1-906b-545bc63bae93 based on repository ignore list
Processing delivery id: 1c810a2a-05ef-11f1-9a5d-73f7c0e91b70
Delivery 1c810a2a-05ef-11f1-9a5d-73f7c0e91b70 (2026-02-09 11:39:54) needs processing (timestamp: 1770665994.0 > most recent timestamp: 1770050940.0)
Processed 23 deliveries so far...
Processing delivery id: 09c9f41e-05ef-11f1-9296-cb1451402ced
Delivery 09c9f41e-05ef-11f1-9296-cb1451402ced (2026-02-09 11:39:23) needs processing (timestamp: 1770665963.0 > most recent timestamp: 1770050940.0)
Processed 24 deliveries so far...
Processing delivery id: 08aa868e-05ef-11f1-8e92-120801f4b757
Delivery 08aa868e-05ef-11f1-8e92-120801f4b757 (2026-02-09 11:39:21) needs processing (timestamp: 1770665961.0 > most recent timestamp: 1770050940.0)
Processed 25 deliveries so far...
Processing delivery id: 0642891e-05ef-11f1-9d6f-b9ebcc897b82
Delivery 0642891e-05ef-11f1-9d6f-b9ebcc897b82 (2026-02-09 11:39:17) needs processing (timestamp: 1770665957.0 > most recent timestamp: 1770050940.0)
Processed 26 deliveries so far...
Processing delivery id: ffab11a2-05ee-11f1-9c78-ffeb58996b7a
Delivery ffab11a2-05ee-11f1-9c78-ffeb58996b7a (2026-02-09 11:39:06) needs processing (timestamp: 1770665946.0 > most recent timestamp: 1770050940.0)
Processed 27 deliveries so far...
Processing delivery id: fecfda24-05ee-11f1-8236-4c7344d6c7f8
Delivery fecfda24-05ee-11f1-8236-4c7344d6c7f8 (2026-02-09 11:39:04) needs processing (timestamp: 1770665944.0 > most recent timestamp: 1770050940.0)
Processed 28 deliveries so far...
Processing delivery id: fdd64126-05ee-11f1-943d-f6e53fff5eaa
Delivery fdd64126-05ee-11f1-943d-f6e53fff5eaa (2026-02-09 11:39:03) needs processing (timestamp: 1770665943.0 > most recent timestamp: 1770050940.0)
Processed 29 deliveries so far...
Processing delivery id: fc3740f4-05ee-11f1-9862-7118bfe2286c
Delivery fc3740f4-05ee-11f1-9862-7118bfe2286c (2026-02-09 11:39:01) needs processing (timestamp: 1770665941.0 > most recent timestamp: 1770050940.0)
Processed 30 deliveries so far...
Processing delivery id: fbcea512-05ee-11f1-97d5-33cacc7e08e6
Delivery fbcea512-05ee-11f1-97d5-33cacc7e08e6 (2026-02-09 11:39:00) needs processing (timestamp: 1770665940.0 > most recent timestamp: 1770050940.0)
Processed 31 deliveries so far...
Processing delivery id: fb80e4da-05ee-11f1-8886-c66a9e9c8d4b
Delivery fb80e4da-05ee-11f1-8886-c66a9e9c8d4b (2026-02-09 11:38:59) needs processing (timestamp: 1770665939.0 > most recent timestamp: 1770050940.0)
Processed 32 deliveries so far...
Processing delivery id: fb1fa954-05ee-11f1-9cb7-4b5fbe4b8a3e
Delivery fb1fa954-05ee-11f1-9cb7-4b5fbe4b8a3e (2026-02-09 11:38:59) needs processing (timestamp: 1770665939.0 > most recent timestamp: 1770050940.0)
Processed 33 deliveries so far...
Processing delivery id: fab206f6-05ee-11f1-9a3f-0abeb035af86
Delivery fab206f6-05ee-11f1-9a3f-0abeb035af86 (2026-02-09 11:38:58) needs processing (timestamp: 1770665938.0 > most recent timestamp: 1770050940.0)
Processed 34 deliveries so far...
Processing delivery id: 2cea11ca-05ec-11f1-9482-23fb92801f4a
Delivery 2cea11ca-05ec-11f1-9482-23fb92801f4a (2026-02-09 11:18:51) needs processing (timestamp: 1770664731.0 > most recent timestamp: 1770050940.0)
Processed 35 deliveries so far...
Processing delivery id: 6a27fac6-05eb-11f1-9bbb-7317dcd168f2
Delivery 6a27fac6-05eb-11f1-9bbb-7317dcd168f2 (2026-02-09 11:13:22) needs processing (timestamp: 1770664402.0 > most recent timestamp: 1770050940.0)
Processed 36 deliveries so far...
Processing delivery id: 00759320-05e8-11f1-84b1-c62ef3c7a82c
Ignoring repository: adobe-commerce-plugin
Ignoring delivery 00759320-05e8-11f1-84b1-c62ef3c7a82c based on repository ignore list
Processing delivery id: df783d30-05e7-11f1-8487-49810b7e6a95
Delivery df783d30-05e7-11f1-8487-49810b7e6a95 (2026-02-09 10:46:37) needs processing (timestamp: 1770662797.0 > most recent timestamp: 1770050940.0)
Processed 37 deliveries so far...
Processing delivery id: bea6b14a-05e7-11f1-94d5-ddc0f747a15c
Delivery bea6b14a-05e7-11f1-94d5-ddc0f747a15c (2026-02-09 10:46:37) needs processing (timestamp: 1770662797.0 > most recent timestamp: 1770050940.0)
Processed 38 deliveries so far...
Processing delivery id: ff03b838-05e6-11f1-93ac-0e7703111fac
Ignoring repository: adobe-commerce-plugin
Ignoring delivery ff03b838-05e6-11f1-93ac-0e7703111fac based on repository ignore list
Processing delivery id: 7658f05e-05e4-11f1-98ca-96ccff60834b
Ignoring repository: adobe-commerce-plugin
Ignoring delivery 7658f05e-05e4-11f1-98ca-96ccff60834b based on repository ignore list
Processing delivery id: dc546a9c-05e3-11f1-8992-1240e94227b3
Delivery dc546a9c-05e3-11f1-8992-1240e94227b3 (2026-02-09 10:19:22) needs processing (timestamp: 1770661162.0 > most recent timestamp: 1770050940.0)
Processed 39 deliveries so far...
Processing delivery id: c9e4375c-05e3-11f1-89a2-92995040eeac
Delivery c9e4375c-05e3-11f1-89a2-92995040eeac (2026-02-09 10:18:51) needs processing (timestamp: 1770661131.0 > most recent timestamp: 1770050940.0)
Processed 40 deliveries so far...
Processing delivery id: c9e4375c-05e3-11f1-89a2-92995040eeac
Delivery c9e4375c-05e3-11f1-89a2-92995040eeac (2026-02-09 10:18:51) needs processing (timestamp: 1770661131.0 > most recent timestamp: 1770050940.0)
Processed 41 deliveries so far...
Processing delivery id: bb20ae80-05e3-11f1-9aa1-c3f7cab78bb2
Delivery bb20ae80-05e3-11f1-9aa1-c3f7cab78bb2 (2026-02-09 10:18:26) needs processing (timestamp: 1770661106.0 > most recent timestamp: 1770050940.0)
Processed 42 deliveries so far...
Processing delivery id: 869ab9c6-05e3-11f1-8b22-9de4058b6eb8
Ignoring repository: adobe-commerce-plugin
Ignoring delivery 869ab9c6-05e3-11f1-8b22-9de4058b6eb8 based on repository ignore list
Processing delivery id: e928845c-05e2-11f1-8b06-638526eb55a1
Delivery e928845c-05e2-11f1-8b06-638526eb55a1 (2026-02-09 09:58:31) needs processing (timestamp: 1770659911.0 > most recent timestamp: 1770050940.0)
Processed 43 deliveries so far...
Processing delivery id: 6fb576fc-05e2-11f1-885e-d8f35718397c
Ignoring repository: adobe-commerce-plugin
Ignoring delivery 6fb576fc-05e2-11f1-885e-d8f35718397c based on repository ignore list
Processing delivery id: 396baf68-05e1-11f1-9440-aace599b435a
Delivery 396baf68-05e1-11f1-9440-aace599b435a (2026-02-09 10:00:29) needs processing (timestamp: 1770660029.0 > most recent timestamp: 1770050940.0)
Processed 44 deliveries so far...
Processing delivery id: 052fdfbc-05e1-11f1-909a-f3d87885c53b
Delivery 052fdfbc-05e1-11f1-909a-f3d87885c53b (2026-02-09 09:59:02) needs processing (timestamp: 1770659942.0 > most recent timestamp: 1770050940.0)
Processed 45 deliveries so far...
Processing delivery id: 978ff20e-05df-11f1-9eac-59f63ab10fe1
Delivery 978ff20e-05df-11f1-9eac-59f63ab10fe1 (2026-02-09 09:48:48) needs processing (timestamp: 1770659328.0 > most recent timestamp: 1770050940.0)
Processed 46 deliveries so far...
Processing delivery id: 8508e0aa-05df-11f1-9ceb-bb5e74a21849
Delivery 8508e0aa-05df-11f1-9ceb-bb5e74a21849 (2026-02-09 09:48:18) needs processing (timestamp: 1770659298.0 > most recent timestamp: 1770050940.0)
Processed 47 deliveries so far...
Processing delivery id: 69a132e0-05df-11f1-9e76-3dea056a59ae
Delivery 69a132e0-05df-11f1-9e76-3dea056a59ae (2026-02-09 09:47:31) needs processing (timestamp: 1770659251.0 > most recent timestamp: 1770050940.0)
Processed 48 deliveries so far...
Processing delivery id: d03ba1c4-05db-11f1-8a49-e83d5cb9865c
Delivery d03ba1c4-05db-11f1-8a49-e83d5cb9865c (2026-02-09 09:21:37) needs processing (timestamp: 1770657697.0 > most recent timestamp: 1770050940.0)
Processed 49 deliveries so far...
Processing delivery id: 5310a894-05d0-11f1-85b9-8ae2e25b2c08
Ignoring repository: adobe-commerce-plugin
Ignoring delivery 5310a894-05d0-11f1-85b9-8ae2e25b2c08 based on repository ignore list
Processing delivery id: 32f04732-05cf-11f1-96ef-32cbb6eedcf2
Ignoring repository: adobe-commerce-plugin
Ignoring delivery 32f04732-05cf-11f1-96ef-32cbb6eedcf2 based on repository ignore list
Processing delivery id: 50f9de9c-05ce-11f1-8c2b-8f554eb389b8
Ignoring repository: adobe-commerce-plugin
Ignoring delivery 50f9de9c-05ce-11f1-8c2b-8f554eb389b8 based on repository ignore list
Processing delivery id: 5d325566-05cb-11f1-8de3-8aad2c8eff1f
Ignoring repository: adobe-commerce-plugin
Ignoring delivery 5d325566-05cb-11f1-8de3-8aad2c8eff1f based on repository ignore list
Processing delivery id: de03aa84-05c9-11f1-8bf4-4cfda76788c8
Delivery de03aa84-05c9-11f1-8bf4-4cfda76788c8 (2026-02-09 07:13:17) needs processing (timestamp: 1770649997.0 > most recent timestamp: 1770050940.0)
Processed 50 deliveries so far...
Processing delivery id: 79fc34b6-05c9-11f1-9b41-072dfc57f340
Delivery 79fc34b6-05c9-11f1-9b41-072dfc57f340 (2026-01-28 10:58:08) does not need processing (timestamp: 1769626688.0 <= most recent timestamp: 1770050940.0)
Processing delivery id: 1e2937d8-05c9-11f1-8f59-46a2ad46019a
Ignoring repository: adobe-commerce-plugin
Ignoring delivery 1e2937d8-05c9-11f1-8f59-46a2ad46019a based on repository ignore list
Processing delivery id: 14c43ff4-05c8-11f1-9c2b-d0e0aa6ce131
Delivery 14c43ff4-05c8-11f1-9c2b-d0e0aa6ce131 (2026-02-09 07:00:30) needs processing (timestamp: 1770649230.0 > most recent timestamp: 1770050940.0)
Processed 51 deliveries so far...
Processing delivery id: f132513e-05c7-11f1-9a3c-d1eb7a7041ca
Delivery f132513e-05c7-11f1-9a3c-d1eb7a7041ca (2026-02-09 06:59:31) needs processing (timestamp: 1770649171.0 > most recent timestamp: 1770050940.0)
Processed 52 deliveries so far...
Processing delivery id: de3c13d0-05c7-11f1-96e4-429ad969b6eb
Delivery de3c13d0-05c7-11f1-96e4-429ad969b6eb (2026-02-09 06:59:00) needs processing (timestamp: 1770649140.0 > most recent timestamp: 1770050940.0)
Processed 53 deliveries so far...
Processing delivery id: bc9c9f06-05c7-11f1-8984-f242b4d3ea36
Ignoring repository: adobe-commerce-plugin
Ignoring delivery bc9c9f06-05c7-11f1-8984-f242b4d3ea36 based on repository ignore list
Processing delivery id: 625d080a-05c7-11f1-91aa-a4d7e8dd6535
Delivery 625d080a-05c7-11f1-91aa-a4d7e8dd6535 (2026-02-09 06:55:32) needs processing (timestamp: 1770648932.0 > most recent timestamp: 1770050940.0)
Processed 54 deliveries so far...
Processing delivery id: 868d2242-05c6-11f1-8dce-19957d61ac54
Ignoring repository: adobe-commerce-plugin
Ignoring delivery 868d2242-05c6-11f1-8dce-19957d61ac54 based on repository ignore list
Processing delivery id: 6711b280-05c5-11f1-96b4-67a3135b22ce
Ignoring repository: adobe-commerce-plugin
Ignoring delivery 6711b280-05c5-11f1-96b4-67a3135b22ce based on repository ignore list
Processing delivery id: 65d35330-05c3-11f1-8047-9101e29392e3
Ignoring repository: adobe-commerce-plugin
Ignoring delivery 65d35330-05c3-11f1-8047-9101e29392e3 based on repository ignore list
Processing delivery id: a9e49108-05c1-11f1-9163-7cb65f6751cf
Ignoring repository: adobe-commerce-plugin
Ignoring delivery a9e49108-05c1-11f1-9163-7cb65f6751cf based on repository ignore list
Processing delivery id: 09a19736-05c1-11f1-9657-7e91a709b136
Delivery 09a19736-05c1-11f1-9657-7e91a709b136 (2026-02-09 06:10:05) needs processing (timestamp: 1770646205.0 > most recent timestamp: 1770050940.0)
Processed 55 deliveries so far...
Processing delivery id: fa3ecdd2-05bf-11f1-9216-15b97822a1b7
Delivery fa3ecdd2-05bf-11f1-9216-15b97822a1b7 (2026-02-09 06:02:30) needs processing (timestamp: 1770645750.0 > most recent timestamp: 1770050940.0)
Processed 56 deliveries so far...
Processing delivery id: 7781e0f0-05bf-11f1-87f2-0985bc3d0d0e
Delivery 7781e0f0-05bf-11f1-87f2-0985bc3d0d0e (2026-02-09 05:58:51) needs processing (timestamp: 1770645531.0 > most recent timestamp: 1770050940.0)
Processed 57 deliveries so far...
Processing delivery id: 27574f52-05bf-11f1-91ce-0c20202de8f9
Delivery 27574f52-05bf-11f1-91ce-0c20202de8f9 (2026-02-09 05:56:37) needs processing (timestamp: 1770645397.0 > most recent timestamp: 1770050940.0)
Processed 58 deliveries so far...
Processing delivery id: 1daad2f8-05bf-11f1-90c6-ea94b658cc84
Delivery 1daad2f8-05bf-11f1-90c6-ea94b658cc84 (2026-02-09 05:56:21) needs processing (timestamp: 1770645381.0 > most recent timestamp: 1770050940.0)
Processed 59 deliveries so far...
Processing delivery id: f3f91b18-05be-11f1-9345-379b5f380916
Delivery f3f91b18-05be-11f1-9345-379b5f380916 (2026-02-09 05:55:11) needs processing (timestamp: 1770645311.0 > most recent timestamp: 1770050940.0)
Processed 60 deliveries so far...
Processing delivery id: 9412b7b4-05bd-11f1-9d01-7489295b3407
Ignoring repository: adobe-commerce-plugin
Ignoring delivery 9412b7b4-05bd-11f1-9d01-7489295b3407 based on repository ignore list
Processing delivery id: 2edaa762-05bd-11f1-9099-f2cba42e6ccc
Delivery 2edaa762-05bd-11f1-9099-f2cba42e6ccc (2026-02-09 05:42:30) needs processing (timestamp: 1770644550.0 > most recent timestamp: 1770050940.0)
Processed 61 deliveries so far...
Processing delivery id: 2def1720-05bd-11f1-9a80-8a75f9e773e6
Delivery 2def1720-05bd-11f1-9a80-8a75f9e773e6 (2026-02-09 05:42:28) needs processing (timestamp: 1770644548.0 > most recent timestamp: 1770050940.0)
Processed 62 deliveries so far...
Processing delivery id: 184bc620-05bd-11f1-8a5a-190b77e70bfd
Delivery 184bc620-05bd-11f1-8a5a-190b77e70bfd (2026-02-09 05:41:52) needs processing (timestamp: 1770644512.0 > most recent timestamp: 1770050940.0)
Processed 63 deliveries so far...
Processing delivery id: 17205a5e-05bd-11f1-9653-17ed4221dfb5
Delivery 17205a5e-05bd-11f1-9653-17ed4221dfb5 (2026-02-09 05:41:50) needs processing (timestamp: 1770644510.0 > most recent timestamp: 1770050940.0)
Processed 64 deliveries so far...
Processing delivery id: d40ea6d6-05bb-11f1-8463-00c2b6cfb149
Ignoring repository: adobe-commerce-plugin
Ignoring delivery d40ea6d6-05bb-11f1-8463-00c2b6cfb149 based on repository ignore list
Processing delivery id: 3134a25e-05ba-11f1-9e87-db6b6e8945bb
Delivery 3134a25e-05ba-11f1-9e87-db6b6e8945bb (2026-02-09 05:21:05) needs processing (timestamp: 1770643265.0 > most recent timestamp: 1770050940.0)
Processed 65 deliveries so far...
Processing delivery id: d4e98ae6-05b9-11f1-8051-e2c9b9061bbf
Delivery d4e98ae6-05b9-11f1-8051-e2c9b9061bbf (2026-02-09 05:18:31) needs processing (timestamp: 1770643111.0 > most recent timestamp: 1770050940.0)
Processed 66 deliveries so far...
Processing delivery id: ca771768-05b9-11f1-95b2-52ba8f1c9d50
Delivery ca771768-05b9-11f1-95b2-52ba8f1c9d50 (2026-02-09 05:18:14) needs processing (timestamp: 1770643094.0 > most recent timestamp: 1770050940.0)
Processed 67 deliveries so far...
Processing delivery id: f1324f18-05b8-11f1-820a-9a6bcf8742f4
Delivery f1324f18-05b8-11f1-820a-9a6bcf8742f4 (2026-02-09 05:12:09) needs processing (timestamp: 1770642729.0 > most recent timestamp: 1770050940.0)
Processed 68 deliveries so far...
Processing delivery id: f1952bb6-05b7-11f1-9859-1c48f3343a6d
Delivery f1952bb6-05b7-11f1-9859-1c48f3343a6d (2026-02-09 05:05:00) needs processing (timestamp: 1770642300.0 > most recent timestamp: 1770050940.0)
Processed 69 deliveries so far...
Processing delivery id: e8b567a4-05b7-11f1-90e4-ae0e4a3a7ce6
Delivery e8b567a4-05b7-11f1-90e4-ae0e4a3a7ce6 (2026-02-09 05:04:45) needs processing (timestamp: 1770642285.0 > most recent timestamp: 1770050940.0)
Processed 70 deliveries so far...
Processing delivery id: e1c294b2-05b7-11f1-99d7-37c856af5b19
Delivery e1c294b2-05b7-11f1-99d7-37c856af5b19 (2026-02-09 05:04:33) needs processing (timestamp: 1770642273.0 > most recent timestamp: 1770050940.0)
Processed 71 deliveries so far...
Processing delivery id: d729219c-05b7-11f1-811c-750db97c3b76
Delivery d729219c-05b7-11f1-811c-750db97c3b76 (2026-02-09 05:04:16) needs processing (timestamp: 1770642256.0 > most recent timestamp: 1770050940.0)
Processed 72 deliveries so far...
Processing delivery id: 6d824552-05b7-11f1-85bb-6173d7c148d2
Delivery 6d824552-05b7-11f1-85bb-6173d7c148d2 (2026-02-09 05:01:18) needs processing (timestamp: 1770642078.0 > most recent timestamp: 1770050940.0)
Processed 73 deliveries so far...
Processing delivery id: 62482ec2-05b7-11f1-9158-645f058219b4
Delivery 62482ec2-05b7-11f1-9158-645f058219b4 (2026-02-09 05:01:00) needs processing (timestamp: 1770642060.0 > most recent timestamp: 1770050940.0)
Processed 74 deliveries so far...
Processing delivery id: 442e2e1e-05b7-11f1-9676-6ebde64f9724
Ignoring repository: adobe-commerce-plugin
Ignoring delivery 442e2e1e-05b7-11f1-9676-6ebde64f9724 based on repository ignore list
Processing delivery id: 79e1ac18-05b5-11f1-912e-21777e7d4c56
Ignoring repository: adobe-commerce-plugin
Ignoring delivery 79e1ac18-05b5-11f1-912e-21777e7d4c56 based on repository ignore list
Processing delivery id: 7929286e-05b5-11f1-89fc-0fb083b049e4
Delivery 7929286e-05b5-11f1-89fc-0fb083b049e4 (2026-02-09 04:47:18) needs processing (timestamp: 1770641238.0 > most recent timestamp: 1770050940.0)
Processed 75 deliveries so far...
Processing delivery id: 5a6b5028-05b5-11f1-9c9e-a780cec730e2
Delivery 5a6b5028-05b5-11f1-9c9e-a780cec730e2 (2026-02-09 04:42:10) needs processing (timestamp: 1770640930.0 > most recent timestamp: 1770050940.0)
Processed 76 deliveries so far...
Processing delivery id: ee9ee1d4-05b4-11f1-905d-257ae48c94c6
Delivery ee9ee1d4-05b4-11f1-905d-257ae48c94c6 (2026-02-09 04:43:26) needs processing (timestamp: 1770641006.0 > most recent timestamp: 1770050940.0)
Processed 77 deliveries so far...
Processing delivery id: dcc49eb8-05b4-11f1-9bfa-0eb97a36bdee
Delivery dcc49eb8-05b4-11f1-9bfa-0eb97a36bdee (2026-02-09 04:42:56) needs processing (timestamp: 1770640976.0 > most recent timestamp: 1770050940.0)
Processed 78 deliveries so far...
Processing delivery id: d164b684-05b4-11f1-8613-9799a8584e7c
Delivery d164b684-05b4-11f1-8613-9799a8584e7c (2026-02-09 04:42:37) needs processing (timestamp: 1770640957.0 > most recent timestamp: 1770050940.0)
Processed 79 deliveries so far...
Processing delivery id: 931ef966-05b4-11f1-83ee-feeb8193b8c3
Delivery 931ef966-05b4-11f1-83ee-feeb8193b8c3 (2026-02-09 04:40:53) needs processing (timestamp: 1770640853.0 > most recent timestamp: 1770050940.0)
Processed 80 deliveries so far...
Processing delivery id: c60233d0-05b3-11f1-8917-400e80c07924
Delivery c60233d0-05b3-11f1-8917-400e80c07924 (2026-02-09 04:35:08) needs processing (timestamp: 1770640508.0 > most recent timestamp: 1770050940.0)
Processed 81 deliveries so far...
Processing delivery id: b1df6b8e-05ae-11f1-9353-c5aca8eeaf9c
Delivery b1df6b8e-05ae-11f1-9353-c5aca8eeaf9c (2026-02-09 03:58:47) needs processing (timestamp: 1770638327.0 > most recent timestamp: 1770050940.0)
Processed 82 deliveries so far...
Processing delivery id: 7a7016ee-05ae-11f1-8a57-6f3d54817b98
Delivery 7a7016ee-05ae-11f1-8a57-6f3d54817b98 (2026-02-09 03:57:15) needs processing (timestamp: 1770638235.0 > most recent timestamp: 1770050940.0)
Processed 83 deliveries so far...
Processing delivery id: 7036a68e-05ae-11f1-9ffb-9411b8bba5c5
Delivery 7036a68e-05ae-11f1-9ffb-9411b8bba5c5 (2026-02-09 03:56:58) needs processing (timestamp: 1770638218.0 > most recent timestamp: 1770050940.0)
Processed 84 deliveries so far...
Processing delivery id: d502b72a-05ad-11f1-8708-6a3568e975fb
Delivery d502b72a-05ad-11f1-8708-6a3568e975fb (2026-02-09 03:52:36) needs processing (timestamp: 1770637956.0 > most recent timestamp: 1770050940.0)
Processed 85 deliveries so far...
Processing delivery id: 87f0695a-05ad-11f1-826f-ce17edc441a0
Delivery 87f0695a-05ad-11f1-826f-ce17edc441a0 (2026-02-09 03:50:28) needs processing (timestamp: 1770637828.0 > most recent timestamp: 1770050940.0)
Processed 86 deliveries so far...
Processing delivery id: 7f27afcc-05ad-11f1-9410-9a8533c402a0
Delivery 7f27afcc-05ad-11f1-9410-9a8533c402a0 (2026-02-09 03:50:13) needs processing (timestamp: 1770637813.0 > most recent timestamp: 1770050940.0)
Processed 87 deliveries so far...
Processing delivery id: 28277296-059b-11f1-85e0-c3b5a7b3f25d
Delivery 28277296-059b-11f1-85e0-c3b5a7b3f25d (2026-02-09 01:38:56) needs processing (timestamp: 1770629936.0 > most recent timestamp: 1770050940.0)
Processed 88 deliveries so far...
Processing delivery id: dad0e1b2-059a-11f1-9e85-c2eb1e9c84a9
Delivery dad0e1b2-059a-11f1-9e85-c2eb1e9c84a9 (2026-02-09 01:36:47) needs processing (timestamp: 1770629807.0 > most recent timestamp: 1770050940.0)
Processed 89 deliveries so far...
Processing delivery id: d26ebfa8-059a-11f1-8e7b-f5a4e133cbb8
Delivery d26ebfa8-059a-11f1-8e7b-f5a4e133cbb8 (2026-02-09 01:36:32) needs processing (timestamp: 1770629792.0 > most recent timestamp: 1770050940.0)
Processed 90 deliveries so far...
Processing delivery id: 1c11767a-0599-11f1-92fa-80ed535f4f7e
Delivery 1c11767a-0599-11f1-92fa-80ed535f4f7e (2026-02-09 01:24:16) needs processing (timestamp: 1770629056.0 > most recent timestamp: 1770050940.0)
Processed 91 deliveries so far...
Processing delivery id: e02c56de-0598-11f1-9b86-b3737998a5f7
Delivery e02c56de-0598-11f1-9b86-b3737998a5f7 (2026-02-09 01:22:36) needs processing (timestamp: 1770628956.0 > most recent timestamp: 1770050940.0)
Processed 92 deliveries so far...
Processing delivery id: 68b32bd2-0598-11f1-9ae5-b61eb0f4ea8d
Delivery 68b32bd2-0598-11f1-9ae5-b61eb0f4ea8d (2026-02-09 01:19:15) needs processing (timestamp: 1770628755.0 > most recent timestamp: 1770050940.0)
Processed 93 deliveries so far...
Processing delivery id: 1f0cea22-0598-11f1-9b1d-add0c9e34eba
Delivery 1f0cea22-0598-11f1-9b1d-add0c9e34eba (2026-02-09 01:17:13) needs processing (timestamp: 1770628633.0 > most recent timestamp: 1770050940.0)
Processed 94 deliveries so far...
Processing delivery id: 951c863e-0596-11f1-9b03-f699928a9827
Delivery 951c863e-0596-11f1-9b03-f699928a9827 (2026-02-09 01:06:11) needs processing (timestamp: 1770627971.0 > most recent timestamp: 1770050940.0)
Processed 95 deliveries so far...
Processing delivery id: 25ba7076-0596-11f1-82b8-f214c4d1edcf
Delivery 25ba7076-0596-11f1-82b8-f214c4d1edcf (2026-02-09 01:03:05) needs processing (timestamp: 1770627785.0 > most recent timestamp: 1770050940.0)
Processed 96 deliveries so far...
Processing delivery id: 8c1e97fa-0593-11f1-8364-83ae84d4ef70
Delivery 8c1e97fa-0593-11f1-8364-83ae84d4ef70 (2026-02-03 13:35:06) needs processing (timestamp: 1770154506.0 > most recent timestamp: 1770050940.0)
Processed 97 deliveries so far...
Processing delivery id: e1321d86-0591-11f1-9d20-b9ce10b3d9e3
Delivery e1321d86-0591-11f1-9d20-b9ce10b3d9e3 (2026-02-06 13:50:22) needs processing (timestamp: 1770414622.0 > most recent timestamp: 1770050940.0)
Processed 98 deliveries so far...
Processing delivery id: 3fc5ff5a-058f-11f1-9107-a1d2cca36816
Delivery 3fc5ff5a-058f-11f1-9107-a1d2cca36816 (2026-02-09 00:13:41) needs processing (timestamp: 1770624821.0 > most recent timestamp: 1770050940.0)
Processed 99 deliveries so far...
Processing delivery id: 3f9d4e48-058f-11f1-8861-5da9dbb366a1
Delivery 3f9d4e48-058f-11f1-8861-5da9dbb366a1 (2026-02-09 00:13:41) needs processing (timestamp: 1770624821.0 > most recent timestamp: 1770050940.0)
Processed 100 deliveries so far...
Processing delivery id: 297855d6-058f-11f1-9096-0af4592ace16
Delivery 297855d6-058f-11f1-9096-0af4592ace16 (2026-02-09 00:13:04) needs processing (timestamp: 1770624784.0 > most recent timestamp: 1770050940.0)
Processed 101 deliveries so far...
Processing delivery id: 2939f908-058f-11f1-9369-d5f87504edd3
Delivery 2939f908-058f-11f1-9369-d5f87504edd3 (2026-02-09 00:13:04) needs processing (timestamp: 1770624784.0 > most recent timestamp: 1770050940.0)
Processed 102 deliveries so far...
Processing delivery id: 027e61c8-0571-11f1-928b-e7252eaf68fe
Delivery 027e61c8-0571-11f1-928b-e7252eaf68fe (2026-02-08 20:37:14) needs processing (timestamp: 1770611834.0 > most recent timestamp: 1770050940.0)
Processed 103 deliveries so far...
Processing delivery id: e3e5477c-0570-11f1-8637-d189272a1ca7
Delivery e3e5477c-0570-11f1-8637-d189272a1ca7 (2026-02-08 20:36:23) needs processing (timestamp: 1770611783.0 > most recent timestamp: 1770050940.0)
Processed 104 deliveries so far...
Processing delivery id: d9adacc2-0570-11f1-934f-da1a06cff729
Delivery d9adacc2-0570-11f1-934f-da1a06cff729 (2026-02-08 20:36:06) needs processing (timestamp: 1770611766.0 > most recent timestamp: 1770050940.0)
Processed 105 deliveries so far...
Processing delivery id: 3cca63d6-056c-11f1-9007-7122ffc35527
Delivery 3cca63d6-056c-11f1-9007-7122ffc35527 (2026-02-08 20:03:04) needs processing (timestamp: 1770609784.0 > most recent timestamp: 1770050940.0)
Processed 106 deliveries so far...
Processing delivery id: 1e89c330-056c-11f1-9753-33c3372465aa
Delivery 1e89c330-056c-11f1-9753-33c3372465aa (2026-02-08 20:02:14) needs processing (timestamp: 1770609734.0 > most recent timestamp: 1770050940.0)
Processed 107 deliveries so far...
Processing delivery id: 140ab5a4-056c-11f1-99cd-c078a95c2a78
Delivery 140ab5a4-056c-11f1-99cd-c078a95c2a78 (2026-02-08 20:01:56) needs processing (timestamp: 1770609716.0 > most recent timestamp: 1770050940.0)
Processed 108 deliveries so far...
Total number of deliveries processed: 108
Total number of blocked webhooks: 0
Total number of timed_out webhooks: 0
Most recent processed delivery -- id: 94eb156a-0602-11f1-8e61-f9330c75ee9b, timestamp: 2026-02-09 13:59:16, timestamp: 1770674356.0
