Found webhook id for https://developer.fiserv.com/api/git-webhook: 549112588
Found head_commit for delivery id 2b7b1124-ccdd-11f0-9eaf-21a09f8051f7, timestamp: 1764199136.0, 2025-11-26 15:18:56
signature: sha256=3b4dfc7ee57939f2db6e65a29950f7de1f92ebfbd8a7bf213cf5bc4ab4886083, delivery id: 2b7b1124-ccdd-11f0-9eaf-21a09f8051f7
Skipping delivery 718e5732-cca8-11f0-954d-fc012bc9c30c with no head_commit
Found head_commit for delivery id 6cc818b4-cca8-11f0-8a58-240b0a36df91, timestamp: 1764368418.0, 2025-11-28 14:20:18
signature: sha256=0b32cae0c060486dc0f353ad695ea852271f0ef0eea04b922fc64a768df4e9a8, delivery id: 6cc818b4-cca8-11f0-8a58-240b0a36df91
Found head_commit for delivery id 5d74e482-cca8-11f0-9149-7cdca1587619, timestamp: 1764368393.0, 2025-11-28 14:19:53
signature: sha256=840c53616e797f673f64107589da64a598a842c98ac459aa36fcacc0999117ee, delivery id: 5d74e482-cca8-11f0-9149-7cdca1587619
Found head_commit for delivery id 51d99b36-cca8-11f0-9864-e4da11d950f5, timestamp: 1764368373.0, 2025-11-28 14:19:33
signature: sha256=3ec40de7f6af39da7a50a68436bb25fff0cbde06a5e36e655c9d052c91f2ec96, delivery id: 51d99b36-cca8-11f0-9864-e4da11d950f5
Found head_commit for delivery id 3e713054-cca8-11f0-9301-5590e89c3392, timestamp: 1764368338.0, 2025-11-28 14:18:58
signature: sha256=a7a1856297f8dda77033c1e9dcbe6cbe30ebff4928eba16081ef35c432e3e98f, delivery id: 3e713054-cca8-11f0-9301-5590e89c3392
Found head_commit for delivery id 10519a8e-cca7-11f0-833e-47312c515d42, timestamp: 1764367828.0, 2025-11-28 14:10:28
signature: sha256=4520e526370d70aae1e602696c1a8a0c2eaa01deddf8b15227898d8a8a18b424, delivery id: 10519a8e-cca7-11f0-833e-47312c515d42
Found head_commit for delivery id 6da8b362-cc7e-11f0-9940-60518c63bb4f, timestamp: 1764350381.0, 2025-11-28 09:19:41
signature: sha256=888c2474760e1f84b4778c8210e9471fd07b333b3985b85a4863b2962e855252, delivery id: 6da8b362-cc7e-11f0-9940-60518c63bb4f
Found head_commit for delivery id 6b632b0c-cc7c-11f0-9482-84c32b5b48c3, timestamp: 1764349518.0, 2025-11-28 09:05:18
signature: sha256=ac35792f70670c1a8ecfd690deb1a4df36e09ea374131136dd8851889d43f188, delivery id: 6b632b0c-cc7c-11f0-9482-84c32b5b48c3
Found head_commit for delivery id 35725f4e-cc64-11f0-914d-45b95f20133f, timestamp: 1764339120.0, 2025-11-28 06:12:00
signature: sha256=ef5001805171e2123379b2f6935f6b5ee6d1deb2346eadc67e8468875639379c, delivery id: 35725f4e-cc64-11f0-914d-45b95f20133f
Found head_commit for delivery id febe4d8c-cc63-11f0-83bf-2f76b44aebab, timestamp: 1764339028.0, 2025-11-28 06:10:28
signature: sha256=3fb9b846a540be43b1f3e497aecbd8bb8f6cb6b96bc9b22b222c312a72c90722, delivery id: febe4d8c-cc63-11f0-83bf-2f76b44aebab
Found head_commit for delivery id 4a304488-cc63-11f0-91df-2f25f81a0876, timestamp: 1764338725.0, 2025-11-28 06:05:25
signature: sha256=79cd8ac019a02dda5a4861fc8fac6d1f643aeb64115059303badad58ed927658, delivery id: 4a304488-cc63-11f0-91df-2f25f81a0876
Found head_commit for delivery id 2065b28c-cc63-11f0-829f-334db1937805, timestamp: 1764338655.0, 2025-11-28 06:04:15
signature: sha256=e8a34fc634ea1ec48d3733a610f568abdb48ab3086f1c052fac57452618e8401, delivery id: 2065b28c-cc63-11f0-829f-334db1937805
Found head_commit for delivery id 09df970e-cc62-11f0-9a09-f8e06ace4ea5, timestamp: 1764338188.0, 2025-11-28 05:56:28
signature: sha256=e68d4d2280af2bb5e471c4c56b0d1d20580a1a06380ddfd6f3a71aad1ac1b16b, delivery id: 09df970e-cc62-11f0-9a09-f8e06ace4ea5
Found head_commit for delivery id d3c60270-cc61-11f0-8477-0c2170eb7afd, timestamp: 1764338097.0, 2025-11-28 05:54:57
signature: sha256=5f20f7cc8eeffe488a9bce1a7fba5c05d27a20af7bac908d10078ba81809ab32, delivery id: d3c60270-cc61-11f0-8477-0c2170eb7afd
Found head_commit for delivery id cf3a270a-cc60-11f0-8d2d-56e9da4b222d, timestamp: 1764337660.0, 2025-11-28 05:47:40
signature: sha256=c8ce61ae36b1b546fb8d7517f18aca56f2e197e507e099027a5779d6f526d014, delivery id: cf3a270a-cc60-11f0-8d2d-56e9da4b222d
Found head_commit for delivery id a33606c4-cc60-11f0-9671-4e39e6309621, timestamp: 1764337587.0, 2025-11-28 05:46:27
signature: sha256=4821d8d4a3de6e3545855908ee0e3a9837b439d2d3214172fd0e0c000e7bcc6b, delivery id: a33606c4-cc60-11f0-9671-4e39e6309621
Found head_commit for delivery id 8f752f30-cc5f-11f0-88d8-b9da863de59f, timestamp: 1764337123.0, 2025-11-28 05:38:43
signature: sha256=afb8c97b31e5fd2106d755ebbe58e53a746911715b9b62303c9386e3db6f29e1, delivery id: 8f752f30-cc5f-11f0-88d8-b9da863de59f
Found head_commit for delivery id 624042de-cc5f-11f0-8fa4-8024bb98f2e1, timestamp: 1764337048.0, 2025-11-28 05:37:28
signature: sha256=662de0d263d2c6142e4a086927effe276c75e072ecfe380e2f34278c148df403, delivery id: 624042de-cc5f-11f0-8fa4-8024bb98f2e1
Found head_commit for delivery id 2a5656ba-cc5f-11f0-8a1f-72ae5f663155, timestamp: 1764336954.0, 2025-11-28 05:35:54
signature: sha256=bcae77e0da3f1603eb3a3e75b9f13fa18f0d79f938c483e8fc52c4232edf8511, delivery id: 2a5656ba-cc5f-11f0-8a1f-72ae5f663155
Found head_commit for delivery id fb63d74c-cc5e-11f0-8ce6-a2e36ef69b9d, timestamp: 1764336875.0, 2025-11-28 05:34:35
signature: sha256=7586babd9dfa0ce0755619579ad50446f9d5b90a69beff8090ff77272f9ac052, delivery id: fb63d74c-cc5e-11f0-8ce6-a2e36ef69b9d
Found head_commit for delivery id 3036d012-cc52-11f0-859e-e2bdc3e2a852, timestamp: 1764331367.0, 2025-11-28 04:02:47
signature: sha256=d8c050216f22758bb23a3be79d7b2d63ef53e8efd9acc7aad1366457c5458790, delivery id: 3036d012-cc52-11f0-859e-e2bdc3e2a852
Found head_commit for delivery id e0070af6-cc4e-11f0-9635-8ad83e33ca6c, timestamp: 1764329957.0, 2025-11-28 03:39:17
signature: sha256=790e6ad02fe40e3e04719ecc3aa950dd7299f6e11ee0ebfd2b770f05723debeb, delivery id: e0070af6-cc4e-11f0-9635-8ad83e33ca6c
Skipping delivery cb6444b0-cc4e-11f0-9eb6-fb0bff95c311 with no head_commit
Found head_commit for delivery id c3ed47a4-cc4e-11f0-9446-ac272a5e4a43, timestamp: 1764329910.0, 2025-11-28 03:38:30
signature: sha256=6cc8b8461a331248eef056f2527554487c549c44852da6a205b111c7ea64fb6c, delivery id: c3ed47a4-cc4e-11f0-9446-ac272a5e4a43
Found head_commit for delivery id a486ef50-cc4e-11f0-8a18-a80df5e3d22a, timestamp: 1764329856.0, 2025-11-28 03:37:36
signature: sha256=d9b4654bfb29e41061599b2340aae748beb2d600b2dffe89b5b3f4d0afb43cfe, delivery id: a486ef50-cc4e-11f0-8a18-a80df5e3d22a
Found head_commit for delivery id 985735b4-cc4e-11f0-9768-af80c17e3b2a, timestamp: 1764329837.0, 2025-11-28 03:37:17
signature: sha256=58f76358e1c6ec305a6cc0e462c74a2cfe8f3dd7f1128ef6f0f867a933587e4c, delivery id: 985735b4-cc4e-11f0-9768-af80c17e3b2a
Found head_commit for delivery id acecc8d2-cc4d-11f0-955e-ddc672066271, timestamp: 1764329442.0, 2025-11-28 03:30:42
signature: sha256=435499f151b672d071d39aef6fa2faa53e1044f20637dded478aa9a99e89a865, delivery id: acecc8d2-cc4d-11f0-955e-ddc672066271
Found head_commit for delivery id 5aa1bd08-cc4d-11f0-8bde-73bd59640879, timestamp: 1764329304.0, 2025-11-28 03:28:24
signature: sha256=b594becca43598172b8cbef6a0c7e47cc3e70be22a8fd865b776958eb3a7c1a1, delivery id: 5aa1bd08-cc4d-11f0-8bde-73bd59640879
Found head_commit for delivery id 3fc7239c-cc4d-11f0-84e7-5d2071409750, timestamp: 1764329259.0, 2025-11-28 03:27:39
signature: sha256=8f7a3de79693c7cc9d420caa8c1134965652521d1caf6c06995208dea35a039d, delivery id: 3fc7239c-cc4d-11f0-84e7-5d2071409750
Found head_commit for delivery id b40eff46-cc4c-11f0-8701-a9931201eab3, timestamp: 1764329024.0, 2025-11-28 03:23:44
signature: sha256=44220f0de6f6bf25d6a8acccd82ba5844accf05f569f4cace94dcf96bb453869, delivery id: b40eff46-cc4c-11f0-8701-a9931201eab3
Found head_commit for delivery id ae04c22a-cc4c-11f0-92a7-ea6af06309f3, timestamp: 1764329014.0, 2025-11-28 03:23:34
signature: sha256=26bc8c77ca0a229f05c9e935f3004af7a0ca9d440dba9001d3c5234e561b2174, delivery id: ae04c22a-cc4c-11f0-92a7-ea6af06309f3
Found head_commit for delivery id 8fba3b60-cc4c-11f0-8362-dc7b845dfc58, timestamp: 1764328964.0, 2025-11-28 03:22:44
signature: sha256=95a91eca9719552d0ef6ee8ee09235cd2868533bcf1571b8f30d47ada1fd89a1, delivery id: 8fba3b60-cc4c-11f0-8362-dc7b845dfc58
Found head_commit for delivery id 6c44bd4a-cc4c-11f0-9c92-3ef611824ffe, timestamp: 1764328904.0, 2025-11-28 03:21:44
signature: sha256=32e99708ec3ec294adb541002def882585bceb27598f60086648438ced6c5797, delivery id: 6c44bd4a-cc4c-11f0-9c92-3ef611824ffe
Found head_commit for delivery id 377033f6-cc4c-11f0-8b91-747d4e888cda, timestamp: 1764328816.0, 2025-11-28 03:20:16
signature: sha256=fc085ec10e32ed5de11c926306ba42625ebf9da1d2b1a2a3163582f51845334a, delivery id: 377033f6-cc4c-11f0-8b91-747d4e888cda
Found head_commit for delivery id 98f114b6-cc4b-11f0-9728-dfc132a2196f, timestamp: 1764328549.0, 2025-11-28 03:15:49
signature: sha256=f871572edf9638bec7ae463c2963b04dfca3f83f8d68b823d7c31337fd3b9d7f, delivery id: 98f114b6-cc4b-11f0-9728-dfc132a2196f
Found head_commit for delivery id 1d4628b0-cc4b-11f0-9702-611e4e01b440, timestamp: 1764328324.0, 2025-11-28 03:12:04
signature: sha256=9027a061ce99d7e248a574c6ea2b7e02eb03a9f37ca7c8bbf32819a915aaae7d, delivery id: 1d4628b0-cc4b-11f0-9702-611e4e01b440
Found head_commit for delivery id 081442c4-cc4b-11f0-93c8-2568dd659ae1, timestamp: 1764328306.0, 2025-11-28 03:11:46
signature: sha256=ce4ce4cf0d7e7efac42cd5856ffeed9d1391d9e0cadc5d3122eca1ddc22fba08, delivery id: 081442c4-cc4b-11f0-93c8-2568dd659ae1
Found head_commit for delivery id e619f434-cc4a-11f0-869b-2af28798d81d, timestamp: 1764328250.0, 2025-11-28 03:10:50
signature: sha256=1dc16c60d989cf4fc266a5335bb3019508910a4523a978219733422a95089d49, delivery id: e619f434-cc4a-11f0-869b-2af28798d81d
Found head_commit for delivery id cc12e2a0-cc48-11f0-8064-0e0e38f15379, timestamp: 1764327347.0, 2025-11-28 02:55:47
signature: sha256=448068de99050fc0c8409d48fdd586741681d51a87e10e28e537766a1731cc02, delivery id: cc12e2a0-cc48-11f0-8064-0e0e38f15379
Found head_commit for delivery id e69cf846-cc47-11f0-89f5-a3fbdd0da572, timestamp: 1764326962.0, 2025-11-28 02:49:22
signature: sha256=0e580bf6cdf6d15bf946a90b13934d43e1a7b96e941137e66d84cf55c51994c1, delivery id: e69cf846-cc47-11f0-89f5-a3fbdd0da572
Found head_commit for delivery id c4c93bbc-cc47-11f0-9afe-14ba1a2ae385, timestamp: 1764326905.0, 2025-11-28 02:48:25
signature: sha256=9ac429da4a84fec2aa827219a5c3c710a6205dfda5149801491dfc61a2d8a14e, delivery id: c4c93bbc-cc47-11f0-9afe-14ba1a2ae385
Found head_commit for delivery id a83ce818-cc47-11f0-8044-d0a7832682bc, timestamp: 1764326857.0, 2025-11-28 02:47:37
signature: sha256=0e8d77b46a4a9745db259db5d30c73edcd88d1d2c9350dbefe3da47877743b4c, delivery id: a83ce818-cc47-11f0-8044-d0a7832682bc
Found head_commit for delivery id 7f1322e0-cc47-11f0-8c9c-61aec58009e5, timestamp: 1764326788.0, 2025-11-28 02:46:28
signature: sha256=46bb5739b83736bc4ae4e9aab58ebf0d63430625ea3cfedb5feb043d3f696743, delivery id: 7f1322e0-cc47-11f0-8c9c-61aec58009e5
Found head_commit for delivery id 2a1f6cb2-cc47-11f0-8db1-140ba73faa9a, timestamp: 1764326646.0, 2025-11-28 02:44:06
signature: sha256=ec70e4592a09d142873d1a535545e3c6d2f7e253c87caa705a5a9e0cec8dfd65, delivery id: 2a1f6cb2-cc47-11f0-8db1-140ba73faa9a
Found head_commit for delivery id 1c1ad336-cc47-11f0-9cd3-104fa3f7d47f, timestamp: 1764326589.0, 2025-11-28 02:43:09
signature: sha256=69027c129df005eaf5faaa9f5bf2c48fad1ccc283544d81bdb4ce7100c3b6420, delivery id: 1c1ad336-cc47-11f0-9cd3-104fa3f7d47f
Found head_commit for delivery id e53fd6ae-cc46-11f0-9449-3f0985f7d34c, timestamp: 1764326530.0, 2025-11-28 02:42:10
signature: sha256=7c500c21feca2090ff602af0efe0c411a63cad24ac3b05f4027644ba63a86121, delivery id: e53fd6ae-cc46-11f0-9449-3f0985f7d34c
Found head_commit for delivery id 388760da-cc46-11f0-9e36-89a352c6fd0a, timestamp: 1764326240.0, 2025-11-28 02:37:20
signature: sha256=7200577f95b7ebd557777f6cb87e1ea98309336766a367fe9421f78a1ebdb8d2, delivery id: 388760da-cc46-11f0-9e36-89a352c6fd0a
Found head_commit for delivery id c5aba65a-cc42-11f0-89c4-13d69fb397cb, timestamp: 1764324726.0, 2025-11-28 02:12:06
signature: sha256=211cc9e4d3340e56fc3ee5742127ba6dbe74c0061e96d4edbd42940ec531332e, delivery id: c5aba65a-cc42-11f0-89c4-13d69fb397cb
Found head_commit for delivery id 69e8b9f2-cc3d-11f0-9282-83698a484fda, timestamp: 1764322457.0, 2025-11-28 01:34:17
signature: sha256=fe686189daf359832bf160a9a03123150c02a67a417c090e3be58fafd60e3456, delivery id: 69e8b9f2-cc3d-11f0-9282-83698a484fda
Found head_commit for delivery id 2ccef4c8-cc3d-11f0-88bf-ffc506e6dfa0, timestamp: 1764322355.0, 2025-11-28 01:32:35
signature: sha256=d91f63a1b979f61e68ca4a8c3077159ddbc4aa5f78a0c391fd40cae80e65b594, delivery id: 2ccef4c8-cc3d-11f0-88bf-ffc506e6dfa0
Found head_commit for delivery id f6b0fe22-cc3c-11f0-856a-f751957de564, timestamp: 1764322264.0, 2025-11-28 01:31:04
signature: sha256=2e959a4f81e742f2f45ab3f57fb376437b7bc1eba80ad9ff8fa3caea8895c75a, delivery id: f6b0fe22-cc3c-11f0-856a-f751957de564
Found head_commit for delivery id bec3e95c-cc3c-11f0-832e-1a921eda0cc4, timestamp: 1764322171.0, 2025-11-28 01:29:31
signature: sha256=1302fbca125a4fac9806735c9925d1972f105d6c71df0833293df6a330b72581, delivery id: bec3e95c-cc3c-11f0-832e-1a921eda0cc4
Found head_commit for delivery id 96e32560-cc3c-11f0-99e5-6c57bd2953eb, timestamp: 1764322104.0, 2025-11-28 01:28:24
signature: sha256=30a907bb96c464298ee99ba6a9f100792047b562e2684a0a0f22529fc132e016, delivery id: 96e32560-cc3c-11f0-99e5-6c57bd2953eb
Found head_commit for delivery id 430a6aac-cc3c-11f0-9b5c-57aa1fdbcf96, timestamp: 1764321963.0, 2025-11-28 01:26:03
signature: sha256=5ef50f2b8550b5b623e3050e43b208fefc831e648f26a59909f87e0caab1845d, delivery id: 430a6aac-cc3c-11f0-9b5c-57aa1fdbcf96
Found head_commit for delivery id 8332f358-cc3a-11f0-89dd-b4c6f2ce37c5, timestamp: 1764321211.0, 2025-11-28 01:13:31
signature: sha256=2397e7cbf8ed6d4a7322f78941a4b8e218fd2a0043bb9433c21601a07828864d, delivery id: 8332f358-cc3a-11f0-89dd-b4c6f2ce37c5
Found head_commit for delivery id 5bcff96e-cc3a-11f0-9768-bf169ac2eccc, timestamp: 1764321146.0, 2025-11-28 01:12:26
signature: sha256=e6c707820a51e3a4245d32d7af76143f93432b3f91f51836fa9ca5312e18b0d4, delivery id: 5bcff96e-cc3a-11f0-9768-bf169ac2eccc
Found head_commit for delivery id 4402f2c8-cc3a-11f0-84ea-61fb3a849065, timestamp: 1764321106.0, 2025-11-28 01:11:46
signature: sha256=6e68c58a694a6674daf20fe174fb52c8f8263cb942d7babf6a5541b0d2f60148, delivery id: 4402f2c8-cc3a-11f0-84ea-61fb3a849065
Found head_commit for delivery id 7b8074b6-cc38-11f0-885b-01236fa572de, timestamp: 1764320340.0, 2025-11-28 00:59:00
signature: sha256=554f4a52bcd732cbbabf18e92e9e80707681ce662779bc4a72e4ea4ad2d5a371, delivery id: 7b8074b6-cc38-11f0-885b-01236fa572de
Found head_commit for delivery id 43f207da-cc38-11f0-9b11-7fe61c1e5a66, timestamp: 1764320246.0, 2025-11-28 00:57:26
signature: sha256=ccaa1e7cbbd5951c258a7f4af6568e0f2336c6bd1c9fd83c3332a33da9fb8e90, delivery id: 43f207da-cc38-11f0-9b11-7fe61c1e5a66
Found head_commit for delivery id 742778b4-cc37-11f0-996c-513b5699d196, timestamp: 1764319898.0, 2025-11-28 00:51:38
signature: sha256=2cfa55336f56af75d846ca96f511c03b250a5a2f98c8aebf33a6f9918c9f9dd4, delivery id: 742778b4-cc37-11f0-996c-513b5699d196
Found head_commit for delivery id 07d2a5ea-cc36-11f0-8b09-0e9f0ef9baa7, timestamp: 1764319287.0, 2025-11-28 00:41:27
signature: sha256=3e3c9e091bc2bcbd63a5ee3f9e513b8f2e8bbf3d494d1e71593c2f8140ac702e, delivery id: 07d2a5ea-cc36-11f0-8b09-0e9f0ef9baa7
Found head_commit for delivery id d7573660-cc35-11f0-9c30-9b9445abaaee, timestamp: 1764319206.0, 2025-11-28 00:40:06
signature: sha256=0c8a3859326264df93afb2b21667c6a737d587a0de2175dc9778edd0a177687c, delivery id: d7573660-cc35-11f0-9c30-9b9445abaaee
Found head_commit for delivery id a301bc96-cc35-11f0-9456-412055e6759e, timestamp: 1764319117.0, 2025-11-28 00:38:37
signature: sha256=f4b40bc5c04e1b7458cd5b0769a42028edf9f4e9ed671505e9f96ed1eaf15e54, delivery id: a301bc96-cc35-11f0-9456-412055e6759e
Found head_commit for delivery id 6fbba3aa-cc2c-11f0-81cc-70206d65e621, timestamp: 1764315166.0, 2025-11-27 23:32:46
signature: sha256=8ae911df0d51aa2aee4a2daaff925070fab241707f8a41031f7f358dabe27c03, delivery id: 6fbba3aa-cc2c-11f0-81cc-70206d65e621
Skipping delivery 9593b6cc-cc26-11f0-8e09-90fd8ee08bc5 with no head_commit
Found head_commit for delivery id 8d9b2428-cc26-11f0-8023-f28cd2ca3ddf, timestamp: 1764312639.0, 2025-11-27 22:50:39
signature: sha256=7f8d99c55203f4c53fee6279a8aa19bb3e05e4904639e410a204e9fca729f2c7, delivery id: 8d9b2428-cc26-11f0-8023-f28cd2ca3ddf
Found head_commit for delivery id 67d2e690-cc26-11f0-89b8-5f3e0292648e, timestamp: 1764312575.0, 2025-11-27 22:49:35
signature: sha256=80b2f81ffef525e1da51e211d65ab196b2f0e2ed95ef7e7cd83ad3acb2d954a5, delivery id: 67d2e690-cc26-11f0-89b8-5f3e0292648e
Found head_commit for delivery id 1095408a-cc26-11f0-951f-da51f4629028, timestamp: 1764312429.0, 2025-11-27 22:47:09
signature: sha256=02eb74a1f46289380ef5a839b38c0dc15dbc88cf3b3a017b595c74e01cb12c43, delivery id: 1095408a-cc26-11f0-951f-da51f4629028
Found head_commit for delivery id d9d07e8e-cc25-11f0-80e5-0b06e742be64, timestamp: 1764312337.0, 2025-11-27 22:45:37
signature: sha256=55db193f2c699ea9b0b24522091bdb3157ad9cbb6d59cece0f811bdcfb4f0c8a, delivery id: d9d07e8e-cc25-11f0-80e5-0b06e742be64
Found head_commit for delivery id 7029cfd0-cc25-11f0-87d2-277cadadc395, timestamp: 1764312160.0, 2025-11-27 22:42:40
signature: sha256=118972c38c4d5f24581e357b53069902467925784b845165e2c3597e6f871348, delivery id: 7029cfd0-cc25-11f0-87d2-277cadadc395
Found head_commit for delivery id 48b95a06-cc25-11f0-8c47-78f33fe31c0d, timestamp: 1764312094.0, 2025-11-27 22:41:34
signature: sha256=d7ae0037fb9f6825e7c340f67427e8f4e03552ea52cdd7e43ed6e81b6f64880a, delivery id: 48b95a06-cc25-11f0-8c47-78f33fe31c0d
Found head_commit for delivery id bb871a1a-cc1f-11f0-973f-04bb612c74f7, timestamp: 1764309709.0, 2025-11-27 22:01:49
signature: sha256=781dbee7abd1bcc52dde50a2563074bc5701dab6f1b619ff3d8b4c8ea93486b7, delivery id: bb871a1a-cc1f-11f0-973f-04bb612c74f7
Found head_commit for delivery id 9ec7cc44-cc1f-11f0-9176-f38687ecfdf0, timestamp: 1764309662.0, 2025-11-27 22:01:02
signature: sha256=0aa6fdcb3866162b3ef9121407f36c97c2de6b5bf89c5a9975bb07d5b4849730, delivery id: 9ec7cc44-cc1f-11f0-9176-f38687ecfdf0
Found head_commit for delivery id 71f06d16-cc1f-11f0-81da-00ba689c9756, timestamp: 1764309586.0, 2025-11-27 21:59:46
signature: sha256=248f94264a6bb6cbebe92b53c86579bd8544496ae196e5c089449d1c8c17fb91, delivery id: 71f06d16-cc1f-11f0-81da-00ba689c9756
Skipping delivery f410c684-cc1e-11f0-89bf-bb777398edb6 with no head_commit
Found head_commit for delivery id ee4dac62-cc1e-11f0-9a0d-40dce54f9922, timestamp: 1764309365.0, 2025-11-27 21:56:05
signature: sha256=f94c9e78a9ad1fab8bcfc807d43f26ccaadd13a87d42f00bcd48e9efdb2d6925, delivery id: ee4dac62-cc1e-11f0-9a0d-40dce54f9922
Found head_commit for delivery id dd86d624-cc1e-11f0-9b0a-d8774acbdcd2, timestamp: 1764309337.0, 2025-11-27 21:55:37
signature: sha256=8c236ee81946ca406a652c20a2a32f0bca1d37d79b1b47410819bd66b8e30aea, delivery id: dd86d624-cc1e-11f0-9b0a-d8774acbdcd2
Found head_commit for delivery id c5143d0c-cc1e-11f0-9968-54f93dd8477b, timestamp: 1764309296.0, 2025-11-27 21:54:56
signature: sha256=63a75e1bebc2b6d69f66abe09f53995f6b669ab2d7a921600d8972ef10c035b0, delivery id: c5143d0c-cc1e-11f0-9968-54f93dd8477b
Found head_commit for delivery id b10b9f80-cc1e-11f0-91a2-8c0c5486a0e9, timestamp: 1764309263.0, 2025-11-27 21:54:23
signature: sha256=599075832e3fefb9e318dee90a2f3bf7c8ccbe9220b54118be3bca4dbb2a79d4, delivery id: b10b9f80-cc1e-11f0-91a2-8c0c5486a0e9
Found head_commit for delivery id 153b9c22-cc1e-11f0-9ae8-8a66a3f4ba91, timestamp: 1764309001.0, 2025-11-27 21:50:01
signature: sha256=19b38b4563684d3bd430a7ee2a067de9741befc3f56496bc3426d02020091578, delivery id: 153b9c22-cc1e-11f0-9ae8-8a66a3f4ba91
Found head_commit for delivery id 0c8376f4-cc1e-11f0-933c-1ecb9271b849, timestamp: 1764308987.0, 2025-11-27 21:49:47
signature: sha256=a83634800f8adfeb8b7925899096da1c71e070e157480a02020467cdc4e88b8e, delivery id: 0c8376f4-cc1e-11f0-933c-1ecb9271b849
Found head_commit for delivery id f8c9c7c6-cc1d-11f0-96ba-9d1fb1835ea9, timestamp: 1764308954.0, 2025-11-27 21:49:14
signature: sha256=c2d164f54eb70a7dda9d95e2aae39770e0b504c6e3f9f12892079509e4f1394e, delivery id: f8c9c7c6-cc1d-11f0-96ba-9d1fb1835ea9
Found head_commit for delivery id f0c4deda-cc1d-11f0-9d2f-8b27ac60da34, timestamp: 1764308940.0, 2025-11-27 21:49:00
signature: sha256=9783cf278258487a4729596feb5dfad3431d29be35bdc2f003f64c99675cbcc0, delivery id: f0c4deda-cc1d-11f0-9d2f-8b27ac60da34
Found head_commit for delivery id e4886b64-cc1d-11f0-9573-26c230f3ee10, timestamp: 1764308920.0, 2025-11-27 21:48:40
signature: sha256=b6448476103ebadf1fa6ed589b6c64c2d580ca5eeb29fe2211f3b9c9b650ee8a, delivery id: e4886b64-cc1d-11f0-9573-26c230f3ee10
Found head_commit for delivery id 584a1f8a-cc1d-11f0-8c99-a0f0832096e5, timestamp: 1764308684.0, 2025-11-27 21:44:44
signature: sha256=f1b3c9e7887c01daa7a4c97afd698faf93dda60af391e2e42c8949f6df5c6828, delivery id: 584a1f8a-cc1d-11f0-8c99-a0f0832096e5
Found head_commit for delivery id 23b85c50-cc1d-11f0-8def-efefcc32048a, timestamp: 1764308596.0, 2025-11-27 21:43:16
signature: sha256=c5751c18389da3002f243793e9dfb877a6f1e308437b32c355bc745161d0ba0d, delivery id: 23b85c50-cc1d-11f0-8def-efefcc32048a
Found head_commit for delivery id 0f21fefe-cc1d-11f0-817e-1c210bd6ef90, timestamp: 1764308562.0, 2025-11-27 21:42:42
signature: sha256=0e472726b209f2ce40b329046b87aa1e694f799a3a51c1003a32c2ef0a876e41, delivery id: 0f21fefe-cc1d-11f0-817e-1c210bd6ef90
Found head_commit for delivery id 335eb8b4-cc10-11f0-886b-94a236db62b2, timestamp: 1764303038.0, 2025-11-27 20:10:38
signature: sha256=4d849fd49ba72cc9b1c32a45af733358ad9f95c45f8b9d93c491d89aeace3677, delivery id: 335eb8b4-cc10-11f0-886b-94a236db62b2
Found head_commit for delivery id ef76768c-cc0f-11f0-84c3-a7df80f91936, timestamp: 1764302913.0, 2025-11-27 20:08:33
signature: sha256=9b3a072a6c77beac3d90cb8e136e361d81d70953a00bd8feac797ee367778c13, delivery id: ef76768c-cc0f-11f0-84c3-a7df80f91936
Found head_commit for delivery id 127d351e-cc0e-11f0-95d8-426712272d2e, timestamp: 1764302124.0, 2025-11-27 19:55:24
signature: sha256=921239acaa79f2af016e393544730e5b16ec57550e6d5daf67dcd2dd4315a9f4, delivery id: 127d351e-cc0e-11f0-95d8-426712272d2e
Found head_commit for delivery id bd060a98-cc0d-11f0-9605-8ce6cfb053f8, timestamp: 1764301965.0, 2025-11-27 19:52:45
signature: sha256=70c16ac976b3d2f03f4fa972f0dc14261ef4ecef9ce47c625c9a0e7c8464974a, delivery id: bd060a98-cc0d-11f0-9605-8ce6cfb053f8
Found head_commit for delivery id 3b747b4c-cbc0-11f0-8fe5-b639f1649f07, timestamp: 1764268692.0, 2025-11-27 10:38:12
signature: sha256=2328e9ec57e9958cbd04248a2d3628b3f43dfc541fdaef547afc779aa71359e3, delivery id: 3b747b4c-cbc0-11f0-8fe5-b639f1649f07
Found head_commit for delivery id db2991f0-cbbf-11f0-86f1-6890e6cdefc4, timestamp: 1764268531.0, 2025-11-27 10:35:31
signature: sha256=af003efef269420f5d2892a6356628d26516e653ac2f2dbea3b2fc29b9477299, delivery id: db2991f0-cbbf-11f0-86f1-6890e6cdefc4
Found head_commit for delivery id 15608212-cbbf-11f0-933b-15c6710ced33, timestamp: 1764268199.0, 2025-11-27 10:29:59
signature: sha256=9cb53a5b4a7d729c731d0eed2d9c40499078af6f855e8ab6483fa4d1d4c1019f, delivery id: 15608212-cbbf-11f0-933b-15c6710ced33
Found head_commit for delivery id 0d527fb2-cbbf-11f0-9e97-cc9baa567283, timestamp: 1764268186.0, 2025-11-27 10:29:46
signature: sha256=e0cf56361182c0dc81116c3299c5a0032a606dbe9913542bb4c1ed306bc53cab, delivery id: 0d527fb2-cbbf-11f0-9e97-cc9baa567283
Skipping delivery c4a91974-cbbe-11f0-8a95-d85af9b2430a with no head_commit
Found head_commit for delivery id ba9d7484-cbbe-11f0-8d87-95170672016f, timestamp: 1764268047.0, 2025-11-27 10:27:27
signature: sha256=98d98fd64f5b4381132d039be08f1c06e86cbf482400d408e3f6e9eef661825b, delivery id: ba9d7484-cbbe-11f0-8d87-95170672016f
Found head_commit for delivery id 994f225a-cbbe-11f0-8cb9-a1c2fe894dc9, timestamp: 1764267990.0, 2025-11-27 10:26:30
signature: sha256=d8eec3cd7525168b31300485b1aefe99616c8d61420943f51a0dc0faca4367d5, delivery id: 994f225a-cbbe-11f0-8cb9-a1c2fe894dc9
Skipping delivery 663c0356-cbbe-11f0-9292-f8ed10cea482 with no head_commit
Adding 94 deliveries
Total deliveries so far: 94
Found head_commit for delivery id 6091d17e-cbbe-11f0-87ad-f906cad9f80e, timestamp: 1764267895.0, 2025-11-27 10:24:55
signature: sha256=8a2d399d33a2192e1081d9716024281816d67411e4c5fed2eb39217ed856230c, delivery id: 6091d17e-cbbe-11f0-87ad-f906cad9f80e
Found head_commit for delivery id 50c1b656-cbbe-11f0-90de-69a0bc814748, timestamp: 1764267869.0, 2025-11-27 10:24:29
signature: sha256=393ee0ac33ad4dce1613a396d58056ba2d8c5536bd0fad0c0dd57e38be164a21, delivery id: 50c1b656-cbbe-11f0-90de-69a0bc814748
Found head_commit for delivery id 3a550e22-cbbe-11f0-8b67-1e35d0ad25e9, timestamp: 1764267831.0, 2025-11-27 10:23:51
signature: sha256=72569b5ce4413e1b8f8bb1bbb966c4aade250438826fa6388acb1b63ec28e422, delivery id: 3a550e22-cbbe-11f0-8b67-1e35d0ad25e9
Found head_commit for delivery id 3115eade-cbbe-11f0-8a5f-b5bd639e21cd, timestamp: 1764267816.0, 2025-11-27 10:23:36
signature: sha256=a9fbbe835098ed5f68539db3744ae92fc78a57e57689caaccbd88a9e5980150f, delivery id: 3115eade-cbbe-11f0-8a5f-b5bd639e21cd
Found head_commit for delivery id fd0584b6-cbbd-11f0-865f-36bd656c79ac, timestamp: 1764267729.0, 2025-11-27 10:22:09
signature: sha256=edc2dbc5e8aba72f1465dcb9aef10b83bbdd363d55a605eb804383821f30d71b, delivery id: fd0584b6-cbbd-11f0-865f-36bd656c79ac
Found head_commit for delivery id 9f52bb22-cbbd-11f0-90cc-74ada1945afc, timestamp: 1764267572.0, 2025-11-27 10:19:32
signature: sha256=82bde14d838da5cd49640aa25adf679c092a78d50e10965b0dc874eb86aefacd, delivery id: 9f52bb22-cbbd-11f0-90cc-74ada1945afc
Found head_commit for delivery id 7a210908-cbbd-11f0-9ea6-53acf06693eb, timestamp: 1764267509.0, 2025-11-27 10:18:29
signature: sha256=25b8998b83f23bcac103d945554797b123ac1c3fd74d78937fe4cb673375e2b1, delivery id: 7a210908-cbbd-11f0-9ea6-53acf06693eb
Found head_commit for delivery id a7106b9a-cbbb-11f0-90c4-b06a4c9f4b34, timestamp: 1764266726.0, 2025-11-27 10:05:26
signature: sha256=8fbb8c1bcfea85e7ad07244bb7fce94aa5ea55035121f9523a7abd823618949a, delivery id: a7106b9a-cbbb-11f0-90c4-b06a4c9f4b34
Found head_commit for delivery id 9dd0275a-cbbb-11f0-892b-0ec45dbc635a, timestamp: 1764266710.0, 2025-11-27 10:05:10
signature: sha256=1709a9f8e473a8d4445a905dd5f7e93589194038b4ac6f62f10ef037c4c239d4, delivery id: 9dd0275a-cbbb-11f0-892b-0ec45dbc635a
Found head_commit for delivery id 9777b6ac-cbbb-11f0-83bb-1c1942ca870a, timestamp: 1764266700.0, 2025-11-27 10:05:00
signature: sha256=88b77094bcc59c698e688e2bafeae441a64606bd81b917a38444628e49759b25, delivery id: 9777b6ac-cbbb-11f0-83bb-1c1942ca870a
Found head_commit for delivery id 9c55fdb8-cbb7-11f0-8c1b-66b5381c0a62, timestamp: 1764264989.0, 2025-11-27 09:36:29
signature: sha256=80e4623666a6bae69bcc6c0ae42fd5703183edd5316eb2a4c6a52df7fe825223, delivery id: 9c55fdb8-cbb7-11f0-8c1b-66b5381c0a62
Found head_commit for delivery id d711d626-cbb6-11f0-9f1a-338f7855a9ca, timestamp: 1764264659.0, 2025-11-27 09:30:59
signature: sha256=b8ff47e33490e95b85e93eefe290814ebf4fc0e600fe2f11042abc0802f084c6, delivery id: d711d626-cbb6-11f0-9f1a-338f7855a9ca
Found head_commit for delivery id 2789f0e0-cbb5-11f0-8773-641b9a752eca, timestamp: 1764263934.0, 2025-11-27 09:18:54
signature: sha256=dd27df00f9b7431bd674dafc2d9867ffe847c64e15e2c07197eee1194ec80428, delivery id: 2789f0e0-cbb5-11f0-8773-641b9a752eca
Found head_commit for delivery id 18dbd52c-cbb5-11f0-9160-8211cc9df467, timestamp: 1764263910.0, 2025-11-27 09:18:30
signature: sha256=e58a304e3d3becf5c10cbbb5f06f76406466ac22e453248a1b37982cd9b2ad42, delivery id: 18dbd52c-cbb5-11f0-9160-8211cc9df467
Found head_commit for delivery id 0bf4b72a-cbb5-11f0-8b36-f8730fc06cfa, timestamp: 1764263889.0, 2025-11-27 09:18:09
signature: sha256=32867c53ad737a5440d3e791cf5328eb1ca7142439c91d07fabb6f85d93be2fc, delivery id: 0bf4b72a-cbb5-11f0-8b36-f8730fc06cfa
Found head_commit for delivery id ecedfe7c-cbaf-11f0-8f3e-1839defff60f, timestamp: 1764261689.0, 2025-11-27 08:41:29
signature: sha256=c88eea73eee835431b242f822db02e336499e69086d3ba54816057c4306d1a69, delivery id: ecedfe7c-cbaf-11f0-8f3e-1839defff60f
Found head_commit for delivery id a2776360-cbaf-11f0-8b53-0d5413a76f6a, timestamp: 1764261564.0, 2025-11-27 08:39:24
signature: sha256=1f79f3addd3575585fa754f2dcdd1b9d82e565b84b4aed056f2cfc320951459d, delivery id: a2776360-cbaf-11f0-8b53-0d5413a76f6a
Found head_commit for delivery id 9a6bb720-cbaf-11f0-85d3-6cf9bc6d3774, timestamp: 1764261551.0, 2025-11-27 08:39:11
signature: sha256=95a25dd98b0bf8e5e083cddfa0286a98e918769c79d3ca0d5974e9c4f69899b2, delivery id: 9a6bb720-cbaf-11f0-85d3-6cf9bc6d3774
Found head_commit for delivery id 7f914ae6-cbaf-11f0-8117-06d4a7cb974e, timestamp: 1764261505.0, 2025-11-27 08:38:25
signature: sha256=b674d968d60433662627380620df770ce43c4764acdbc144a6a4925d8ed8080d, delivery id: 7f914ae6-cbaf-11f0-8117-06d4a7cb974e
Found head_commit for delivery id 7eb19ec8-cbaf-11f0-805b-55d8a65b166d, timestamp: 1764261504.0, 2025-11-27 08:38:24
signature: sha256=f0bab51aa0d28579561fcfedecfc4a097e98b95ab67bf51411ea59752f0dabab, delivery id: 7eb19ec8-cbaf-11f0-805b-55d8a65b166d
Found head_commit for delivery id 6df02d3e-cbaf-11f0-8ab8-4a20d47eb64e, timestamp: 1764261476.0, 2025-11-27 08:37:56
signature: sha256=43a19207ca0aeea3380c456fb457d9bfb275cfbefe95ae90f3afb420631223f6, delivery id: 6df02d3e-cbaf-11f0-8ab8-4a20d47eb64e
Found head_commit for delivery id 61129066-cbaf-11f0-8ec8-b5998d63d437, timestamp: 1764261454.0, 2025-11-27 08:37:34
signature: sha256=cf3b4ef8c8170af108f60888c8e28d64eaa76610e0a092f4ad5e52334b7ec704, delivery id: 61129066-cbaf-11f0-8ec8-b5998d63d437
Found head_commit for delivery id dea23b2e-cbac-11f0-8d70-03f52ff64788, timestamp: 1764260377.0, 2025-11-27 08:19:37
signature: sha256=a9ab46f5d8d57a8f5090ae862d1a61699b97b713b2ba11a743af49165fe10b82, delivery id: dea23b2e-cbac-11f0-8d70-03f52ff64788
Found head_commit for delivery id 75507302-cbac-11f0-886f-9f45e3cffbba, timestamp: 1764260199.0, 2025-11-27 08:16:39
signature: sha256=5511d8c84ce27644985d0ff9e1519b0fc52f9f4da2a13c839d001cacc6a2ce0b, delivery id: 75507302-cbac-11f0-886f-9f45e3cffbba
Found head_commit for delivery id 6b51068c-cbac-11f0-8aeb-f986c8161b2a, timestamp: 1764260183.0, 2025-11-27 08:16:23
signature: sha256=f86baaafc563e902c45e584b7a9b3b73fa4f319319048da3e7f88b02115011cc, delivery id: 6b51068c-cbac-11f0-8aeb-f986c8161b2a
Found head_commit for delivery id 26fe4148-cbac-11f0-8c17-dd0cc5df88f7, timestamp: 1764260069.0, 2025-11-27 08:14:29
signature: sha256=5f6c2e8cc00869172bb96020f8f5a07401fc472542c0569163c5318059ee1573, delivery id: 26fe4148-cbac-11f0-8c17-dd0cc5df88f7
Found head_commit for delivery id 0b6bed54-cbac-11f0-9e77-97e957bc19b0, timestamp: 1764260022.0, 2025-11-27 08:13:42
signature: sha256=45618afa0d3195e2eb581a954dcaa2fd8c221ea359ecb62b4ae4752815299b13, delivery id: 0b6bed54-cbac-11f0-9e77-97e957bc19b0
Found head_commit for delivery id ff328570-cbab-11f0-896d-0313f2676916, timestamp: 1764260002.0, 2025-11-27 08:13:22
signature: sha256=7c1b8e27d67a38d1827657c8339db374ca7236f9763903d36ec9ddb0f43d1c22, delivery id: ff328570-cbab-11f0-896d-0313f2676916
Found head_commit for delivery id fdacfc6c-cbab-11f0-9fab-9cb42728531f, timestamp: 1764259999.0, 2025-11-27 08:13:19
signature: sha256=fb66e460aa82a25036211cabc0e6396e8d1245c4d68ad88178eb66821b83fed1, delivery id: fdacfc6c-cbab-11f0-9fab-9cb42728531f
Found head_commit for delivery id f16737c4-cbab-11f0-9878-d04c9cf9a167, timestamp: 1764259978.0, 2025-11-27 08:12:58
signature: sha256=a57c810fea9b48c7e2394aea0c8aaefc37f2ae22c2ee2fc6f775f5ae62013cd2, delivery id: f16737c4-cbab-11f0-9878-d04c9cf9a167
Found head_commit for delivery id 53c04f24-cba1-11f0-8406-fd2fbd566f41, timestamp: 1764255418.0, 2025-11-27 06:56:58
signature: sha256=554d96e08e02a0a07f60b5bdc4ad3da246c516968e8be30d96723637b45862c8, delivery id: 53c04f24-cba1-11f0-8406-fd2fbd566f41
Found head_commit for delivery id de9e014c-cb9f-11f0-982d-f9a3280345d2, timestamp: 1764254777.0, 2025-11-27 06:46:17
signature: sha256=a21852bc3bd927cb2fc80ff42a9dcac6523a4651dd51704edcddedcba11853f8, delivery id: de9e014c-cb9f-11f0-982d-f9a3280345d2
Found head_commit for delivery id c58bbfc4-cb9e-11f0-9034-500e739452d3, timestamp: 1764254321.0, 2025-11-27 06:38:41
signature: sha256=2f6dd4bcbbca59032275a7b8716c850785006e18f1453d988834d819c7d64e9a, delivery id: c58bbfc4-cb9e-11f0-9034-500e739452d3
Found head_commit for delivery id ccd1a498-cb9d-11f0-8b67-66ba0a402bc2, timestamp: 1764253887.0, 2025-11-27 06:31:27
signature: sha256=3753386ac3f986527d187090e4a9309919f1528976182c2f413ee2e018aebc7d, delivery id: ccd1a498-cb9d-11f0-8b67-66ba0a402bc2
Found head_commit for delivery id 5c49d23c-cb9c-11f0-94b1-86f085cb7199, timestamp: 1764253089.0, 2025-11-27 06:18:09
signature: sha256=6fc7b07db4d3c30180f3d2e5fd9565bdeb58a156b7b1e61379ebf565eb7ae0e1, delivery id: 5c49d23c-cb9c-11f0-94b1-86f085cb7199
Found head_commit for delivery id 2b7fbc1c-cb8c-11f0-9279-c03feff6a010, timestamp: 1764246332.0, 2025-11-27 04:25:32
signature: sha256=b05eb63562b0c46e504a9dc0a66b0773a7676d2b43751bbcfb5f83ed535694ae, delivery id: 2b7fbc1c-cb8c-11f0-9279-c03feff6a010
Found head_commit for delivery id 170ea39c-cb8c-11f0-9ae4-0ee1b08d516c, timestamp: 1764246287.0, 2025-11-27 04:24:47
signature: sha256=3414b652fb7ab5746e6cb2ca48ffca8e4219317ef87362d6d58418a69cbfb06d, delivery id: 170ea39c-cb8c-11f0-9ae4-0ee1b08d516c
Found head_commit for delivery id b147cdd6-cb8b-11f0-8034-7282c1d16d34, timestamp: 1764246115.0, 2025-11-27 04:21:55
signature: sha256=bd755161c0c7c974671ec2412fbabc8d568fedb60ca98c38f490884c30a20ed2, delivery id: b147cdd6-cb8b-11f0-8034-7282c1d16d34
Found head_commit for delivery id 988de14a-cb8b-11f0-924b-ecf14b71dd82, timestamp: 1764246072.0, 2025-11-27 04:21:12
signature: sha256=7d71d8d606dc8159c4ef96613a46efe521e0d52e33e2116c4cb13078ae2c6a03, delivery id: 988de14a-cb8b-11f0-924b-ecf14b71dd82
Found head_commit for delivery id 20040b46-cb8b-11f0-84f6-2f5b31b1ab76, timestamp: 1764245861.0, 2025-11-27 04:17:41
signature: sha256=b5c0bed9d9a69d20d343a67ee7def639fe17d95b4d43810820fa3bdbc37fbb39, delivery id: 20040b46-cb8b-11f0-84f6-2f5b31b1ab76
Found head_commit for delivery id 3e8504d8-cb88-11f0-91e9-ca1de21ae360, timestamp: 1764244646.0, 2025-11-27 03:57:26
signature: sha256=3229ebbbb242047ee644981513d44ccdc9d7341c98a8984da762ab46074b6846, delivery id: 3e8504d8-cb88-11f0-91e9-ca1de21ae360
Found head_commit for delivery id 10c947f2-cb88-11f0-8c76-f5122aa5ef70, timestamp: 1764244569.0, 2025-11-27 03:56:09
signature: sha256=ca69fcba678758ba44a60227e9308a8f7a9bcec121d3a82962f7da71161e095b, delivery id: 10c947f2-cb88-11f0-8c76-f5122aa5ef70
Found head_commit for delivery id 039073bc-cb88-11f0-924c-63b6f3686b2b, timestamp: 1764244547.0, 2025-11-27 03:55:47
signature: sha256=d780677e600388490f3280f974268ec3aa9f97b389b7334f4ad563a0d5c52907, delivery id: 039073bc-cb88-11f0-924c-63b6f3686b2b
Found head_commit for delivery id d47270bc-cb87-11f0-9708-515dad0e2770, timestamp: 1764244468.0, 2025-11-27 03:54:28
signature: sha256=28661be70b3c0a8febbb1eac4a25c6300fc3842078922b301cf48886e36d39f2, delivery id: d47270bc-cb87-11f0-9708-515dad0e2770
Found head_commit for delivery id ae41276c-cb87-11f0-8075-c484e87dacc1, timestamp: 1764244404.0, 2025-11-27 03:53:24
signature: sha256=73a669299252a8cc766a9492964665a4d8b4ef9d2657b0af5c28d68771f74399, delivery id: ae41276c-cb87-11f0-8075-c484e87dacc1
Found head_commit for delivery id a4a62130-cb87-11f0-8d2e-c4af2989cc02, timestamp: 1764244388.0, 2025-11-27 03:53:08
signature: sha256=44acaf69216fc888aff2bb1e57250cb5edccbd175164e81f989d9fa2e9e00acc, delivery id: a4a62130-cb87-11f0-8d2e-c4af2989cc02
Found head_commit for delivery id 91772e2e-cb87-11f0-94e9-aefed840189f, timestamp: 1764244356.0, 2025-11-27 03:52:36
signature: sha256=8630490e60a0590d9fea83a29a3d04166e72ab440eeff3345540f2ceeb7aa907, delivery id: 91772e2e-cb87-11f0-94e9-aefed840189f
Found head_commit for delivery id 5fd16eb6-cb82-11f0-8adb-6b49c6bb9bcc, timestamp: 1764242125.0, 2025-11-27 03:15:25
signature: sha256=54aa535e807d73e32e8ed7f145be05b881d41cdd1b0029d7fbb004345d121998, delivery id: 5fd16eb6-cb82-11f0-8adb-6b49c6bb9bcc
Found head_commit for delivery id 1b7394f6-cb82-11f0-9fab-50bbceb2fee5, timestamp: 1764242010.0, 2025-11-27 03:13:30
signature: sha256=8035382343e6cee963574ef4942040510d0a562bac776b4d67d62a45825e7453, delivery id: 1b7394f6-cb82-11f0-9fab-50bbceb2fee5
Found head_commit for delivery id bfcc8522-cb81-11f0-97a1-a77058b1f0a0, timestamp: 1764241857.0, 2025-11-27 03:10:57
signature: sha256=7693add1e98142dbea4f84f64e093824ac0323d70b9db0e809e4700e6ba7aada, delivery id: bfcc8522-cb81-11f0-97a1-a77058b1f0a0
Skipping delivery e96c1812-cb80-11f0-9600-df0991c8fb2e with no head_commit
Found head_commit for delivery id e35af6dc-cb80-11f0-96fc-d8da2e2f4db3, timestamp: 1764241486.0, 2025-11-27 03:04:46
signature: sha256=76db14e4a44e92a8f8007be45daf97dc8e693a233a8ae8fbe99f6eb5ba5ba983, delivery id: e35af6dc-cb80-11f0-96fc-d8da2e2f4db3
Found head_commit for delivery id bb1e0ace-cb80-11f0-9f89-db143fdaaa8b, timestamp: 1764241419.0, 2025-11-27 03:03:39
signature: sha256=6c65d091cf92d1b7e0c0be2bf35a1efbcf81117b4bad196c04ee8b68803f5c0c, delivery id: bb1e0ace-cb80-11f0-9f89-db143fdaaa8b
Found head_commit for delivery id a4235770-cb80-11f0-9d34-72c2afa3cd6f, timestamp: 1764241380.0, 2025-11-27 03:03:00
signature: sha256=f6fecedc7bfe81ebe4d9a4bb8e53c1679f0d8b6e32f1ee71b40fa437ef61e009, delivery id: a4235770-cb80-11f0-9d34-72c2afa3cd6f
Found head_commit for delivery id 9c4485b0-cb80-11f0-9353-fdc3f08428c3, timestamp: 1764241338.0, 2025-11-27 03:02:18
signature: sha256=5bef6024ecca49c2f12261859f568fbac369ca841efd0b2d74fab94f2ad3a1cf, delivery id: 9c4485b0-cb80-11f0-9353-fdc3f08428c3
Found head_commit for delivery id 49571688-cb80-11f0-8a60-581d4a6d5b7b, timestamp: 1764241228.0, 2025-11-27 03:00:28
signature: sha256=c535a6ed358188330eff334bd82a05d057513fb0f4a4f08ee54112d5cef53c7e, delivery id: 49571688-cb80-11f0-8a60-581d4a6d5b7b
Found head_commit for delivery id 39aa5cd6-cb80-11f0-8d70-38c27b42a541, timestamp: 1764241202.0, 2025-11-27 03:00:02
signature: sha256=083ea9b2cfb5736dd81ee6abb669c491c4b3b383c35672c93c05ee14a1519e78, delivery id: 39aa5cd6-cb80-11f0-8d70-38c27b42a541
Found head_commit for delivery id 1bd4d65a-cb80-11f0-8277-c0be8f96075a, timestamp: 1764241152.0, 2025-11-27 02:59:12
signature: sha256=d85329064ac52c52330100a45f33fd8112dcc79bb4188e59fabab2ba277808f2, delivery id: 1bd4d65a-cb80-11f0-8277-c0be8f96075a
Found head_commit for delivery id 6e49234c-cb7f-11f0-9ee2-a979ac802f0a, timestamp: 1764164308.0, 2025-11-26 05:38:28
signature: sha256=c3dbc31b760f716a7f2d4d43e5b278e8a4420f7d1522ee996785268c6174fd31, delivery id: 6e49234c-cb7f-11f0-9ee2-a979ac802f0a
Found head_commit for delivery id bccc6714-cb79-11f0-83b8-a10130d6c9a4, timestamp: 1764238415.0, 2025-11-27 02:13:35
signature: sha256=f150fc4bb5ad6c8660480d8055981e23289e6b44f1b28327241c3f26f44c6f0f, delivery id: bccc6714-cb79-11f0-83b8-a10130d6c9a4
Found head_commit for delivery id b3828c10-cb79-11f0-9ce2-f2c32cf0beb1, timestamp: 1764238400.0, 2025-11-27 02:13:20
signature: sha256=60c629a029524452fac6d47394071a5b579a273e99e10e4ccc56ae869f625ff2, delivery id: b3828c10-cb79-11f0-9ce2-f2c32cf0beb1
Found head_commit for delivery id 67f511fe-cb6b-11f0-8ea5-31767cce97b8, timestamp: 1764232260.0, 2025-11-27 00:31:00
signature: sha256=b9e09b6545c9ce4511ce5bf537d3563ae4c9e6e9fcb3af1b8ca8acf3359d34ac, delivery id: 67f511fe-cb6b-11f0-8ea5-31767cce97b8
Found head_commit for delivery id 1587dc08-cb6b-11f0-939c-d5b131c71ff9, timestamp: 1764232122.0, 2025-11-27 00:28:42
signature: sha256=3471e0530806be8a9d2daae7e6bd94e0eee0e711072a6b716ab1316702382768, delivery id: 1587dc08-cb6b-11f0-939c-d5b131c71ff9
Found head_commit for delivery id 0c51c310-cb6b-11f0-871a-e617e2c871c1, timestamp: 1764232106.0, 2025-11-27 00:28:26
signature: sha256=16d21cc8b40be91d57611d014338868eb2d047880806fe962448a2d59707f9c6, delivery id: 0c51c310-cb6b-11f0-871a-e617e2c871c1
Found head_commit for delivery id dc66cb4c-cb69-11f0-84d1-718a97fca7b1, timestamp: 1764231596.0, 2025-11-27 00:19:56
signature: sha256=fe698fc1b2fdd5e7b30645ac2a50cc9a4792bd4ab4695aa46684b5c6ae008df9, delivery id: dc66cb4c-cb69-11f0-84d1-718a97fca7b1
Found head_commit for delivery id 70d03a08-cb69-11f0-8a7c-9de52a27c8c6, timestamp: 1764231416.0, 2025-11-27 00:16:56
signature: sha256=29edcc6ab917462542e4ccd3063149a1b0ea59071199bda96f5b56f0d4fed889, delivery id: 70d03a08-cb69-11f0-8a7c-9de52a27c8c6
Found head_commit for delivery id 030644b8-cb69-11f0-8825-9a0b9453994d, timestamp: 1764231231.0, 2025-11-27 00:13:51
signature: sha256=29cd0a53aa45cc02a58c8333aed9a04eac62077d5dfd26d96e8bcf962ae2ac0f, delivery id: 030644b8-cb69-11f0-8825-9a0b9453994d
Found head_commit for delivery id de200bac-cb68-11f0-8e91-f0f469eaffe8, timestamp: 1764231170.0, 2025-11-27 00:12:50
signature: sha256=717f5b4f23a0cbb1acd85c035dacb14f5674b9616d1342766b701eb5cca8f0fc, delivery id: de200bac-cb68-11f0-8e91-f0f469eaffe8
Found head_commit for delivery id 73e61070-cb67-11f0-9c19-1cdf3c94ff6f, timestamp: 1764230562.0, 2025-11-27 00:02:42
signature: sha256=006c3b1a0f58075dca1b93e1d6c70fb961f683f62055dccf5e050dac12bfb0c0, delivery id: 73e61070-cb67-11f0-9c19-1cdf3c94ff6f
Found head_commit for delivery id c8ce5d64-cb5c-11f0-98aa-d43c31e0b3f7, timestamp: 1764225980.0, 2025-11-26 22:46:20
signature: sha256=1d646fef8a452149771fbc13cd7c934654fbd65106bccd53bee315f8ff82c58a, delivery id: c8ce5d64-cb5c-11f0-98aa-d43c31e0b3f7
Found head_commit for delivery id 002727fa-cb58-11f0-8749-43302c289015, timestamp: 1764223911.0, 2025-11-26 22:11:51
signature: sha256=65dfbdf3ee51691195a2b5ae6929a2d34131d5120c9c231441a00f620c3bf5e9, delivery id: 002727fa-cb58-11f0-8749-43302c289015
Found head_commit for delivery id 2e67e8aa-cb55-11f0-8c2d-27d69ac13e33, timestamp: 1764222714.0, 2025-11-26 21:51:54
signature: sha256=8ebb4393ca2e626b954d326b1eb733b6c73bf4d5c6f0e05af8c7c8acbc2e741b, delivery id: 2e67e8aa-cb55-11f0-8c2d-27d69ac13e33
Skipping delivery ac9e5ad0-cb4e-11f0-9a7e-ee744baa3ef5 with no head_commit
Found head_commit for delivery id a791b122-cb4e-11f0-97a7-42ee27474606, timestamp: 1764219911.0, 2025-11-26 21:05:11
signature: sha256=0911af9fb6b004244d9af0825c5df17e31a5565aea2d7858fe9ddfbb476945d2, delivery id: a791b122-cb4e-11f0-97a7-42ee27474606
Found head_commit for delivery id 94638c74-cb4e-11f0-883e-aaf31ef4b656, timestamp: 1764219879.0, 2025-11-26 21:04:39
signature: sha256=4b7117e2f7ef6f17471ed6c5c9bf3a66c9d6437f57fce29c146c7075c51685fd, delivery id: 94638c74-cb4e-11f0-883e-aaf31ef4b656
Found head_commit for delivery id 792d5d4a-cb4e-11f0-8931-a308a35e7493, timestamp: 1764219833.0, 2025-11-26 21:03:53
signature: sha256=c7823f00769a0e606fc0ba020794d524aa4f49c036037f3966dc8d06e83b6dac, delivery id: 792d5d4a-cb4e-11f0-8931-a308a35e7493
Found head_commit for delivery id 65906610-cb4e-11f0-8a46-5321b026ce5a, timestamp: 1764219801.0, 2025-11-26 21:03:21
signature: sha256=47551ee244bc8848c1c1a0ee5ddbc6da3890afebf0308b82868204ef48678c05, delivery id: 65906610-cb4e-11f0-8a46-5321b026ce5a
Found head_commit for delivery id 393ff710-cb4e-11f0-8671-f0f79e9a5005, timestamp: 1764219727.0, 2025-11-26 21:02:07
signature: sha256=0d6d730d67f87ebe395b24d42cec56585356d37c00cd9dbc4086f395ee47e30d, delivery id: 393ff710-cb4e-11f0-8671-f0f79e9a5005
Found head_commit for delivery id 1656ba40-cb4e-11f0-9c35-0d4151099243, timestamp: 1764219668.0, 2025-11-26 21:01:08
signature: sha256=a5f3e17f9cb451f85cf91d7178f0f4e32dbf42a77de8901db1b65a757a2b4079, delivery id: 1656ba40-cb4e-11f0-9c35-0d4151099243
Found head_commit for delivery id 04b33ee4-cb4e-11f0-99cc-dd01b9060329, timestamp: 1764219638.0, 2025-11-26 21:00:38
signature: sha256=23ab9fe409af9e55f3c4b32db7ec22b4c1aa49fffe662bc71eb55d5128941138, delivery id: 04b33ee4-cb4e-11f0-99cc-dd01b9060329
Skipping delivery 09859cce-cb4d-11f0-84a7-fcff14da11af with no head_commit
Found head_commit for delivery id 041beb30-cb4d-11f0-8042-4ac84dddd5e6, timestamp: 1764219207.0, 2025-11-26 20:53:27
signature: sha256=6715614f9163eda130d381ad5b8d30c811388b4fa5e0904efa8a685d141116c1, delivery id: 041beb30-cb4d-11f0-8042-4ac84dddd5e6
Found head_commit for delivery id f2d5b004-cb4c-11f0-94b3-a7d5a55a49c2, timestamp: 1764219178.0, 2025-11-26 20:52:58
signature: sha256=0e3d363ffe9732f05f61b9688c0aaa097f9f2e7be0e49ba44cf21ca960a49faa, delivery id: f2d5b004-cb4c-11f0-94b3-a7d5a55a49c2
Found head_commit for delivery id da6b312e-cb4c-11f0-8704-5809b9b2e9d7, timestamp: 1764219138.0, 2025-11-26 20:52:18
signature: sha256=11f226ad1911f5b1480ed5eeb95d6627258e7e430fb3848fa7e8964bfd60300e, delivery id: da6b312e-cb4c-11f0-8704-5809b9b2e9d7
Found head_commit for delivery id c4c8e334-cb4c-11f0-88d6-38ae89921df6, timestamp: 1764219102.0, 2025-11-26 20:51:42
signature: sha256=9578ef2f070a556bdbfbed7645b60da42d7d21d9d56546a6e054143123819286, delivery id: c4c8e334-cb4c-11f0-88d6-38ae89921df6
Found head_commit for delivery id a9a05902-cb4c-11f0-96c7-9460d7aef4b5, timestamp: 1764219056.0, 2025-11-26 20:50:56
signature: sha256=86390ea31e586669405b08e3d27c4a0786f99e6c799960376f484a2754c62b6a, delivery id: a9a05902-cb4c-11f0-96c7-9460d7aef4b5
Found head_commit for delivery id 642484b6-cb4c-11f0-9ad7-f38c6e78c5e0, timestamp: 1764218939.0, 2025-11-26 20:48:59
signature: sha256=65531c86ac6614175b78e2d4eac1f5c8f40c0910e73df53ba6e4be31f1106c84, delivery id: 642484b6-cb4c-11f0-9ad7-f38c6e78c5e0
Found head_commit for delivery id e5a89550-cb4b-11f0-927a-3c1c66b06974, timestamp: 1764218727.0, 2025-11-26 20:45:27
signature: sha256=cb166f841647a6c65bb567749c0c31f8bee4e98a2b90db2c5168e3238e6db54b, delivery id: e5a89550-cb4b-11f0-927a-3c1c66b06974
Found head_commit for delivery id 79cd85b2-cb4a-11f0-9353-292482eddc89, timestamp: 1764218116.0, 2025-11-26 20:35:16
signature: sha256=0d549606ff249492101870f41bd04909ecb0095d6a49ca3c306d4d4b48c65cb1, delivery id: 79cd85b2-cb4a-11f0-9353-292482eddc89
Found head_commit for delivery id 2c9ac5d4-cb4a-11f0-8d7c-47794a2cc29a, timestamp: 1764217987.0, 2025-11-26 20:33:07
signature: sha256=e2f96d106b6bcb93c8521a2754a2b687bffe5ffba353d0e3d1f79cb6709bab77, delivery id: 2c9ac5d4-cb4a-11f0-8d7c-47794a2cc29a
Adding 87 deliveries
Total deliveries so far: 181
Total deliveries to process: 181
Processing delivery id: 2b7b1124-ccdd-11f0-9eaf-21a09f8051f7
Delivery 2b7b1124-ccdd-11f0-9eaf-21a09f8051f7 (2025-11-26 15:18:56) needs processing (timestamp: 1764199136.0 > most recent timestamp: 1763667149.0)
Most recent processed delivery set to -- id: 2b7b1124-ccdd-11f0-9eaf-21a09f8051f7, date-time: 2025-11-26T15:18:56, timestamp: 1764199136.0
Processed 1 deliveries so far...
Processing delivery id: 6cc818b4-cca8-11f0-8a58-240b0a36df91
Delivery 6cc818b4-cca8-11f0-8a58-240b0a36df91 (2025-11-28 14:20:18) needs processing (timestamp: 1764368418.0 > most recent timestamp: 1763667149.0)
Most recent processed delivery set to -- id: 6cc818b4-cca8-11f0-8a58-240b0a36df91, date-time: 2025-11-28T14:20:18, timestamp: 1764368418.0
Processed 2 deliveries so far...
Processing delivery id: 5d74e482-cca8-11f0-9149-7cdca1587619
Delivery 5d74e482-cca8-11f0-9149-7cdca1587619 (2025-11-28 14:19:53) needs processing (timestamp: 1764368393.0 > most recent timestamp: 1763667149.0)
Processed 3 deliveries so far...
Processing delivery id: 51d99b36-cca8-11f0-9864-e4da11d950f5
Delivery 51d99b36-cca8-11f0-9864-e4da11d950f5 (2025-11-28 14:19:33) needs processing (timestamp: 1764368373.0 > most recent timestamp: 1763667149.0)
Processed 4 deliveries so far...
Processing delivery id: 3e713054-cca8-11f0-9301-5590e89c3392
Delivery 3e713054-cca8-11f0-9301-5590e89c3392 (2025-11-28 14:18:58) needs processing (timestamp: 1764368338.0 > most recent timestamp: 1763667149.0)
Processed 5 deliveries so far...
Processing delivery id: 10519a8e-cca7-11f0-833e-47312c515d42
Delivery 10519a8e-cca7-11f0-833e-47312c515d42 (2025-11-28 14:10:28) needs processing (timestamp: 1764367828.0 > most recent timestamp: 1763667149.0)
Processed 6 deliveries so far...
Processing delivery id: 6da8b362-cc7e-11f0-9940-60518c63bb4f
Delivery 6da8b362-cc7e-11f0-9940-60518c63bb4f (2025-11-28 09:19:41) needs processing (timestamp: 1764350381.0 > most recent timestamp: 1763667149.0)
Processed 7 deliveries so far...
Processing delivery id: 6b632b0c-cc7c-11f0-9482-84c32b5b48c3
Delivery 6b632b0c-cc7c-11f0-9482-84c32b5b48c3 (2025-11-28 09:05:18) needs processing (timestamp: 1764349518.0 > most recent timestamp: 1763667149.0)
Processed 8 deliveries so far...
Processing delivery id: 35725f4e-cc64-11f0-914d-45b95f20133f
Delivery 35725f4e-cc64-11f0-914d-45b95f20133f (2025-11-28 06:12:00) needs processing (timestamp: 1764339120.0 > most recent timestamp: 1763667149.0)
Processed 9 deliveries so far...
Processing delivery id: febe4d8c-cc63-11f0-83bf-2f76b44aebab
Delivery febe4d8c-cc63-11f0-83bf-2f76b44aebab (2025-11-28 06:10:28) needs processing (timestamp: 1764339028.0 > most recent timestamp: 1763667149.0)
Processed 10 deliveries so far...
Processing delivery id: 4a304488-cc63-11f0-91df-2f25f81a0876
Delivery 4a304488-cc63-11f0-91df-2f25f81a0876 (2025-11-28 06:05:25) needs processing (timestamp: 1764338725.0 > most recent timestamp: 1763667149.0)
Processed 11 deliveries so far...
Processing delivery id: 2065b28c-cc63-11f0-829f-334db1937805
Delivery 2065b28c-cc63-11f0-829f-334db1937805 (2025-11-28 06:04:15) needs processing (timestamp: 1764338655.0 > most recent timestamp: 1763667149.0)
Processed 12 deliveries so far...
Processing delivery id: 09df970e-cc62-11f0-9a09-f8e06ace4ea5
Delivery 09df970e-cc62-11f0-9a09-f8e06ace4ea5 (2025-11-28 05:56:28) needs processing (timestamp: 1764338188.0 > most recent timestamp: 1763667149.0)
Processed 13 deliveries so far...
Processing delivery id: d3c60270-cc61-11f0-8477-0c2170eb7afd
Delivery d3c60270-cc61-11f0-8477-0c2170eb7afd (2025-11-28 05:54:57) needs processing (timestamp: 1764338097.0 > most recent timestamp: 1763667149.0)
Processed 14 deliveries so far...
Processing delivery id: cf3a270a-cc60-11f0-8d2d-56e9da4b222d
Delivery cf3a270a-cc60-11f0-8d2d-56e9da4b222d (2025-11-28 05:47:40) needs processing (timestamp: 1764337660.0 > most recent timestamp: 1763667149.0)
Processed 15 deliveries so far...
Processing delivery id: a33606c4-cc60-11f0-9671-4e39e6309621
Delivery a33606c4-cc60-11f0-9671-4e39e6309621 (2025-11-28 05:46:27) needs processing (timestamp: 1764337587.0 > most recent timestamp: 1763667149.0)
Processed 16 deliveries so far...
Processing delivery id: 8f752f30-cc5f-11f0-88d8-b9da863de59f
Delivery 8f752f30-cc5f-11f0-88d8-b9da863de59f (2025-11-28 05:38:43) needs processing (timestamp: 1764337123.0 > most recent timestamp: 1763667149.0)
Processed 17 deliveries so far...
Processing delivery id: 624042de-cc5f-11f0-8fa4-8024bb98f2e1
Delivery 624042de-cc5f-11f0-8fa4-8024bb98f2e1 (2025-11-28 05:37:28) needs processing (timestamp: 1764337048.0 > most recent timestamp: 1763667149.0)
Processed 18 deliveries so far...
Processing delivery id: 2a5656ba-cc5f-11f0-8a1f-72ae5f663155
Delivery 2a5656ba-cc5f-11f0-8a1f-72ae5f663155 (2025-11-28 05:35:54) needs processing (timestamp: 1764336954.0 > most recent timestamp: 1763667149.0)
Processed 19 deliveries so far...
Processing delivery id: fb63d74c-cc5e-11f0-8ce6-a2e36ef69b9d
Delivery fb63d74c-cc5e-11f0-8ce6-a2e36ef69b9d (2025-11-28 05:34:35) needs processing (timestamp: 1764336875.0 > most recent timestamp: 1763667149.0)
Processed 20 deliveries so far...
Processing delivery id: 3036d012-cc52-11f0-859e-e2bdc3e2a852
Delivery 3036d012-cc52-11f0-859e-e2bdc3e2a852 (2025-11-28 04:02:47) needs processing (timestamp: 1764331367.0 > most recent timestamp: 1763667149.0)
Processed 21 deliveries so far...
Processing delivery id: e0070af6-cc4e-11f0-9635-8ad83e33ca6c
Delivery e0070af6-cc4e-11f0-9635-8ad83e33ca6c (2025-11-28 03:39:17) needs processing (timestamp: 1764329957.0 > most recent timestamp: 1763667149.0)
Processed 22 deliveries so far...
Processing delivery id: c3ed47a4-cc4e-11f0-9446-ac272a5e4a43
Delivery c3ed47a4-cc4e-11f0-9446-ac272a5e4a43 (2025-11-28 03:38:30) needs processing (timestamp: 1764329910.0 > most recent timestamp: 1763667149.0)
Processed 23 deliveries so far...
Processing delivery id: a486ef50-cc4e-11f0-8a18-a80df5e3d22a
Delivery a486ef50-cc4e-11f0-8a18-a80df5e3d22a (2025-11-28 03:37:36) needs processing (timestamp: 1764329856.0 > most recent timestamp: 1763667149.0)
Processed 24 deliveries so far...
Processing delivery id: 985735b4-cc4e-11f0-9768-af80c17e3b2a
Delivery 985735b4-cc4e-11f0-9768-af80c17e3b2a (2025-11-28 03:37:17) needs processing (timestamp: 1764329837.0 > most recent timestamp: 1763667149.0)
Processed 25 deliveries so far...
Processing delivery id: acecc8d2-cc4d-11f0-955e-ddc672066271
Delivery acecc8d2-cc4d-11f0-955e-ddc672066271 (2025-11-28 03:30:42) needs processing (timestamp: 1764329442.0 > most recent timestamp: 1763667149.0)
Processed 26 deliveries so far...
Processing delivery id: 5aa1bd08-cc4d-11f0-8bde-73bd59640879
Delivery 5aa1bd08-cc4d-11f0-8bde-73bd59640879 (2025-11-28 03:28:24) needs processing (timestamp: 1764329304.0 > most recent timestamp: 1763667149.0)
Processed 27 deliveries so far...
Processing delivery id: 3fc7239c-cc4d-11f0-84e7-5d2071409750
Delivery 3fc7239c-cc4d-11f0-84e7-5d2071409750 (2025-11-28 03:27:39) needs processing (timestamp: 1764329259.0 > most recent timestamp: 1763667149.0)
Processed 28 deliveries so far...
Processing delivery id: b40eff46-cc4c-11f0-8701-a9931201eab3
Delivery b40eff46-cc4c-11f0-8701-a9931201eab3 (2025-11-28 03:23:44) needs processing (timestamp: 1764329024.0 > most recent timestamp: 1763667149.0)
Processed 29 deliveries so far...
Processing delivery id: ae04c22a-cc4c-11f0-92a7-ea6af06309f3
Delivery ae04c22a-cc4c-11f0-92a7-ea6af06309f3 (2025-11-28 03:23:34) needs processing (timestamp: 1764329014.0 > most recent timestamp: 1763667149.0)
Processed 30 deliveries so far...
Processing delivery id: 8fba3b60-cc4c-11f0-8362-dc7b845dfc58
Delivery 8fba3b60-cc4c-11f0-8362-dc7b845dfc58 (2025-11-28 03:22:44) needs processing (timestamp: 1764328964.0 > most recent timestamp: 1763667149.0)
Processed 31 deliveries so far...
Processing delivery id: 6c44bd4a-cc4c-11f0-9c92-3ef611824ffe
Delivery 6c44bd4a-cc4c-11f0-9c92-3ef611824ffe (2025-11-28 03:21:44) needs processing (timestamp: 1764328904.0 > most recent timestamp: 1763667149.0)
Processed 32 deliveries so far...
Processing delivery id: 377033f6-cc4c-11f0-8b91-747d4e888cda
Delivery 377033f6-cc4c-11f0-8b91-747d4e888cda (2025-11-28 03:20:16) needs processing (timestamp: 1764328816.0 > most recent timestamp: 1763667149.0)
Processed 33 deliveries so far...
Processing delivery id: 98f114b6-cc4b-11f0-9728-dfc132a2196f
Delivery 98f114b6-cc4b-11f0-9728-dfc132a2196f (2025-11-28 03:15:49) needs processing (timestamp: 1764328549.0 > most recent timestamp: 1763667149.0)
Processed 34 deliveries so far...
Processing delivery id: 1d4628b0-cc4b-11f0-9702-611e4e01b440
Delivery 1d4628b0-cc4b-11f0-9702-611e4e01b440 (2025-11-28 03:12:04) needs processing (timestamp: 1764328324.0 > most recent timestamp: 1763667149.0)
Processed 35 deliveries so far...
Processing delivery id: 081442c4-cc4b-11f0-93c8-2568dd659ae1
Delivery 081442c4-cc4b-11f0-93c8-2568dd659ae1 (2025-11-28 03:11:46) needs processing (timestamp: 1764328306.0 > most recent timestamp: 1763667149.0)
Processed 36 deliveries so far...
Processing delivery id: e619f434-cc4a-11f0-869b-2af28798d81d
Delivery e619f434-cc4a-11f0-869b-2af28798d81d (2025-11-28 03:10:50) needs processing (timestamp: 1764328250.0 > most recent timestamp: 1763667149.0)
Processed 37 deliveries so far...
Processing delivery id: cc12e2a0-cc48-11f0-8064-0e0e38f15379
Delivery cc12e2a0-cc48-11f0-8064-0e0e38f15379 (2025-11-28 02:55:47) needs processing (timestamp: 1764327347.0 > most recent timestamp: 1763667149.0)
Processed 38 deliveries so far...
Processing delivery id: e69cf846-cc47-11f0-89f5-a3fbdd0da572
Delivery e69cf846-cc47-11f0-89f5-a3fbdd0da572 (2025-11-28 02:49:22) needs processing (timestamp: 1764326962.0 > most recent timestamp: 1763667149.0)
Processed 39 deliveries so far...
Processing delivery id: c4c93bbc-cc47-11f0-9afe-14ba1a2ae385
Delivery c4c93bbc-cc47-11f0-9afe-14ba1a2ae385 (2025-11-28 02:48:25) needs processing (timestamp: 1764326905.0 > most recent timestamp: 1763667149.0)
Processed 40 deliveries so far...
Processing delivery id: a83ce818-cc47-11f0-8044-d0a7832682bc
Delivery a83ce818-cc47-11f0-8044-d0a7832682bc (2025-11-28 02:47:37) needs processing (timestamp: 1764326857.0 > most recent timestamp: 1763667149.0)
Processed 41 deliveries so far...
Processing delivery id: 7f1322e0-cc47-11f0-8c9c-61aec58009e5
Delivery 7f1322e0-cc47-11f0-8c9c-61aec58009e5 (2025-11-28 02:46:28) needs processing (timestamp: 1764326788.0 > most recent timestamp: 1763667149.0)
Processed 42 deliveries so far...
Processing delivery id: 2a1f6cb2-cc47-11f0-8db1-140ba73faa9a
Delivery 2a1f6cb2-cc47-11f0-8db1-140ba73faa9a (2025-11-28 02:44:06) needs processing (timestamp: 1764326646.0 > most recent timestamp: 1763667149.0)
Processed 43 deliveries so far...
Processing delivery id: 1c1ad336-cc47-11f0-9cd3-104fa3f7d47f
Delivery 1c1ad336-cc47-11f0-9cd3-104fa3f7d47f (2025-11-28 02:43:09) needs processing (timestamp: 1764326589.0 > most recent timestamp: 1763667149.0)
Processed 44 deliveries so far...
Processing delivery id: e53fd6ae-cc46-11f0-9449-3f0985f7d34c
Delivery e53fd6ae-cc46-11f0-9449-3f0985f7d34c (2025-11-28 02:42:10) needs processing (timestamp: 1764326530.0 > most recent timestamp: 1763667149.0)
Processed 45 deliveries so far...
Processing delivery id: 388760da-cc46-11f0-9e36-89a352c6fd0a
Delivery 388760da-cc46-11f0-9e36-89a352c6fd0a (2025-11-28 02:37:20) needs processing (timestamp: 1764326240.0 > most recent timestamp: 1763667149.0)
Processed 46 deliveries so far...
Processing delivery id: c5aba65a-cc42-11f0-89c4-13d69fb397cb
Delivery c5aba65a-cc42-11f0-89c4-13d69fb397cb (2025-11-28 02:12:06) needs processing (timestamp: 1764324726.0 > most recent timestamp: 1763667149.0)
Processed 47 deliveries so far...
Processing delivery id: 69e8b9f2-cc3d-11f0-9282-83698a484fda
Delivery 69e8b9f2-cc3d-11f0-9282-83698a484fda (2025-11-28 01:34:17) needs processing (timestamp: 1764322457.0 > most recent timestamp: 1763667149.0)
Processed 48 deliveries so far...
Processing delivery id: 2ccef4c8-cc3d-11f0-88bf-ffc506e6dfa0
Delivery 2ccef4c8-cc3d-11f0-88bf-ffc506e6dfa0 (2025-11-28 01:32:35) needs processing (timestamp: 1764322355.0 > most recent timestamp: 1763667149.0)
Processed 49 deliveries so far...
Processing delivery id: f6b0fe22-cc3c-11f0-856a-f751957de564
Delivery f6b0fe22-cc3c-11f0-856a-f751957de564 (2025-11-28 01:31:04) needs processing (timestamp: 1764322264.0 > most recent timestamp: 1763667149.0)
Processed 50 deliveries so far...
Processing delivery id: bec3e95c-cc3c-11f0-832e-1a921eda0cc4
Delivery bec3e95c-cc3c-11f0-832e-1a921eda0cc4 (2025-11-28 01:29:31) needs processing (timestamp: 1764322171.0 > most recent timestamp: 1763667149.0)
Processed 51 deliveries so far...
Processing delivery id: 96e32560-cc3c-11f0-99e5-6c57bd2953eb
Delivery 96e32560-cc3c-11f0-99e5-6c57bd2953eb (2025-11-28 01:28:24) needs processing (timestamp: 1764322104.0 > most recent timestamp: 1763667149.0)
Processed 52 deliveries so far...
Processing delivery id: 430a6aac-cc3c-11f0-9b5c-57aa1fdbcf96
Delivery 430a6aac-cc3c-11f0-9b5c-57aa1fdbcf96 (2025-11-28 01:26:03) needs processing (timestamp: 1764321963.0 > most recent timestamp: 1763667149.0)
Processed 53 deliveries so far...
Processing delivery id: 8332f358-cc3a-11f0-89dd-b4c6f2ce37c5
Delivery 8332f358-cc3a-11f0-89dd-b4c6f2ce37c5 (2025-11-28 01:13:31) needs processing (timestamp: 1764321211.0 > most recent timestamp: 1763667149.0)
Processed 54 deliveries so far...
Processing delivery id: 5bcff96e-cc3a-11f0-9768-bf169ac2eccc
Delivery 5bcff96e-cc3a-11f0-9768-bf169ac2eccc (2025-11-28 01:12:26) needs processing (timestamp: 1764321146.0 > most recent timestamp: 1763667149.0)
Processed 55 deliveries so far...
Processing delivery id: 4402f2c8-cc3a-11f0-84ea-61fb3a849065
Delivery 4402f2c8-cc3a-11f0-84ea-61fb3a849065 (2025-11-28 01:11:46) needs processing (timestamp: 1764321106.0 > most recent timestamp: 1763667149.0)
Processed 56 deliveries so far...
Processing delivery id: 7b8074b6-cc38-11f0-885b-01236fa572de
Delivery 7b8074b6-cc38-11f0-885b-01236fa572de (2025-11-28 00:59:00) needs processing (timestamp: 1764320340.0 > most recent timestamp: 1763667149.0)
Processed 57 deliveries so far...
Processing delivery id: 43f207da-cc38-11f0-9b11-7fe61c1e5a66
Delivery 43f207da-cc38-11f0-9b11-7fe61c1e5a66 (2025-11-28 00:57:26) needs processing (timestamp: 1764320246.0 > most recent timestamp: 1763667149.0)
Processed 58 deliveries so far...
Processing delivery id: 742778b4-cc37-11f0-996c-513b5699d196
Delivery 742778b4-cc37-11f0-996c-513b5699d196 (2025-11-28 00:51:38) needs processing (timestamp: 1764319898.0 > most recent timestamp: 1763667149.0)
Processed 59 deliveries so far...
Processing delivery id: 07d2a5ea-cc36-11f0-8b09-0e9f0ef9baa7
Delivery 07d2a5ea-cc36-11f0-8b09-0e9f0ef9baa7 (2025-11-28 00:41:27) needs processing (timestamp: 1764319287.0 > most recent timestamp: 1763667149.0)
Processed 60 deliveries so far...
Processing delivery id: d7573660-cc35-11f0-9c30-9b9445abaaee
Delivery d7573660-cc35-11f0-9c30-9b9445abaaee (2025-11-28 00:40:06) needs processing (timestamp: 1764319206.0 > most recent timestamp: 1763667149.0)
Processed 61 deliveries so far...
Processing delivery id: a301bc96-cc35-11f0-9456-412055e6759e
Delivery a301bc96-cc35-11f0-9456-412055e6759e (2025-11-28 00:38:37) needs processing (timestamp: 1764319117.0 > most recent timestamp: 1763667149.0)
Processed 62 deliveries so far...
Processing delivery id: 6fbba3aa-cc2c-11f0-81cc-70206d65e621
Delivery 6fbba3aa-cc2c-11f0-81cc-70206d65e621 (2025-11-27 23:32:46) needs processing (timestamp: 1764315166.0 > most recent timestamp: 1763667149.0)
Processed 63 deliveries so far...
Processing delivery id: 8d9b2428-cc26-11f0-8023-f28cd2ca3ddf
Delivery 8d9b2428-cc26-11f0-8023-f28cd2ca3ddf (2025-11-27 22:50:39) needs processing (timestamp: 1764312639.0 > most recent timestamp: 1763667149.0)
Processed 64 deliveries so far...
Processing delivery id: 67d2e690-cc26-11f0-89b8-5f3e0292648e
Delivery 67d2e690-cc26-11f0-89b8-5f3e0292648e (2025-11-27 22:49:35) needs processing (timestamp: 1764312575.0 > most recent timestamp: 1763667149.0)
Processed 65 deliveries so far...
Processing delivery id: 1095408a-cc26-11f0-951f-da51f4629028
Delivery 1095408a-cc26-11f0-951f-da51f4629028 (2025-11-27 22:47:09) needs processing (timestamp: 1764312429.0 > most recent timestamp: 1763667149.0)
Processed 66 deliveries so far...
Processing delivery id: d9d07e8e-cc25-11f0-80e5-0b06e742be64
Delivery d9d07e8e-cc25-11f0-80e5-0b06e742be64 (2025-11-27 22:45:37) needs processing (timestamp: 1764312337.0 > most recent timestamp: 1763667149.0)
Processed 67 deliveries so far...
Processing delivery id: 7029cfd0-cc25-11f0-87d2-277cadadc395
Delivery 7029cfd0-cc25-11f0-87d2-277cadadc395 (2025-11-27 22:42:40) needs processing (timestamp: 1764312160.0 > most recent timestamp: 1763667149.0)
Processed 68 deliveries so far...
Processing delivery id: 48b95a06-cc25-11f0-8c47-78f33fe31c0d
Delivery 48b95a06-cc25-11f0-8c47-78f33fe31c0d (2025-11-27 22:41:34) needs processing (timestamp: 1764312094.0 > most recent timestamp: 1763667149.0)
Processed 69 deliveries so far...
Processing delivery id: bb871a1a-cc1f-11f0-973f-04bb612c74f7
Delivery bb871a1a-cc1f-11f0-973f-04bb612c74f7 (2025-11-27 22:01:49) needs processing (timestamp: 1764309709.0 > most recent timestamp: 1763667149.0)
Processed 70 deliveries so far...
Processing delivery id: 9ec7cc44-cc1f-11f0-9176-f38687ecfdf0
Delivery 9ec7cc44-cc1f-11f0-9176-f38687ecfdf0 (2025-11-27 22:01:02) needs processing (timestamp: 1764309662.0 > most recent timestamp: 1763667149.0)
Processed 71 deliveries so far...
Processing delivery id: 71f06d16-cc1f-11f0-81da-00ba689c9756
Delivery 71f06d16-cc1f-11f0-81da-00ba689c9756 (2025-11-27 21:59:46) needs processing (timestamp: 1764309586.0 > most recent timestamp: 1763667149.0)
Processed 72 deliveries so far...
Processing delivery id: ee4dac62-cc1e-11f0-9a0d-40dce54f9922
Delivery ee4dac62-cc1e-11f0-9a0d-40dce54f9922 (2025-11-27 21:56:05) needs processing (timestamp: 1764309365.0 > most recent timestamp: 1763667149.0)
Processed 73 deliveries so far...
Processing delivery id: dd86d624-cc1e-11f0-9b0a-d8774acbdcd2
Delivery dd86d624-cc1e-11f0-9b0a-d8774acbdcd2 (2025-11-27 21:55:37) needs processing (timestamp: 1764309337.0 > most recent timestamp: 1763667149.0)
Processed 74 deliveries so far...
Processing delivery id: c5143d0c-cc1e-11f0-9968-54f93dd8477b
Delivery c5143d0c-cc1e-11f0-9968-54f93dd8477b (2025-11-27 21:54:56) needs processing (timestamp: 1764309296.0 > most recent timestamp: 1763667149.0)
Processed 75 deliveries so far...
Processing delivery id: b10b9f80-cc1e-11f0-91a2-8c0c5486a0e9
Delivery b10b9f80-cc1e-11f0-91a2-8c0c5486a0e9 (2025-11-27 21:54:23) needs processing (timestamp: 1764309263.0 > most recent timestamp: 1763667149.0)
Processed 76 deliveries so far...
Processing delivery id: 153b9c22-cc1e-11f0-9ae8-8a66a3f4ba91
Delivery 153b9c22-cc1e-11f0-9ae8-8a66a3f4ba91 (2025-11-27 21:50:01) needs processing (timestamp: 1764309001.0 > most recent timestamp: 1763667149.0)
Processed 77 deliveries so far...
Processing delivery id: 0c8376f4-cc1e-11f0-933c-1ecb9271b849
Delivery 0c8376f4-cc1e-11f0-933c-1ecb9271b849 (2025-11-27 21:49:47) needs processing (timestamp: 1764308987.0 > most recent timestamp: 1763667149.0)
Processed 78 deliveries so far...
Processing delivery id: f8c9c7c6-cc1d-11f0-96ba-9d1fb1835ea9
Delivery f8c9c7c6-cc1d-11f0-96ba-9d1fb1835ea9 (2025-11-27 21:49:14) needs processing (timestamp: 1764308954.0 > most recent timestamp: 1763667149.0)
Processed 79 deliveries so far...
Processing delivery id: f0c4deda-cc1d-11f0-9d2f-8b27ac60da34
Delivery f0c4deda-cc1d-11f0-9d2f-8b27ac60da34 (2025-11-27 21:49:00) needs processing (timestamp: 1764308940.0 > most recent timestamp: 1763667149.0)
Processed 80 deliveries so far...
Processing delivery id: e4886b64-cc1d-11f0-9573-26c230f3ee10
Delivery e4886b64-cc1d-11f0-9573-26c230f3ee10 (2025-11-27 21:48:40) needs processing (timestamp: 1764308920.0 > most recent timestamp: 1763667149.0)
Processed 81 deliveries so far...
Processing delivery id: 584a1f8a-cc1d-11f0-8c99-a0f0832096e5
Delivery 584a1f8a-cc1d-11f0-8c99-a0f0832096e5 (2025-11-27 21:44:44) needs processing (timestamp: 1764308684.0 > most recent timestamp: 1763667149.0)
Processed 82 deliveries so far...
Processing delivery id: 23b85c50-cc1d-11f0-8def-efefcc32048a
Delivery 23b85c50-cc1d-11f0-8def-efefcc32048a (2025-11-27 21:43:16) needs processing (timestamp: 1764308596.0 > most recent timestamp: 1763667149.0)
Processed 83 deliveries so far...
Processing delivery id: 0f21fefe-cc1d-11f0-817e-1c210bd6ef90
Delivery 0f21fefe-cc1d-11f0-817e-1c210bd6ef90 (2025-11-27 21:42:42) needs processing (timestamp: 1764308562.0 > most recent timestamp: 1763667149.0)
Processed 84 deliveries so far...
Processing delivery id: 335eb8b4-cc10-11f0-886b-94a236db62b2
Delivery 335eb8b4-cc10-11f0-886b-94a236db62b2 (2025-11-27 20:10:38) needs processing (timestamp: 1764303038.0 > most recent timestamp: 1763667149.0)
Processed 85 deliveries so far...
Processing delivery id: ef76768c-cc0f-11f0-84c3-a7df80f91936
Delivery ef76768c-cc0f-11f0-84c3-a7df80f91936 (2025-11-27 20:08:33) needs processing (timestamp: 1764302913.0 > most recent timestamp: 1763667149.0)
Processed 86 deliveries so far...
Processing delivery id: 127d351e-cc0e-11f0-95d8-426712272d2e
Delivery 127d351e-cc0e-11f0-95d8-426712272d2e (2025-11-27 19:55:24) needs processing (timestamp: 1764302124.0 > most recent timestamp: 1763667149.0)
Processed 87 deliveries so far...
Processing delivery id: bd060a98-cc0d-11f0-9605-8ce6cfb053f8
Delivery bd060a98-cc0d-11f0-9605-8ce6cfb053f8 (2025-11-27 19:52:45) needs processing (timestamp: 1764301965.0 > most recent timestamp: 1763667149.0)
Processed 88 deliveries so far...
Processing delivery id: 3b747b4c-cbc0-11f0-8fe5-b639f1649f07
Delivery 3b747b4c-cbc0-11f0-8fe5-b639f1649f07 (2025-11-27 10:38:12) needs processing (timestamp: 1764268692.0 > most recent timestamp: 1763667149.0)
Processed 89 deliveries so far...
Processing delivery id: db2991f0-cbbf-11f0-86f1-6890e6cdefc4
Delivery db2991f0-cbbf-11f0-86f1-6890e6cdefc4 (2025-11-27 10:35:31) needs processing (timestamp: 1764268531.0 > most recent timestamp: 1763667149.0)
Processed 90 deliveries so far...
Processing delivery id: 15608212-cbbf-11f0-933b-15c6710ced33
Delivery 15608212-cbbf-11f0-933b-15c6710ced33 (2025-11-27 10:29:59) needs processing (timestamp: 1764268199.0 > most recent timestamp: 1763667149.0)
Processed 91 deliveries so far...
Processing delivery id: 0d527fb2-cbbf-11f0-9e97-cc9baa567283
Delivery 0d527fb2-cbbf-11f0-9e97-cc9baa567283 (2025-11-27 10:29:46) needs processing (timestamp: 1764268186.0 > most recent timestamp: 1763667149.0)
Processed 92 deliveries so far...
Processing delivery id: ba9d7484-cbbe-11f0-8d87-95170672016f
Delivery ba9d7484-cbbe-11f0-8d87-95170672016f (2025-11-27 10:27:27) needs processing (timestamp: 1764268047.0 > most recent timestamp: 1763667149.0)
Processed 93 deliveries so far...
Processing delivery id: 994f225a-cbbe-11f0-8cb9-a1c2fe894dc9
Delivery 994f225a-cbbe-11f0-8cb9-a1c2fe894dc9 (2025-11-27 10:26:30) needs processing (timestamp: 1764267990.0 > most recent timestamp: 1763667149.0)
Processed 94 deliveries so far...
Processing delivery id: 6091d17e-cbbe-11f0-87ad-f906cad9f80e
Delivery 6091d17e-cbbe-11f0-87ad-f906cad9f80e (2025-11-27 10:24:55) needs processing (timestamp: 1764267895.0 > most recent timestamp: 1763667149.0)
Processed 95 deliveries so far...
Processing delivery id: 50c1b656-cbbe-11f0-90de-69a0bc814748
Delivery 50c1b656-cbbe-11f0-90de-69a0bc814748 (2025-11-27 10:24:29) needs processing (timestamp: 1764267869.0 > most recent timestamp: 1763667149.0)
Processed 96 deliveries so far...
Processing delivery id: 3a550e22-cbbe-11f0-8b67-1e35d0ad25e9
Delivery 3a550e22-cbbe-11f0-8b67-1e35d0ad25e9 (2025-11-27 10:23:51) needs processing (timestamp: 1764267831.0 > most recent timestamp: 1763667149.0)
Processed 97 deliveries so far...
Processing delivery id: 3115eade-cbbe-11f0-8a5f-b5bd639e21cd
Delivery 3115eade-cbbe-11f0-8a5f-b5bd639e21cd (2025-11-27 10:23:36) needs processing (timestamp: 1764267816.0 > most recent timestamp: 1763667149.0)
Processed 98 deliveries so far...
Processing delivery id: fd0584b6-cbbd-11f0-865f-36bd656c79ac
Delivery fd0584b6-cbbd-11f0-865f-36bd656c79ac (2025-11-27 10:22:09) needs processing (timestamp: 1764267729.0 > most recent timestamp: 1763667149.0)
Processed 99 deliveries so far...
Processing delivery id: 9f52bb22-cbbd-11f0-90cc-74ada1945afc
Delivery 9f52bb22-cbbd-11f0-90cc-74ada1945afc (2025-11-27 10:19:32) needs processing (timestamp: 1764267572.0 > most recent timestamp: 1763667149.0)
Processed 100 deliveries so far...
Processing delivery id: 7a210908-cbbd-11f0-9ea6-53acf06693eb
Delivery 7a210908-cbbd-11f0-9ea6-53acf06693eb (2025-11-27 10:18:29) needs processing (timestamp: 1764267509.0 > most recent timestamp: 1763667149.0)
Processed 101 deliveries so far...
Processing delivery id: a7106b9a-cbbb-11f0-90c4-b06a4c9f4b34
Delivery a7106b9a-cbbb-11f0-90c4-b06a4c9f4b34 (2025-11-27 10:05:26) needs processing (timestamp: 1764266726.0 > most recent timestamp: 1763667149.0)
Processed 102 deliveries so far...
Processing delivery id: 9dd0275a-cbbb-11f0-892b-0ec45dbc635a
Delivery 9dd0275a-cbbb-11f0-892b-0ec45dbc635a (2025-11-27 10:05:10) needs processing (timestamp: 1764266710.0 > most recent timestamp: 1763667149.0)
Processed 103 deliveries so far...
Processing delivery id: 9777b6ac-cbbb-11f0-83bb-1c1942ca870a
Delivery 9777b6ac-cbbb-11f0-83bb-1c1942ca870a (2025-11-27 10:05:00) needs processing (timestamp: 1764266700.0 > most recent timestamp: 1763667149.0)
Processed 104 deliveries so far...
Processing delivery id: 9c55fdb8-cbb7-11f0-8c1b-66b5381c0a62
Delivery 9c55fdb8-cbb7-11f0-8c1b-66b5381c0a62 (2025-11-27 09:36:29) needs processing (timestamp: 1764264989.0 > most recent timestamp: 1763667149.0)
Processed 105 deliveries so far...
Processing delivery id: d711d626-cbb6-11f0-9f1a-338f7855a9ca
Delivery d711d626-cbb6-11f0-9f1a-338f7855a9ca (2025-11-27 09:30:59) needs processing (timestamp: 1764264659.0 > most recent timestamp: 1763667149.0)
Processed 106 deliveries so far...
Processing delivery id: 2789f0e0-cbb5-11f0-8773-641b9a752eca
Delivery 2789f0e0-cbb5-11f0-8773-641b9a752eca (2025-11-27 09:18:54) needs processing (timestamp: 1764263934.0 > most recent timestamp: 1763667149.0)
Processed 107 deliveries so far...
Processing delivery id: 18dbd52c-cbb5-11f0-9160-8211cc9df467
Delivery 18dbd52c-cbb5-11f0-9160-8211cc9df467 (2025-11-27 09:18:30) needs processing (timestamp: 1764263910.0 > most recent timestamp: 1763667149.0)
Processed 108 deliveries so far...
Processing delivery id: 0bf4b72a-cbb5-11f0-8b36-f8730fc06cfa
Delivery 0bf4b72a-cbb5-11f0-8b36-f8730fc06cfa (2025-11-27 09:18:09) needs processing (timestamp: 1764263889.0 > most recent timestamp: 1763667149.0)
Processed 109 deliveries so far...
Processing delivery id: ecedfe7c-cbaf-11f0-8f3e-1839defff60f
Delivery ecedfe7c-cbaf-11f0-8f3e-1839defff60f (2025-11-27 08:41:29) needs processing (timestamp: 1764261689.0 > most recent timestamp: 1763667149.0)
Processed 110 deliveries so far...
Processing delivery id: a2776360-cbaf-11f0-8b53-0d5413a76f6a
Delivery a2776360-cbaf-11f0-8b53-0d5413a76f6a (2025-11-27 08:39:24) needs processing (timestamp: 1764261564.0 > most recent timestamp: 1763667149.0)
Processed 111 deliveries so far...
Processing delivery id: 9a6bb720-cbaf-11f0-85d3-6cf9bc6d3774
Delivery 9a6bb720-cbaf-11f0-85d3-6cf9bc6d3774 (2025-11-27 08:39:11) needs processing (timestamp: 1764261551.0 > most recent timestamp: 1763667149.0)
Processed 112 deliveries so far...
Processing delivery id: 7f914ae6-cbaf-11f0-8117-06d4a7cb974e
Delivery 7f914ae6-cbaf-11f0-8117-06d4a7cb974e (2025-11-27 08:38:25) needs processing (timestamp: 1764261505.0 > most recent timestamp: 1763667149.0)
Processed 113 deliveries so far...
Processing delivery id: 7eb19ec8-cbaf-11f0-805b-55d8a65b166d
Delivery 7eb19ec8-cbaf-11f0-805b-55d8a65b166d (2025-11-27 08:38:24) needs processing (timestamp: 1764261504.0 > most recent timestamp: 1763667149.0)
Processed 114 deliveries so far...
Processing delivery id: 6df02d3e-cbaf-11f0-8ab8-4a20d47eb64e
Delivery 6df02d3e-cbaf-11f0-8ab8-4a20d47eb64e (2025-11-27 08:37:56) needs processing (timestamp: 1764261476.0 > most recent timestamp: 1763667149.0)
Processed 115 deliveries so far...
Processing delivery id: 61129066-cbaf-11f0-8ec8-b5998d63d437
Delivery 61129066-cbaf-11f0-8ec8-b5998d63d437 (2025-11-27 08:37:34) needs processing (timestamp: 1764261454.0 > most recent timestamp: 1763667149.0)
Processed 116 deliveries so far...
Processing delivery id: dea23b2e-cbac-11f0-8d70-03f52ff64788
Delivery dea23b2e-cbac-11f0-8d70-03f52ff64788 (2025-11-27 08:19:37) needs processing (timestamp: 1764260377.0 > most recent timestamp: 1763667149.0)
Processed 117 deliveries so far...
Processing delivery id: 75507302-cbac-11f0-886f-9f45e3cffbba
Delivery 75507302-cbac-11f0-886f-9f45e3cffbba (2025-11-27 08:16:39) needs processing (timestamp: 1764260199.0 > most recent timestamp: 1763667149.0)
Processed 118 deliveries so far...
Processing delivery id: 6b51068c-cbac-11f0-8aeb-f986c8161b2a
Delivery 6b51068c-cbac-11f0-8aeb-f986c8161b2a (2025-11-27 08:16:23) needs processing (timestamp: 1764260183.0 > most recent timestamp: 1763667149.0)
Processed 119 deliveries so far...
Processing delivery id: 26fe4148-cbac-11f0-8c17-dd0cc5df88f7
Delivery 26fe4148-cbac-11f0-8c17-dd0cc5df88f7 (2025-11-27 08:14:29) needs processing (timestamp: 1764260069.0 > most recent timestamp: 1763667149.0)
Processed 120 deliveries so far...
Processing delivery id: 0b6bed54-cbac-11f0-9e77-97e957bc19b0
Delivery 0b6bed54-cbac-11f0-9e77-97e957bc19b0 (2025-11-27 08:13:42) needs processing (timestamp: 1764260022.0 > most recent timestamp: 1763667149.0)
Processed 121 deliveries so far...
Processing delivery id: ff328570-cbab-11f0-896d-0313f2676916
Delivery ff328570-cbab-11f0-896d-0313f2676916 (2025-11-27 08:13:22) needs processing (timestamp: 1764260002.0 > most recent timestamp: 1763667149.0)
Processed 122 deliveries so far...
Processing delivery id: fdacfc6c-cbab-11f0-9fab-9cb42728531f
Delivery fdacfc6c-cbab-11f0-9fab-9cb42728531f (2025-11-27 08:13:19) needs processing (timestamp: 1764259999.0 > most recent timestamp: 1763667149.0)
Processed 123 deliveries so far...
Processing delivery id: f16737c4-cbab-11f0-9878-d04c9cf9a167
Delivery f16737c4-cbab-11f0-9878-d04c9cf9a167 (2025-11-27 08:12:58) needs processing (timestamp: 1764259978.0 > most recent timestamp: 1763667149.0)
Processed 124 deliveries so far...
Processing delivery id: 53c04f24-cba1-11f0-8406-fd2fbd566f41
Delivery 53c04f24-cba1-11f0-8406-fd2fbd566f41 (2025-11-27 06:56:58) needs processing (timestamp: 1764255418.0 > most recent timestamp: 1763667149.0)
Processed 125 deliveries so far...
Processing delivery id: de9e014c-cb9f-11f0-982d-f9a3280345d2
Delivery de9e014c-cb9f-11f0-982d-f9a3280345d2 (2025-11-27 06:46:17) needs processing (timestamp: 1764254777.0 > most recent timestamp: 1763667149.0)
Processed 126 deliveries so far...
Processing delivery id: c58bbfc4-cb9e-11f0-9034-500e739452d3
Delivery c58bbfc4-cb9e-11f0-9034-500e739452d3 (2025-11-27 06:38:41) needs processing (timestamp: 1764254321.0 > most recent timestamp: 1763667149.0)
Processed 127 deliveries so far...
Processing delivery id: ccd1a498-cb9d-11f0-8b67-66ba0a402bc2
Delivery ccd1a498-cb9d-11f0-8b67-66ba0a402bc2 (2025-11-27 06:31:27) needs processing (timestamp: 1764253887.0 > most recent timestamp: 1763667149.0)
Processed 128 deliveries so far...
Processing delivery id: 5c49d23c-cb9c-11f0-94b1-86f085cb7199
Delivery 5c49d23c-cb9c-11f0-94b1-86f085cb7199 (2025-11-27 06:18:09) needs processing (timestamp: 1764253089.0 > most recent timestamp: 1763667149.0)
Processed 129 deliveries so far...
Processing delivery id: 2b7fbc1c-cb8c-11f0-9279-c03feff6a010
Delivery 2b7fbc1c-cb8c-11f0-9279-c03feff6a010 (2025-11-27 04:25:32) needs processing (timestamp: 1764246332.0 > most recent timestamp: 1763667149.0)
Processed 130 deliveries so far...
Processing delivery id: 170ea39c-cb8c-11f0-9ae4-0ee1b08d516c
Delivery 170ea39c-cb8c-11f0-9ae4-0ee1b08d516c (2025-11-27 04:24:47) needs processing (timestamp: 1764246287.0 > most recent timestamp: 1763667149.0)
Processed 131 deliveries so far...
Processing delivery id: b147cdd6-cb8b-11f0-8034-7282c1d16d34
Delivery b147cdd6-cb8b-11f0-8034-7282c1d16d34 (2025-11-27 04:21:55) needs processing (timestamp: 1764246115.0 > most recent timestamp: 1763667149.0)
Processed 132 deliveries so far...
Processing delivery id: 988de14a-cb8b-11f0-924b-ecf14b71dd82
Delivery 988de14a-cb8b-11f0-924b-ecf14b71dd82 (2025-11-27 04:21:12) needs processing (timestamp: 1764246072.0 > most recent timestamp: 1763667149.0)
Processed 133 deliveries so far...
Processing delivery id: 20040b46-cb8b-11f0-84f6-2f5b31b1ab76
Delivery 20040b46-cb8b-11f0-84f6-2f5b31b1ab76 (2025-11-27 04:17:41) needs processing (timestamp: 1764245861.0 > most recent timestamp: 1763667149.0)
Processed 134 deliveries so far...
Processing delivery id: 3e8504d8-cb88-11f0-91e9-ca1de21ae360
Delivery 3e8504d8-cb88-11f0-91e9-ca1de21ae360 (2025-11-27 03:57:26) needs processing (timestamp: 1764244646.0 > most recent timestamp: 1763667149.0)
Processed 135 deliveries so far...
Processing delivery id: 10c947f2-cb88-11f0-8c76-f5122aa5ef70
Delivery 10c947f2-cb88-11f0-8c76-f5122aa5ef70 (2025-11-27 03:56:09) needs processing (timestamp: 1764244569.0 > most recent timestamp: 1763667149.0)
Processed 136 deliveries so far...
Processing delivery id: 039073bc-cb88-11f0-924c-63b6f3686b2b
Delivery 039073bc-cb88-11f0-924c-63b6f3686b2b (2025-11-27 03:55:47) needs processing (timestamp: 1764244547.0 > most recent timestamp: 1763667149.0)
Processed 137 deliveries so far...
Processing delivery id: d47270bc-cb87-11f0-9708-515dad0e2770
Delivery d47270bc-cb87-11f0-9708-515dad0e2770 (2025-11-27 03:54:28) needs processing (timestamp: 1764244468.0 > most recent timestamp: 1763667149.0)
Processed 138 deliveries so far...
Processing delivery id: ae41276c-cb87-11f0-8075-c484e87dacc1
Delivery ae41276c-cb87-11f0-8075-c484e87dacc1 (2025-11-27 03:53:24) needs processing (timestamp: 1764244404.0 > most recent timestamp: 1763667149.0)
Processed 139 deliveries so far...
Processing delivery id: a4a62130-cb87-11f0-8d2e-c4af2989cc02
Delivery a4a62130-cb87-11f0-8d2e-c4af2989cc02 (2025-11-27 03:53:08) needs processing (timestamp: 1764244388.0 > most recent timestamp: 1763667149.0)
Processed 140 deliveries so far...
Processing delivery id: 91772e2e-cb87-11f0-94e9-aefed840189f
Delivery 91772e2e-cb87-11f0-94e9-aefed840189f (2025-11-27 03:52:36) needs processing (timestamp: 1764244356.0 > most recent timestamp: 1763667149.0)
Processed 141 deliveries so far...
Processing delivery id: 5fd16eb6-cb82-11f0-8adb-6b49c6bb9bcc
Delivery 5fd16eb6-cb82-11f0-8adb-6b49c6bb9bcc (2025-11-27 03:15:25) needs processing (timestamp: 1764242125.0 > most recent timestamp: 1763667149.0)
Processed 142 deliveries so far...
Processing delivery id: 1b7394f6-cb82-11f0-9fab-50bbceb2fee5
Delivery 1b7394f6-cb82-11f0-9fab-50bbceb2fee5 (2025-11-27 03:13:30) needs processing (timestamp: 1764242010.0 > most recent timestamp: 1763667149.0)
Processed 143 deliveries so far...
Processing delivery id: bfcc8522-cb81-11f0-97a1-a77058b1f0a0
Delivery bfcc8522-cb81-11f0-97a1-a77058b1f0a0 (2025-11-27 03:10:57) needs processing (timestamp: 1764241857.0 > most recent timestamp: 1763667149.0)
Processed 144 deliveries so far...
Processing delivery id: e35af6dc-cb80-11f0-96fc-d8da2e2f4db3
Delivery e35af6dc-cb80-11f0-96fc-d8da2e2f4db3 (2025-11-27 03:04:46) needs processing (timestamp: 1764241486.0 > most recent timestamp: 1763667149.0)
Processed 145 deliveries so far...
Processing delivery id: bb1e0ace-cb80-11f0-9f89-db143fdaaa8b
Delivery bb1e0ace-cb80-11f0-9f89-db143fdaaa8b (2025-11-27 03:03:39) needs processing (timestamp: 1764241419.0 > most recent timestamp: 1763667149.0)
Processed 146 deliveries so far...
Processing delivery id: a4235770-cb80-11f0-9d34-72c2afa3cd6f
Delivery a4235770-cb80-11f0-9d34-72c2afa3cd6f (2025-11-27 03:03:00) needs processing (timestamp: 1764241380.0 > most recent timestamp: 1763667149.0)
Processed 147 deliveries so far...
Processing delivery id: 9c4485b0-cb80-11f0-9353-fdc3f08428c3
Delivery 9c4485b0-cb80-11f0-9353-fdc3f08428c3 (2025-11-27 03:02:18) needs processing (timestamp: 1764241338.0 > most recent timestamp: 1763667149.0)
Processed 148 deliveries so far...
Processing delivery id: 49571688-cb80-11f0-8a60-581d4a6d5b7b
Delivery 49571688-cb80-11f0-8a60-581d4a6d5b7b (2025-11-27 03:00:28) needs processing (timestamp: 1764241228.0 > most recent timestamp: 1763667149.0)
Processed 149 deliveries so far...
Processing delivery id: 39aa5cd6-cb80-11f0-8d70-38c27b42a541
Delivery 39aa5cd6-cb80-11f0-8d70-38c27b42a541 (2025-11-27 03:00:02) needs processing (timestamp: 1764241202.0 > most recent timestamp: 1763667149.0)
Processed 150 deliveries so far...
Processing delivery id: 1bd4d65a-cb80-11f0-8277-c0be8f96075a
Delivery 1bd4d65a-cb80-11f0-8277-c0be8f96075a (2025-11-27 02:59:12) needs processing (timestamp: 1764241152.0 > most recent timestamp: 1763667149.0)
Processed 151 deliveries so far...
Processing delivery id: 6e49234c-cb7f-11f0-9ee2-a979ac802f0a
Delivery 6e49234c-cb7f-11f0-9ee2-a979ac802f0a (2025-11-26 05:38:28) needs processing (timestamp: 1764164308.0 > most recent timestamp: 1763667149.0)
Processed 152 deliveries so far...
Processing delivery id: bccc6714-cb79-11f0-83b8-a10130d6c9a4
Delivery bccc6714-cb79-11f0-83b8-a10130d6c9a4 (2025-11-27 02:13:35) needs processing (timestamp: 1764238415.0 > most recent timestamp: 1763667149.0)
Processed 153 deliveries so far...
Processing delivery id: b3828c10-cb79-11f0-9ce2-f2c32cf0beb1
Delivery b3828c10-cb79-11f0-9ce2-f2c32cf0beb1 (2025-11-27 02:13:20) needs processing (timestamp: 1764238400.0 > most recent timestamp: 1763667149.0)
Processed 154 deliveries so far...
Processing delivery id: 67f511fe-cb6b-11f0-8ea5-31767cce97b8
Delivery 67f511fe-cb6b-11f0-8ea5-31767cce97b8 (2025-11-27 00:31:00) needs processing (timestamp: 1764232260.0 > most recent timestamp: 1763667149.0)
Processed 155 deliveries so far...
Processing delivery id: 1587dc08-cb6b-11f0-939c-d5b131c71ff9
Delivery 1587dc08-cb6b-11f0-939c-d5b131c71ff9 (2025-11-27 00:28:42) needs processing (timestamp: 1764232122.0 > most recent timestamp: 1763667149.0)
Processed 156 deliveries so far...
Processing delivery id: 0c51c310-cb6b-11f0-871a-e617e2c871c1
Delivery 0c51c310-cb6b-11f0-871a-e617e2c871c1 (2025-11-27 00:28:26) needs processing (timestamp: 1764232106.0 > most recent timestamp: 1763667149.0)
Processed 157 deliveries so far...
Processing delivery id: dc66cb4c-cb69-11f0-84d1-718a97fca7b1
Delivery dc66cb4c-cb69-11f0-84d1-718a97fca7b1 (2025-11-27 00:19:56) needs processing (timestamp: 1764231596.0 > most recent timestamp: 1763667149.0)
Processed 158 deliveries so far...
Processing delivery id: 70d03a08-cb69-11f0-8a7c-9de52a27c8c6
Delivery 70d03a08-cb69-11f0-8a7c-9de52a27c8c6 (2025-11-27 00:16:56) needs processing (timestamp: 1764231416.0 > most recent timestamp: 1763667149.0)
Processed 159 deliveries so far...
Processing delivery id: 030644b8-cb69-11f0-8825-9a0b9453994d
Delivery 030644b8-cb69-11f0-8825-9a0b9453994d (2025-11-27 00:13:51) needs processing (timestamp: 1764231231.0 > most recent timestamp: 1763667149.0)
Processed 160 deliveries so far...
Processing delivery id: de200bac-cb68-11f0-8e91-f0f469eaffe8
Delivery de200bac-cb68-11f0-8e91-f0f469eaffe8 (2025-11-27 00:12:50) needs processing (timestamp: 1764231170.0 > most recent timestamp: 1763667149.0)
Processed 161 deliveries so far...
Processing delivery id: 73e61070-cb67-11f0-9c19-1cdf3c94ff6f
Delivery 73e61070-cb67-11f0-9c19-1cdf3c94ff6f (2025-11-27 00:02:42) needs processing (timestamp: 1764230562.0 > most recent timestamp: 1763667149.0)
Processed 162 deliveries so far...
Processing delivery id: c8ce5d64-cb5c-11f0-98aa-d43c31e0b3f7
Delivery c8ce5d64-cb5c-11f0-98aa-d43c31e0b3f7 (2025-11-26 22:46:20) needs processing (timestamp: 1764225980.0 > most recent timestamp: 1763667149.0)
Processed 163 deliveries so far...
Processing delivery id: 002727fa-cb58-11f0-8749-43302c289015
Delivery 002727fa-cb58-11f0-8749-43302c289015 (2025-11-26 22:11:51) needs processing (timestamp: 1764223911.0 > most recent timestamp: 1763667149.0)
Processed 164 deliveries so far...
Processing delivery id: 2e67e8aa-cb55-11f0-8c2d-27d69ac13e33
Delivery 2e67e8aa-cb55-11f0-8c2d-27d69ac13e33 (2025-11-26 21:51:54) needs processing (timestamp: 1764222714.0 > most recent timestamp: 1763667149.0)
Processed 165 deliveries so far...
Processing delivery id: a791b122-cb4e-11f0-97a7-42ee27474606
Delivery a791b122-cb4e-11f0-97a7-42ee27474606 (2025-11-26 21:05:11) needs processing (timestamp: 1764219911.0 > most recent timestamp: 1763667149.0)
Processed 166 deliveries so far...
Processing delivery id: 94638c74-cb4e-11f0-883e-aaf31ef4b656
Delivery 94638c74-cb4e-11f0-883e-aaf31ef4b656 (2025-11-26 21:04:39) needs processing (timestamp: 1764219879.0 > most recent timestamp: 1763667149.0)
Processed 167 deliveries so far...
Processing delivery id: 792d5d4a-cb4e-11f0-8931-a308a35e7493
Delivery 792d5d4a-cb4e-11f0-8931-a308a35e7493 (2025-11-26 21:03:53) needs processing (timestamp: 1764219833.0 > most recent timestamp: 1763667149.0)
Processed 168 deliveries so far...
Processing delivery id: 65906610-cb4e-11f0-8a46-5321b026ce5a
Delivery 65906610-cb4e-11f0-8a46-5321b026ce5a (2025-11-26 21:03:21) needs processing (timestamp: 1764219801.0 > most recent timestamp: 1763667149.0)
Processed 169 deliveries so far...
Processing delivery id: 393ff710-cb4e-11f0-8671-f0f79e9a5005
Delivery 393ff710-cb4e-11f0-8671-f0f79e9a5005 (2025-11-26 21:02:07) needs processing (timestamp: 1764219727.0 > most recent timestamp: 1763667149.0)
Processed 170 deliveries so far...
Processing delivery id: 1656ba40-cb4e-11f0-9c35-0d4151099243
Delivery 1656ba40-cb4e-11f0-9c35-0d4151099243 (2025-11-26 21:01:08) needs processing (timestamp: 1764219668.0 > most recent timestamp: 1763667149.0)
Processed 171 deliveries so far...
Processing delivery id: 04b33ee4-cb4e-11f0-99cc-dd01b9060329
Delivery 04b33ee4-cb4e-11f0-99cc-dd01b9060329 (2025-11-26 21:00:38) needs processing (timestamp: 1764219638.0 > most recent timestamp: 1763667149.0)
Processed 172 deliveries so far...
Processing delivery id: 041beb30-cb4d-11f0-8042-4ac84dddd5e6
Delivery 041beb30-cb4d-11f0-8042-4ac84dddd5e6 (2025-11-26 20:53:27) needs processing (timestamp: 1764219207.0 > most recent timestamp: 1763667149.0)
Processed 173 deliveries so far...
Processing delivery id: f2d5b004-cb4c-11f0-94b3-a7d5a55a49c2
Delivery f2d5b004-cb4c-11f0-94b3-a7d5a55a49c2 (2025-11-26 20:52:58) needs processing (timestamp: 1764219178.0 > most recent timestamp: 1763667149.0)
Processed 174 deliveries so far...
Processing delivery id: da6b312e-cb4c-11f0-8704-5809b9b2e9d7
Delivery da6b312e-cb4c-11f0-8704-5809b9b2e9d7 (2025-11-26 20:52:18) needs processing (timestamp: 1764219138.0 > most recent timestamp: 1763667149.0)
Processed 175 deliveries so far...
Processing delivery id: c4c8e334-cb4c-11f0-88d6-38ae89921df6
Delivery c4c8e334-cb4c-11f0-88d6-38ae89921df6 (2025-11-26 20:51:42) needs processing (timestamp: 1764219102.0 > most recent timestamp: 1763667149.0)
Processed 176 deliveries so far...
Processing delivery id: a9a05902-cb4c-11f0-96c7-9460d7aef4b5
Delivery a9a05902-cb4c-11f0-96c7-9460d7aef4b5 (2025-11-26 20:50:56) needs processing (timestamp: 1764219056.0 > most recent timestamp: 1763667149.0)
Processed 177 deliveries so far...
Processing delivery id: 642484b6-cb4c-11f0-9ad7-f38c6e78c5e0
Delivery 642484b6-cb4c-11f0-9ad7-f38c6e78c5e0 (2025-11-26 20:48:59) needs processing (timestamp: 1764218939.0 > most recent timestamp: 1763667149.0)
Processed 178 deliveries so far...
Processing delivery id: e5a89550-cb4b-11f0-927a-3c1c66b06974
Delivery e5a89550-cb4b-11f0-927a-3c1c66b06974 (2025-11-26 20:45:27) needs processing (timestamp: 1764218727.0 > most recent timestamp: 1763667149.0)
Processed 179 deliveries so far...
Processing delivery id: 79cd85b2-cb4a-11f0-9353-292482eddc89
Delivery 79cd85b2-cb4a-11f0-9353-292482eddc89 (2025-11-26 20:35:16) needs processing (timestamp: 1764218116.0 > most recent timestamp: 1763667149.0)
Processed 180 deliveries so far...
Processing delivery id: 2c9ac5d4-cb4a-11f0-8d7c-47794a2cc29a
Delivery 2c9ac5d4-cb4a-11f0-8d7c-47794a2cc29a (2025-11-26 20:33:07) needs processing (timestamp: 1764217987.0 > most recent timestamp: 1763667149.0)
Processed 181 deliveries so far...
Total number of deliveries processed: 181
Total number of blocked webhooks: 0
Total number of timed_out webhooks: 0
Most recent processed delivery -- id: 6cc818b4-cca8-11f0-8a58-240b0a36df91, timestamp: 2025-11-28 14:20:18, timestamp: 1764368418.0
