Found webhook id for https://developer.fiserv.com/api/git-webhook: 549112588
Found head_commit for delivery id 3e513b5e-31fd-11f1-8065-53e571e2a37b, timestamp: 1775509912.0, 2026-04-06 14:11:52
signature: sha256=369372a7c46904fd54074135bac5da601c50d5b82ed3f3ccfe970fe7f07ff0ce, delivery id: 3e513b5e-31fd-11f1-8065-53e571e2a37b
Found head_commit for delivery id 2a9f6c26-31f7-11f1-8143-b6f8e4385627, timestamp: 1775507290.0, 2026-04-06 13:28:10
signature: sha256=e50141b8e988417d63ec8e9b2b3129e8162c8adf7c584e1534d232f9a39798ae, delivery id: 2a9f6c26-31f7-11f1-8143-b6f8e4385627
Found head_commit for delivery id 7100729c-31f6-11f1-81aa-5c3c55826e1e, timestamp: 1775506978.0, 2026-04-06 13:22:58
signature: sha256=9a0954055be7432527d76a867986254d899995b5dfdedaf247a3eb7738543f28, delivery id: 7100729c-31f6-11f1-81aa-5c3c55826e1e
Found head_commit for delivery id db78450c-31f4-11f1-9981-cb13f803b61c, timestamp: 1775506300.0, 2026-04-06 13:11:40
signature: sha256=554d04b0b4803d2671d5f61fbfb92f11ba26c568c3ccdc46c0096c405088a296, delivery id: db78450c-31f4-11f1-9981-cb13f803b61c
Found head_commit for delivery id 03d63de8-31f4-11f1-8472-3b435224cb8d, timestamp: 1775505669.0, 2026-04-06 13:01:09
signature: sha256=0abfc24873c94a0d76c081239508b163f1e67abe8fb576978af03029581c8df1, delivery id: 03d63de8-31f4-11f1-8472-3b435224cb8d
Found head_commit for delivery id 1327bc00-31f3-11f1-9340-4f3a09780a19, timestamp: 1775505523.0, 2026-04-06 12:58:43
signature: sha256=c718e23b1ca5d10430a2ea8c1771e8e4196106ddb5d8d0c27a4cfd72579b13c5, delivery id: 1327bc00-31f3-11f1-9340-4f3a09780a19
Found head_commit for delivery id b323ba46-31ef-11f1-8af2-5b2172b74761, timestamp: 1775504099.0, 2026-04-06 12:34:59
signature: sha256=6261c8f1f5b65cef9ac806e4fb144b2d64fe53af9a4dc37ab421bc4219a09756, delivery id: b323ba46-31ef-11f1-8af2-5b2172b74761
Found head_commit for delivery id 848711c6-31ed-11f1-9ac9-056cd2c9574a, timestamp: 1775503161.0, 2026-04-06 12:19:21
signature: sha256=1fad386842eb5cf3b8ae515843b2166ad021ccfbda3387af4de22f5c3626a15f, delivery id: 848711c6-31ed-11f1-9ac9-056cd2c9574a
Found head_commit for delivery id 4b9f3c96-31eb-11f1-9364-d2e634a82f0e, timestamp: 1775502188.0, 2026-04-06 12:03:08
signature: sha256=e3e425ef284b892949820cd5ad40be28b1b894a0acc50461bd821de83f1d97a3, delivery id: 4b9f3c96-31eb-11f1-9364-d2e634a82f0e
Found head_commit for delivery id 90730900-31e7-11f1-911b-d0870e9db06f, timestamp: 1775500603.0, 2026-04-06 11:36:43
signature: sha256=9b162559353f2dcc6f6eaaa8da7d7fd17a60e5b9c3e25f35000aa022ed904d06, delivery id: 90730900-31e7-11f1-911b-d0870e9db06f
Skipping delivery ecd6af68-31e6-11f1-9e85-47b5c0fb5bd5 with no head_commit
Found head_commit for delivery id e6935098-31e6-11f1-9636-4298f72c03e2, timestamp: 1775500317.0, 2026-04-06 11:31:57
signature: sha256=aa114f11f681f14b635e5a8f899892c4f5aa860f87455188a20c3a1f9cda8471, delivery id: e6935098-31e6-11f1-9636-4298f72c03e2
Found head_commit for delivery id cfefea5e-31e6-11f1-94bc-13180c34399a, timestamp: 1775500281.0, 2026-04-06 11:31:21
signature: sha256=776a6b299133ecea4e8c0e716a436aa69b4e4017d4fb348fab8882a179563f1f, delivery id: cfefea5e-31e6-11f1-94bc-13180c34399a
Skipping delivery b8ab069e-31e6-11f1-9863-743bfc5c5991 with no head_commit
Found head_commit for delivery id b41ad6f4-31e6-11f1-80fa-55de67a454f2, timestamp: 1775500234.0, 2026-04-06 11:30:34
signature: sha256=7c0f3d21ed3dffeb971b7f00208ebc5cbabb6a9b6a77af499a65f95a51d6061b, delivery id: b41ad6f4-31e6-11f1-80fa-55de67a454f2
Found head_commit for delivery id 897f4a24-31e6-11f1-9add-3f193f30d4a1, timestamp: 1775500161.0, 2026-04-06 11:29:21
signature: sha256=7ad164b7002d3d2ceda904acf7bef5a76758d1076cca86da84dca42eaf7f86ba, delivery id: 897f4a24-31e6-11f1-9add-3f193f30d4a1
Found head_commit for delivery id 2a437ddc-31e6-11f1-9f41-76003da17ec3, timestamp: 1775500001.0, 2026-04-06 11:26:41
signature: sha256=a96c88fe00e029fa72aa091f36274839ec320e9b66f891abcf8443cef4842964, delivery id: 2a437ddc-31e6-11f1-9f41-76003da17ec3
Found head_commit for delivery id 9c9cf2c4-31e5-11f1-9fdc-ec35eb165570, timestamp: 1775499762.0, 2026-04-06 11:22:42
signature: sha256=34db22f9dd4707d9e6147b34c00e094a72a8d52aef317942f508c55a93ed4ea2, delivery id: 9c9cf2c4-31e5-11f1-9fdc-ec35eb165570
Found head_commit for delivery id c23965f2-31e1-11f1-905b-e3adcbac9cec, timestamp: 1775498108.0, 2026-04-06 10:55:08
signature: sha256=6743e1067b8d781420c1a0c8336a5993793ae43ac5c30ee0ff64a8df07bab4b0, delivery id: c23965f2-31e1-11f1-905b-e3adcbac9cec
Found head_commit for delivery id ec4a4198-31de-11f1-9f4a-86f175722c07, timestamp: 1775496856.0, 2026-04-06 10:34:16
signature: sha256=17a84b1fe730a1d09a214a46b9c827576809a8409baee320e27189f1de1205ec, delivery id: ec4a4198-31de-11f1-9f4a-86f175722c07
Skipping delivery 5c79ff12-31d5-11f1-8f21-472d3b9ca421 with no head_commit
Found head_commit for delivery id 386e49ac-31d5-11f1-94d9-5c3c346b3ea7, timestamp: 1775492724.0, 2026-04-06 09:25:24
signature: sha256=582af389572af87250918131c2e61b4c17b6d09c038411225b04616072e6da32, delivery id: 386e49ac-31d5-11f1-94d9-5c3c346b3ea7
Found head_commit for delivery id e9a9d57a-31d4-11f1-8f90-4d56d60c7afe, timestamp: 1775492593.0, 2026-04-06 09:23:13
signature: sha256=f2f53e2eed44f55544f1ff1f0862069edaad28e7ca413ad9051e5bd4e6988b4e, delivery id: e9a9d57a-31d4-11f1-8f90-4d56d60c7afe
Found head_commit for delivery id c8c88090-31d4-11f1-8f3a-58c107d096e0, timestamp: 1775492538.0, 2026-04-06 09:22:18
signature: sha256=abb0a81fbf38bbe8259f01372b6a9bb0a5d464c08eaa5b017ff4b6460abf4a0d, delivery id: c8c88090-31d4-11f1-8f3a-58c107d096e0
Found head_commit for delivery id 7fcb3d2c-31cc-11f1-90fd-b73e602796b7, timestamp: 1775488914.0, 2026-04-06 08:21:54
signature: sha256=153ea7b2980996d5ec6bbf99c14297e9ef5b88953703bcb67edf9e1e2a051a81, delivery id: 7fcb3d2c-31cc-11f1-90fd-b73e602796b7
Found head_commit for delivery id 8d0d06a8-31c9-11f1-9253-c30980a7b531, timestamp: 1775487714.0, 2026-04-06 08:01:54
signature: sha256=9526a1c653bbb368d15af702024bc5bfcbbdf9866cbe47ba8e219951071ff3a4, delivery id: 8d0d06a8-31c9-11f1-9253-c30980a7b531
Found head_commit for delivery id 1ed478a6-31c9-11f1-9d5d-a82f01238222, timestamp: 1775487370.0, 2026-04-06 07:56:10
signature: sha256=df403535a983ec972acc5119cb4be57d24e498e3161c8f05a24d19e8270eed7b, delivery id: 1ed478a6-31c9-11f1-9d5d-a82f01238222
Found head_commit for delivery id 138deadc-31c8-11f1-93c0-3a15e45c5026, timestamp: 1775487077.0, 2026-04-06 07:51:17
signature: sha256=c9f1f816f9652e1a3fe4dfc21908ba52187c10aaca385d1b897937c9484a7401, delivery id: 138deadc-31c8-11f1-93c0-3a15e45c5026
Found head_commit for delivery id adb44f58-31c7-11f1-83ce-e84635b9ab7a, timestamp: 1775486900.0, 2026-04-06 07:48:20
signature: sha256=ace1deb8b4cec0aa6236d2fc66550d45dc6869e448541a223439a9695171e4fe, delivery id: adb44f58-31c7-11f1-83ce-e84635b9ab7a
Found head_commit for delivery id aa036c20-31c4-11f1-998d-e029490af343, timestamp: 1775485615.0, 2026-04-06 07:26:55
signature: sha256=f1ef12c3c015dc4915bf836f504fb522e9b3ea7ee53138e6001308521b7f7f39, delivery id: aa036c20-31c4-11f1-998d-e029490af343
Found head_commit for delivery id 4d23ccac-31c4-11f1-9abf-cc7e16f133b7, timestamp: 1775485459.0, 2026-04-06 07:24:19
signature: sha256=7b882e189eb5acab2268de7f39165f3d7c665fe3aaa0393933d268371fa53350, delivery id: 4d23ccac-31c4-11f1-9abf-cc7e16f133b7
Found head_commit for delivery id 40182a9e-31bf-11f1-8121-a2cf17b74308, timestamp: 1775483288.0, 2026-04-06 06:48:08
signature: sha256=d5788b4042a6bb45514da892f517178e545ca479caa7b68f3ed18abcd7c49c21, delivery id: 40182a9e-31bf-11f1-8121-a2cf17b74308
Skipping delivery 4012597a-31bf-11f1-9537-e91da4c6120f with no head_commit
Found head_commit for delivery id 295d2584-31bf-11f1-9b70-cb813e28ef91, timestamp: 1775483251.0, 2026-04-06 06:47:31
signature: sha256=03850ecbbe516f828c09e6eb1437c7212242b7df00483903adaa5b3456ecd077, delivery id: 295d2584-31bf-11f1-9b70-cb813e28ef91
Found head_commit for delivery id fe642340-31ba-11f1-9cb9-f23b5371ef5e, timestamp: 1775481461.0, 2026-04-06 06:17:41
signature: sha256=a2216b4d8c0d6abe8b918ba5ad5095635a1dfc1d6753805bf286a0d8f1002d07, delivery id: fe642340-31ba-11f1-9cb9-f23b5371ef5e
Found head_commit for delivery id d1100134-31ba-11f1-98e1-a01ed4d5f2ef, timestamp: 1775481384.0, 2026-04-06 06:16:24
signature: sha256=93fed45a2cc6580048a787ad44397801a845a9771bc49d0c73262e1359da5fae, delivery id: d1100134-31ba-11f1-98e1-a01ed4d5f2ef
Found head_commit for delivery id 9f049cb8-31ba-11f1-8b5f-bce83353b3e4, timestamp: 1775481300.0, 2026-04-06 06:15:00
signature: sha256=343a0881ee9ef0c2e482a0bfe130eab9c4b60b46d5afc865a7b2867e454fc33e, delivery id: 9f049cb8-31ba-11f1-8b5f-bce83353b3e4
Found head_commit for delivery id 5045e852-31ba-11f1-933f-53dad2f2ec12, timestamp: 1775481168.0, 2026-04-06 06:12:48
signature: sha256=f6eb6f07a64d44c9a129706ad30211a1c15d687e32876e3061d9510a22f00a7d, delivery id: 5045e852-31ba-11f1-933f-53dad2f2ec12
Skipping delivery 4a544ea2-31ba-11f1-84cd-1eaf7f34184d with no head_commit
Found head_commit for delivery id 4563fb9a-31ba-11f1-8c73-fd101cfe88a1, timestamp: 1775481150.0, 2026-04-06 06:12:30
signature: sha256=b26e354b649af5e62fefbddc4ed2463ed2d09475b95b3ef4edf6a38c9eedfdfb, delivery id: 4563fb9a-31ba-11f1-8c73-fd101cfe88a1
Found head_commit for delivery id 2f671020-31ba-11f1-820b-51fa51f1384f, timestamp: 1775481114.0, 2026-04-06 06:11:54
signature: sha256=51d57bd10523c4b026cb23eaa3f656da9e9be895be8b9f6159b71be87d04e337, delivery id: 2f671020-31ba-11f1-820b-51fa51f1384f
Found head_commit for delivery id 2a9f6128-31ba-11f1-9b95-caae5b01f5ad, timestamp: 1775481106.0, 2026-04-06 06:11:46
signature: sha256=bc31436361b2ae6848264bada36527b1545e417b96b3f60057913ffd5a8bd252, delivery id: 2a9f6128-31ba-11f1-9b95-caae5b01f5ad
Skipping delivery 231f6a10-31ba-11f1-8750-57730a02766d with no head_commit
Found head_commit for delivery id 219f2202-31ba-11f1-9e53-9d030bc3f552, timestamp: 1775481091.0, 2026-04-06 06:11:31
signature: sha256=cf29b2e7c23caef35c6dc8c617a90573ee027dfa18c57e8bde85f10859e46e9a, delivery id: 219f2202-31ba-11f1-9e53-9d030bc3f552
Found head_commit for delivery id 1efa7f9c-31ba-11f1-8fd1-ead0dd8f40ef, timestamp: 1775481085.0, 2026-04-06 06:11:25
signature: sha256=6377f86bb9f42653b878a2ea7c6527bc994b6d15ccb4804e8cf57447bfb25766, delivery id: 1efa7f9c-31ba-11f1-8fd1-ead0dd8f40ef
Found head_commit for delivery id 0d7f09e0-31ba-11f1-8d74-0bbb7fa35f1c, timestamp: 1775481057.0, 2026-04-06 06:10:57
signature: sha256=5256aae14e1c51b4d5b0aa5f45a536a4c8f61a6dd3ab03f9c8e8557aa9371234, delivery id: 0d7f09e0-31ba-11f1-8d74-0bbb7fa35f1c
Found head_commit for delivery id 002c7962-31ba-11f1-8674-a73ebb72d4fb, timestamp: 1775481035.0, 2026-04-06 06:10:35
signature: sha256=ca22246bc56ce8849f439b04cfb0f33f2570a7a73edf4761f17d742db5a378e7, delivery id: 002c7962-31ba-11f1-8674-a73ebb72d4fb
Found head_commit for delivery id 81b186ea-31b9-11f1-89bd-43fdb7f06aee, timestamp: 1775480822.0, 2026-04-06 06:07:02
signature: sha256=5324d8430d21514beca16dcd8ad06a32704333c1abfc45fa16cb57fb98e862a4, delivery id: 81b186ea-31b9-11f1-89bd-43fdb7f06aee
Found head_commit for delivery id 57eb1934-31b9-11f1-8259-115bde12076d, timestamp: 1775480727.0, 2026-04-06 06:05:27
signature: sha256=33e94dba3b68b1c18979d375824a5c682319688ba5833be66662e6d48f575040, delivery id: 57eb1934-31b9-11f1-8259-115bde12076d
Skipping delivery 52ee8a5c-31b8-11f1-8ccd-d24528857d39 with no head_commit
Found head_commit for delivery id 29be97fa-31b6-11f1-969a-7f27a020bb51, timestamp: 1775479386.0, 2026-04-06 05:43:06
signature: sha256=4e14149909d529014b75c5e84175d14c42766f25c61a595ed09e556af6a471b4, delivery id: 29be97fa-31b6-11f1-969a-7f27a020bb51
Found head_commit for delivery id 06a3f0f8-31b6-11f1-8064-7b690dab902e, timestamp: 1775479302.0, 2026-04-06 05:41:42
signature: sha256=7ef23c0b764d2e504f7d50b2636695f00a199ab677782d759af6991b482444ef, delivery id: 06a3f0f8-31b6-11f1-8064-7b690dab902e
Found head_commit for delivery id 7bdd6abe-31b3-11f1-971c-1fdb72ab3afb, timestamp: 1775478229.0, 2026-04-06 05:23:49
signature: sha256=79477389af7d85c376e8d15a6832c65c70737183c9c394e804dd72fbdcf5615f, delivery id: 7bdd6abe-31b3-11f1-971c-1fdb72ab3afb
Skipping delivery f201bd22-31b2-11f1-9a6f-47bfa51544de with no head_commit
Found head_commit for delivery id f180f700-31b2-11f1-84a2-2374525c202f, timestamp: 1775478003.0, 2026-04-06 05:20:03
signature: sha256=80156da0c9487b7253ddb0c1280b83f7818969e3dc3055ea2619cdab00c86d78, delivery id: f180f700-31b2-11f1-84a2-2374525c202f
Skipping delivery eac50d20-31b2-11f1-8f77-6ed141c58f71 with no head_commit
Found head_commit for delivery id ea5e353c-31b2-11f1-86a1-9686f895f82d, timestamp: 1775477990.0, 2026-04-06 05:19:50
signature: sha256=32ab0f89b5fa0057f5b78bbfb445918096e0d049e30d0d3c6ad058f59ed176fe, delivery id: ea5e353c-31b2-11f1-86a1-9686f895f82d
Found head_commit for delivery id d4f0a284-31b2-11f1-9f03-e8ba3770c8b3, timestamp: 1775477955.0, 2026-04-06 05:19:15
signature: sha256=d3b8d8b8dccfbc46e9a26a6c5ca5939b5be93a27402835d973125a53ce6c0dd8, delivery id: d4f0a284-31b2-11f1-9f03-e8ba3770c8b3
Found head_commit for delivery id d3714ea4-31b2-11f1-9580-c87b2e59f677, timestamp: 1775477953.0, 2026-04-06 05:19:13
signature: sha256=1e01cad9e7521a140b056b5c2aa88d0c721fe6442d3fc311e9ebfef7928d865e, delivery id: d3714ea4-31b2-11f1-9580-c87b2e59f677
Skipping delivery 1baf68d0-31af-11f1-847c-d23a124884d0 with no head_commit
Found head_commit for delivery id 166f0326-31af-11f1-8835-3cb1f8bfbfcd, timestamp: 1775476347.0, 2026-04-06 04:52:27
signature: sha256=9b8a5749ef36089a52343995434bea29087a74a4a791c5f0c5dc24532c5dee1d, delivery id: 166f0326-31af-11f1-8835-3cb1f8bfbfcd
Found head_commit for delivery id 0366d1c8-31af-11f1-9cde-706f358e241c, timestamp: 1775476316.0, 2026-04-06 04:51:56
signature: sha256=ef131b1889c76d7e89181f3791690d0e0029e4949ec136dbc8044dbf0a43a2d3, delivery id: 0366d1c8-31af-11f1-9cde-706f358e241c
Found head_commit for delivery id f4bae15a-31ae-11f1-90ed-b9e2aed93011, timestamp: 1775476290.0, 2026-04-06 04:51:30
signature: sha256=10583b4619cd538fe4fd3ab7498a575f69c3f1eb19429505b69acd86aec3e8b3, delivery id: f4bae15a-31ae-11f1-90ed-b9e2aed93011
Found head_commit for delivery id 39f1b11a-31a8-11f1-9989-af64c61313b1, timestamp: 1775473395.0, 2026-04-06 04:03:15
signature: sha256=fc398eb66d78a9e5b43b7b6a83566e124363aeddcb0899ff37a7a86de84f7d74, delivery id: 39f1b11a-31a8-11f1-9989-af64c61313b1
Found head_commit for delivery id 6009a796-31a7-11f1-827c-8a4d432bc8f0, timestamp: 1775473029.0, 2026-04-06 03:57:09
signature: sha256=8e107771e9c39a996fa6d55a4aef0e3ecc2366701e7e3c625b34f3fc47c9bb56, delivery id: 6009a796-31a7-11f1-827c-8a4d432bc8f0
Found head_commit for delivery id 6b2c188a-31a1-11f1-91df-d9dac926229b, timestamp: 1775470432.0, 2026-04-06 03:13:52
signature: sha256=91ada05c9efcde1077d17451783bc389f04813f2f4ed740d2d625ff8da3e2052, delivery id: 6b2c188a-31a1-11f1-91df-d9dac926229b
Found head_commit for delivery id ea84f16c-319a-11f1-898a-9d2f08735535, timestamp: 1775467683.0, 2026-04-06 02:28:03
signature: sha256=5cf3ff56a57066102c2bf363d0e2cadf2f193e40aba4c347cc830152def4b53d, delivery id: ea84f16c-319a-11f1-898a-9d2f08735535
Found head_commit for delivery id bbb9d1c2-319a-11f1-9467-2d8e80830ad7, timestamp: 1775467587.0, 2026-04-06 02:26:27
signature: sha256=c8212bdd0d7ba350066ec4ca8e3883c2f85526fcce16c498c1d0e320ee9741b7, delivery id: bbb9d1c2-319a-11f1-9467-2d8e80830ad7
Found head_commit for delivery id c982b7b8-3197-11f1-942d-ab623cf66416, timestamp: 1775466340.0, 2026-04-06 02:05:40
signature: sha256=3385a609bd1c98aaf3ff925b54f2c4e956aee59d8b802257ecd45f37324862ca, delivery id: c982b7b8-3197-11f1-942d-ab623cf66416
Found head_commit for delivery id a54308ee-3197-11f1-8126-a663464650fb, timestamp: 1775466261.0, 2026-04-06 02:04:21
signature: sha256=d08d793c369aea094fcee7370f472244245b6dd6bffed8590060dfd8c00ad27f, delivery id: a54308ee-3197-11f1-8126-a663464650fb
Found head_commit for delivery id 1dc675be-3182-11f1-86db-5e0b3e28dec8, timestamp: 1775457032.0, 2026-04-05 23:30:32
signature: sha256=908878058ea4168b2390dedb99c44a81f4bd6777b7ceba14ddaaa172778c409a, delivery id: 1dc675be-3182-11f1-86db-5e0b3e28dec8
Found head_commit for delivery id 2ab76de6-3182-11f1-80a8-716e727cb0bf, timestamp: 1775457053.0, 2026-04-05 23:30:53
signature: sha256=cf069692923d35e3212360bcb79fba48bce8bc2f5fb206ae301422429c0f64cc, delivery id: 2ab76de6-3182-11f1-80a8-716e727cb0bf
Found head_commit for delivery id e9a1d65c-3181-11f1-802e-44d82abca4b9, timestamp: 1775456945.0, 2026-04-05 23:29:05
signature: sha256=c799927a0e42f347e7cccbecc44ad23b440c8ed3e7cd15daec4eb06d71ac0fe9, delivery id: e9a1d65c-3181-11f1-802e-44d82abca4b9
Found head_commit for delivery id d9d3fbec-3181-11f1-8b81-721d31eba6d5, timestamp: 1775456917.0, 2026-04-05 23:28:37
signature: sha256=edee5b8af3a1c80f9ed8ef3aef78cc777d1f6febd53ac243b954923f020074cc, delivery id: d9d3fbec-3181-11f1-8b81-721d31eba6d5
Found head_commit for delivery id 999e8d58-3181-11f1-9899-2e6167599283, timestamp: 1775456795.0, 2026-04-05 23:26:35
signature: sha256=8c7dc87edd44899469646a5840d852ad79b0fd296011cc80715ed99e18ef76ee, delivery id: 999e8d58-3181-11f1-9899-2e6167599283
Skipping delivery 7a056f18-3003-11f1-9d65-562dc052ae26 with no head_commit
Found head_commit for delivery id 798acde4-3003-11f1-9999-3c30b913e694, timestamp: 1775292686.0, 2026-04-04 01:51:26
signature: sha256=4830d1936fe19de64aa73e4786075dbc7eff0a7a47bf3d201ad472390f0c8dba, delivery id: 798acde4-3003-11f1-9999-3c30b913e694
Skipping delivery 78d5df7e-3003-11f1-89e5-1a49baeb765f with no head_commit
Found head_commit for delivery id 77bb2d6a-3003-11f1-8370-8ecf405c5edf, timestamp: 1775292684.0, 2026-04-04 01:51:24
signature: sha256=f9ed759ab785299a9268bc14fa92f7406156a216bb056dd3e5c5415751260806, delivery id: 77bb2d6a-3003-11f1-8370-8ecf405c5edf
Found head_commit for delivery id 5eb9aaa8-3003-11f1-82c3-6cfefcf89c06, timestamp: 1775292644.0, 2026-04-04 01:50:44
signature: sha256=05953bb9f5d34cd61388c9a6d9b11edc747709cd8a22e50e0af4277e9cd7c0b4, delivery id: 5eb9aaa8-3003-11f1-82c3-6cfefcf89c06
Found head_commit for delivery id 5d858ad0-3003-11f1-9603-4602c24390ec, timestamp: 1775292642.0, 2026-04-04 01:50:42
signature: sha256=1f258a1bc9b9d3bb4d6279f46ca0f64002ccfaa54eac2ccd2bdd054139351ed7, delivery id: 5d858ad0-3003-11f1-9603-4602c24390ec
Adding 69 deliveries
Total deliveries so far: 69
Total deliveries to process: 69
Processing delivery id: 3e513b5e-31fd-11f1-8065-53e571e2a37b
Delivery 3e513b5e-31fd-11f1-8065-53e571e2a37b (2026-04-06 14:11:52) needs processing (timestamp: 1775509912.0 > most recent timestamp: 1775152608.0)
Most recent processed delivery set to -- id: 3e513b5e-31fd-11f1-8065-53e571e2a37b, date-time: 2026-04-06T14:11:52, timestamp: 1775509912.0
Processed 1 deliveries so far...
Processing delivery id: 2a9f6c26-31f7-11f1-8143-b6f8e4385627
Delivery 2a9f6c26-31f7-11f1-8143-b6f8e4385627 (2026-04-06 13:28:10) needs processing (timestamp: 1775507290.0 > most recent timestamp: 1775152608.0)
Processed 2 deliveries so far...
Processing delivery id: 7100729c-31f6-11f1-81aa-5c3c55826e1e
Delivery 7100729c-31f6-11f1-81aa-5c3c55826e1e (2026-04-06 13:22:58) needs processing (timestamp: 1775506978.0 > most recent timestamp: 1775152608.0)
Processed 3 deliveries so far...
Processing delivery id: db78450c-31f4-11f1-9981-cb13f803b61c
Delivery db78450c-31f4-11f1-9981-cb13f803b61c (2026-04-06 13:11:40) needs processing (timestamp: 1775506300.0 > most recent timestamp: 1775152608.0)
Processed 4 deliveries so far...
Processing delivery id: 03d63de8-31f4-11f1-8472-3b435224cb8d
Delivery 03d63de8-31f4-11f1-8472-3b435224cb8d (2026-04-06 13:01:09) needs processing (timestamp: 1775505669.0 > most recent timestamp: 1775152608.0)
Processed 5 deliveries so far...
Processing delivery id: 1327bc00-31f3-11f1-9340-4f3a09780a19
Delivery 1327bc00-31f3-11f1-9340-4f3a09780a19 (2026-04-06 12:58:43) needs processing (timestamp: 1775505523.0 > most recent timestamp: 1775152608.0)
Processed 6 deliveries so far...
Processing delivery id: b323ba46-31ef-11f1-8af2-5b2172b74761
Delivery b323ba46-31ef-11f1-8af2-5b2172b74761 (2026-04-06 12:34:59) needs processing (timestamp: 1775504099.0 > most recent timestamp: 1775152608.0)
Processed 7 deliveries so far...
Processing delivery id: 848711c6-31ed-11f1-9ac9-056cd2c9574a
Delivery 848711c6-31ed-11f1-9ac9-056cd2c9574a (2026-04-06 12:19:21) needs processing (timestamp: 1775503161.0 > most recent timestamp: 1775152608.0)
Processed 8 deliveries so far...
Processing delivery id: 4b9f3c96-31eb-11f1-9364-d2e634a82f0e
Delivery 4b9f3c96-31eb-11f1-9364-d2e634a82f0e (2026-04-06 12:03:08) needs processing (timestamp: 1775502188.0 > most recent timestamp: 1775152608.0)
Processed 9 deliveries so far...
Processing delivery id: 90730900-31e7-11f1-911b-d0870e9db06f
Delivery 90730900-31e7-11f1-911b-d0870e9db06f (2026-04-06 11:36:43) needs processing (timestamp: 1775500603.0 > most recent timestamp: 1775152608.0)
Processed 10 deliveries so far...
Processing delivery id: e6935098-31e6-11f1-9636-4298f72c03e2
Delivery e6935098-31e6-11f1-9636-4298f72c03e2 (2026-04-06 11:31:57) needs processing (timestamp: 1775500317.0 > most recent timestamp: 1775152608.0)
Processed 11 deliveries so far...
Processing delivery id: cfefea5e-31e6-11f1-94bc-13180c34399a
Delivery cfefea5e-31e6-11f1-94bc-13180c34399a (2026-04-06 11:31:21) needs processing (timestamp: 1775500281.0 > most recent timestamp: 1775152608.0)
Processed 12 deliveries so far...
Processing delivery id: b41ad6f4-31e6-11f1-80fa-55de67a454f2
Delivery b41ad6f4-31e6-11f1-80fa-55de67a454f2 (2026-04-06 11:30:34) needs processing (timestamp: 1775500234.0 > most recent timestamp: 1775152608.0)
Processed 13 deliveries so far...
Processing delivery id: 897f4a24-31e6-11f1-9add-3f193f30d4a1
Delivery 897f4a24-31e6-11f1-9add-3f193f30d4a1 (2026-04-06 11:29:21) needs processing (timestamp: 1775500161.0 > most recent timestamp: 1775152608.0)
Processed 14 deliveries so far...
Processing delivery id: 2a437ddc-31e6-11f1-9f41-76003da17ec3
Delivery 2a437ddc-31e6-11f1-9f41-76003da17ec3 (2026-04-06 11:26:41) needs processing (timestamp: 1775500001.0 > most recent timestamp: 1775152608.0)
Processed 15 deliveries so far...
Processing delivery id: 9c9cf2c4-31e5-11f1-9fdc-ec35eb165570
Delivery 9c9cf2c4-31e5-11f1-9fdc-ec35eb165570 (2026-04-06 11:22:42) needs processing (timestamp: 1775499762.0 > most recent timestamp: 1775152608.0)
Processed 16 deliveries so far...
Processing delivery id: c23965f2-31e1-11f1-905b-e3adcbac9cec
Delivery c23965f2-31e1-11f1-905b-e3adcbac9cec (2026-04-06 10:55:08) needs processing (timestamp: 1775498108.0 > most recent timestamp: 1775152608.0)
Processed 17 deliveries so far...
Processing delivery id: ec4a4198-31de-11f1-9f4a-86f175722c07
Delivery ec4a4198-31de-11f1-9f4a-86f175722c07 (2026-04-06 10:34:16) needs processing (timestamp: 1775496856.0 > most recent timestamp: 1775152608.0)
Processed 18 deliveries so far...
Processing delivery id: 386e49ac-31d5-11f1-94d9-5c3c346b3ea7
Delivery 386e49ac-31d5-11f1-94d9-5c3c346b3ea7 (2026-04-06 09:25:24) needs processing (timestamp: 1775492724.0 > most recent timestamp: 1775152608.0)
Processed 19 deliveries so far...
Processing delivery id: e9a9d57a-31d4-11f1-8f90-4d56d60c7afe
Delivery e9a9d57a-31d4-11f1-8f90-4d56d60c7afe (2026-04-06 09:23:13) needs processing (timestamp: 1775492593.0 > most recent timestamp: 1775152608.0)
Processed 20 deliveries so far...
Processing delivery id: c8c88090-31d4-11f1-8f3a-58c107d096e0
Delivery c8c88090-31d4-11f1-8f3a-58c107d096e0 (2026-04-06 09:22:18) needs processing (timestamp: 1775492538.0 > most recent timestamp: 1775152608.0)
Processed 21 deliveries so far...
Processing delivery id: 7fcb3d2c-31cc-11f1-90fd-b73e602796b7
Ignoring repository: adobe-commerce-plugin
Ignoring delivery 7fcb3d2c-31cc-11f1-90fd-b73e602796b7 based on repository ignore list
Processing delivery id: 8d0d06a8-31c9-11f1-9253-c30980a7b531
Delivery 8d0d06a8-31c9-11f1-9253-c30980a7b531 (2026-04-06 08:01:54) needs processing (timestamp: 1775487714.0 > most recent timestamp: 1775152608.0)
Processed 22 deliveries so far...
Processing delivery id: 1ed478a6-31c9-11f1-9d5d-a82f01238222
Ignoring repository: adobe-commerce-plugin
Ignoring delivery 1ed478a6-31c9-11f1-9d5d-a82f01238222 based on repository ignore list
Processing delivery id: 138deadc-31c8-11f1-93c0-3a15e45c5026
Delivery 138deadc-31c8-11f1-93c0-3a15e45c5026 (2026-04-06 07:51:17) needs processing (timestamp: 1775487077.0 > most recent timestamp: 1775152608.0)
Processed 23 deliveries so far...
Processing delivery id: adb44f58-31c7-11f1-83ce-e84635b9ab7a
Ignoring repository: adobe-commerce-plugin
Ignoring delivery adb44f58-31c7-11f1-83ce-e84635b9ab7a based on repository ignore list
Processing delivery id: aa036c20-31c4-11f1-998d-e029490af343
Delivery aa036c20-31c4-11f1-998d-e029490af343 (2026-04-06 07:26:55) needs processing (timestamp: 1775485615.0 > most recent timestamp: 1775152608.0)
Processed 24 deliveries so far...
Processing delivery id: 4d23ccac-31c4-11f1-9abf-cc7e16f133b7
Delivery 4d23ccac-31c4-11f1-9abf-cc7e16f133b7 (2026-04-06 07:24:19) needs processing (timestamp: 1775485459.0 > most recent timestamp: 1775152608.0)
Processed 25 deliveries so far...
Processing delivery id: 40182a9e-31bf-11f1-8121-a2cf17b74308
Delivery 40182a9e-31bf-11f1-8121-a2cf17b74308 (2026-04-06 06:48:08) needs processing (timestamp: 1775483288.0 > most recent timestamp: 1775152608.0)
Processed 26 deliveries so far...
Processing delivery id: 295d2584-31bf-11f1-9b70-cb813e28ef91
Delivery 295d2584-31bf-11f1-9b70-cb813e28ef91 (2026-04-06 06:47:31) needs processing (timestamp: 1775483251.0 > most recent timestamp: 1775152608.0)
Processed 27 deliveries so far...
Processing delivery id: fe642340-31ba-11f1-9cb9-f23b5371ef5e
Delivery fe642340-31ba-11f1-9cb9-f23b5371ef5e (2026-04-06 06:17:41) needs processing (timestamp: 1775481461.0 > most recent timestamp: 1775152608.0)
Processed 28 deliveries so far...
Processing delivery id: d1100134-31ba-11f1-98e1-a01ed4d5f2ef
Delivery d1100134-31ba-11f1-98e1-a01ed4d5f2ef (2026-04-06 06:16:24) needs processing (timestamp: 1775481384.0 > most recent timestamp: 1775152608.0)
Processed 29 deliveries so far...
Processing delivery id: 9f049cb8-31ba-11f1-8b5f-bce83353b3e4
Delivery 9f049cb8-31ba-11f1-8b5f-bce83353b3e4 (2026-04-06 06:15:00) needs processing (timestamp: 1775481300.0 > most recent timestamp: 1775152608.0)
Processed 30 deliveries so far...
Processing delivery id: 5045e852-31ba-11f1-933f-53dad2f2ec12
Delivery 5045e852-31ba-11f1-933f-53dad2f2ec12 (2026-04-06 06:12:48) needs processing (timestamp: 1775481168.0 > most recent timestamp: 1775152608.0)
Processed 31 deliveries so far...
Processing delivery id: 4563fb9a-31ba-11f1-8c73-fd101cfe88a1
Delivery 4563fb9a-31ba-11f1-8c73-fd101cfe88a1 (2026-04-06 06:12:30) needs processing (timestamp: 1775481150.0 > most recent timestamp: 1775152608.0)
Processed 32 deliveries so far...
Processing delivery id: 2f671020-31ba-11f1-820b-51fa51f1384f
Delivery 2f671020-31ba-11f1-820b-51fa51f1384f (2026-04-06 06:11:54) needs processing (timestamp: 1775481114.0 > most recent timestamp: 1775152608.0)
Processed 33 deliveries so far...
Processing delivery id: 2a9f6128-31ba-11f1-9b95-caae5b01f5ad
Delivery 2a9f6128-31ba-11f1-9b95-caae5b01f5ad (2026-04-06 06:11:46) needs processing (timestamp: 1775481106.0 > most recent timestamp: 1775152608.0)
Processed 34 deliveries so far...
Processing delivery id: 219f2202-31ba-11f1-9e53-9d030bc3f552
Delivery 219f2202-31ba-11f1-9e53-9d030bc3f552 (2026-04-06 06:11:31) needs processing (timestamp: 1775481091.0 > most recent timestamp: 1775152608.0)
Processed 35 deliveries so far...
Processing delivery id: 1efa7f9c-31ba-11f1-8fd1-ead0dd8f40ef
Delivery 1efa7f9c-31ba-11f1-8fd1-ead0dd8f40ef (2026-04-06 06:11:25) needs processing (timestamp: 1775481085.0 > most recent timestamp: 1775152608.0)
Processed 36 deliveries so far...
Processing delivery id: 0d7f09e0-31ba-11f1-8d74-0bbb7fa35f1c
Delivery 0d7f09e0-31ba-11f1-8d74-0bbb7fa35f1c (2026-04-06 06:10:57) needs processing (timestamp: 1775481057.0 > most recent timestamp: 1775152608.0)
Processed 37 deliveries so far...
Processing delivery id: 002c7962-31ba-11f1-8674-a73ebb72d4fb
Delivery 002c7962-31ba-11f1-8674-a73ebb72d4fb (2026-04-06 06:10:35) needs processing (timestamp: 1775481035.0 > most recent timestamp: 1775152608.0)
Processed 38 deliveries so far...
Processing delivery id: 81b186ea-31b9-11f1-89bd-43fdb7f06aee
Delivery 81b186ea-31b9-11f1-89bd-43fdb7f06aee (2026-04-06 06:07:02) needs processing (timestamp: 1775480822.0 > most recent timestamp: 1775152608.0)
Processed 39 deliveries so far...
Processing delivery id: 57eb1934-31b9-11f1-8259-115bde12076d
Delivery 57eb1934-31b9-11f1-8259-115bde12076d (2026-04-06 06:05:27) needs processing (timestamp: 1775480727.0 > most recent timestamp: 1775152608.0)
Processed 40 deliveries so far...
Processing delivery id: 29be97fa-31b6-11f1-969a-7f27a020bb51
Delivery 29be97fa-31b6-11f1-969a-7f27a020bb51 (2026-04-06 05:43:06) needs processing (timestamp: 1775479386.0 > most recent timestamp: 1775152608.0)
Processed 41 deliveries so far...
Processing delivery id: 06a3f0f8-31b6-11f1-8064-7b690dab902e
Delivery 06a3f0f8-31b6-11f1-8064-7b690dab902e (2026-04-06 05:41:42) needs processing (timestamp: 1775479302.0 > most recent timestamp: 1775152608.0)
Processed 42 deliveries so far...
Processing delivery id: 7bdd6abe-31b3-11f1-971c-1fdb72ab3afb
Delivery 7bdd6abe-31b3-11f1-971c-1fdb72ab3afb (2026-04-06 05:23:49) needs processing (timestamp: 1775478229.0 > most recent timestamp: 1775152608.0)
Processed 43 deliveries so far...
Processing delivery id: f180f700-31b2-11f1-84a2-2374525c202f
Delivery f180f700-31b2-11f1-84a2-2374525c202f (2026-04-06 05:20:03) needs processing (timestamp: 1775478003.0 > most recent timestamp: 1775152608.0)
Processed 44 deliveries so far...
Processing delivery id: ea5e353c-31b2-11f1-86a1-9686f895f82d
Delivery ea5e353c-31b2-11f1-86a1-9686f895f82d (2026-04-06 05:19:50) needs processing (timestamp: 1775477990.0 > most recent timestamp: 1775152608.0)
Processed 45 deliveries so far...
Processing delivery id: d4f0a284-31b2-11f1-9f03-e8ba3770c8b3
Delivery d4f0a284-31b2-11f1-9f03-e8ba3770c8b3 (2026-04-06 05:19:15) needs processing (timestamp: 1775477955.0 > most recent timestamp: 1775152608.0)
Processed 46 deliveries so far...
Processing delivery id: d3714ea4-31b2-11f1-9580-c87b2e59f677
Delivery d3714ea4-31b2-11f1-9580-c87b2e59f677 (2026-04-06 05:19:13) needs processing (timestamp: 1775477953.0 > most recent timestamp: 1775152608.0)
Processed 47 deliveries so far...
Processing delivery id: 166f0326-31af-11f1-8835-3cb1f8bfbfcd
Delivery 166f0326-31af-11f1-8835-3cb1f8bfbfcd (2026-04-06 04:52:27) needs processing (timestamp: 1775476347.0 > most recent timestamp: 1775152608.0)
Processed 48 deliveries so far...
Processing delivery id: 0366d1c8-31af-11f1-9cde-706f358e241c
Delivery 0366d1c8-31af-11f1-9cde-706f358e241c (2026-04-06 04:51:56) needs processing (timestamp: 1775476316.0 > most recent timestamp: 1775152608.0)
Processed 49 deliveries so far...
Processing delivery id: f4bae15a-31ae-11f1-90ed-b9e2aed93011
Delivery f4bae15a-31ae-11f1-90ed-b9e2aed93011 (2026-04-06 04:51:30) needs processing (timestamp: 1775476290.0 > most recent timestamp: 1775152608.0)
Processed 50 deliveries so far...
Processing delivery id: 39f1b11a-31a8-11f1-9989-af64c61313b1
Delivery 39f1b11a-31a8-11f1-9989-af64c61313b1 (2026-04-06 04:03:15) needs processing (timestamp: 1775473395.0 > most recent timestamp: 1775152608.0)
Processed 51 deliveries so far...
Processing delivery id: 6009a796-31a7-11f1-827c-8a4d432bc8f0
Delivery 6009a796-31a7-11f1-827c-8a4d432bc8f0 (2026-04-06 03:57:09) needs processing (timestamp: 1775473029.0 > most recent timestamp: 1775152608.0)
Processed 52 deliveries so far...
Processing delivery id: 6b2c188a-31a1-11f1-91df-d9dac926229b
Ignoring repository: adobe-commerce-plugin
Ignoring delivery 6b2c188a-31a1-11f1-91df-d9dac926229b based on repository ignore list
Processing delivery id: ea84f16c-319a-11f1-898a-9d2f08735535
Delivery ea84f16c-319a-11f1-898a-9d2f08735535 (2026-04-06 02:28:03) needs processing (timestamp: 1775467683.0 > most recent timestamp: 1775152608.0)
Processed 53 deliveries so far...
Processing delivery id: bbb9d1c2-319a-11f1-9467-2d8e80830ad7
Delivery bbb9d1c2-319a-11f1-9467-2d8e80830ad7 (2026-04-06 02:26:27) needs processing (timestamp: 1775467587.0 > most recent timestamp: 1775152608.0)
Processed 54 deliveries so far...
Processing delivery id: c982b7b8-3197-11f1-942d-ab623cf66416
Delivery c982b7b8-3197-11f1-942d-ab623cf66416 (2026-04-06 02:05:40) needs processing (timestamp: 1775466340.0 > most recent timestamp: 1775152608.0)
Processed 55 deliveries so far...
Processing delivery id: a54308ee-3197-11f1-8126-a663464650fb
Delivery a54308ee-3197-11f1-8126-a663464650fb (2026-04-06 02:04:21) needs processing (timestamp: 1775466261.0 > most recent timestamp: 1775152608.0)
Processed 56 deliveries so far...
Processing delivery id: 1dc675be-3182-11f1-86db-5e0b3e28dec8
Delivery 1dc675be-3182-11f1-86db-5e0b3e28dec8 (2026-04-05 23:30:32) needs processing (timestamp: 1775457032.0 > most recent timestamp: 1775152608.0)
Processed 57 deliveries so far...
Processing delivery id: 2ab76de6-3182-11f1-80a8-716e727cb0bf
Delivery 2ab76de6-3182-11f1-80a8-716e727cb0bf (2026-04-05 23:30:53) needs processing (timestamp: 1775457053.0 > most recent timestamp: 1775152608.0)
Processed 58 deliveries so far...
Processing delivery id: e9a1d65c-3181-11f1-802e-44d82abca4b9
Delivery e9a1d65c-3181-11f1-802e-44d82abca4b9 (2026-04-05 23:29:05) needs processing (timestamp: 1775456945.0 > most recent timestamp: 1775152608.0)
Processed 59 deliveries so far...
Processing delivery id: d9d3fbec-3181-11f1-8b81-721d31eba6d5
Delivery d9d3fbec-3181-11f1-8b81-721d31eba6d5 (2026-04-05 23:28:37) needs processing (timestamp: 1775456917.0 > most recent timestamp: 1775152608.0)
Processed 60 deliveries so far...
Processing delivery id: 999e8d58-3181-11f1-9899-2e6167599283
Delivery 999e8d58-3181-11f1-9899-2e6167599283 (2026-04-05 23:26:35) needs processing (timestamp: 1775456795.0 > most recent timestamp: 1775152608.0)
Processed 61 deliveries so far...
Processing delivery id: 798acde4-3003-11f1-9999-3c30b913e694
Delivery 798acde4-3003-11f1-9999-3c30b913e694 (2026-04-04 01:51:26) needs processing (timestamp: 1775292686.0 > most recent timestamp: 1775152608.0)
Processed 62 deliveries so far...
Processing delivery id: 77bb2d6a-3003-11f1-8370-8ecf405c5edf
Delivery 77bb2d6a-3003-11f1-8370-8ecf405c5edf (2026-04-04 01:51:24) needs processing (timestamp: 1775292684.0 > most recent timestamp: 1775152608.0)
Processed 63 deliveries so far...
Processing delivery id: 5eb9aaa8-3003-11f1-82c3-6cfefcf89c06
Delivery 5eb9aaa8-3003-11f1-82c3-6cfefcf89c06 (2026-04-04 01:50:44) needs processing (timestamp: 1775292644.0 > most recent timestamp: 1775152608.0)
Processed 64 deliveries so far...
Processing delivery id: 5d858ad0-3003-11f1-9603-4602c24390ec
Delivery 5d858ad0-3003-11f1-9603-4602c24390ec (2026-04-04 01:50:42) needs processing (timestamp: 1775292642.0 > most recent timestamp: 1775152608.0)
Processed 65 deliveries so far...
Total number of deliveries processed: 65
Total number of blocked webhooks: 0
Total number of timed_out webhooks: 0
Most recent processed delivery -- id: 3e513b5e-31fd-11f1-8065-53e571e2a37b, timestamp: 2026-04-06 14:11:52, timestamp: 1775509912.0
