Found webhook id for https://developer.fiserv.com/api/git-webhook: 549112588
Found head_commit for delivery id 1a1a69fe-0057-11f1-9f35-169300a0c6b2, timestamp: 1770050940.0, 2026-02-02 08:49:00
signature: sha256=dcccfd2a90f1ddc31031467d347104d645f4f19efe7fbfbcd82ec43f79372494, delivery id: 1a1a69fe-0057-11f1-9f35-169300a0c6b2
Found head_commit for delivery id 5386f596-0056-11f1-842c-f4d18a57f59e, timestamp: 1770050608.0, 2026-02-02 08:43:28
signature: sha256=aecb7a84cb71fe24d3c034b55a0fe0316b68d5827fc238bba8f4f715c35d012c, delivery id: 5386f596-0056-11f1-842c-f4d18a57f59e
Skipping delivery 291601bc-0056-11f1-877c-c8dafb2bf66d with no head_commit
Found head_commit for delivery id 26840a3e-0056-11f1-9f5b-5e52aea20427, timestamp: 1770050542.0, 2026-02-02 08:42:22
signature: sha256=088e544effdda80e48c66131f7ea9bdd83f8ae064277a1ba4eac83275e6c3f0e, delivery id: 26840a3e-0056-11f1-9f5b-5e52aea20427
Found head_commit for delivery id ef23c886-0055-11f1-8462-0309d302df01, timestamp: 1770050449.0, 2026-02-02 08:40:49
signature: sha256=5e02810552a08d85dd54e91df84ae4c45fd526a326ad9b5da05b4de10aab257d, delivery id: ef23c886-0055-11f1-8462-0309d302df01
Found head_commit for delivery id e5899ab2-0055-11f1-84b7-8fd6ebf7d74e, timestamp: 1770050433.0, 2026-02-02 08:40:33
signature: sha256=67af2332d18ad2ce71d120fe69440d0c44cbc0329d5eb7c56cda8c836ba6943f, delivery id: e5899ab2-0055-11f1-84b7-8fd6ebf7d74e
Found head_commit for delivery id b166c9b2-0055-11f1-897c-c868a6fb973c, timestamp: 1770050343.0, 2026-02-02 08:39:03
signature: sha256=01b23387df36dd10f9ce468bd06f3800324aac09d5577a1ee9116472877ef375, delivery id: b166c9b2-0055-11f1-897c-c868a6fb973c
Found head_commit for delivery id 74e0a3aa-0055-11f1-8286-881f7e3c3cd5, timestamp: 1770050244.0, 2026-02-02 08:37:24
signature: sha256=bddc73de43505b022365321538f2fca1c3347a66e43279df7469effa3fa4aa9c, delivery id: 74e0a3aa-0055-11f1-8286-881f7e3c3cd5
Found head_commit for delivery id 358f0052-0055-11f1-95a2-6d5ee05e9205, timestamp: 1770050133.0, 2026-02-02 08:35:33
signature: sha256=a19588d0281e8e8db23c706e248a378345f785179adb3d0f0a9827f7b72e1657, delivery id: 358f0052-0055-11f1-95a2-6d5ee05e9205
Found head_commit for delivery id da79bfae-0054-11f1-8c49-d9e49457bd13, timestamp: 1770049984.0, 2026-02-02 08:33:04
signature: sha256=8a5bd5ba3dbc2d1ba0ecbc5d525ae0c2a34994cb29471e3397352871ec61a285, delivery id: da79bfae-0054-11f1-8c49-d9e49457bd13
Found head_commit for delivery id a676588e-0054-11f1-8946-453d5c9e608e, timestamp: 1770049896.0, 2026-02-02 08:31:36
signature: sha256=ebf3cc1b4828b65ecfc0a1d85cbea4a731773bdcd2862d3cd51e3caad81d5fc7, delivery id: a676588e-0054-11f1-8946-453d5c9e608e
Found head_commit for delivery id 2f9c182a-0054-11f1-89f2-94b9dc1f73d7, timestamp: 1770049686.0, 2026-02-02 08:28:06
signature: sha256=180fb1a15904abec8c262a4f27a2135e2b3e3673eacbfa141d5b1b4f0ff33da7, delivery id: 2f9c182a-0054-11f1-89f2-94b9dc1f73d7
Found head_commit for delivery id 1ec016be-0054-11f1-9bfc-aed8f39e91e7, timestamp: 1770049670.0, 2026-02-02 08:27:50
signature: sha256=da82fe4dce3d599a99c1ed26acde7270f21585d30b456f3872fe19ed2e5d375e, delivery id: 1ec016be-0054-11f1-9bfc-aed8f39e91e7
Found head_commit for delivery id e8531298-0053-11f1-9dd7-c9a1d03832a8, timestamp: 1770049574.0, 2026-02-02 08:26:14
signature: sha256=f466b42ac300dfb2c501ccad78f0f3fd2fda7b2250b8632176e613152d909d79, delivery id: e8531298-0053-11f1-9dd7-c9a1d03832a8
Found head_commit for delivery id 9b81a88e-004f-11f1-8132-1eb3a25b70cf, timestamp: 1770047732.0, 2026-02-02 07:55:32
signature: sha256=835b8f4e712a8358ddd00e9f3f216b003fe89993716df80e4837994f1f2acb7d, delivery id: 9b81a88e-004f-11f1-8132-1eb3a25b70cf
Found head_commit for delivery id 5baa058a-004f-11f1-8bab-edd4d1fe49f8, timestamp: 1770047619.0, 2026-02-02 07:53:39
signature: sha256=71f8fab57cba7e2ef4bf037d5938ff39b724187162c1132a7e216c8f3f54bc88, delivery id: 5baa058a-004f-11f1-8bab-edd4d1fe49f8
Found head_commit for delivery id fbbfc4f2-004e-11f1-853b-bce6f2c47142, timestamp: 1770047142.0, 2026-02-02 07:45:42
signature: sha256=9b2614e777d87e4d02a3ec16288700fa2eb25c8df8bce3cdd3551c8c837e88f3, delivery id: fbbfc4f2-004e-11f1-853b-bce6f2c47142
Found head_commit for delivery id ab1707c2-004e-11f1-8d6d-6093f612c0ee, timestamp: 1770047328.0, 2026-02-02 07:48:48
signature: sha256=9dd2d8030fae26eb298f0da105a6d87bfdb89c61434c2ab3879328568f3c6ce9, delivery id: ab1707c2-004e-11f1-8d6d-6093f612c0ee
Found head_commit for delivery id 5745b67a-004e-11f1-9933-cc12205eb7ec, timestamp: 1770047183.0, 2026-02-02 07:46:23
signature: sha256=8dab5910bdb8d0218b6447fe20e6f9d495a746c18a4ed102ca154d913ae0594a, delivery id: 5745b67a-004e-11f1-9933-cc12205eb7ec
Found head_commit for delivery id 0b30ee62-004e-11f1-8aa7-b136dc32b52a, timestamp: 1770046846.0, 2026-02-02 07:40:46
signature: sha256=ec994396fd1b15266d60a43a8033f38b8da20bc956786cbd6e1ee31a8892f51e, delivery id: 0b30ee62-004e-11f1-8aa7-b136dc32b52a
Found head_commit for delivery id 0b0a54dc-004e-11f1-8641-2313c1c0a387, timestamp: 1770046750.0, 2026-02-02 07:39:10
signature: sha256=d32c1ef0310cad11425972f26396a63d4f2c2206d554e151da0881d4575dcf23, delivery id: 0b0a54dc-004e-11f1-8641-2313c1c0a387
Found head_commit for delivery id 4a48a118-004d-11f1-87cd-cc6a0b323a94, timestamp: 1770046635.0, 2026-02-02 07:37:15
signature: sha256=43f548541ce57cbc1fc20b0581e04b614ea7fe9721e5a60d737889b7814312f9, delivery id: 4a48a118-004d-11f1-87cd-cc6a0b323a94
Found head_commit for delivery id 5e95d178-004c-11f1-81d3-441de4dbd090, timestamp: 1770046027.0, 2026-02-02 07:27:07
signature: sha256=6a74269a80114b07595b11a6cdbf495909caca86313b2427510c2e6cdc8e2a63, delivery id: 5e95d178-004c-11f1-81d3-441de4dbd090
Found head_commit for delivery id 2ef59d78-004b-11f1-969f-73d351e1580d, timestamp: 1770045824.0, 2026-02-02 07:23:44
signature: sha256=88145db31cffa43cb4273c5162454568f79a1d2200e9553f8c0482e49ebed2c8, delivery id: 2ef59d78-004b-11f1-969f-73d351e1580d
Found head_commit for delivery id 1ea7c816-004a-11f1-9c6c-7d31f6990fcb, timestamp: 1764687699.0, 2025-12-02 07:01:39
signature: sha256=39b48024b77b728393d7cc405d58dbf2b24b093ef43bb767f6878bdca560e92e, delivery id: 1ea7c816-004a-11f1-9c6c-7d31f6990fcb
Found head_commit for delivery id 144607b6-004a-11f1-8194-ada976ba4440, timestamp: 1764687699.0, 2025-12-02 07:01:39
signature: sha256=ef78dc11e2d18bcc0722679107f7b2d283987055e8b8542720413a7f61941604, delivery id: 144607b6-004a-11f1-8194-ada976ba4440
Found head_commit for delivery id 5b4df5ac-0049-11f1-8498-da1be1e57798, timestamp: 1770045037.0, 2026-02-02 07:10:37
signature: sha256=3d67f050112a4dec884f6d80147d783a2c432be80534261720acc287bf39ea67, delivery id: 5b4df5ac-0049-11f1-8498-da1be1e57798
Found head_commit for delivery id 6d85ab68-0047-11f1-9f28-29b1aacd4c6c, timestamp: 1770044209.0, 2026-02-02 06:56:49
signature: sha256=ef39e7b238cfb2e8c277f634624c289dc3abf0e810b1b2688021acb94a97e272, delivery id: 6d85ab68-0047-11f1-9f28-29b1aacd4c6c
Found head_commit for delivery id 098c62b0-0046-11f1-82fe-992778d83590, timestamp: 1770043612.0, 2026-02-02 06:46:52
signature: sha256=bf9324a9670b08fc284769a03825be3d21e4cda0e4b33fed5674e6d1da2c1416, delivery id: 098c62b0-0046-11f1-82fe-992778d83590
Found head_commit for delivery id 7742ebaa-0044-11f1-8c8f-d69746ccdbd5, timestamp: 1770042935.0, 2026-02-02 06:35:35
signature: sha256=14e8973e96a65d7d3ae993fb58d0e11b2628865395571d14b34b9cfc656e3e97, delivery id: 7742ebaa-0044-11f1-8c8f-d69746ccdbd5
Found head_commit for delivery id 33e97d9e-0042-11f1-8f13-721b0f35f825, timestamp: 1770041965.0, 2026-02-02 06:19:25
signature: sha256=e785167d306ef9ac9c4da7d513f900efa554491e963545f8481e9c00084abc1a, delivery id: 33e97d9e-0042-11f1-8f13-721b0f35f825
Found head_commit for delivery id 7e1aa818-0040-11f1-92e2-460586d5d90e, timestamp: 1770041231.0, 2026-02-02 06:07:11
signature: sha256=215a0683d079880af195e2c432cdd06e8b72bf896fcf37599326a576cd56b0d1, delivery id: 7e1aa818-0040-11f1-92e2-460586d5d90e
Found head_commit for delivery id 71e2ce88-0034-11f1-991a-a3e1948c69c8, timestamp: 1770036034.0, 2026-02-02 04:40:34
signature: sha256=4580cb7763553832f416ead644d60c9137d53e6138f66cea871e42949202ebe1, delivery id: 71e2ce88-0034-11f1-991a-a3e1948c69c8
Found head_commit for delivery id 80ed0f68-002c-11f1-89e4-bbfca19509b9, timestamp: 1770032646.0, 2026-02-02 03:44:06
signature: sha256=4d0f6e2e4f578fe2db0e857840397dfc19a1281200508e1af421ba06dacaed87, delivery id: 80ed0f68-002c-11f1-89e4-bbfca19509b9
Found head_commit for delivery id 0f71df04-0021-11f1-8214-d0f3ce865c7e, timestamp: 1770027739.0, 2026-02-02 02:22:19
signature: sha256=1bac27ba5c05881577c39540cf02c04f47b27c0442cd1e923b265a623630e57a, delivery id: 0f71df04-0021-11f1-8214-d0f3ce865c7e
Found head_commit for delivery id a5ea0dcc-0020-11f1-99c0-c0cef0b4c2ad, timestamp: 1770027562.0, 2026-02-02 02:19:22
signature: sha256=649cbf8373a5c346468e04bc4ac7bdbd4d62bb530cf7d403e25efa267cd6489b, delivery id: a5ea0dcc-0020-11f1-99c0-c0cef0b4c2ad
Skipping delivery 2c1d4b32-0014-11f1-9df4-04085c64816c with no head_commit
Found head_commit for delivery id 249f12dc-0014-11f1-90a2-9a23537c40ca, timestamp: 1770022191.0, 2026-02-02 00:49:51
signature: sha256=5f5af4ff23e4e664ae6d421ff9ece4a7ef2e0fd4d4d57e210f41c49439257420, delivery id: 249f12dc-0014-11f1-90a2-9a23537c40ca
Found head_commit for delivery id 01b87506-0014-11f1-8309-3183f6402791, timestamp: 1770022133.0, 2026-02-02 00:48:53
signature: sha256=4124f9b8b521b9eefdad204b1ae9a916e9ebe41e637defa870f53c02ffaea502, delivery id: 01b87506-0014-11f1-8309-3183f6402791
Found head_commit for delivery id 85a6b518-0013-11f1-805e-124f37a55a7c, timestamp: 1770021925.0, 2026-02-02 00:45:25
signature: sha256=f66ea9967ab66c0dce3601cafc38b69f895a04c88b43d13c38a7d801b86e4560, delivery id: 85a6b518-0013-11f1-805e-124f37a55a7c
Found head_commit for delivery id 34e31806-0013-11f1-9129-f7a43ef7eee0, timestamp: 1770021790.0, 2026-02-02 00:43:10
signature: sha256=17048b6e7ab9897dccc40c204dc030e8f8aa851a8c118dc27fd84082b4e4b2b3, delivery id: 34e31806-0013-11f1-9129-f7a43ef7eee0
Found head_commit for delivery id 03a84266-0013-11f1-82bd-891894fd3f11, timestamp: 1770021707.0, 2026-02-02 00:41:47
signature: sha256=bf85165ea8936426caebba85005b2d85d8c4d2601fe6308d8ba7465ce1d4a417, delivery id: 03a84266-0013-11f1-82bd-891894fd3f11
Found head_commit for delivery id 02571bee-0013-11f1-945c-a5771c15ddd3, timestamp: 1770021705.0, 2026-02-02 00:41:45
signature: sha256=21d9e32a5a4cc2e2421c1b6dea12490ed8c0defd45f40f90f9728fbeab1a7259, delivery id: 02571bee-0013-11f1-945c-a5771c15ddd3
Found head_commit for delivery id cefc8842-0012-11f1-8519-d21b52219982, timestamp: 1770021619.0, 2026-02-02 00:40:19
signature: sha256=bec19fd34a01c8ade948cec6c2149ecd2281e1902450ffe612d1405a59e02159, delivery id: cefc8842-0012-11f1-8519-d21b52219982
Found head_commit for delivery id c390fce0-0012-11f1-8638-5fee6780a69d, timestamp: 1770021600.0, 2026-02-02 00:40:00
signature: sha256=e8bb5d7fbd8ec424858351b1820d314a8e52a2888977f57b595d7e412aabd07e, delivery id: c390fce0-0012-11f1-8638-5fee6780a69d
Found head_commit for delivery id b94dfca6-0012-11f1-9744-020b4c8e276f, timestamp: 1770021583.0, 2026-02-02 00:39:43
signature: sha256=ebf0cf0164d56d6dc214cef18a0546a6d7971415373242dd70b7bd90ac4bba00, delivery id: b94dfca6-0012-11f1-9744-020b4c8e276f
Skipping delivery 1fa6cd20-0009-11f1-9871-7075ef523279 with no head_commit
Found head_commit for delivery id 1eb14d3c-0009-11f1-9a14-0d73cf896ee6, timestamp: 1770017458.0, 2026-02-01 23:30:58
signature: sha256=fc34ea05f6ea863ad38d3de4130b84e263e03d515984c9a729c204f6b17da15d, delivery id: 1eb14d3c-0009-11f1-9a14-0d73cf896ee6
Skipping delivery 19e0f726-0009-11f1-8556-ecf2ce6897f8 with no head_commit
Found head_commit for delivery id 18fa062c-0009-11f1-9385-7bc9f319822a, timestamp: 1770017448.0, 2026-02-01 23:30:48
signature: sha256=8dbfab688122aec9f8233d89405722b8f504db48f770f817ff7169ceb146aef1, delivery id: 18fa062c-0009-11f1-9385-7bc9f319822a
Found head_commit for delivery id 08ced49e-0009-11f1-9cdf-017a0a0fc1c2, timestamp: 1770017421.0, 2026-02-01 23:30:21
signature: sha256=8a23965b0dd5cb9fd09eb59fe7ad5fdc5246007eb3ebc7e77118bd81100401b9, delivery id: 08ced49e-0009-11f1-9cdf-017a0a0fc1c2
Found head_commit for delivery id fc7215e4-0008-11f1-9c08-5ca0949ef770, timestamp: 1770017400.0, 2026-02-01 23:30:00
signature: sha256=854661d588c31028b45cb13b3d8810653ab810546e087f3bd41eb9e6b9d2699d, delivery id: fc7215e4-0008-11f1-9c08-5ca0949ef770
Found head_commit for delivery id d277e5be-0005-11f1-8c6a-cdb6f1971fe1, timestamp: 1770016041.0, 2026-02-01 23:07:21
signature: sha256=19173ac16cacc718ca41f1cbd24468d423ef125161ab91ac084f802b6ab68374, delivery id: d277e5be-0005-11f1-8c6a-cdb6f1971fe1
Found head_commit for delivery id c37da544-0005-11f1-9111-199eff6ed231, timestamp: 1770016016.0, 2026-02-01 23:06:56
signature: sha256=22ce4db008d1cacfbbfcd163c398b9c17ffcf790174d9b45382cf95c18788dd5, delivery id: c37da544-0005-11f1-9111-199eff6ed231
Found head_commit for delivery id b6e17586-0005-11f1-82f1-ecce3d7af193, timestamp: 1770015995.0, 2026-02-01 23:06:35
signature: sha256=c058289a23ff31b883c86c7997b2c5411ab078a41d9b662c58485bae5348725a, delivery id: b6e17586-0005-11f1-82f1-ecce3d7af193
Found head_commit for delivery id cfeb37da-0003-11f1-914c-51a764d9db2a, timestamp: 1770015162.0, 2026-02-01 22:52:42
signature: sha256=2a89e913468bf303dc33f05049a2ac02b4b8f04414e101ad6f8c0a3b01257154, delivery id: cfeb37da-0003-11f1-914c-51a764d9db2a
Found head_commit for delivery id c3c3d402-ffff-11f0-9256-ed3a2e07c955, timestamp: 1770013440.0, 2026-02-01 22:24:00
signature: sha256=a159ec96d0ec15e56305cdc98fc4a347c3cf3137e5c72990c3cb5d641d5ec7ac, delivery id: c3c3d402-ffff-11f0-9256-ed3a2e07c955
Found head_commit for delivery id 9779d27a-ffff-11f0-95f1-160c4e3b1480, timestamp: 1770013343.0, 2026-02-01 22:22:23
signature: sha256=47de8b0d19720af530e20a9faf517dc83f45fdb3e77f1e60a246ad75f9bf8d37, delivery id: 9779d27a-ffff-11f0-95f1-160c4e3b1480
Found head_commit for delivery id a8b70c02-fffe-11f0-876f-d070d0a43207, timestamp: 1770012940.0, 2026-02-01 22:15:40
signature: sha256=90aec2ec07fcb607f3914de167778c570a32b6e6ab3d32f29d431a8907dbb37d, delivery id: a8b70c02-fffe-11f0-876f-d070d0a43207
Found head_commit for delivery id 7123bc22-fffe-11f0-86c4-56e7ccc69f12, timestamp: 1770012855.0, 2026-02-01 22:14:15
signature: sha256=5b0ad05ee95b1c7eaa740cadd416f09bacc5a2fda1080651b66f6d18aab243bf, delivery id: 7123bc22-fffe-11f0-86c4-56e7ccc69f12
Found head_commit for delivery id 9b70e1a4-fffd-11f0-8cea-4b8f8a8a0f3c, timestamp: 1770012494.0, 2026-02-01 22:08:14
signature: sha256=4f1090c25ba176e4c10a9f79ac6116d3c3f55748b6b84468be3f4dbcf6385967, delivery id: 9b70e1a4-fffd-11f0-8cea-4b8f8a8a0f3c
Skipping delivery 02da08bc-fff8-11f0-9eb0-3fff92200709 with no head_commit
Found head_commit for delivery id fc33bc42-fff7-11f0-987b-ed45b53c134d, timestamp: 1770010098.0, 2026-02-01 21:28:18
signature: sha256=22f3a771648ae4cd6f3be776721bd2c6c48755cc85cde32e6fc2bd8bc53ef72c, delivery id: fc33bc42-fff7-11f0-987b-ed45b53c134d
Found head_commit for delivery id eaa37526-fff7-11f0-9484-a4bef7418c29, timestamp: 1770010069.0, 2026-02-01 21:27:49
signature: sha256=1df5d23e849a1561fdd5975b6d505cf38a678c2704cfe813514b6cea6706287b, delivery id: eaa37526-fff7-11f0-9484-a4bef7418c29
Found head_commit for delivery id df5a74ee-fff7-11f0-8baa-fff3d709be03, timestamp: 1770010050.0, 2026-02-01 21:27:30
signature: sha256=76b12d357e47754f8567462e06fad221817c0cfce04a6a8c7b8f0df844b1650e, delivery id: df5a74ee-fff7-11f0-8baa-fff3d709be03
Found head_commit for delivery id c4ff6712-fff7-11f0-983f-9a1cf102ec95, timestamp: 1770010006.0, 2026-02-01 21:26:46
signature: sha256=7125ecd6727bd4faa9f78f147d6ee90b715ee3c423b4401341d67c3b96551f6f, delivery id: c4ff6712-fff7-11f0-983f-9a1cf102ec95
Skipping delivery f98809e4-ffca-11f0-8511-2aff0d1c6a2c with no head_commit
Found head_commit for delivery id f243f026-ffca-11f0-8655-831b4c96e6ab, timestamp: 1769990752.0, 2026-02-01 16:05:52
signature: sha256=93a5434df21585bb807c6c08e6da7ee3619723f5f865b35558232d1af0f473bc, delivery id: f243f026-ffca-11f0-8655-831b4c96e6ab
Found head_commit for delivery id c60fd038-ffca-11f0-8145-d6e7d65e3694, timestamp: 1769990679.0, 2026-02-01 16:04:39
signature: sha256=4fb6850829141a62d93eec6f6e1f2e1455ea366e2a53d7475c88112151cf913c, delivery id: c60fd038-ffca-11f0-8145-d6e7d65e3694
Found head_commit for delivery id adcee7b6-ffca-11f0-9d65-2ed66cb7d32d, timestamp: 1769990640.0, 2026-02-01 16:04:00
signature: sha256=e91b632b32d886103456047f7e510ee0503363b5938861909e2048ccecd8b8a4, delivery id: adcee7b6-ffca-11f0-9d65-2ed66cb7d32d
Found head_commit for delivery id 701b80aa-ffca-11f0-9af5-b47f0e49ab0a, timestamp: 1769990534.0, 2026-02-01 16:02:14
signature: sha256=7d227809a04e3e26d4f190ab017bd80c7510306d9cfd8b2a786bdfa7aa1716f7, delivery id: 701b80aa-ffca-11f0-9af5-b47f0e49ab0a
Skipping delivery fee8a25a-ffc9-11f0-82ae-022fa4f6f4bf with no head_commit
Found head_commit for delivery id f8b463d8-ffc9-11f0-9024-aab9662f9f09, timestamp: 1769990336.0, 2026-02-01 15:58:56
signature: sha256=36449f3d2dbfe201d6f2769a45d4a17977fdd57aee5c20806e3a883efe907b72, delivery id: f8b463d8-ffc9-11f0-9024-aab9662f9f09
Found head_commit for delivery id cd0f565c-ffc9-11f0-8919-1ecff394c916, timestamp: 1769990262.0, 2026-02-01 15:57:42
signature: sha256=02b77ee2f1054b38e56e2900f7c7134170f8fd299195b2ca3feaf55b044c6984, delivery id: cd0f565c-ffc9-11f0-8919-1ecff394c916
Found head_commit for delivery id b2688c06-ffc9-11f0-9960-5262790b4d0f, timestamp: 1769990217.0, 2026-02-01 15:56:57
signature: sha256=cc8e2426a51c63e044cbd579770ef3d9e0a993c83a320e72d3cc292a5a6eef46, delivery id: b2688c06-ffc9-11f0-9960-5262790b4d0f
Found head_commit for delivery id 740ea120-ffc9-11f0-9754-8e18874a35a2, timestamp: 1769990113.0, 2026-02-01 15:55:13
signature: sha256=65b1de674773532e172012cf0633efb9e2306c13f33dfb39826bb3a88b9d8098, delivery id: 740ea120-ffc9-11f0-9754-8e18874a35a2
Found head_commit for delivery id 6d84aca0-ffc9-11f0-9d30-ba547bf49c7e, timestamp: 1769990095.0, 2026-02-01 15:54:55
signature: sha256=e9ce944ddaa879b8644b02b34b72f536a83ec6ac84acb7f2b78af838fe5541da, delivery id: 6d84aca0-ffc9-11f0-9d30-ba547bf49c7e
Found head_commit for delivery id e852fa12-ffc5-11f0-99de-a3e53d049556, timestamp: 1769988588.0, 2026-02-01 15:29:48
signature: sha256=ec987c1fdf851b4c26cb83dab75221edef0a0569fecf10939f8571d3feba76a0, delivery id: e852fa12-ffc5-11f0-99de-a3e53d049556
Skipping delivery 5c299902-ffc4-11f0-8425-e50186c80773 with no head_commit
Found head_commit for delivery id 57008760-ffc4-11f0-90d7-188cdae12c3a, timestamp: 1769987916.0, 2026-02-01 15:18:36
signature: sha256=60b26efc404057f0059bd30ff693864196bcce7662a2ddfe01a2029a70080aad, delivery id: 57008760-ffc4-11f0-90d7-188cdae12c3a
Found head_commit for delivery id 2f051000-ffc4-11f0-92b7-4ce8c136bcd5, timestamp: 1769987850.0, 2026-02-01 15:17:30
signature: sha256=337400ba4125f6fbb646bc35d32f3d619948cab7e96237c2cb32d709ca0639dc, delivery id: 2f051000-ffc4-11f0-92b7-4ce8c136bcd5
Found head_commit for delivery id 16a33870-ffc4-11f0-9888-15ecdbe5861f, timestamp: 1769987809.0, 2026-02-01 15:16:49
signature: sha256=296befa45fbd46618e51df596a4e4e70ee3c7a841a6cbcd83c6c58b7e9a3ecc4, delivery id: 16a33870-ffc4-11f0-9888-15ecdbe5861f
Found head_commit for delivery id dd00e4d2-ffc3-11f0-9bcd-cb8ecc1acca7, timestamp: 1769987708.0, 2026-02-01 15:15:08
signature: sha256=4f79e3b3bfb52484da3e15dee919fedd545892bf2b82a3a5b019cb3d0238b5ca, delivery id: dd00e4d2-ffc3-11f0-9bcd-cb8ecc1acca7
Skipping delivery ef44a2d8-fec8-11f0-9253-67574650900f with no head_commit
Found head_commit for delivery id ee66cbb6-fec8-11f0-9d00-2fdf74a3fae9, timestamp: 1769879938.0, 2026-01-31 09:18:58
signature: sha256=5d9f131a611c897a4d656e8381da212618a1b947c34608616d96b58efce34246, delivery id: ee66cbb6-fec8-11f0-9d00-2fdf74a3fae9
Skipping delivery e98c1df8-fec8-11f0-9cfc-ee9b94134a86 with no head_commit
Found head_commit for delivery id e8b98334-fec8-11f0-824b-6a32f00d8aa4, timestamp: 1769879928.0, 2026-01-31 09:18:48
signature: sha256=c587aeafc88f3e21058ab13c2ca3d1ffa031d2dc98207d424a5fd9c6120195b5, delivery id: e8b98334-fec8-11f0-824b-6a32f00d8aa4
Found head_commit for delivery id d8ddc52e-fec8-11f0-9ab8-020df58cf968, timestamp: 1769879902.0, 2026-01-31 09:18:22
signature: sha256=48d47b71f5c6c3638741865f5baed6d06292195fad19c611ee03e879614eaa35, delivery id: d8ddc52e-fec8-11f0-9ab8-020df58cf968
Found head_commit for delivery id d2d2fe9c-fec8-11f0-8e77-6de1a1434bb7, timestamp: 1769879891.0, 2026-01-31 09:18:11
signature: sha256=f0412099ac2422cd383a1e494dcb1098275635a233060349f715201246f400a5, delivery id: d2d2fe9c-fec8-11f0-8e77-6de1a1434bb7
Skipping delivery f1276034-fe3e-11f0-9ba3-dc8613d41b80 with no head_commit
Found head_commit for delivery id f09e4ac4-fe3e-11f0-93e5-d78170f49a0b, timestamp: 1769820671.0, 2026-01-30 16:51:11
signature: sha256=3f2bde7831b0b7a7d698879869d7822fdf1c1ffb2a40f92d1dfa07b53e030e3b, delivery id: f09e4ac4-fe3e-11f0-93e5-d78170f49a0b
Found head_commit for delivery id 9e652c32-fe3e-11f0-8610-cbf2d76e960c, timestamp: 1769820530.0, 2026-01-30 16:48:50
signature: sha256=214c09a99ecff12c0edb264074f8d0ec9f341794da30745c0e7df325f88ced23, delivery id: 9e652c32-fe3e-11f0-8610-cbf2d76e960c
Skipping delivery 60ec8c60-fe3e-11f0-8299-022449f48145 with no head_commit
Found head_commit for delivery id 6050cc62-fe3e-11f0-9382-97c4139cd5af, timestamp: 1769820429.0, 2026-01-30 16:47:09
signature: sha256=c552fc10606a50d5260c22f1ad1c7b88e842c2685f47104caf608fa731674338, delivery id: 6050cc62-fe3e-11f0-9382-97c4139cd5af
Found head_commit for delivery id 441a1012-fe3e-11f0-9b7c-31a964e4dc21, timestamp: 1769820378.0, 2026-01-30 16:46:18
signature: sha256=7b81074998a903c36585ba9747ecb3055aa6a3223334b6e5d100bd25d2e1c8f6, delivery id: 441a1012-fe3e-11f0-9b7c-31a964e4dc21
Found head_commit for delivery id 0c720854-fe3e-11f0-9056-1758f39b94c1, timestamp: 1769820085.0, 2026-01-30 16:41:25
signature: sha256=5c891a7e21563681e74633a06986d4b00001992db6b78184686653e084ace690, delivery id: 0c720854-fe3e-11f0-9056-1758f39b94c1
Found head_commit for delivery id c19a07a0-fe3d-11f0-878d-5e6a7c2efc96, timestamp: 1769820163.0, 2026-01-30 16:42:43
signature: sha256=14d1d85b9927f8c250f49956e214dc30e3d0ea68cd27aa1fc0572d123dd88864, delivery id: c19a07a0-fe3d-11f0-878d-5e6a7c2efc96
Found head_commit for delivery id a8425d84-fe3d-11f0-8eee-1a2829651a92, timestamp: 1769820094.0, 2026-01-30 16:41:34
signature: sha256=f6de424ad84e8ca2dbabe73849933f9eb5cd8af39d1d7dc8a09f30405ceefc20, delivery id: a8425d84-fe3d-11f0-8eee-1a2829651a92
Skipping delivery 93da315a-fe3d-11f0-9fcd-09e71d25cfbb with no head_commit
Found head_commit for delivery id 93400580-fe3d-11f0-90af-6594d5ceb729, timestamp: 1769820085.0, 2026-01-30 16:41:25
signature: sha256=566a943cd935d76ba21869b6cc62f9ec3efab5e6c193599d8d96be5d399fd06d, delivery id: 93400580-fe3d-11f0-90af-6594d5ceb729
Adding 87 deliveries
Total deliveries so far: 87
Found head_commit for delivery id 7b8fd49c-fe3d-11f0-915a-e3d5c9015693, timestamp: 1769820041.0, 2026-01-30 16:40:41
signature: sha256=4ba47f3f27bc9e6bd50fa590a2f195c74372d2e318d90d12f44bcd8fb201b2c9, delivery id: 7b8fd49c-fe3d-11f0-915a-e3d5c9015693
Found head_commit for delivery id 57c09c22-fe3d-11f0-95ef-6264fd90a94f, timestamp: 1769819948.0, 2026-01-30 16:39:08
signature: sha256=17b2d509b7c1b60542f25335ac6e392c4af4a241dce3c9456445970f6e2e8b08, delivery id: 57c09c22-fe3d-11f0-95ef-6264fd90a94f
Found head_commit for delivery id 428f4574-fe3d-11f0-882a-3f86149920c7, timestamp: 1769819944.0, 2026-01-30 16:39:04
signature: sha256=71e5a8781e2d03001050fdc04581be460e184106d8b3690d95f51e5b5ba16495, delivery id: 428f4574-fe3d-11f0-882a-3f86149920c7
Found head_commit for delivery id 0cf15e84-fe3d-11f0-8d38-efb0ad8939c2, timestamp: 1769819497.0, 2026-01-30 16:31:37
signature: sha256=ca4dd07f6d9965515c89a23179d89b97b9e006533343b1a85ebb0ca884f37587, delivery id: 0cf15e84-fe3d-11f0-8d38-efb0ad8939c2
Found head_commit for delivery id e20964fa-fe3c-11f0-9f20-39740ff6070d, timestamp: 1769819775.0, 2026-01-30 16:36:15
signature: sha256=7d0e840d7cfddeca51f4ac1d7698d5aef0dad1d2a8c38be9fce76ad3136ce91b, delivery id: e20964fa-fe3c-11f0-9f20-39740ff6070d
Found head_commit for delivery id da79892c-fe3c-11f0-80d1-a3e420da0b96, timestamp: 1769819649.0, 2026-01-30 16:34:09
signature: sha256=15082e496a44b06c91b6d4bcde95d13fb7178875a048708f6b4efb5c82e8c213, delivery id: da79892c-fe3c-11f0-80d1-a3e420da0b96
Skipping delivery 595ca91e-fe3c-11f0-85b0-1735796f3014 with no head_commit
Found head_commit for delivery id 58d3f740-fe3c-11f0-84b8-e911f5765699, timestamp: 1769819557.0, 2026-01-30 16:32:37
signature: sha256=ec952f542297144fa8fbb58c417c550ec040025cd12d9ff52768b9199a35e4fd, delivery id: 58d3f740-fe3c-11f0-84b8-e911f5765699
Found head_commit for delivery id 3943dbca-fe3c-11f0-929f-81f4fed20c11, timestamp: 1769819497.0, 2026-01-30 16:31:37
signature: sha256=5cb215286f10f0a20af799fa6f1f09230a96a510729025bfc63599c7ac05750f, delivery id: 3943dbca-fe3c-11f0-929f-81f4fed20c11
Found head_commit for delivery id 50ac8aa2-fe3a-11f0-8764-0c475114e3e3, timestamp: 1769818685.0, 2026-01-30 16:18:05
signature: sha256=a8bbeccd0590536bccb73f4132315cdbf7a67ca1c0615134e24cab2e5ea58aa2, delivery id: 50ac8aa2-fe3a-11f0-8764-0c475114e3e3
Found head_commit for delivery id 6accde6e-fe35-11f0-9190-49b2ea3da595, timestamp: 1769816582.0, 2026-01-30 15:43:02
signature: sha256=bcc5bcaa4ee07af82dec35e8bc43e1727f49c68b4499a5bfb7f2c79997e224e7, delivery id: 6accde6e-fe35-11f0-9190-49b2ea3da595
Found head_commit for delivery id 6a83bb88-fe32-11f0-813c-d4b8b1151b59, timestamp: 1769815293.0, 2026-01-30 15:21:33
signature: sha256=a72cd35436e7c211f736f24366e1023f04045038f006788e4602852c95791cfb, delivery id: 6a83bb88-fe32-11f0-813c-d4b8b1151b59
Found head_commit for delivery id 6bf11764-fe31-11f0-86ae-1bb9d8f732a3, timestamp: 1769814866.0, 2026-01-30 15:14:26
signature: sha256=701bfdbfee4020831125224d8891103d86f05d18f466a4711ca129105eb909e5, delivery id: 6bf11764-fe31-11f0-86ae-1bb9d8f732a3
Found head_commit for delivery id 9554f3b6-fe2f-11f0-95d7-dd2af6c60097, timestamp: 1769814076.0, 2026-01-30 15:01:16
signature: sha256=9f7481ac1095494efc125c352375ce64876ccbfe3143179749c6bcda924afc2c, delivery id: 9554f3b6-fe2f-11f0-95d7-dd2af6c60097
Found head_commit for delivery id ab2e5afa-fe2b-11f0-8ab1-7ec29624b72e, timestamp: 1769812394.0, 2026-01-30 14:33:14
signature: sha256=c8ac5f5c4150680b0d4e4550bbc23442575af429a10ee8a403c9c4365e1af109, delivery id: ab2e5afa-fe2b-11f0-8ab1-7ec29624b72e
Found head_commit for delivery id 40ba6824-fe28-11f0-93f8-5917d52b578b, timestamp: 1769810927.0, 2026-01-30 14:08:47
signature: sha256=7c96733640edd54594f91d3b62bbd5cb55b60cbdf0aff4bc9d369fe4d69320d7, delivery id: 40ba6824-fe28-11f0-93f8-5917d52b578b
Found head_commit for delivery id 1625aeac-fe28-11f0-9c05-35f0d4c311c3, timestamp: 1769810810.0, 2026-01-30 14:06:50
signature: sha256=9409fda6955f0ad6c44e43eb8dbe3bcd5c40872851cf43e144917719b67402df, delivery id: 1625aeac-fe28-11f0-9c05-35f0d4c311c3
Found head_commit for delivery id af0b2652-fe27-11f0-8612-c31684bf7d7f, timestamp: 1769810682.0, 2026-01-30 14:04:42
signature: sha256=8ebf1e1469fb4f3259bdcb578cf81918eb5426ad7d20f5a2671bbd7ce1a1a4b9, delivery id: af0b2652-fe27-11f0-8612-c31684bf7d7f
Found head_commit for delivery id ce7d3102-fe26-11f0-8a0a-a6dffbd539d4, timestamp: 1769810306.0, 2026-01-30 13:58:26
signature: sha256=22b936805f23f38ddcabfdab8866f598f3ba5b0c37abe2c1dd29abe6c848eb90, delivery id: ce7d3102-fe26-11f0-8a0a-a6dffbd539d4
Found head_commit for delivery id 5d1f4568-fe21-11f0-88bc-c1adc0a4b014, timestamp: 1769807966.0, 2026-01-30 13:19:26
signature: sha256=73b9335acb252f49f8b28d4f175f3310c3b6d643f64c1f4e77d848241ee9c424, delivery id: 5d1f4568-fe21-11f0-88bc-c1adc0a4b014
Found head_commit for delivery id 5ced5644-fe20-11f0-8b00-d624edcb0f1b, timestamp: 1769807336.0, 2026-01-30 13:08:56
signature: sha256=ca950cbef6688e4b0ff735b65c208e003d560a0cbe8c5601910ea5127b16ed3c, delivery id: 5ced5644-fe20-11f0-8b00-d624edcb0f1b
Found head_commit for delivery id 5cc54078-fe20-11f0-81bc-9d67237227d4, timestamp: 1769807106.0, 2026-01-30 13:05:06
signature: sha256=1f7a740174ebd330871b6c6c7d1d39e7b629c7269630320397cc5ca373d2b2c5, delivery id: 5cc54078-fe20-11f0-81bc-9d67237227d4
Found head_commit for delivery id 9ad332fe-fe1f-11f0-8146-6cbfe9823b2d, timestamp: 1769807106.0, 2026-01-30 13:05:06
signature: sha256=3c16a41c4a76cdebf26c86924fe1fe91af498c591b7bd68dc5282d1be8734957, delivery id: 9ad332fe-fe1f-11f0-8146-6cbfe9823b2d
Found head_commit for delivery id 6ae7d2d0-fe1e-11f0-9498-efc10bda1b36, timestamp: 1769806700.0, 2026-01-30 12:58:20
signature: sha256=231c61d4d82329d8640eb92095769f68ffcb79abd44fae569f29a06dc42822e3, delivery id: 6ae7d2d0-fe1e-11f0-9498-efc10bda1b36
Found head_commit for delivery id 940459e6-fe18-11f0-94ab-0789afe43e9f, timestamp: 1769803881.0, 2026-01-30 12:11:21
signature: sha256=a7b0c576b90e9ac8f42abf62def374c72c7f7e73534fbf55365866cbe7aafcf5, delivery id: 940459e6-fe18-11f0-94ab-0789afe43e9f
Skipping delivery 3b82d4b0-fe17-11f0-9ebf-72d5c64b248b with no head_commit
Found head_commit for delivery id 341ae348-fe17-11f0-9884-29940b1867c7, timestamp: 1769803604.0, 2026-01-30 12:06:44
signature: sha256=fb2b1f91d46e0dbea0ee75a645152ac9f9d0559ae49807dba1aace20d54a75e0, delivery id: 341ae348-fe17-11f0-9884-29940b1867c7
Found head_commit for delivery id 0f56c18a-fe17-11f0-941e-adc8df3cbbcf, timestamp: 1769803542.0, 2026-01-30 12:05:42
signature: sha256=cc63dfe61199654cf17d8c463ba68988658b268a42027cf9844fed32b52ea722, delivery id: 0f56c18a-fe17-11f0-941e-adc8df3cbbcf
Found head_commit for delivery id af078e0e-fe16-11f0-937f-2df8f042d493, timestamp: 1769803063.0, 2026-01-30 11:57:43
signature: sha256=1652aedb3d1450a429a2605227d77d7b86e570878e3f63db1a209aedc1ed8682, delivery id: af078e0e-fe16-11f0-937f-2df8f042d493
Found head_commit for delivery id 8ef49b98-fe16-11f0-9ed8-4b9d0a03d464, timestamp: 1769803327.0, 2026-01-30 12:02:07
signature: sha256=bea63c6bb4873052b83776ef136f8c7a74641ccf9fc2a57fbbad2f603d94f542, delivery id: 8ef49b98-fe16-11f0-9ed8-4b9d0a03d464
Found head_commit for delivery id cbcc45b2-fe15-11f0-801c-fbe9de3e4682, timestamp: 1769803000.0, 2026-01-30 11:56:40
signature: sha256=a58ae6a6c3ccbd2cf06d4964ee91148595a1c17eaa60589e6baf6d049c5fdab5, delivery id: cbcc45b2-fe15-11f0-801c-fbe9de3e4682
Found head_commit for delivery id aaa4e204-fe15-11f0-8097-f01c303a3465, timestamp: 1769802931.0, 2026-01-30 11:55:31
signature: sha256=6ab2688a55cf8c88a9eb14c3e17895fb2b8bcbfc475cb74f6ad2a1283361799c, delivery id: aaa4e204-fe15-11f0-8097-f01c303a3465
Found head_commit for delivery id 5de4bd72-fe15-11f0-8236-373bb73c2b2d, timestamp: 1769802806.0, 2026-01-30 11:53:26
signature: sha256=4f6ae380aa59ec9d70ce41800e99d287a0d47641612f8160aad38209b2ec4b25, delivery id: 5de4bd72-fe15-11f0-8236-373bb73c2b2d
Found head_commit for delivery id a7d826ae-fe14-11f0-952f-c70eec1d001d, timestamp: 1769802501.0, 2026-01-30 11:48:21
signature: sha256=aad48f1c2b4fa9f5414a7b73fb38570f69a6c93532843e11e896026cd76c4ef5, delivery id: a7d826ae-fe14-11f0-952f-c70eec1d001d
Found head_commit for delivery id 3e27824a-fe14-11f0-91e9-efc39eaebc43, timestamp: 1769717706.0, 2026-01-29 12:15:06
signature: sha256=d82a442c9961e0ba7bc44c86357d58d0e26110e1881dd3dc9025804b8860240c, delivery id: 3e27824a-fe14-11f0-91e9-efc39eaebc43
Found head_commit for delivery id 187a831c-fe14-11f0-83ad-56d871e91a75, timestamp: 1769802266.0, 2026-01-30 11:44:26
signature: sha256=d75281f03d254685094dba4bce1e2deda555065c4d07a7c5ae067403c762df26, delivery id: 187a831c-fe14-11f0-83ad-56d871e91a75
Found head_commit for delivery id 23463220-fe12-11f0-8721-d8ef4efbbbf7, timestamp: 1769801116.0, 2026-01-30 11:25:16
signature: sha256=eaa22bbc8eecdc18e02a744b3ea29f7a037197d15c0e7e72ded2654f23d6c3b6, delivery id: 23463220-fe12-11f0-8721-d8ef4efbbbf7
Found head_commit for delivery id 67557698-fe11-11f0-81cf-4c59e9b654d5, timestamp: 1769801100.0, 2026-01-30 11:25:00
signature: sha256=45a55675842b8900893a8fdfc3d0f61cbab698e676df9eb66e0808817ba0e4d7, delivery id: 67557698-fe11-11f0-81cf-4c59e9b654d5
Found head_commit for delivery id 9465d624-fe10-11f0-87ed-672a7a80261c, timestamp: 1769800747.0, 2026-01-30 11:19:07
signature: sha256=e1b00660fccd13e85bfeb3a577a125902ed0cea6bedc8af2dc2377dbf6a09ec8, delivery id: 9465d624-fe10-11f0-87ed-672a7a80261c
Found head_commit for delivery id 8498215c-fe10-11f0-8190-3c13dde2b01f, timestamp: 1769800723.0, 2026-01-30 11:18:43
signature: sha256=589954eec9fa098ee32ef45b11046875261ea5667c90a9f51f07ce19c7872a9b, delivery id: 8498215c-fe10-11f0-8190-3c13dde2b01f
Found head_commit for delivery id 1f33d58c-fe0a-11f0-96f3-506d58e03996, timestamp: 1769797986.0, 2026-01-30 10:33:06
signature: sha256=96656f2f7de697c3c43e1d3fbf648965f034c3f88f1c82e0f0c3f329a5b3e5e9, delivery id: 1f33d58c-fe0a-11f0-96f3-506d58e03996
Found head_commit for delivery id 92f67ae6-fe06-11f0-9c91-2692dc8cdf69, timestamp: 1769796450.0, 2026-01-30 10:07:30
signature: sha256=223391366f242983569d23ee0ae1ca5a6d5418a7778f5f28cd48c8d601cafa47, delivery id: 92f67ae6-fe06-11f0-9c91-2692dc8cdf69
Found head_commit for delivery id 17911508-fe03-11f0-93ef-c6041530495d, timestamp: 1769794965.0, 2026-01-30 09:42:45
signature: sha256=ec858b8e6df25e3bf8c87bc869c2ad976b409af18d8a6ed2eecca4d2ed79fb51, delivery id: 17911508-fe03-11f0-93ef-c6041530495d
Found head_commit for delivery id dc68e4a6-fe02-11f0-8ab2-1cd9755d9177, timestamp: 1769794862.0, 2026-01-30 09:41:02
signature: sha256=b3400cb7a8999b38de3d47f0c33e17d527ca5adc0216521b3262fb1997db6570, delivery id: dc68e4a6-fe02-11f0-8ab2-1cd9755d9177
Found head_commit for delivery id 7c4e6dc6-fe01-11f0-8f2f-64a61a8cf99b, timestamp: 1769794276.0, 2026-01-30 09:31:16
signature: sha256=428db6f7b254ccae0bb7a585248cb57b753fe9d11ae2320769bb310f909fe9db, delivery id: 7c4e6dc6-fe01-11f0-8f2f-64a61a8cf99b
Adding 43 deliveries
Total deliveries so far: 130
Total deliveries to process: 130
Processing delivery id: 1a1a69fe-0057-11f1-9f35-169300a0c6b2
Delivery 1a1a69fe-0057-11f1-9f35-169300a0c6b2 (2026-02-02 08:49:00) needs processing (timestamp: 1770050940.0 > most recent timestamp: 1768930548.0)
Most recent processed delivery set to -- id: 1a1a69fe-0057-11f1-9f35-169300a0c6b2, date-time: 2026-02-02T08:49:00, timestamp: 1770050940.0
Processed 1 deliveries so far...
Processing delivery id: 5386f596-0056-11f1-842c-f4d18a57f59e
Delivery 5386f596-0056-11f1-842c-f4d18a57f59e (2026-02-02 08:43:28) needs processing (timestamp: 1770050608.0 > most recent timestamp: 1768930548.0)
Processed 2 deliveries so far...
Processing delivery id: 26840a3e-0056-11f1-9f5b-5e52aea20427
Delivery 26840a3e-0056-11f1-9f5b-5e52aea20427 (2026-02-02 08:42:22) needs processing (timestamp: 1770050542.0 > most recent timestamp: 1768930548.0)
Processed 3 deliveries so far...
Processing delivery id: ef23c886-0055-11f1-8462-0309d302df01
Delivery ef23c886-0055-11f1-8462-0309d302df01 (2026-02-02 08:40:49) needs processing (timestamp: 1770050449.0 > most recent timestamp: 1768930548.0)
Processed 4 deliveries so far...
Processing delivery id: e5899ab2-0055-11f1-84b7-8fd6ebf7d74e
Delivery e5899ab2-0055-11f1-84b7-8fd6ebf7d74e (2026-02-02 08:40:33) needs processing (timestamp: 1770050433.0 > most recent timestamp: 1768930548.0)
Processed 5 deliveries so far...
Processing delivery id: b166c9b2-0055-11f1-897c-c868a6fb973c
Delivery b166c9b2-0055-11f1-897c-c868a6fb973c (2026-02-02 08:39:03) needs processing (timestamp: 1770050343.0 > most recent timestamp: 1768930548.0)
Processed 6 deliveries so far...
Processing delivery id: 74e0a3aa-0055-11f1-8286-881f7e3c3cd5
Delivery 74e0a3aa-0055-11f1-8286-881f7e3c3cd5 (2026-02-02 08:37:24) needs processing (timestamp: 1770050244.0 > most recent timestamp: 1768930548.0)
Processed 7 deliveries so far...
Processing delivery id: 358f0052-0055-11f1-95a2-6d5ee05e9205
Delivery 358f0052-0055-11f1-95a2-6d5ee05e9205 (2026-02-02 08:35:33) needs processing (timestamp: 1770050133.0 > most recent timestamp: 1768930548.0)
Processed 8 deliveries so far...
Processing delivery id: da79bfae-0054-11f1-8c49-d9e49457bd13
Delivery da79bfae-0054-11f1-8c49-d9e49457bd13 (2026-02-02 08:33:04) needs processing (timestamp: 1770049984.0 > most recent timestamp: 1768930548.0)
Processed 9 deliveries so far...
Processing delivery id: a676588e-0054-11f1-8946-453d5c9e608e
Delivery a676588e-0054-11f1-8946-453d5c9e608e (2026-02-02 08:31:36) needs processing (timestamp: 1770049896.0 > most recent timestamp: 1768930548.0)
Processed 10 deliveries so far...
Processing delivery id: 2f9c182a-0054-11f1-89f2-94b9dc1f73d7
Delivery 2f9c182a-0054-11f1-89f2-94b9dc1f73d7 (2026-02-02 08:28:06) needs processing (timestamp: 1770049686.0 > most recent timestamp: 1768930548.0)
Processed 11 deliveries so far...
Processing delivery id: 1ec016be-0054-11f1-9bfc-aed8f39e91e7
Delivery 1ec016be-0054-11f1-9bfc-aed8f39e91e7 (2026-02-02 08:27:50) needs processing (timestamp: 1770049670.0 > most recent timestamp: 1768930548.0)
Processed 12 deliveries so far...
Processing delivery id: e8531298-0053-11f1-9dd7-c9a1d03832a8
Delivery e8531298-0053-11f1-9dd7-c9a1d03832a8 (2026-02-02 08:26:14) needs processing (timestamp: 1770049574.0 > most recent timestamp: 1768930548.0)
Processed 13 deliveries so far...
Processing delivery id: 9b81a88e-004f-11f1-8132-1eb3a25b70cf
Delivery 9b81a88e-004f-11f1-8132-1eb3a25b70cf (2026-02-02 07:55:32) needs processing (timestamp: 1770047732.0 > most recent timestamp: 1768930548.0)
Processed 14 deliveries so far...
Processing delivery id: 5baa058a-004f-11f1-8bab-edd4d1fe49f8
Delivery 5baa058a-004f-11f1-8bab-edd4d1fe49f8 (2026-02-02 07:53:39) needs processing (timestamp: 1770047619.0 > most recent timestamp: 1768930548.0)
Processed 15 deliveries so far...
Processing delivery id: fbbfc4f2-004e-11f1-853b-bce6f2c47142
Delivery fbbfc4f2-004e-11f1-853b-bce6f2c47142 (2026-02-02 07:45:42) needs processing (timestamp: 1770047142.0 > most recent timestamp: 1768930548.0)
Processed 16 deliveries so far...
Processing delivery id: ab1707c2-004e-11f1-8d6d-6093f612c0ee
Delivery ab1707c2-004e-11f1-8d6d-6093f612c0ee (2026-02-02 07:48:48) needs processing (timestamp: 1770047328.0 > most recent timestamp: 1768930548.0)
Processed 17 deliveries so far...
Processing delivery id: 5745b67a-004e-11f1-9933-cc12205eb7ec
Delivery 5745b67a-004e-11f1-9933-cc12205eb7ec (2026-02-02 07:46:23) needs processing (timestamp: 1770047183.0 > most recent timestamp: 1768930548.0)
Processed 18 deliveries so far...
Processing delivery id: 0b30ee62-004e-11f1-8aa7-b136dc32b52a
Delivery 0b30ee62-004e-11f1-8aa7-b136dc32b52a (2026-02-02 07:40:46) needs processing (timestamp: 1770046846.0 > most recent timestamp: 1768930548.0)
Processed 19 deliveries so far...
Processing delivery id: 0b0a54dc-004e-11f1-8641-2313c1c0a387
Delivery 0b0a54dc-004e-11f1-8641-2313c1c0a387 (2026-02-02 07:39:10) needs processing (timestamp: 1770046750.0 > most recent timestamp: 1768930548.0)
Processed 20 deliveries so far...
Processing delivery id: 4a48a118-004d-11f1-87cd-cc6a0b323a94
Delivery 4a48a118-004d-11f1-87cd-cc6a0b323a94 (2026-02-02 07:37:15) needs processing (timestamp: 1770046635.0 > most recent timestamp: 1768930548.0)
Processed 21 deliveries so far...
Processing delivery id: 5e95d178-004c-11f1-81d3-441de4dbd090
Delivery 5e95d178-004c-11f1-81d3-441de4dbd090 (2026-02-02 07:27:07) needs processing (timestamp: 1770046027.0 > most recent timestamp: 1768930548.0)
Processed 22 deliveries so far...
Processing delivery id: 2ef59d78-004b-11f1-969f-73d351e1580d
Delivery 2ef59d78-004b-11f1-969f-73d351e1580d (2026-02-02 07:23:44) needs processing (timestamp: 1770045824.0 > most recent timestamp: 1768930548.0)
Processed 23 deliveries so far...
Processing delivery id: 1ea7c816-004a-11f1-9c6c-7d31f6990fcb
Delivery 1ea7c816-004a-11f1-9c6c-7d31f6990fcb (2025-12-02 07:01:39) does not need processing (timestamp: 1764687699.0 <= most recent timestamp: 1768930548.0)
Processing delivery id: 144607b6-004a-11f1-8194-ada976ba4440
Delivery 144607b6-004a-11f1-8194-ada976ba4440 (2025-12-02 07:01:39) does not need processing (timestamp: 1764687699.0 <= most recent timestamp: 1768930548.0)
Processing delivery id: 5b4df5ac-0049-11f1-8498-da1be1e57798
Delivery 5b4df5ac-0049-11f1-8498-da1be1e57798 (2026-02-02 07:10:37) needs processing (timestamp: 1770045037.0 > most recent timestamp: 1768930548.0)
Processed 24 deliveries so far...
Processing delivery id: 6d85ab68-0047-11f1-9f28-29b1aacd4c6c
Delivery 6d85ab68-0047-11f1-9f28-29b1aacd4c6c (2026-02-02 06:56:49) needs processing (timestamp: 1770044209.0 > most recent timestamp: 1768930548.0)
Processed 25 deliveries so far...
Processing delivery id: 098c62b0-0046-11f1-82fe-992778d83590
Delivery 098c62b0-0046-11f1-82fe-992778d83590 (2026-02-02 06:46:52) needs processing (timestamp: 1770043612.0 > most recent timestamp: 1768930548.0)
Processed 26 deliveries so far...
Processing delivery id: 7742ebaa-0044-11f1-8c8f-d69746ccdbd5
Delivery 7742ebaa-0044-11f1-8c8f-d69746ccdbd5 (2026-02-02 06:35:35) needs processing (timestamp: 1770042935.0 > most recent timestamp: 1768930548.0)
Processed 27 deliveries so far...
Processing delivery id: 33e97d9e-0042-11f1-8f13-721b0f35f825
Delivery 33e97d9e-0042-11f1-8f13-721b0f35f825 (2026-02-02 06:19:25) needs processing (timestamp: 1770041965.0 > most recent timestamp: 1768930548.0)
Processed 28 deliveries so far...
Processing delivery id: 7e1aa818-0040-11f1-92e2-460586d5d90e
Delivery 7e1aa818-0040-11f1-92e2-460586d5d90e (2026-02-02 06:07:11) needs processing (timestamp: 1770041231.0 > most recent timestamp: 1768930548.0)
Processed 29 deliveries so far...
Processing delivery id: 71e2ce88-0034-11f1-991a-a3e1948c69c8
Delivery 71e2ce88-0034-11f1-991a-a3e1948c69c8 (2026-02-02 04:40:34) needs processing (timestamp: 1770036034.0 > most recent timestamp: 1768930548.0)
Processed 30 deliveries so far...
Processing delivery id: 80ed0f68-002c-11f1-89e4-bbfca19509b9
Delivery 80ed0f68-002c-11f1-89e4-bbfca19509b9 (2026-02-02 03:44:06) needs processing (timestamp: 1770032646.0 > most recent timestamp: 1768930548.0)
Processed 31 deliveries so far...
Processing delivery id: 0f71df04-0021-11f1-8214-d0f3ce865c7e
Delivery 0f71df04-0021-11f1-8214-d0f3ce865c7e (2026-02-02 02:22:19) needs processing (timestamp: 1770027739.0 > most recent timestamp: 1768930548.0)
Processed 32 deliveries so far...
Processing delivery id: a5ea0dcc-0020-11f1-99c0-c0cef0b4c2ad
Delivery a5ea0dcc-0020-11f1-99c0-c0cef0b4c2ad (2026-02-02 02:19:22) needs processing (timestamp: 1770027562.0 > most recent timestamp: 1768930548.0)
Processed 33 deliveries so far...
Processing delivery id: 249f12dc-0014-11f1-90a2-9a23537c40ca
Delivery 249f12dc-0014-11f1-90a2-9a23537c40ca (2026-02-02 00:49:51) needs processing (timestamp: 1770022191.0 > most recent timestamp: 1768930548.0)
Processed 34 deliveries so far...
Processing delivery id: 01b87506-0014-11f1-8309-3183f6402791
Delivery 01b87506-0014-11f1-8309-3183f6402791 (2026-02-02 00:48:53) needs processing (timestamp: 1770022133.0 > most recent timestamp: 1768930548.0)
Processed 35 deliveries so far...
Processing delivery id: 85a6b518-0013-11f1-805e-124f37a55a7c
Delivery 85a6b518-0013-11f1-805e-124f37a55a7c (2026-02-02 00:45:25) needs processing (timestamp: 1770021925.0 > most recent timestamp: 1768930548.0)
Processed 36 deliveries so far...
Processing delivery id: 34e31806-0013-11f1-9129-f7a43ef7eee0
Delivery 34e31806-0013-11f1-9129-f7a43ef7eee0 (2026-02-02 00:43:10) needs processing (timestamp: 1770021790.0 > most recent timestamp: 1768930548.0)
Processed 37 deliveries so far...
Processing delivery id: 03a84266-0013-11f1-82bd-891894fd3f11
Delivery 03a84266-0013-11f1-82bd-891894fd3f11 (2026-02-02 00:41:47) needs processing (timestamp: 1770021707.0 > most recent timestamp: 1768930548.0)
Processed 38 deliveries so far...
Processing delivery id: 02571bee-0013-11f1-945c-a5771c15ddd3
Delivery 02571bee-0013-11f1-945c-a5771c15ddd3 (2026-02-02 00:41:45) needs processing (timestamp: 1770021705.0 > most recent timestamp: 1768930548.0)
Processed 39 deliveries so far...
Processing delivery id: cefc8842-0012-11f1-8519-d21b52219982
Delivery cefc8842-0012-11f1-8519-d21b52219982 (2026-02-02 00:40:19) needs processing (timestamp: 1770021619.0 > most recent timestamp: 1768930548.0)
Processed 40 deliveries so far...
Processing delivery id: c390fce0-0012-11f1-8638-5fee6780a69d
Delivery c390fce0-0012-11f1-8638-5fee6780a69d (2026-02-02 00:40:00) needs processing (timestamp: 1770021600.0 > most recent timestamp: 1768930548.0)
Processed 41 deliveries so far...
Processing delivery id: b94dfca6-0012-11f1-9744-020b4c8e276f
Delivery b94dfca6-0012-11f1-9744-020b4c8e276f (2026-02-02 00:39:43) needs processing (timestamp: 1770021583.0 > most recent timestamp: 1768930548.0)
Processed 42 deliveries so far...
Processing delivery id: 1eb14d3c-0009-11f1-9a14-0d73cf896ee6
Delivery 1eb14d3c-0009-11f1-9a14-0d73cf896ee6 (2026-02-01 23:30:58) needs processing (timestamp: 1770017458.0 > most recent timestamp: 1768930548.0)
Processed 43 deliveries so far...
Processing delivery id: 18fa062c-0009-11f1-9385-7bc9f319822a
Delivery 18fa062c-0009-11f1-9385-7bc9f319822a (2026-02-01 23:30:48) needs processing (timestamp: 1770017448.0 > most recent timestamp: 1768930548.0)
Processed 44 deliveries so far...
Processing delivery id: 08ced49e-0009-11f1-9cdf-017a0a0fc1c2
Delivery 08ced49e-0009-11f1-9cdf-017a0a0fc1c2 (2026-02-01 23:30:21) needs processing (timestamp: 1770017421.0 > most recent timestamp: 1768930548.0)
Processed 45 deliveries so far...
Processing delivery id: fc7215e4-0008-11f1-9c08-5ca0949ef770
Delivery fc7215e4-0008-11f1-9c08-5ca0949ef770 (2026-02-01 23:30:00) needs processing (timestamp: 1770017400.0 > most recent timestamp: 1768930548.0)
Processed 46 deliveries so far...
Processing delivery id: d277e5be-0005-11f1-8c6a-cdb6f1971fe1
Delivery d277e5be-0005-11f1-8c6a-cdb6f1971fe1 (2026-02-01 23:07:21) needs processing (timestamp: 1770016041.0 > most recent timestamp: 1768930548.0)
Processed 47 deliveries so far...
Processing delivery id: c37da544-0005-11f1-9111-199eff6ed231
Delivery c37da544-0005-11f1-9111-199eff6ed231 (2026-02-01 23:06:56) needs processing (timestamp: 1770016016.0 > most recent timestamp: 1768930548.0)
Processed 48 deliveries so far...
Processing delivery id: b6e17586-0005-11f1-82f1-ecce3d7af193
Delivery b6e17586-0005-11f1-82f1-ecce3d7af193 (2026-02-01 23:06:35) needs processing (timestamp: 1770015995.0 > most recent timestamp: 1768930548.0)
Processed 49 deliveries so far...
Processing delivery id: cfeb37da-0003-11f1-914c-51a764d9db2a
Delivery cfeb37da-0003-11f1-914c-51a764d9db2a (2026-02-01 22:52:42) needs processing (timestamp: 1770015162.0 > most recent timestamp: 1768930548.0)
Processed 50 deliveries so far...
Processing delivery id: c3c3d402-ffff-11f0-9256-ed3a2e07c955
Delivery c3c3d402-ffff-11f0-9256-ed3a2e07c955 (2026-02-01 22:24:00) needs processing (timestamp: 1770013440.0 > most recent timestamp: 1768930548.0)
Processed 51 deliveries so far...
Processing delivery id: 9779d27a-ffff-11f0-95f1-160c4e3b1480
Delivery 9779d27a-ffff-11f0-95f1-160c4e3b1480 (2026-02-01 22:22:23) needs processing (timestamp: 1770013343.0 > most recent timestamp: 1768930548.0)
Processed 52 deliveries so far...
Processing delivery id: a8b70c02-fffe-11f0-876f-d070d0a43207
Delivery a8b70c02-fffe-11f0-876f-d070d0a43207 (2026-02-01 22:15:40) needs processing (timestamp: 1770012940.0 > most recent timestamp: 1768930548.0)
Processed 53 deliveries so far...
Processing delivery id: 7123bc22-fffe-11f0-86c4-56e7ccc69f12
Delivery 7123bc22-fffe-11f0-86c4-56e7ccc69f12 (2026-02-01 22:14:15) needs processing (timestamp: 1770012855.0 > most recent timestamp: 1768930548.0)
Processed 54 deliveries so far...
Processing delivery id: 9b70e1a4-fffd-11f0-8cea-4b8f8a8a0f3c
Delivery 9b70e1a4-fffd-11f0-8cea-4b8f8a8a0f3c (2026-02-01 22:08:14) needs processing (timestamp: 1770012494.0 > most recent timestamp: 1768930548.0)
Processed 55 deliveries so far...
Processing delivery id: fc33bc42-fff7-11f0-987b-ed45b53c134d
Delivery fc33bc42-fff7-11f0-987b-ed45b53c134d (2026-02-01 21:28:18) needs processing (timestamp: 1770010098.0 > most recent timestamp: 1768930548.0)
Processed 56 deliveries so far...
Processing delivery id: eaa37526-fff7-11f0-9484-a4bef7418c29
Delivery eaa37526-fff7-11f0-9484-a4bef7418c29 (2026-02-01 21:27:49) needs processing (timestamp: 1770010069.0 > most recent timestamp: 1768930548.0)
Processed 57 deliveries so far...
Processing delivery id: df5a74ee-fff7-11f0-8baa-fff3d709be03
Delivery df5a74ee-fff7-11f0-8baa-fff3d709be03 (2026-02-01 21:27:30) needs processing (timestamp: 1770010050.0 > most recent timestamp: 1768930548.0)
Processed 58 deliveries so far...
Processing delivery id: c4ff6712-fff7-11f0-983f-9a1cf102ec95
Delivery c4ff6712-fff7-11f0-983f-9a1cf102ec95 (2026-02-01 21:26:46) needs processing (timestamp: 1770010006.0 > most recent timestamp: 1768930548.0)
Processed 59 deliveries so far...
Processing delivery id: f243f026-ffca-11f0-8655-831b4c96e6ab
Delivery f243f026-ffca-11f0-8655-831b4c96e6ab (2026-02-01 16:05:52) needs processing (timestamp: 1769990752.0 > most recent timestamp: 1768930548.0)
Processed 60 deliveries so far...
Processing delivery id: c60fd038-ffca-11f0-8145-d6e7d65e3694
Delivery c60fd038-ffca-11f0-8145-d6e7d65e3694 (2026-02-01 16:04:39) needs processing (timestamp: 1769990679.0 > most recent timestamp: 1768930548.0)
Processed 61 deliveries so far...
Processing delivery id: adcee7b6-ffca-11f0-9d65-2ed66cb7d32d
Delivery adcee7b6-ffca-11f0-9d65-2ed66cb7d32d (2026-02-01 16:04:00) needs processing (timestamp: 1769990640.0 > most recent timestamp: 1768930548.0)
Processed 62 deliveries so far...
Processing delivery id: 701b80aa-ffca-11f0-9af5-b47f0e49ab0a
Delivery 701b80aa-ffca-11f0-9af5-b47f0e49ab0a (2026-02-01 16:02:14) needs processing (timestamp: 1769990534.0 > most recent timestamp: 1768930548.0)
Processed 63 deliveries so far...
Processing delivery id: f8b463d8-ffc9-11f0-9024-aab9662f9f09
Delivery f8b463d8-ffc9-11f0-9024-aab9662f9f09 (2026-02-01 15:58:56) needs processing (timestamp: 1769990336.0 > most recent timestamp: 1768930548.0)
Processed 64 deliveries so far...
Processing delivery id: cd0f565c-ffc9-11f0-8919-1ecff394c916
Delivery cd0f565c-ffc9-11f0-8919-1ecff394c916 (2026-02-01 15:57:42) needs processing (timestamp: 1769990262.0 > most recent timestamp: 1768930548.0)
Processed 65 deliveries so far...
Processing delivery id: b2688c06-ffc9-11f0-9960-5262790b4d0f
Delivery b2688c06-ffc9-11f0-9960-5262790b4d0f (2026-02-01 15:56:57) needs processing (timestamp: 1769990217.0 > most recent timestamp: 1768930548.0)
Processed 66 deliveries so far...
Processing delivery id: 740ea120-ffc9-11f0-9754-8e18874a35a2
Delivery 740ea120-ffc9-11f0-9754-8e18874a35a2 (2026-02-01 15:55:13) needs processing (timestamp: 1769990113.0 > most recent timestamp: 1768930548.0)
Processed 67 deliveries so far...
Processing delivery id: 6d84aca0-ffc9-11f0-9d30-ba547bf49c7e
Delivery 6d84aca0-ffc9-11f0-9d30-ba547bf49c7e (2026-02-01 15:54:55) needs processing (timestamp: 1769990095.0 > most recent timestamp: 1768930548.0)
Processed 68 deliveries so far...
Processing delivery id: e852fa12-ffc5-11f0-99de-a3e53d049556
Delivery e852fa12-ffc5-11f0-99de-a3e53d049556 (2026-02-01 15:29:48) needs processing (timestamp: 1769988588.0 > most recent timestamp: 1768930548.0)
Processed 69 deliveries so far...
Processing delivery id: 57008760-ffc4-11f0-90d7-188cdae12c3a
Delivery 57008760-ffc4-11f0-90d7-188cdae12c3a (2026-02-01 15:18:36) needs processing (timestamp: 1769987916.0 > most recent timestamp: 1768930548.0)
Processed 70 deliveries so far...
Processing delivery id: 2f051000-ffc4-11f0-92b7-4ce8c136bcd5
Delivery 2f051000-ffc4-11f0-92b7-4ce8c136bcd5 (2026-02-01 15:17:30) needs processing (timestamp: 1769987850.0 > most recent timestamp: 1768930548.0)
Processed 71 deliveries so far...
Processing delivery id: 16a33870-ffc4-11f0-9888-15ecdbe5861f
Delivery 16a33870-ffc4-11f0-9888-15ecdbe5861f (2026-02-01 15:16:49) needs processing (timestamp: 1769987809.0 > most recent timestamp: 1768930548.0)
Processed 72 deliveries so far...
Processing delivery id: dd00e4d2-ffc3-11f0-9bcd-cb8ecc1acca7
Delivery dd00e4d2-ffc3-11f0-9bcd-cb8ecc1acca7 (2026-02-01 15:15:08) needs processing (timestamp: 1769987708.0 > most recent timestamp: 1768930548.0)
Processed 73 deliveries so far...
Processing delivery id: ee66cbb6-fec8-11f0-9d00-2fdf74a3fae9
Delivery ee66cbb6-fec8-11f0-9d00-2fdf74a3fae9 (2026-01-31 09:18:58) needs processing (timestamp: 1769879938.0 > most recent timestamp: 1768930548.0)
Processed 74 deliveries so far...
Processing delivery id: e8b98334-fec8-11f0-824b-6a32f00d8aa4
Delivery e8b98334-fec8-11f0-824b-6a32f00d8aa4 (2026-01-31 09:18:48) needs processing (timestamp: 1769879928.0 > most recent timestamp: 1768930548.0)
Processed 75 deliveries so far...
Processing delivery id: d8ddc52e-fec8-11f0-9ab8-020df58cf968
Delivery d8ddc52e-fec8-11f0-9ab8-020df58cf968 (2026-01-31 09:18:22) needs processing (timestamp: 1769879902.0 > most recent timestamp: 1768930548.0)
Processed 76 deliveries so far...
Processing delivery id: d2d2fe9c-fec8-11f0-8e77-6de1a1434bb7
Delivery d2d2fe9c-fec8-11f0-8e77-6de1a1434bb7 (2026-01-31 09:18:11) needs processing (timestamp: 1769879891.0 > most recent timestamp: 1768930548.0)
Processed 77 deliveries so far...
Processing delivery id: f09e4ac4-fe3e-11f0-93e5-d78170f49a0b
Delivery f09e4ac4-fe3e-11f0-93e5-d78170f49a0b (2026-01-30 16:51:11) needs processing (timestamp: 1769820671.0 > most recent timestamp: 1768930548.0)
Processed 78 deliveries so far...
Processing delivery id: 9e652c32-fe3e-11f0-8610-cbf2d76e960c
Delivery 9e652c32-fe3e-11f0-8610-cbf2d76e960c (2026-01-30 16:48:50) needs processing (timestamp: 1769820530.0 > most recent timestamp: 1768930548.0)
Processed 79 deliveries so far...
Processing delivery id: 6050cc62-fe3e-11f0-9382-97c4139cd5af
Delivery 6050cc62-fe3e-11f0-9382-97c4139cd5af (2026-01-30 16:47:09) needs processing (timestamp: 1769820429.0 > most recent timestamp: 1768930548.0)
Processed 80 deliveries so far...
Processing delivery id: 441a1012-fe3e-11f0-9b7c-31a964e4dc21
Delivery 441a1012-fe3e-11f0-9b7c-31a964e4dc21 (2026-01-30 16:46:18) needs processing (timestamp: 1769820378.0 > most recent timestamp: 1768930548.0)
Processed 81 deliveries so far...
Processing delivery id: 0c720854-fe3e-11f0-9056-1758f39b94c1
Delivery 0c720854-fe3e-11f0-9056-1758f39b94c1 (2026-01-30 16:41:25) needs processing (timestamp: 1769820085.0 > most recent timestamp: 1768930548.0)
Processed 82 deliveries so far...
Processing delivery id: c19a07a0-fe3d-11f0-878d-5e6a7c2efc96
Delivery c19a07a0-fe3d-11f0-878d-5e6a7c2efc96 (2026-01-30 16:42:43) needs processing (timestamp: 1769820163.0 > most recent timestamp: 1768930548.0)
Processed 83 deliveries so far...
Processing delivery id: a8425d84-fe3d-11f0-8eee-1a2829651a92
Delivery a8425d84-fe3d-11f0-8eee-1a2829651a92 (2026-01-30 16:41:34) needs processing (timestamp: 1769820094.0 > most recent timestamp: 1768930548.0)
Processed 84 deliveries so far...
Processing delivery id: 93400580-fe3d-11f0-90af-6594d5ceb729
Delivery 93400580-fe3d-11f0-90af-6594d5ceb729 (2026-01-30 16:41:25) needs processing (timestamp: 1769820085.0 > most recent timestamp: 1768930548.0)
Processed 85 deliveries so far...
Processing delivery id: 7b8fd49c-fe3d-11f0-915a-e3d5c9015693
Delivery 7b8fd49c-fe3d-11f0-915a-e3d5c9015693 (2026-01-30 16:40:41) needs processing (timestamp: 1769820041.0 > most recent timestamp: 1768930548.0)
Processed 86 deliveries so far...
Processing delivery id: 57c09c22-fe3d-11f0-95ef-6264fd90a94f
Delivery 57c09c22-fe3d-11f0-95ef-6264fd90a94f (2026-01-30 16:39:08) needs processing (timestamp: 1769819948.0 > most recent timestamp: 1768930548.0)
Processed 87 deliveries so far...
Processing delivery id: 428f4574-fe3d-11f0-882a-3f86149920c7
Delivery 428f4574-fe3d-11f0-882a-3f86149920c7 (2026-01-30 16:39:04) needs processing (timestamp: 1769819944.0 > most recent timestamp: 1768930548.0)
Processed 88 deliveries so far...
Processing delivery id: 0cf15e84-fe3d-11f0-8d38-efb0ad8939c2
Delivery 0cf15e84-fe3d-11f0-8d38-efb0ad8939c2 (2026-01-30 16:31:37) needs processing (timestamp: 1769819497.0 > most recent timestamp: 1768930548.0)
Processed 89 deliveries so far...
Processing delivery id: e20964fa-fe3c-11f0-9f20-39740ff6070d
Delivery e20964fa-fe3c-11f0-9f20-39740ff6070d (2026-01-30 16:36:15) needs processing (timestamp: 1769819775.0 > most recent timestamp: 1768930548.0)
Processed 90 deliveries so far...
Processing delivery id: da79892c-fe3c-11f0-80d1-a3e420da0b96
Delivery da79892c-fe3c-11f0-80d1-a3e420da0b96 (2026-01-30 16:34:09) needs processing (timestamp: 1769819649.0 > most recent timestamp: 1768930548.0)
Processed 91 deliveries so far...
Processing delivery id: 58d3f740-fe3c-11f0-84b8-e911f5765699
Delivery 58d3f740-fe3c-11f0-84b8-e911f5765699 (2026-01-30 16:32:37) needs processing (timestamp: 1769819557.0 > most recent timestamp: 1768930548.0)
Processed 92 deliveries so far...
Processing delivery id: 3943dbca-fe3c-11f0-929f-81f4fed20c11
Delivery 3943dbca-fe3c-11f0-929f-81f4fed20c11 (2026-01-30 16:31:37) needs processing (timestamp: 1769819497.0 > most recent timestamp: 1768930548.0)
Processed 93 deliveries so far...
Processing delivery id: 50ac8aa2-fe3a-11f0-8764-0c475114e3e3
Delivery 50ac8aa2-fe3a-11f0-8764-0c475114e3e3 (2026-01-30 16:18:05) needs processing (timestamp: 1769818685.0 > most recent timestamp: 1768930548.0)
Processed 94 deliveries so far...
Processing delivery id: 6accde6e-fe35-11f0-9190-49b2ea3da595
Delivery 6accde6e-fe35-11f0-9190-49b2ea3da595 (2026-01-30 15:43:02) needs processing (timestamp: 1769816582.0 > most recent timestamp: 1768930548.0)
Processed 95 deliveries so far...
Processing delivery id: 6a83bb88-fe32-11f0-813c-d4b8b1151b59
Delivery 6a83bb88-fe32-11f0-813c-d4b8b1151b59 (2026-01-30 15:21:33) needs processing (timestamp: 1769815293.0 > most recent timestamp: 1768930548.0)
Processed 96 deliveries so far...
Processing delivery id: 6bf11764-fe31-11f0-86ae-1bb9d8f732a3
Delivery 6bf11764-fe31-11f0-86ae-1bb9d8f732a3 (2026-01-30 15:14:26) needs processing (timestamp: 1769814866.0 > most recent timestamp: 1768930548.0)
Processed 97 deliveries so far...
Processing delivery id: 9554f3b6-fe2f-11f0-95d7-dd2af6c60097
Delivery 9554f3b6-fe2f-11f0-95d7-dd2af6c60097 (2026-01-30 15:01:16) needs processing (timestamp: 1769814076.0 > most recent timestamp: 1768930548.0)
Processed 98 deliveries so far...
Processing delivery id: ab2e5afa-fe2b-11f0-8ab1-7ec29624b72e
Delivery ab2e5afa-fe2b-11f0-8ab1-7ec29624b72e (2026-01-30 14:33:14) needs processing (timestamp: 1769812394.0 > most recent timestamp: 1768930548.0)
Processed 99 deliveries so far...
Processing delivery id: 40ba6824-fe28-11f0-93f8-5917d52b578b
Delivery 40ba6824-fe28-11f0-93f8-5917d52b578b (2026-01-30 14:08:47) needs processing (timestamp: 1769810927.0 > most recent timestamp: 1768930548.0)
Processed 100 deliveries so far...
Processing delivery id: 1625aeac-fe28-11f0-9c05-35f0d4c311c3
Delivery 1625aeac-fe28-11f0-9c05-35f0d4c311c3 (2026-01-30 14:06:50) needs processing (timestamp: 1769810810.0 > most recent timestamp: 1768930548.0)
Processed 101 deliveries so far...
Processing delivery id: af0b2652-fe27-11f0-8612-c31684bf7d7f
Delivery af0b2652-fe27-11f0-8612-c31684bf7d7f (2026-01-30 14:04:42) needs processing (timestamp: 1769810682.0 > most recent timestamp: 1768930548.0)
Processed 102 deliveries so far...
Processing delivery id: ce7d3102-fe26-11f0-8a0a-a6dffbd539d4
Delivery ce7d3102-fe26-11f0-8a0a-a6dffbd539d4 (2026-01-30 13:58:26) needs processing (timestamp: 1769810306.0 > most recent timestamp: 1768930548.0)
Processed 103 deliveries so far...
Processing delivery id: 5d1f4568-fe21-11f0-88bc-c1adc0a4b014
Delivery 5d1f4568-fe21-11f0-88bc-c1adc0a4b014 (2026-01-30 13:19:26) needs processing (timestamp: 1769807966.0 > most recent timestamp: 1768930548.0)
Processed 104 deliveries so far...
Processing delivery id: 5ced5644-fe20-11f0-8b00-d624edcb0f1b
Delivery 5ced5644-fe20-11f0-8b00-d624edcb0f1b (2026-01-30 13:08:56) needs processing (timestamp: 1769807336.0 > most recent timestamp: 1768930548.0)
Processed 105 deliveries so far...
Processing delivery id: 5cc54078-fe20-11f0-81bc-9d67237227d4
Delivery 5cc54078-fe20-11f0-81bc-9d67237227d4 (2026-01-30 13:05:06) needs processing (timestamp: 1769807106.0 > most recent timestamp: 1768930548.0)
Processed 106 deliveries so far...
Processing delivery id: 9ad332fe-fe1f-11f0-8146-6cbfe9823b2d
Delivery 9ad332fe-fe1f-11f0-8146-6cbfe9823b2d (2026-01-30 13:05:06) needs processing (timestamp: 1769807106.0 > most recent timestamp: 1768930548.0)
Processed 107 deliveries so far...
Processing delivery id: 6ae7d2d0-fe1e-11f0-9498-efc10bda1b36
Delivery 6ae7d2d0-fe1e-11f0-9498-efc10bda1b36 (2026-01-30 12:58:20) needs processing (timestamp: 1769806700.0 > most recent timestamp: 1768930548.0)
Processed 108 deliveries so far...
Processing delivery id: 940459e6-fe18-11f0-94ab-0789afe43e9f
Delivery 940459e6-fe18-11f0-94ab-0789afe43e9f (2026-01-30 12:11:21) needs processing (timestamp: 1769803881.0 > most recent timestamp: 1768930548.0)
Processed 109 deliveries so far...
Processing delivery id: 341ae348-fe17-11f0-9884-29940b1867c7
Delivery 341ae348-fe17-11f0-9884-29940b1867c7 (2026-01-30 12:06:44) needs processing (timestamp: 1769803604.0 > most recent timestamp: 1768930548.0)
Processed 110 deliveries so far...
Processing delivery id: 0f56c18a-fe17-11f0-941e-adc8df3cbbcf
Delivery 0f56c18a-fe17-11f0-941e-adc8df3cbbcf (2026-01-30 12:05:42) needs processing (timestamp: 1769803542.0 > most recent timestamp: 1768930548.0)
Processed 111 deliveries so far...
Processing delivery id: af078e0e-fe16-11f0-937f-2df8f042d493
Delivery af078e0e-fe16-11f0-937f-2df8f042d493 (2026-01-30 11:57:43) needs processing (timestamp: 1769803063.0 > most recent timestamp: 1768930548.0)
Processed 112 deliveries so far...
Processing delivery id: 8ef49b98-fe16-11f0-9ed8-4b9d0a03d464
Delivery 8ef49b98-fe16-11f0-9ed8-4b9d0a03d464 (2026-01-30 12:02:07) needs processing (timestamp: 1769803327.0 > most recent timestamp: 1768930548.0)
Processed 113 deliveries so far...
Processing delivery id: cbcc45b2-fe15-11f0-801c-fbe9de3e4682
Delivery cbcc45b2-fe15-11f0-801c-fbe9de3e4682 (2026-01-30 11:56:40) needs processing (timestamp: 1769803000.0 > most recent timestamp: 1768930548.0)
Processed 114 deliveries so far...
Processing delivery id: aaa4e204-fe15-11f0-8097-f01c303a3465
Delivery aaa4e204-fe15-11f0-8097-f01c303a3465 (2026-01-30 11:55:31) needs processing (timestamp: 1769802931.0 > most recent timestamp: 1768930548.0)
Processed 115 deliveries so far...
Processing delivery id: 5de4bd72-fe15-11f0-8236-373bb73c2b2d
Delivery 5de4bd72-fe15-11f0-8236-373bb73c2b2d (2026-01-30 11:53:26) needs processing (timestamp: 1769802806.0 > most recent timestamp: 1768930548.0)
Processed 116 deliveries so far...
Processing delivery id: a7d826ae-fe14-11f0-952f-c70eec1d001d
Delivery a7d826ae-fe14-11f0-952f-c70eec1d001d (2026-01-30 11:48:21) needs processing (timestamp: 1769802501.0 > most recent timestamp: 1768930548.0)
Processed 117 deliveries so far...
Processing delivery id: 3e27824a-fe14-11f0-91e9-efc39eaebc43
Delivery 3e27824a-fe14-11f0-91e9-efc39eaebc43 (2026-01-29 12:15:06) needs processing (timestamp: 1769717706.0 > most recent timestamp: 1768930548.0)
Processed 118 deliveries so far...
Processing delivery id: 187a831c-fe14-11f0-83ad-56d871e91a75
Delivery 187a831c-fe14-11f0-83ad-56d871e91a75 (2026-01-30 11:44:26) needs processing (timestamp: 1769802266.0 > most recent timestamp: 1768930548.0)
Processed 119 deliveries so far...
Processing delivery id: 23463220-fe12-11f0-8721-d8ef4efbbbf7
Delivery 23463220-fe12-11f0-8721-d8ef4efbbbf7 (2026-01-30 11:25:16) needs processing (timestamp: 1769801116.0 > most recent timestamp: 1768930548.0)
Processed 120 deliveries so far...
Processing delivery id: 67557698-fe11-11f0-81cf-4c59e9b654d5
Delivery 67557698-fe11-11f0-81cf-4c59e9b654d5 (2026-01-30 11:25:00) needs processing (timestamp: 1769801100.0 > most recent timestamp: 1768930548.0)
Processed 121 deliveries so far...
Processing delivery id: 9465d624-fe10-11f0-87ed-672a7a80261c
Delivery 9465d624-fe10-11f0-87ed-672a7a80261c (2026-01-30 11:19:07) needs processing (timestamp: 1769800747.0 > most recent timestamp: 1768930548.0)
Processed 122 deliveries so far...
Processing delivery id: 8498215c-fe10-11f0-8190-3c13dde2b01f
Delivery 8498215c-fe10-11f0-8190-3c13dde2b01f (2026-01-30 11:18:43) needs processing (timestamp: 1769800723.0 > most recent timestamp: 1768930548.0)
Processed 123 deliveries so far...
Processing delivery id: 1f33d58c-fe0a-11f0-96f3-506d58e03996
Delivery 1f33d58c-fe0a-11f0-96f3-506d58e03996 (2026-01-30 10:33:06) needs processing (timestamp: 1769797986.0 > most recent timestamp: 1768930548.0)
Processed 124 deliveries so far...
Processing delivery id: 92f67ae6-fe06-11f0-9c91-2692dc8cdf69
Delivery 92f67ae6-fe06-11f0-9c91-2692dc8cdf69 (2026-01-30 10:07:30) needs processing (timestamp: 1769796450.0 > most recent timestamp: 1768930548.0)
Processed 125 deliveries so far...
Processing delivery id: 17911508-fe03-11f0-93ef-c6041530495d
Delivery 17911508-fe03-11f0-93ef-c6041530495d (2026-01-30 09:42:45) needs processing (timestamp: 1769794965.0 > most recent timestamp: 1768930548.0)
Processed 126 deliveries so far...
Processing delivery id: dc68e4a6-fe02-11f0-8ab2-1cd9755d9177
Delivery dc68e4a6-fe02-11f0-8ab2-1cd9755d9177 (2026-01-30 09:41:02) needs processing (timestamp: 1769794862.0 > most recent timestamp: 1768930548.0)
Processed 127 deliveries so far...
Processing delivery id: 7c4e6dc6-fe01-11f0-8f2f-64a61a8cf99b
Delivery 7c4e6dc6-fe01-11f0-8f2f-64a61a8cf99b (2026-01-30 09:31:16) needs processing (timestamp: 1769794276.0 > most recent timestamp: 1768930548.0)
Processed 128 deliveries so far...
Total number of deliveries processed: 128
Total number of blocked webhooks: 4
Total number of timed_out webhooks: 0
Most recent processed delivery -- id: 1a1a69fe-0057-11f1-9f35-169300a0c6b2, timestamp: 2026-02-02 08:49:00, timestamp: 1770050940.0
