************** Blocked webhook request **************
webhook: https://developer.fiserv.com/api/git-webhook
GitHub delivery Id: e0b06c32-f0ba-11f0-8562-00f765873640
Timestamp: 1768334580.0
transid: 1523460545
clientip: 140.82.115.9
clientport: 51384
request payload: {
    "ref": "refs/heads/feature/QA-AUTO",
    "before": "4b51b6825107cab92dce84bc0be264c04ac3aa6a",
    "after": "32336f26fe23ccdb22b7d433aeb55021f192b6eb",
    "repository": {
        "id": 475501522,
        "node_id": "R_kgDOHFeT0g",
        "name": "issuer-solutions",
        "full_name": "Fiserv/issuer-solutions",
        "private": true,
        "owner": {
            "name": "Fiserv",
            "email": "alvin.cho22@gmail.com",
            "login": "Fiserv",
            "id": 43011046,
            "node_id": "MDEyOk9yZ2FuaXphdGlvbjQzMDExMDQ2",
            "avatar_url": "https://avatars.githubusercontent.com/u/43011046?v=4",
            "gravatar_id": "",
            "url": "https://api.github.com/users/Fiserv",
            "html_url": "https://github.com/Fiserv",
            "followers_url": "https://api.github.com/users/Fiserv/followers",
            "following_url": "https://api.github.com/users/Fiserv/following{/other_user}",
            "gists_url": "https://api.github.com/users/Fiserv/gists{/gist_id}",
            "starred_url": "https://api.github.com/users/Fiserv/starred{/owner}{/repo}",
            "subscriptions_url": "https://api.github.com/users/Fiserv/subscriptions",
            "organizations_url": "https://api.github.com/users/Fiserv/orgs",
            "repos_url": "https://api.github.com/users/Fiserv/repos",
            "events_url": "https://api.github.com/users/Fiserv/events{/privacy}",
            "received_events_url": "https://api.github.com/users/Fiserv/received_events",
            "type": "Organization",
            "user_view_type": "public",
            "site_admin": false
        },
        "html_url": "https://github.com/Fiserv/issuer-solutions",
        "description": null,
        "fork": false,
        "url": "https://api.github.com/repos/Fiserv/issuer-solutions",
        "forks_url": "https://api.github.com/repos/Fiserv/issuer-solutions/forks",
        "keys_url": "https://api.github.com/repos/Fiserv/issuer-solutions/keys{/key_id}",
        "collaborators_url": "https://api.github.com/repos/Fiserv/issuer-solutions/collaborators{/collaborator}",
        "teams_url": "https://api.github.com/repos/Fiserv/issuer-solutions/teams",
        "hooks_url": "https://api.github.com/repos/Fiserv/issuer-solutions/hooks",
        "issue_events_url": "https://api.github.com/repos/Fiserv/issuer-solutions/issues/events{/number}",
        "events_url": "https://api.github.com/repos/Fiserv/issuer-solutions/events",
        "assignees_url": "https://api.github.com/repos/Fiserv/issuer-solutions/assignees{/user}",
        "branches_url": "https://api.github.com/repos/Fiserv/issuer-solutions/branches{/branch}",
        "tags_url": "https://api.github.com/repos/Fiserv/issuer-solutions/tags",
        "blobs_url": "https://api.github.com/repos/Fiserv/issuer-solutions/git/blobs{/sha}",
        "git_tags_url": "https://api.github.com/repos/Fiserv/issuer-solutions/git/tags{/sha}",
        "git_refs_url": "https://api.github.com/repos/Fiserv/issuer-solutions/git/refs{/sha}",
        "trees_url": "https://api.github.com/repos/Fiserv/issuer-solutions/git/trees{/sha}",
        "statuses_url": "https://api.github.com/repos/Fiserv/issuer-solutions/statuses/{sha}",
        "languages_url": "https://api.github.com/repos/Fiserv/issuer-solutions/languages",
        "stargazers_url": "https://api.github.com/repos/Fiserv/issuer-solutions/stargazers",
        "contributors_url": "https://api.github.com/repos/Fiserv/issuer-solutions/contributors",
        "subscribers_url": "https://api.github.com/repos/Fiserv/issuer-solutions/subscribers",
        "subscription_url": "https://api.github.com/repos/Fiserv/issuer-solutions/subscription",
        "commits_url": "https://api.github.com/repos/Fiserv/issuer-solutions/commits{/sha}",
        "git_commits_url": "https://api.github.com/repos/Fiserv/issuer-solutions/git/commits{/sha}",
        "comments_url": "https://api.github.com/repos/Fiserv/issuer-solutions/comments{/number}",
        "issue_comment_url": "https://api.github.com/repos/Fiserv/issuer-solutions/issues/comments{/number}",
        "contents_url": "https://api.github.com/repos/Fiserv/issuer-solutions/contents/{+path}",
        "compare_url": "https://api.github.com/repos/Fiserv/issuer-solutions/compare/{base}...{head}",
        "merges_url": "https://api.github.com/repos/Fiserv/issuer-solutions/merges",
        "archive_url": "https://api.github.com/repos/Fiserv/issuer-solutions/{archive_format}{/ref}",
        "downloads_url": "https://api.github.com/repos/Fiserv/issuer-solutions/downloads",
        "issues_url": "https://api.github.com/repos/Fiserv/issuer-solutions/issues{/number}",
        "pulls_url": "https://api.github.com/repos/Fiserv/issuer-solutions/pulls{/number}",
        "milestones_url": "https://api.github.com/repos/Fiserv/issuer-solutions/milestones{/number}",
        "notifications_url": "https://api.github.com/repos/Fiserv/issuer-solutions/notifications{?since,all,participating}",
        "labels_url": "https://api.github.com/repos/Fiserv/issuer-solutions/labels{/name}",
        "releases_url": "https://api.github.com/repos/Fiserv/issuer-solutions/releases{/id}",
        "deployments_url": "https://api.github.com/repos/Fiserv/issuer-solutions/deployments",
        "created_at": 1648567191,
        "updated_at": "2026-01-12T18:10:06Z",
        "pushed_at": 1768334586,
        "git_url": "git://github.com/Fiserv/issuer-solutions.git",
        "ssh_url": "git@github.com:Fiserv/issuer-solutions.git",
        "clone_url": "https://github.com/Fiserv/issuer-solutions.git",
        "svn_url": "https://github.com/Fiserv/issuer-solutions",
        "homepage": null,
        "size": 1456274,
        "stargazers_count": 0,
        "watchers_count": 0,
        "language": null,
        "has_issues": true,
        "has_projects": true,
        "has_downloads": true,
        "has_wiki": true,
        "has_pages": false,
        "has_discussions": false,
        "forks_count": 0,
        "mirror_url": null,
        "archived": false,
        "disabled": false,
        "open_issues_count": 0,
        "license": null,
        "allow_forking": true,
        "is_template": false,
        "web_commit_signoff_required": false,
        "topics": [],
        "visibility": "private",
        "forks": 0,
        "open_issues": 0,
        "watchers": 0,
        "default_branch": "develop",
        "stargazers": 0,
        "master_branch": "develop",
        "organization": "Fiserv",
        "custom_properties": {}
    },
    "pusher": {
        "name": "fcqf05y",
        "email": "157157238+fcqf05y@users.noreply.github.com"
    },
    "organization": {
        "login": "Fiserv",
        "id": 43011046,
        "node_id": "MDEyOk9yZ2FuaXphdGlvbjQzMDExMDQ2",
        "url": "https://api.github.com/orgs/Fiserv",
        "repos_url": "https://api.github.com/orgs/Fiserv/repos",
        "events_url": "https://api.github.com/orgs/Fiserv/events",
        "hooks_url": "https://api.github.com/orgs/Fiserv/hooks",
        "issues_url": "https://api.github.com/orgs/Fiserv/issues",
        "members_url": "https://api.github.com/orgs/Fiserv/members{/member}",
        "public_members_url": "https://api.github.com/orgs/Fiserv/public_members{/member}",
        "avatar_url": "https://avatars.githubusercontent.com/u/43011046?v=4",
        "description": ""
    },
    "sender": {
        "login": "fcqf05y",
        "id": 157157238,
        "node_id": "U_kgDOCV4Hdg",
        "avatar_url": "https://avatars.githubusercontent.com/u/157157238?v=4",
        "gravatar_id": "",
        "url": "https://api.github.com/users/fcqf05y",
        "html_url": "https://github.com/fcqf05y",
        "followers_url": "https://api.github.com/users/fcqf05y/followers",
        "following_url": "https://api.github.com/users/fcqf05y/following{/other_user}",
        "gists_url": "https://api.github.com/users/fcqf05y/gists{/gist_id}",
        "starred_url": "https://api.github.com/users/fcqf05y/starred{/owner}{/repo}",
        "subscriptions_url": "https://api.github.com/users/fcqf05y/subscriptions",
        "organizations_url": "https://api.github.com/users/fcqf05y/orgs",
        "repos_url": "https://api.github.com/users/fcqf05y/repos",
        "events_url": "https://api.github.com/users/fcqf05y/events{/privacy}",
        "received_events_url": "https://api.github.com/users/fcqf05y/received_events",
        "type": "User",
        "user_view_type": "public",
        "site_admin": false
    },
    "created": false,
    "deleted": false,
    "forced": false,
    "base_ref": null,
    "compare": "https://github.com/Fiserv/issuer-solutions/compare/4b51b6825107...32336f26fe23",
    "commits": [
        {
            "id": "0f2e7da46f70ddf74089f7ceaaf028c5baee7ad8",
            "tree_id": "7f64bec3d831231dc82da0976a705053925cf31d",
            "distinct": false,
            "message": "Merge pull request #1798 from Fiserv/feature/QA-AUTO\n\nAuto PR Creation",
            "timestamp": "2026-01-08T11:42:49-05:00",
            "url": "https://github.com/Fiserv/issuer-solutions/commit/0f2e7da46f70ddf74089f7ceaaf028c5baee7ad8",
            "author": {
                "name": "fcqf05y",
                "email": "157157238+fcqf05y@users.noreply.github.com",
                "date": "2026-01-08T11:42:49-05:00",
                "username": "fcqf05y"
            },
            "committer": {
                "name": "GitHub",
                "email": "noreply@github.com",
                "date": "2026-01-08T11:42:49-05:00",
                "username": "web-flow"
            },
            "added": [
                "reference/1.0.0/uncategorized/installmentloansmaint.yaml"
            ],
            "removed": [],
            "modified": [
                "config/tenant.json",
                "reference/1.0.0/BusinessSupport/Consumer-Preferences.yaml",
                "reference/1.0.0/LoyaltyRewards/PlpAccount.yaml",
                "reference/1.0.0/LoyaltyRewards/PlpMemo.yaml",
                "reference/1.0.0/LoyaltyRewards/Rewards-Copy.yaml",
                "reference/1.0.0/LoyaltyRewards/Rewards.yaml",
                "reference/1.0.0/LoyaltyRewards/RewardsUi.yaml",
                "reference/1.0.0/OperationsExecution/Account.yaml",
                "reference/1.0.0/OperationsExecution/Adjustments.yaml",
                "reference/1.0.0/OperationsExecution/Authorizations.yaml",
                "reference/1.0.0/OperationsExecution/Cims.yaml",
                "reference/1.0.0/OperationsExecution/Collections.yaml",
                "reference/1.0.0/OperationsExecution/Commercial-Card.yaml",
                "reference/1.0.0/OperationsExecution/Customer.yaml",
                "reference/1.0.0/OperationsExecution/Disputes.yaml",
                "reference/1.0.0/OperationsExecution/Insurance.yaml",
                "reference/1.0.0/OperationsExecution/Lending.yaml",
                "reference/1.0.0/OperationsExecution/Maintenance.yaml",
                "reference/1.0.0/OperationsExecution/Merchant.yaml",
                "reference/1.0.0/OperationsExecution/MerchantViews.yaml",
                "reference/1.0.0/OperationsExecution/NonMonetary.yaml",
                "reference/1.0.0/OperationsExecution/OnDot.yaml",
                "reference/1.0.0/OperationsExecution/Payments.yaml",
                "reference/1.0.0/OperationsExecution/Statements.yaml",
                "reference/1.0.0/ReferenceData/Credit-Bureau.yaml",
                "reference/1.0.0/SalesProductManagement/Debit.yaml",
                "reference/1.0.0/SalesProductManagement/Health-Care.yaml",
                "reference/1.0.0/internal/CRE-Chargebacks.yaml",
                "reference/1.0.0/internal/CRE-Claims.yaml",
                "reference/1.0.0/internal/CRE-Config.yaml",
                "reference/1.0.0/internal/CRE-Core-Batch.yaml",
                "reference/1.0.0/internal/CRE-Core-Recovery.yaml",
                "reference/1.0.0/internal/CRE-Core.yaml",
                "reference/1.0.0/internal/CRE-Dispute.yaml",
                "reference/1.0.0/internal/CRE-Event-Handler.yaml",
                "reference/1.0.0/internal/CRE-Event-Remover.yaml",
                "reference/1.0.0/internal/FIWS.yaml",
                "reference/1.0.0/internal/First-Data-Token-Maintenance-Internal.yaml",
                "reference/1.0.0/internal/First-Data-Token-Maintenance.yaml",
                "reference/1.0.0/internal/GFS-Scheduler.yaml",
                "reference/1.0.0/internal/Generic-Services.yaml",
                "reference/1.0.0/internal/Genesis-Services.yaml",
                "reference/1.0.0/internal/Maintenance-Internal.yaml",
                "reference/1.0.0/internal/ODS-Inquiry.yaml",
                "reference/1.0.0/internal/OTP.yaml",
                "reference/1.0.0/internal/Offers-Services.yaml",
                "reference/1.0.0/internal/RiskGateway.yaml",
                "reference/1.0.0/internal/Services-and-Controls---Card-Issuance-Internal.yaml",
                "reference/1.0.0/internal/Solutionbuilder-Internal.yaml",
                "reference/1.0.0/internal/Transactions.yaml",
                "reference/1.0.0/internal/Utilities.yaml",
                "reference/1.0.0/internal/acctoken.yaml",
                "reference/1.0.0/internal/admin.yaml",
                "reference/1.0.0/internal/adminui.yaml",
                "reference/1.0.0/internal/advancedDefense.yaml",
                "reference/1.0.0/internal/auth-Internal.yaml",
                "reference/1.0.0/internal/batchLock.yaml",
                "reference/1.0.0/internal/billing.yaml",
                "reference/1.0.0/internal/collectionsBkcy.yaml",
                "reference/1.0.0/internal/collectionsPtp.yaml",
                "reference/1.0.0/internal/core.yaml",
                "reference/1.0.0/internal/ecsauth.yaml",
                "reference/1.0.0/internal/ecsdata.yaml",
                "reference/1.0.0/internal/ecspayments-Internal.yaml",
                "reference/1.0.0/internal/ocsAuthorization.yaml",
                "reference/1.0.0/internal/ods.yaml",
                "reference/1.0.0/internal/otbcreditone.yaml",
                "reference/1.0.0/internal/otbwellsfargo.yaml",
                "reference/1.0.0/internal/pubsubNotification.yaml",
                "reference/1.0.0/internal/pubsubOndot.yaml",
                "reference/1.0.0/internal/rgwMq.yaml",
                "reference/1.0.0/internal/sas.yaml",
                "reference/1.0.0/static/GET_CARD_LIST.yaml",
                "reference/1.0.0/static/REPLACE_CARD.yaml",
                "reference/1.0.0/static/SET_USER_INFO.yaml",
                "reference/1.0.0/uncategorized/Accept-Bundle-Offer.yaml",
                "reference/1.0.0/uncategorized/Archive.yaml",
                "reference/1.0.0/uncategorized/Auth-Dynamic-Secure-Code-Creation.yaml",
                "reference/1.0.0/uncategorized/Auth-Edge.yaml",
                "reference/1.0.0/uncategorized/Auth-Retail-Link.yaml",
                "reference/1.0.0/uncategorized/Bubble-Report-Service.yaml",
                "reference/1.0.0/uncategorized/Bundle-Offers-Services.yaml",
                "reference/1.0.0/uncategorized/BusinessSupport-Event.yaml",
                "reference/1.0.0/uncategorized/BusinessSupport-Services.yaml",
                "reference/1.0.0/uncategorized/CardActivation.yaml",
                "reference/1.0.0/uncategorized/Case-Detail-Test-data-auto-insert-resource.yaml",
                "reference/1.0.0/uncategorized/Case-Management-Yugabyte.yaml",
                "reference/1.0.0/uncategorized/Case-Management.yaml",
                "reference/1.0.0/uncategorized/Commercial-Services.yaml",
                "reference/1.0.0/uncategorized/Create-or-update-the-records-for-MCC-Services.yaml",
                "reference/1.0.0/uncategorized/DisputeWrapper.yaml",
                "reference/1.0.0/uncategorized/ExternalKafka.yaml",
                "reference/1.0.0/uncategorized/ExternalRecordBuilderResource.yaml",
                "reference/1.0.0/uncategorized/GFS-Memos-Services.yaml",
                "reference/1.0.0/uncategorized/Genesis-Service.yaml",
                "reference/1.0.0/uncategorized/Health-Services.yaml",
                "reference/1.0.0/uncategorized/ILOCC-Tokenization-Event.yaml",
                "reference/1.0.0/uncategorized/Industry.yaml",
                "reference/1.0.0/uncategorized/Installment-Offers-Service.yaml",
                "reference/1.0.0/uncategorized/Internal-kotb.yaml",
                "reference/1.0.0/uncategorized/KafkaProducerResource.yaml",
                "reference/1.0.0/uncategorized/Key-Exchange.yaml",
                "reference/1.0.0/uncategorized/MasterCard-Token-Maintenance.yaml",
                "reference/1.0.0/uncategorized/OCS-Shell.yaml",
                "reference/1.0.0/uncategorized/ORDER-UPDATE.yaml",
                "reference/1.0.0/uncategorized/Offers-Account-Transfer-Services.yaml",
                "reference/1.0.0/uncategorized/OffersBatch.yaml",
                "reference/1.0.0/uncategorized/Orchestrator-Config.yaml",
                "reference/1.0.0/uncategorized/PwpApple.yaml",
                "reference/1.0.0/uncategorized/Query.yaml",
                "reference/1.0.0/uncategorized/RelayFiles.yaml",
                "reference/1.0.0/uncategorized/Services-and-Controls---Card-Issuance.yaml",
                "reference/1.0.0/uncategorized/Ship.yaml",
                "reference/1.0.0/uncategorized/ShippBatch.yaml",
                "reference/1.0.0/uncategorized/Single-transaction-Offer-Services.yaml",
                "reference/1.0.0/uncategorized/Single-transactions-for-MCC-Services.yaml",
                "reference/1.0.0/uncategorized/Tharun-Search.yaml",
                "reference/1.0.0/uncategorized/Tharun_Search.yaml",
                "reference/1.0.0/uncategorized/Token-maintenance.yaml",
                "reference/1.0.0/uncategorized/Token.yaml",
                "reference/1.0.0/uncategorized/TransactionManagement.yaml",
                "reference/1.0.0/uncategorized/Visa-Token-Maintenance.yaml",
                "reference/1.0.0/uncategorized/Voltage-Decryption.yaml",
                "reference/1.0.0/uncategorized/Voltage-Encryption.yaml",
                "reference/1.0.0/uncategorized/alerts.yaml",
                "reference/1.0.0/uncategorized/amortization.yaml",
                "reference/1.0.0/uncategorized/audit.yaml",
                "reference/1.0.0/uncategorized/callback.yaml",
                "reference/1.0.0/uncategorized/channels.yaml",
                "reference/1.0.0/uncategorized/citizens.yaml",
                "reference/1.0.0/uncategorized/citizensinternal.yaml",
                "reference/1.0.0/uncategorized/consumemessage.yaml",
                "reference/1.0.0/uncategorized/creFraud.yaml",
                "reference/1.0.0/uncategorized/dashboardFeed.yaml",
                "reference/1.0.0/uncategorized/dataToken.yaml",
                "reference/1.0.0/uncategorized/db2audit.yaml",
                "reference/1.0.0/uncategorized/easeDocumentStore.yaml",
                "reference/1.0.0/uncategorized/email.yaml",
                "reference/1.0.0/uncategorized/fraud.yaml",
                "reference/1.0.0/uncategorized/gfs-account-services.yaml",
                "reference/1.0.0/uncategorized/idi.yaml",
                "reference/1.0.0/uncategorized/installment-loans.yaml",
                "reference/1.0.0/uncategorized/installmentloans.yaml",
                "reference/1.0.0/uncategorized/installmentloanspayment.yaml",
                "reference/1.0.0/uncategorized/ivrproducer.yaml",
                "reference/1.0.0/uncategorized/kotb.yaml",
                "reference/1.0.0/uncategorized/ocsAuthScheduler.yaml",
                "reference/1.0.0/uncategorized/ondotconsumer.yaml",
                "reference/1.0.0/uncategorized/otbbny.yaml",
                "reference/1.0.0/uncategorized/otbbread.yaml",
                "reference/1.0.0/uncategorized/otbdesjardins.yaml",
                "reference/1.0.0/uncategorized/otbelevate.yaml",
                "reference/1.0.0/uncategorized/otbnordstrom.yaml",
                "reference/1.0.0/uncategorized/otbonbe.yaml",
                "reference/1.0.0/uncategorized/otbpnc.yaml",
                "reference/1.0.0/uncategorized/otbpremier.yaml",
                "reference/1.0.0/uncategorized/otbtarget.yaml",
                "reference/1.0.0/uncategorized/otbvervent.yaml",
                "reference/1.0.0/uncategorized/plpRedemption.yaml",
                "reference/1.0.0/uncategorized/pncTransMgmt.yaml",
                "reference/1.0.0/uncategorized/psSynchrony.yaml",
                "reference/1.0.0/uncategorized/pskces.yaml",
                "reference/1.0.0/uncategorized/publishmessageservice.yaml",
                "reference/1.0.0/uncategorized/requestStatus.yaml",
                "reference/1.0.0/uncategorized/sam.yaml",
                "reference/1.0.0/uncategorized/sasreports.yaml",
                "reference/1.0.0/uncategorized/srndproducer.yaml"
            ]
        },
        {
            "id": "2f4899c1e8fad9d43a66e94901e997eace520020",
            "tree_id": "7daeb1e98fb1490eb9d654211e569b38a63df61b",
            "distinct": false,
            "message": "Update zip files",
            "timestamp": "2026-01-08T16:46:27Z",
            "url": "https://github.com/Fiserv/issuer-solutions/commit/2f4899c1e8fad9d43a66e94901e997eace520020",
            "author": {
                "name": "GitHub Actions",
                "email": "actions@github.com",
                "date": "2026-01-08T16:46:27Z",
                "username": "actions-user"
            },
            "committer": {
                "name": "GitHub Actions",
                "email": "actions@github.com",
                "date": "2026-01-08T16:46:27Z",
                "username": "actions-user"
            },
            "added": [],
            "removed": [],
            "modified": [
                "assets/files/issuer-solutions_postman.zip",
                "assets/files/issuer-solutions_spec.zip"
            ]
        },
        {
            "id": "e040382fef048e9be11e0e90b0c4c76185719660",
            "tree_id": "7daeb1e98fb1490eb9d654211e569b38a63df61b",
            "distinct": false,
            "message": "Merge pull request #1800 from Fiserv/devstudio-update-zip-files-develop\n\nZip Generator Action - develop",
            "timestamp": "2026-01-08T08:47:29-08:00",
            "url": "https://github.com/Fiserv/issuer-solutions/commit/e040382fef048e9be11e0e90b0c4c76185719660",
            "author": {
                "name": "Minh Pham",
                "email": "114534554+minh-pham1@users.noreply.github.com",
                "date": "2026-01-08T08:47:29-08:00",
                "username": "minh-pham1"
            },
            "committer": {
                "name": "GitHub",
                "email": "noreply@github.com",
                "date": "2026-01-08T08:47:29-08:00",
                "username": "web-flow"
            },
            "added": [],
            "removed": [],
            "modified": [
                "assets/files/issuer-solutions_postman.zip",
                "assets/files/issuer-solutions_spec.zip"
            ]
        },
        {
            "id": "e259add3a98fb49c5af12dda60dfabe321c142d6",
            "tree_id": "f2c99999132b963f8b5888a61e170e6c2617062d",
            "distinct": false,
            "message": "Update GET_CARD_LIST.yaml",
            "timestamp": "2026-01-08T12:23:40-05:00",
            "url": "https://github.com/Fiserv/issuer-solutions/commit/e259add3a98fb49c5af12dda60dfabe321c142d6",
            "author": {
                "name": "vamshikadarifiserv",
                "email": "vamshi.kadari@fiserv.com",
                "date": "2026-01-08T12:23:40-05:00",
                "username": "vamshikadarifiserv"
            },
            "committer": {
                "name": "GitHub",
                "email": "noreply@github.com",
                "date": "2026-01-08T12:23:40-05:00",
                "username": "web-flow"
            },
            "added": [],
            "removed": [],
            "modified": [
                "reference/1.0.0/static/GET_CARD_LIST.yaml"
            ]
        },
        {
            "id": "fd5277f7a7016d4ebb0f1abaa4e4ebb1d32d2099",
            "tree_id": "f2c99999132b963f8b5888a61e170e6c2617062d",
            "distinct": false,
            "message": "Merge pull request #1801 from Fiserv/feature/GET_CARD_LIST_Formatting\n\nUpdate GET_CARD_LIST.yaml",
            "timestamp": "2026-01-08T12:24:47-05:00",
            "url": "https://github.com/Fiserv/issuer-solutions/commit/fd5277f7a7016d4ebb0f1abaa4e4ebb1d32d2099",
            "author": {
                "name": "vamshikadarifiserv",
                "email": "vamshi.kadari@fiserv.com",
                "date": "2026-01-08T12:24:47-05:00",
                "username": "vamshikadarifiserv"
            },
            "committer": {
                "name": "GitHub",
                "email": "noreply@github.com",
                "date": "2026-01-08T12:24:47-05:00",
                "username": "web-flow"
            },
            "added": [],
            "removed": [],
            "modified": [
                "reference/1.0.0/static/GET_CARD_LIST.yaml"
            ]
        },
        {
            "id": "681ac548f120782afdb9cea5fafb6c5eafbf9a70",
            "tree_id": "7c50160f7bfb434a9b486ed2b1fbbf165a0146bf",
            "distinct": false,
            "message": "Update zip files",
            "timestamp": "2026-01-08T17:28:30Z",
            "url": "https://github.com/Fiserv/issuer-solutions/commit/681ac548f120782afdb9cea5fafb6c5eafbf9a70",
            "author": {
                "name": "GitHub Actions",
                "email": "actions@github.com",
                "date": "2026-01-08T17:28:30Z",
                "username": "actions-user"
            },
            "committer": {
                "name": "GitHub Actions",
                "email": "actions@github.com",
                "date": "2026-01-08T17:28:30Z",
                "username": "actions-user"
            },
            "added": [],
            "removed": [],
            "modified": [
                "assets/files/issuer-solutions_postman.zip",
                "assets/files/issuer-solutions_spec.zip"
            ]
        },
        {
            "id": "9c52d163b026e7d8d42b35e515296d98d9b1046f",
            "tree_id": "0c3ff355c1d7a64fa2481ead30d8cf6ef93af7a0",
            "distinct": false,
            "message": "Update GET_CARD_LIST.yaml",
            "timestamp": "2026-01-08T12:29:17-05:00",
            "url": "https://github.com/Fiserv/issuer-solutions/commit/9c52d163b026e7d8d42b35e515296d98d9b1046f",
            "author": {
                "name": "vamshikadarifiserv",
                "email": "vamshi.kadari@fiserv.com",
                "date": "2026-01-08T12:29:17-05:00",
                "username": "vamshikadarifiserv"
            },
            "committer": {
                "name": "GitHub",
                "email": "noreply@github.com",
                "date": "2026-01-08T12:29:17-05:00",
                "username": "web-flow"
            },
            "added": [],
            "removed": [],
            "modified": [
                "reference/1.0.0/static/GET_CARD_LIST.yaml"
            ]
        },
        {
            "id": "08127eb718ab42fb35fd3644e39b7b2f39be688f",
            "tree_id": "7c50160f7bfb434a9b486ed2b1fbbf165a0146bf",
            "distinct": false,
            "message": "Merge pull request #1802 from Fiserv/devstudio-update-zip-files-develop\n\nZip Generator Action - develop",
            "timestamp": "2026-01-08T09:29:32-08:00",
            "url": "https://github.com/Fiserv/issuer-solutions/commit/08127eb718ab42fb35fd3644e39b7b2f39be688f",
            "author": {
                "name": "Minh Pham",
                "email": "114534554+minh-pham1@users.noreply.github.com",
                "date": "2026-01-08T09:29:32-08:00",
                "username": "minh-pham1"
            },
            "committer": {
                "name": "GitHub",
                "email": "noreply@github.com",
                "date": "2026-01-08T09:29:32-08:00",
                "username": "web-flow"
            },
            "added": [],
            "removed": [],
            "modified": [
                "assets/files/issuer-solutions_postman.zip",
                "assets/files/issuer-solutions_spec.zip"
            ]
        },
        {
            "id": "660cac00297c45f5295103c6e16de68d4cb42cb4",
            "tree_id": "5a70842a9a20070f79db7d262fc451b2b6edf11a",
            "distinct": false,
            "message": "Merge pull request #1803 from Fiserv/feature/GET_CARD_LIST_Formatting\n\nUpdate GET_CARD_LIST.yaml",
            "timestamp": "2026-01-08T12:34:34-05:00",
            "url": "https://github.com/Fiserv/issuer-solutions/commit/660cac00297c45f5295103c6e16de68d4cb42cb4",
            "author": {
                "name": "vamshikadarifiserv",
                "email": "vamshi.kadari@fiserv.com",
                "date": "2026-01-08T12:34:34-05:00",
                "username": "vamshikadarifiserv"
            },
            "committer": {
                "name": "GitHub",
                "email": "noreply@github.com",
                "date": "2026-01-08T12:34:34-05:00",
                "username": "web-flow"
            },
            "added": [],
            "removed": [],
            "modified": [
                "reference/1.0.0/static/GET_CARD_LIST.yaml"
            ]
        },
        {
            "id": "88ae1649faa36086ba6f2b1cb9c19bc33799bc5a",
            "tree_id": "2ab169647031e77d44536e20663652ac3b9d3c5c",
            "distinct": false,
            "message": "Update zip files",
            "timestamp": "2026-01-08T17:38:15Z",
            "url": "https://github.com/Fiserv/issuer-solutions/commit/88ae1649faa36086ba6f2b1cb9c19bc33799bc5a",
            "author": {
                "name": "GitHub Actions",
                "email": "actions@github.com",
                "date": "2026-01-08T17:38:15Z",
                "username": "actions-user"
            },
            "committer": {
                "name": "GitHub Actions",
                "email": "actions@github.com",
                "date": "2026-01-08T17:38:15Z",
                "username": "actions-user"
            },
            "added": [],
            "removed": [],
            "modified": [
                "assets/files/issuer-solutions_postman.zip",
                "assets/files/issuer-solutions_spec.zip"
            ]
        },
        {
            "id": "54a95ae889f2ea354526ab5c20c848a995f4ae41",
            "tree_id": "2ab169647031e77d44536e20663652ac3b9d3c5c",
            "distinct": false,
            "message": "Merge pull request #1804 from Fiserv/devstudio-update-zip-files-develop\n\nZip Generator Action - develop",
            "timestamp": "2026-01-08T09:39:19-08:00",
            "url": "https://github.com/Fiserv/issuer-solutions/commit/54a95ae889f2ea354526ab5c20c848a995f4ae41",
            "author": {
                "name": "Minh Pham",
                "email": "114534554+minh-pham1@users.noreply.github.com",
                "date": "2026-01-08T09:39:19-08:00",
                "username": "minh-pham1"
            },
            "committer": {
                "name": "GitHub",
                "email": "noreply@github.com",
                "date": "2026-01-08T09:39:19-08:00",
                "username": "web-flow"
            },
            "added": [],
            "removed": [],
            "modified": [
                "assets/files/issuer-solutions_postman.zip",
                "assets/files/issuer-solutions_spec.zip"
            ]
        },
        {
            "id": "509a8fd3a0371703d79d6265a8f2d0988ad5f03e",
            "tree_id": "f1912e8a411939c378cafe776462f54d7a6e97c9",
            "distinct": false,
            "message": "AEOT-440 : Added 360Control.yaml",
            "timestamp": "2026-01-08T14:25:18-05:00",
            "url": "https://github.com/Fiserv/issuer-solutions/commit/509a8fd3a0371703d79d6265a8f2d0988ad5f03e",
            "author": {
                "name": "fcqf05y",
                "email": "bindhumadhavi.vudumula@fiserv.com",
                "date": "2026-01-08T14:25:18-05:00",
                "username": "fcqf05y"
            },
            "committer": {
                "name": "fcqf05y",
                "email": "bindhumadhavi.vudumula@fiserv.com",
                "date": "2026-01-08T14:25:18-05:00",
                "username": "fcqf05y"
            },
            "added": [
                "reference/1.0.0/static/360Control.yaml"
            ],
            "removed": [],
            "modified": []
        },
        {
            "id": "6ae284862d16d9d3654afad2dcf4e1ac95d68860",
            "tree_id": "f1912e8a411939c378cafe776462f54d7a6e97c9",
            "distinct": false,
            "message": "Merge pull request #1805 from Fiserv/feature/AEOT-440-1\n\nAEOT-440 : Added 360Control.yaml",
            "timestamp": "2026-01-08T14:27:10-05:00",
            "url": "https://github.com/Fiserv/issuer-solutions/commit/6ae284862d16d9d3654afad2dcf4e1ac95d68860",
            "author": {
                "name": "fcqf05y",
                "email": "157157238+fcqf05y@users.noreply.github.com",
                "date": "2026-01-08T14:27:10-05:00",
                "username": "fcqf05y"
            },
            "committer": {
                "name": "GitHub",
                "email": "noreply@github.com",
                "date": "2026-01-08T14:27:10-05:00",
                "username": "web-flow"
            },
            "added": [
                "reference/1.0.0/static/360Control.yaml"
            ],
            "removed": [],
            "modified": []
        },
        {
            "id": "aee62fe5864fa0ca3238f5461881bc993e81f626",
            "tree_id": "c7c86f2d68cd5b6c6ac75a4ef29308b4570b5863",
            "distinct": false,
            "message": "Update zip files",
            "timestamp": "2026-01-08T19:30:54Z",
            "url": "https://github.com/Fiserv/issuer-solutions/commit/aee62fe5864fa0ca3238f5461881bc993e81f626",
            "author": {
                "name": "GitHub Actions",
                "email": "actions@github.com",
                "date": "2026-01-08T19:30:54Z",
                "username": "actions-user"
            },
            "committer": {
                "name": "GitHub Actions",
                "email": "actions@github.com",
                "date": "2026-01-08T19:30:54Z",
                "username": "actions-user"
            },
            "added": [],
            "removed": [],
            "modified": [
                "assets/files/issuer-solutions_postman.zip",
                "assets/files/issuer-solutions_spec.zip"
            ]
        },
        {
            "id": "28e07be0245ab08b15af725d8f5c7cbb874e1229",
            "tree_id": "c7c86f2d68cd5b6c6ac75a4ef29308b4570b5863",
            "distinct": false,
            "message": "Merge pull request #1806 from Fiserv/devstudio-update-zip-files-develop\n\nZip Generator Action - develop",
            "timestamp": "2026-01-08T11:32:02-08:00",
            "url": "https://github.com/Fiserv/issuer-solutions/commit/28e07be0245ab08b15af725d8f5c7cbb874e1229",
            "author": {
                "name": "Minh Pham",
                "email": "114534554+minh-pham1@users.noreply.github.com",
                "date": "2026-01-08T11:32:02-08:00",
                "username": "minh-pham1"
            },
            "committer": {
                "name": "GitHub",
                "email": "noreply@github.com",
                "date": "2026-01-08T11:32:02-08:00",
                "username": "web-flow"
            },
            "added": [],
            "removed": [],
            "modified": [
                "assets/files/issuer-solutions_postman.zip",
                "assets/files/issuer-solutions_spec.zip"
            ]
        },
        {
            "id": "b9e1b4d1aa0a27aeca92271cc885d8ea5190a1dc",
            "tree_id": "43da95b0b206c698a999c70ceb26a95573d44868",
            "distinct": false,
            "message": "AEOT-440-3 : Updated tenant.json with 360Control",
            "timestamp": "2026-01-08T14:34:51-05:00",
            "url": "https://github.com/Fiserv/issuer-solutions/commit/b9e1b4d1aa0a27aeca92271cc885d8ea5190a1dc",
            "author": {
                "name": "fcqf05y",
                "email": "bindhumadhavi.vudumula@fiserv.com",
                "date": "2026-01-08T14:34:51-05:00",
                "username": "fcqf05y"
            },
            "committer": {
                "name": "fcqf05y",
                "email": "bindhumadhavi.vudumula@fiserv.com",
                "date": "2026-01-08T14:34:51-05:00",
                "username": "fcqf05y"
            },
            "added": [],
            "removed": [],
            "modified": [
                "config/tenant.json"
            ]
        },
        {
            "id": "f569e070c63e59b4cf5ee0f896c83e9e996bd471",
            "tree_id": "43da95b0b206c698a999c70ceb26a95573d44868",
            "distinct": false,
            "message": "Merge pull request #1809 from Fiserv/feature/AEOT-440-3\n\nAEOT-440-3 : Updated tenant.json with 360Control",
            "timestamp": "2026-01-08T14:36:15-05:00",
            "url": "https://github.com/Fiserv/issuer-solutions/commit/f569e070c63e59b4cf5ee0f896c83e9e996bd471",
            "author": {
                "name": "fcqf05y",
                "email": "157157238+fcqf05y@users.noreply.github.com",
                "date": "2026-01-08T14:36:15-05:00",
                "username": "fcqf05y"
            },
            "committer": {
                "name": "GitHub",
                "email": "noreply@github.com",
                "date": "2026-01-08T14:36:15-05:00",
                "username": "web-flow"
            },
            "added": [],
            "removed": [],
            "modified": [
                "config/tenant.json"
            ]
        },
        {
            "id": "d14d6d4138d6d7c0a3fd018253f992eeb464e1cb",
            "tree_id": "09e45332fb837f676a24483d5d3ce7417aae91b9",
            "distinct": false,
            "message": "Update REPLACE_CARD.yaml",
            "timestamp": "2026-01-08T15:55:55-05:00",
            "url": "https://github.com/Fiserv/issuer-solutions/commit/d14d6d4138d6d7c0a3fd018253f992eeb464e1cb",
            "author": {
                "name": "vamshikadarifiserv",
                "email": "vamshi.kadari@fiserv.com",
                "date": "2026-01-08T15:55:55-05:00",
                "username": "vamshikadarifiserv"
            },
            "committer": {
                "name": "GitHub",
                "email": "noreply@github.com",
                "date": "2026-01-08T15:55:55-05:00",
                "username": "web-flow"
            },
            "added": [],
            "removed": [],
            "modified": [
                "reference/1.0.0/static/REPLACE_CARD.yaml"
            ]
        },
        {
            "id": "a4c6f271eb606fb05550ca3e6e763e3d3f5bbad2",
            "tree_id": "09e45332fb837f676a24483d5d3ce7417aae91b9",
            "distinct": false,
            "message": "Merge pull request #1810 from Fiserv/feature/REPLACE-CARD-ResponseCode\n\nUpdate REPLACE_CARD.yaml",
            "timestamp": "2026-01-08T15:57:25-05:00",
            "url": "https://github.com/Fiserv/issuer-solutions/commit/a4c6f271eb606fb05550ca3e6e763e3d3f5bbad2",
            "author": {
                "name": "vamshikadarifiserv",
                "email": "vamshi.kadari@fiserv.com",
                "date": "2026-01-08T15:57:25-05:00",
                "username": "vamshikadarifiserv"
            },
            "committer": {
                "name": "GitHub",
                "email": "noreply@github.com",
                "date": "2026-01-08T15:57:25-05:00",
                "username": "web-flow"
            },
            "added": [],
            "removed": [],
            "modified": [
                "reference/1.0.0/static/REPLACE_CARD.yaml"
            ]
        },
        {
            "id": "d34920d9f2b7e18ef442b627b9157ddb324fcf0d",
            "tree_id": "66d5a24135d632a6efdd8375d5ceab0de74b692c",
            "distinct": false,
            "message": "Update zip files",
            "timestamp": "2026-01-08T21:01:04Z",
            "url": "https://github.com/Fiserv/issuer-solutions/commit/d34920d9f2b7e18ef442b627b9157ddb324fcf0d",
            "author": {
                "name": "GitHub Actions",
                "email": "actions@github.com",
                "date": "2026-01-08T21:01:04Z",
                "username": "actions-user"
            },
            "committer": {
                "name": "GitHub Actions",
                "email": "actions@github.com",
                "date": "2026-01-08T21:01:04Z",
                "username": "actions-user"
            },
            "added": [],
            "removed": [],
            "modified": [
                "assets/files/issuer-solutions_postman.zip",
                "assets/files/issuer-solutions_spec.zip"
            ]
        },
        {
            "id": "0b1d5573025ca4783b7be73ffe5bc9b252a6192c",
            "tree_id": "66d5a24135d632a6efdd8375d5ceab0de74b692c",
            "distinct": false,
            "message": "Merge pull request #1811 from Fiserv/devstudio-update-zip-files-develop\n\nZip Generator Action - develop",
            "timestamp": "2026-01-08T13:02:05-08:00",
            "url": "https://github.com/Fiserv/issuer-solutions/commit/0b1d5573025ca4783b7be73ffe5bc9b252a6192c",
            "author": {
                "name": "Minh Pham",
                "email": "114534554+minh-pham1@users.noreply.github.com",
                "date": "2026-01-08T13:02:05-08:00",
                "username": "minh-pham1"
            },
            "committer": {
                "name": "GitHub",
                "email": "noreply@github.com",
                "date": "2026-01-08T13:02:05-08:00",
                "username": "web-flow"
            },
            "added": [],
            "removed": [],
            "modified": [
                "assets/files/issuer-solutions_postman.zip",
                "assets/files/issuer-solutions_spec.zip"
            ]
        },
        {
            "id": "59353983298a8c87e7108c682ca89c8cbf4f0f38",
            "tree_id": "8449509e92fadb6b064f9ab85ffcc01755ba03b3",
            "distinct": false,
            "message": "Update GET_CARD_LIST.yaml",
            "timestamp": "2026-01-08T19:07:55-05:00",
            "url": "https://github.com/Fiserv/issuer-solutions/commit/59353983298a8c87e7108c682ca89c8cbf4f0f38",
            "author": {
                "name": "vamshikadarifiserv",
                "email": "vamshi.kadari@fiserv.com",
                "date": "2026-01-08T19:07:55-05:00",
                "username": "vamshikadarifiserv"
            },
            "committer": {
                "name": "GitHub",
                "email": "noreply@github.com",
                "date": "2026-01-08T19:07:55-05:00",
                "username": "web-flow"
            },
            "added": [],
            "removed": [],
            "modified": [
                "reference/1.0.0/static/GET_CARD_LIST.yaml"
            ]
        },
        {
            "id": "0b5fa7a46b543bb33e74942473b4cf4b3b27e140",
            "tree_id": "8449509e92fadb6b064f9ab85ffcc01755ba03b3",
            "distinct": false,
            "message": "Merge pull request #1812 from Fiserv/feature/GET_CARD_LIST_FINAL\n\nUpdate GET_CARD_LIST.yaml",
            "timestamp": "2026-01-08T19:10:00-05:00",
            "url": "https://github.com/Fiserv/issuer-solutions/commit/0b5fa7a46b543bb33e74942473b4cf4b3b27e140",
            "author": {
                "name": "vamshikadarifiserv",
                "email": "vamshi.kadari@fiserv.com",
                "date": "2026-01-08T19:10:00-05:00",
                "username": "vamshikadarifiserv"
            },
            "committer": {
                "name": "GitHub",
                "email": "noreply@github.com",
                "date": "2026-01-08T19:10:00-05:00",
                "username": "web-flow"
            },
            "added": [],
            "removed": [],
            "modified": [
                "reference/1.0.0/static/GET_CARD_LIST.yaml"
            ]
        },
        {
            "id": "7817592d4121c9dc43fb806a5721008f0dc48827",
            "tree_id": "ce933433e495849279f0d4e785559c3f5bad4156",
            "distinct": false,
            "message": "Update zip files",
            "timestamp": "2026-01-09T00:13:43Z",
            "url": "https://github.com/Fiserv/issuer-solutions/commit/7817592d4121c9dc43fb806a5721008f0dc48827",
            "author": {
                "name": "GitHub Actions",
                "email": "actions@github.com",
                "date": "2026-01-09T00:13:43Z",
                "username": "actions-user"
            },
            "committer": {
                "name": "GitHub Actions",
                "email": "actions@github.com",
                "date": "2026-01-09T00:13:43Z",
                "username": "actions-user"
            },
            "added": [],
            "removed": [],
            "modified": [
                "assets/files/issuer-solutions_postman.zip",
                "assets/files/issuer-solutions_spec.zip"
            ]
        },
        {
            "id": "4291627fe1897b2c829b91ffbc60137481c02b1e",
            "tree_id": "ce933433e495849279f0d4e785559c3f5bad4156",
            "distinct": false,
            "message": "Merge pull request #1813 from Fiserv/devstudio-update-zip-files-develop\n\nZip Generator Action - develop",
            "timestamp": "2026-01-08T16:14:47-08:00",
            "url": "https://github.com/Fiserv/issuer-solutions/commit/4291627fe1897b2c829b91ffbc60137481c02b1e",
            "author": {
                "name": "Minh Pham",
                "email": "114534554+minh-pham1@users.noreply.github.com",
                "date": "2026-01-08T16:14:47-08:00",
                "username": "minh-pham1"
            },
            "committer": {
                "name": "GitHub",
                "email": "noreply@github.com",
                "date": "2026-01-08T16:14:47-08:00",
                "username": "web-flow"
            },
            "added": [],
            "removed": [],
            "modified": [
                "assets/files/issuer-solutions_postman.zip",
                "assets/files/issuer-solutions_spec.zip"
            ]
        },
        {
            "id": "cd788dba40ee4eecc784e6701adbff406cdd0af7",
            "tree_id": "e287b454cf0b7cf847d2cc34a0aa61320f7c9029",
            "distinct": false,
            "message": "Update GET_CARD_LIST.yaml",
            "timestamp": "2026-01-08T19:20:37-05:00",
            "url": "https://github.com/Fiserv/issuer-solutions/commit/cd788dba40ee4eecc784e6701adbff406cdd0af7",
            "author": {
                "name": "vamshikadarifiserv",
                "email": "vamshi.kadari@fiserv.com",
                "date": "2026-01-08T19:20:37-05:00",
                "username": "vamshikadarifiserv"
            },
            "committer": {
                "name": "GitHub",
                "email": "noreply@github.com",
                "date": "2026-01-08T19:20:37-05:00",
                "username": "web-flow"
            },
            "added": [],
            "removed": [],
            "modified": [
                "reference/1.0.0/static/GET_CARD_LIST.yaml"
            ]
        },
        {
            "id": "8be61fa54b93ca14aa9c4edb1b14dfa1aacc91a8",
            "tree_id": "e97718ec669d95ee5efe3500813b419b81887aee",
            "distinct": false,
            "message": "Merge pull request #1814 from Fiserv/feature/GET_CARD_LIST_FINAL\n\nUpdate GET_CARD_LIST.yaml",
            "timestamp": "2026-01-08T19:24:28-05:00",
            "url": "https://github.com/Fiserv/issuer-solutions/commit/8be61fa54b93ca14aa9c4edb1b14dfa1aacc91a8",
            "author": {
                "name": "vamshikadarifiserv",
                "email": "vamshi.kadari@fiserv.com",
                "date": "2026-01-08T19:24:28-05:00",
                "username": "vamshikadarifiserv"
            },
            "committer": {
                "name": "GitHub",
                "email": "noreply@github.com",
                "date": "2026-01-08T19:24:28-05:00",
                "username": "web-flow"
            },
            "added": [],
            "removed": [],
            "modified": [
                "reference/1.0.0/static/GET_CARD_LIST.yaml"
            ]
        },
        {
            "id": "2c00946ac2cbafd9ac823a8971ac4ca1cc9d9557",
            "tree_id": "e027aaebbcf072f54b79b407e71b2bac427d02fc",
            "distinct": false,
            "message": "Update zip files",
            "timestamp": "2026-01-09T00:28:06Z",
            "url": "https://github.com/Fiserv/issuer-solutions/commit/2c00946ac2cbafd9ac823a8971ac4ca1cc9d9557",
            "author": {
                "name": "GitHub Actions",
                "email": "actions@github.com",
                "date": "2026-01-09T00:28:06Z",
                "username": "actions-user"
            },
            "committer": {
                "name": "GitHub Actions",
                "email": "actions@github.com",
                "date": "2026-01-09T00:28:06Z",
                "username": "actions-user"
            },
            "added": [],
            "removed": [],
            "modified": [
                "assets/files/issuer-solutions_postman.zip",
                "assets/files/issuer-solutions_spec.zip"
            ]
        },
        {
            "id": "1594912c7a7afb2c0a0890421ecff6145486cc1a",
            "tree_id": "e027aaebbcf072f54b79b407e71b2bac427d02fc",
            "distinct": false,
            "message": "Merge pull request #1815 from Fiserv/devstudio-update-zip-files-develop\n\nZip Generator Action - develop",
            "timestamp": "2026-01-08T16:29:10-08:00",
            "url": "https://github.com/Fiserv/issuer-solutions/commit/1594912c7a7afb2c0a0890421ecff6145486cc1a",
            "author": {
                "name": "Minh Pham",
                "email": "114534554+minh-pham1@users.noreply.github.com",
                "date": "2026-01-08T16:29:10-08:00",
                "username": "minh-pham1"
            },
            "committer": {
                "name": "GitHub",
                "email": "noreply@github.com",
                "date": "2026-01-08T16:29:10-08:00",
                "username": "web-flow"
            },
            "added": [],
            "removed": [],
            "modified": [
                "assets/files/issuer-solutions_postman.zip",
                "assets/files/issuer-solutions_spec.zip"
            ]
        },
        {
            "id": "b38fffd583eddf86fc3597d959ffb5c416085860",
            "tree_id": "dd9684c2b7092697c4dc30344d145f45bdfaba83",
            "distinct": false,
            "message": "Update REPLACE_CARD.yaml",
            "timestamp": "2026-01-12T11:06:19-05:00",
            "url": "https://github.com/Fiserv/issuer-solutions/commit/b38fffd583eddf86fc3597d959ffb5c416085860",
            "author": {
                "name": "vamshikadarifiserv",
                "email": "vamshi.kadari@fiserv.com",
                "date": "2026-01-12T11:06:19-05:00",
                "username": "vamshikadarifiserv"
            },
            "committer": {
                "name": "GitHub",
                "email": "noreply@github.com",
                "date": "2026-01-12T11:06:19-05:00",
                "username": "web-flow"
            },
            "added": [],
            "removed": [],
            "modified": [
                "reference/1.0.0/static/REPLACE_CARD.yaml"
            ]
        },
        {
            "id": "9ec37aa3600e7f132f6b576dd71be313074a18e6",
            "tree_id": "3d332efbaad084b330746358ac7e1e14771666d8",
            "distinct": false,
            "message": "Update SET_CARD_POLICY.yaml",
            "timestamp": "2026-01-12T11:07:01-05:00",
            "url": "https://github.com/Fiserv/issuer-solutions/commit/9ec37aa3600e7f132f6b576dd71be313074a18e6",
            "author": {
                "name": "vamshikadarifiserv",
                "email": "vamshi.kadari@fiserv.com",
                "date": "2026-01-12T11:07:01-05:00",
                "username": "vamshikadarifiserv"
            },
            "committer": {
                "name": "GitHub",
                "email": "noreply@github.com",
                "date": "2026-01-12T11:07:01-05:00",
                "username": "web-flow"
            },
            "added": [],
            "removed": [],
            "modified": [
                "reference/1.0.0/static/SET_CARD_POLICY.yaml"
            ]
        },
        {
            "id": "b7e9b01fe483e60263571913860d6233444626ec",
            "tree_id": "71a099c2043a2538bd43f3bf62b87d0379d8f2b2",
            "distinct": false,
            "message": "Update TDI_GET_TRANSACTION_LIST.yaml",
            "timestamp": "2026-01-12T11:07:20-05:00",
            "url": "https://github.com/Fiserv/issuer-solutions/commit/b7e9b01fe483e60263571913860d6233444626ec",
            "author": {
                "name": "vamshikadarifiserv",
                "email": "vamshi.kadari@fiserv.com",
                "date": "2026-01-12T11:07:20-05:00",
                "username": "vamshikadarifiserv"
            },
            "committer": {
                "name": "GitHub",
                "email": "noreply@github.com",
                "date": "2026-01-12T11:07:20-05:00",
                "username": "web-flow"
            },
            "added": [],
            "removed": [],
            "modified": [
                "reference/1.0.0/static/TDI_GET_TRANSACTION_LIST.yaml"
            ]
        },
        {
            "id": "cd19291d368661e0bdfd56755e05726dec41c26b",
            "tree_id": "71a099c2043a2538bd43f3bf62b87d0379d8f2b2",
            "distinct": false,
            "message": "Merge pull request #1816 from Fiserv/feature/contextualmessagingapifinal\n\nUpdate REPLACE_CARD.yaml",
            "timestamp": "2026-01-12T11:14:35-05:00",
            "url": "https://github.com/Fiserv/issuer-solutions/commit/cd19291d368661e0bdfd56755e05726dec41c26b",
            "author": {
                "name": "vamshikadarifiserv",
                "email": "vamshi.kadari@fiserv.com",
                "date": "2026-01-12T11:14:35-05:00",
                "username": "vamshikadarifiserv"
            },
            "committer": {
                "name": "GitHub",
                "email": "noreply@github.com",
                "date": "2026-01-12T11:14:35-05:00",
                "username": "web-flow"
            },
            "added": [],
            "removed": [],
            "modified": [
                "reference/1.0.0/static/REPLACE_CARD.yaml",
                "reference/1.0.0/static/SET_CARD_POLICY.yaml",
                "reference/1.0.0/static/TDI_GET_TRANSACTION_LIST.yaml"
            ]
        },
        {
            "id": "db240d5e71f7fbc822a2eefaafe653a22c17e6b2",
            "tree_id": "c7a52d06e9e3c864dc5e6c5f2c8f7c701c0f5d00",
            "distinct": false,
            "message": "Update zip files",
            "timestamp": "2026-01-12T16:18:18Z",
            "url": "https://github.com/Fiserv/issuer-solutions/commit/db240d5e71f7fbc822a2eefaafe653a22c17e6b2",
            "author": {
                "name": "GitHub Actions",
                "email": "actions@github.com",
                "date": "2026-01-12T16:18:18Z",
                "username": "actions-user"
            },
            "committer": {
                "name": "GitHub Actions",
                "email": "actions@github.com",
                "date": "2026-01-12T16:18:18Z",
                "username": "actions-user"
            },
            "added": [],
            "removed": [],
            "modified": [
                "assets/files/issuer-solutions_postman.zip",
                "assets/files/issuer-solutions_spec.zip"
            ]
        },
        {
            "id": "475d5da136e1459feab81b7c9d4f0148d0afd8dc",
            "tree_id": "c7a52d06e9e3c864dc5e6c5f2c8f7c701c0f5d00",
            "distinct": false,
            "message": "Merge pull request #1817 from Fiserv/devstudio-update-zip-files-develop\n\nZip Generator Action - develop",
            "timestamp": "2026-01-12T08:19:24-08:00",
            "url": "https://github.com/Fiserv/issuer-solutions/commit/475d5da136e1459feab81b7c9d4f0148d0afd8dc",
            "author": {
                "name": "Minh Pham",
                "email": "114534554+minh-pham1@users.noreply.github.com",
                "date": "2026-01-12T08:19:24-08:00",
                "username": "minh-pham1"
            },
            "committer": {
                "name": "GitHub",
                "email": "noreply@github.com",
                "date": "2026-01-12T08:19:24-08:00",
                "username": "web-flow"
            },
            "added": [],
            "removed": [],
            "modified": [
                "assets/files/issuer-solutions_postman.zip",
                "assets/files/issuer-solutions_spec.zip"
            ]
        },
        {
            "id": "8f44fbbd01a5b807d736eabecf4fb3ef741c2564",
            "tree_id": "104a98262ddc882ee92b8143badf1bc62269d970",
            "distinct": false,
            "message": "Update GET_CARD_LIST.yaml",
            "timestamp": "2026-01-12T11:19:30-05:00",
            "url": "https://github.com/Fiserv/issuer-solutions/commit/8f44fbbd01a5b807d736eabecf4fb3ef741c2564",
            "author": {
                "name": "vamshikadarifiserv",
                "email": "vamshi.kadari@fiserv.com",
                "date": "2026-01-12T11:19:30-05:00",
                "username": "vamshikadarifiserv"
            },
            "committer": {
                "name": "GitHub",
                "email": "noreply@github.com",
                "date": "2026-01-12T11:19:30-05:00",
                "username": "web-flow"
            },
            "added": [],
            "removed": [],
            "modified": [
                "reference/1.0.0/static/GET_CARD_LIST.yaml"
            ]
        },
        {
            "id": "f64cccb53e16f7f8f999f6a2aa9eaae1ea041fd7",
            "tree_id": "12be0a070b6826d17e13917a0cfb653088a9fbdf",
            "distinct": false,
            "message": "Merge pull request #1818 from Fiserv/feature/contextualmessagingapifinal\n\nUpdate GET_CARD_LIST.yaml",
            "timestamp": "2026-01-12T11:20:53-05:00",
            "url": "https://github.com/Fiserv/issuer-solutions/commit/f64cccb53e16f7f8f999f6a2aa9eaae1ea041fd7",
            "author": {
                "name": "vamshikadarifiserv",
                "email": "vamshi.kadari@fiserv.com",
                "date": "2026-01-12T11:20:53-05:00",
                "username": "vamshikadarifiserv"
            },
            "committer": {
                "name": "GitHub",
                "email": "noreply@github.com",
                "date": "2026-01-12T11:20:53-05:00",
                "username": "web-flow"
            },
            "added": [],
            "removed": [],
            "modified": [
                "reference/1.0.0/static/GET_CARD_LIST.yaml"
            ]
        },
        {
            "id": "c5836c6aa18bcd0b30223801c3e08e55ab65ddc4",
            "tree_id": "02c7003fa2e311c1950c9a8254780e665398638b",
            "distinct": false,
            "message": "Update zip files",
            "timestamp": "2026-01-12T16:24:34Z",
            "url": "https://github.com/Fiserv/issuer-solutions/commit/c5836c6aa18bcd0b30223801c3e08e55ab65ddc4",
            "author": {
                "name": "GitHub Actions",
                "email": "actions@github.com",
                "date": "2026-01-12T16:24:34Z",
                "username": "actions-user"
            },
            "committer": {
                "name": "GitHub Actions",
                "email": "actions@github.com",
                "date": "2026-01-12T16:24:34Z",
                "username": "actions-user"
            },
            "added": [],
            "removed": [],
            "modified": [
                "assets/files/issuer-solutions_postman.zip",
                "assets/files/issuer-solutions_spec.zip"
            ]
        },
        {
            "id": "645f21fd20cb2f777365d958b42084cb22cc0311",
            "tree_id": "02c7003fa2e311c1950c9a8254780e665398638b",
            "distinct": false,
            "message": "Merge pull request #1819 from Fiserv/devstudio-update-zip-files-develop\n\nZip Generator Action - develop",
            "timestamp": "2026-01-12T08:25:41-08:00",
            "url": "https://github.com/Fiserv/issuer-solutions/commit/645f21fd20cb2f777365d958b42084cb22cc0311",
            "author": {
                "name": "Minh Pham",
                "email": "114534554+minh-pham1@users.noreply.github.com",
                "date": "2026-01-12T08:25:41-08:00",
                "username": "minh-pham1"
            },
            "committer": {
                "name": "GitHub",
                "email": "noreply@github.com",
                "date": "2026-01-12T08:25:41-08:00",
                "username": "web-flow"
            },
            "added": [],
            "removed": [],
            "modified": [
                "assets/files/issuer-solutions_postman.zip",
                "assets/files/issuer-solutions_spec.zip"
            ]
        },
        {
            "id": "c367730ff803f51f9fc0443ddea102b997df9772",
            "tree_id": "688bee039e7fe1b57678a30da8d3a004e3098609",
            "distinct": false,
            "message": "Update REPLACE_CARD.yaml",
            "timestamp": "2026-01-12T11:50:01-05:00",
            "url": "https://github.com/Fiserv/issuer-solutions/commit/c367730ff803f51f9fc0443ddea102b997df9772",
            "author": {
                "name": "vamshikadarifiserv",
                "email": "vamshi.kadari@fiserv.com",
                "date": "2026-01-12T11:50:01-05:00",
                "username": "vamshikadarifiserv"
            },
            "committer": {
                "name": "GitHub",
                "email": "noreply@github.com",
                "date": "2026-01-12T11:50:01-05:00",
                "username": "web-flow"
            },
            "added": [],
            "removed": [],
            "modified": [
                "reference/1.0.0/static/REPLACE_CARD.yaml"
            ]
        },
        {
            "id": "8a68879abde1600d475947102bc0fb8ecb1ff066",
            "tree_id": "688bee039e7fe1b57678a30da8d3a004e3098609",
            "distinct": false,
            "message": "Update SET_CARD_POLICY.yaml",
            "timestamp": "2026-01-12T11:50:54-05:00",
            "url": "https://github.com/Fiserv/issuer-solutions/commit/8a68879abde1600d475947102bc0fb8ecb1ff066",
            "author": {
                "name": "vamshikadarifiserv",
                "email": "vamshi.kadari@fiserv.com",
                "date": "2026-01-12T11:50:54-05:00",
                "username": "vamshikadarifiserv"
            },
            "committer": {
                "name": "GitHub",
                "email": "noreply@github.com",
                "date": "2026-01-12T11:50:54-05:00",
                "username": "web-flow"
            },
            "added": [],
            "removed": [],
            "modified": []
        },
        {
            "id": "c5ba4373941decc7493ffc323c1208e520903673",
            "tree_id": "688bee039e7fe1b57678a30da8d3a004e3098609",
            "distinct": false,
            "message": "Update TDI_GET_TRANSACTION_LIST.yaml",
            "timestamp": "2026-01-12T11:51:05-05:00",
            "url": "https://github.com/Fiserv/issuer-solutions/commit/c5ba4373941decc7493ffc323c1208e520903673",
            "author": {
                "name": "vamshikadarifiserv",
                "email": "vamshi.kadari@fiserv.com",
                "date": "2026-01-12T11:51:05-05:00",
                "username": "vamshikadarifiserv"
            },
            "committer": {
                "name": "GitHub",
                "email": "noreply@github.com",
                "date": "2026-01-12T11:51:05-05:00",
                "username": "web-flow"
            },
            "added": [],
            "removed": [],
            "modified": []
        },
        {
            "id": "6fcc3c3258d029a18ea1907dc3e08ef32dc38406",
            "tree_id": "fbb529ef0c498aa7f166a20beb47e16f7a9f3aba",
            "distinct": false,
            "message": "Merge pull request #1820 from Fiserv/feature/contextualmessagingapifinal\n\nUpdate REPLACE_CARD.yaml",
            "timestamp": "2026-01-12T11:52:49-05:00",
            "url": "https://github.com/Fiserv/issuer-solutions/commit/6fcc3c3258d029a18ea1907dc3e08ef32dc38406",
            "author": {
                "name": "vamshikadarifiserv",
                "email": "vamshi.kadari@fiserv.com",
                "date": "2026-01-12T11:52:49-05:00",
                "username": "vamshikadarifiserv"
            },
            "committer": {
                "name": "GitHub",
                "email": "noreply@github.com",
                "date": "2026-01-12T11:52:49-05:00",
                "username": "web-flow"
            },
            "added": [],
            "removed": [],
            "modified": [
                "reference/1.0.0/static/REPLACE_CARD.yaml"
            ]
        },
        {
            "id": "2e20425d6693d126ab46b8b0b1cf953c716b83d7",
            "tree_id": "00ea18f08ca4cd3018b36c8d05dbc5f61b434ea1",
            "distinct": false,
            "message": "Update zip files",
            "timestamp": "2026-01-12T16:56:29Z",
            "url": "https://github.com/Fiserv/issuer-solutions/commit/2e20425d6693d126ab46b8b0b1cf953c716b83d7",
            "author": {
                "name": "GitHub Actions",
                "email": "actions@github.com",
                "date": "2026-01-12T16:56:29Z",
                "username": "actions-user"
            },
            "committer": {
                "name": "GitHub Actions",
                "email": "actions@github.com",
                "date": "2026-01-12T16:56:29Z",
                "username": "actions-user"
            },
            "added": [],
            "removed": [],
            "modified": [
                "assets/files/issuer-solutions_postman.zip",
                "assets/files/issuer-solutions_spec.zip"
            ]
        },
        {
            "id": "67575d2080e91d36c2b49b9934055751d8116605",
            "tree_id": "00ea18f08ca4cd3018b36c8d05dbc5f61b434ea1",
            "distinct": false,
            "message": "Merge pull request #1821 from Fiserv/devstudio-update-zip-files-develop\n\nZip Generator Action - develop",
            "timestamp": "2026-01-12T08:57:35-08:00",
            "url": "https://github.com/Fiserv/issuer-solutions/commit/67575d2080e91d36c2b49b9934055751d8116605",
            "author": {
                "name": "Minh Pham",
                "email": "114534554+minh-pham1@users.noreply.github.com",
                "date": "2026-01-12T08:57:35-08:00",
                "username": "minh-pham1"
            },
            "committer": {
                "name": "GitHub",
                "email": "noreply@github.com",
                "date": "2026-01-12T08:57:35-08:00",
                "username": "web-flow"
            },
            "added": [],
            "removed": [],
            "modified": [
                "assets/files/issuer-solutions_postman.zip",
                "assets/files/issuer-solutions_spec.zip"
            ]
        },
        {
            "id": "252ad6edc1694dbc389f56277bea9d796179425a",
            "tree_id": "cd1c489b9c953e5389d89a0b029765dd10ced0c6",
            "distinct": false,
            "message": "Update SET_USER_INFO.yaml",
            "timestamp": "2026-01-12T13:03:07-05:00",
            "url": "https://github.com/Fiserv/issuer-solutions/commit/252ad6edc1694dbc389f56277bea9d796179425a",
            "author": {
                "name": "vamshikadarifiserv",
                "email": "vamshi.kadari@fiserv.com",
                "date": "2026-01-12T13:03:07-05:00",
                "username": "vamshikadarifiserv"
            },
            "committer": {
                "name": "GitHub",
                "email": "noreply@github.com",
                "date": "2026-01-12T13:03:07-05:00",
                "username": "web-flow"
            },
            "added": [],
            "removed": [],
            "modified": [
                "reference/1.0.0/static/SET_USER_INFO.yaml"
            ]
        },
        {
            "id": "92b9c7ab624ca10ad734333e9782f4f309468010",
            "tree_id": "273333b52cc2e6edffc5e2a1faaae6a0439d32f1",
            "distinct": false,
            "message": "Merge pull request #1822 from Fiserv/feature/contextualmessagingapifinal\n\nUpdate SET_USER_INFO.yaml",
            "timestamp": "2026-01-12T13:05:28-05:00",
            "url": "https://github.com/Fiserv/issuer-solutions/commit/92b9c7ab624ca10ad734333e9782f4f309468010",
            "author": {
                "name": "vamshikadarifiserv",
                "email": "vamshi.kadari@fiserv.com",
                "date": "2026-01-12T13:05:28-05:00",
                "username": "vamshikadarifiserv"
            },
            "committer": {
                "name": "GitHub",
                "email": "noreply@github.com",
                "date": "2026-01-12T13:05:28-05:00",
                "username": "web-flow"
            },
            "added": [],
            "removed": [],
            "modified": [
                "reference/1.0.0/static/SET_USER_INFO.yaml"
            ]
        },
        {
            "id": "f92ad0d876785ae2574ae17a6887ddc380d39f35",
            "tree_id": "5dbadf04bca4c9dbba66b7643fe7c6d323117880",
            "distinct": false,
            "message": "Update zip files",
            "timestamp": "2026-01-12T18:08:59Z",
            "url": "https://github.com/Fiserv/issuer-solutions/commit/f92ad0d876785ae2574ae17a6887ddc380d39f35",
            "author": {
                "name": "GitHub Actions",
                "email": "actions@github.com",
                "date": "2026-01-12T18:08:59Z",
                "username": "actions-user"
            },
            "committer": {
                "name": "GitHub Actions",
                "email": "actions@github.com",
                "date": "2026-01-12T18:08:59Z",
                "username": "actions-user"
            },
            "added": [],
            "removed": [],
            "modified": [
                "assets/files/issuer-solutions_postman.zip",
                "assets/files/issuer-solutions_spec.zip"
            ]
        },
        {
            "id": "e675c74347c27e2c1e7924236c8047e80e682dad",
            "tree_id": "5dbadf04bca4c9dbba66b7643fe7c6d323117880",
            "distinct": false,
            "message": "Merge pull request #1823 from Fiserv/devstudio-update-zip-files-develop\n\nZip Generator Action - develop",
            "timestamp": "2026-01-12T10:10:01-08:00",
            "url": "https://github.com/Fiserv/issuer-solutions/commit/e675c74347c27e2c1e7924236c8047e80e682dad",
            "author": {
                "name": "Minh Pham",
                "email": "114534554+minh-pham1@users.noreply.github.com",
                "date": "2026-01-12T10:10:01-08:00",
                "username": "minh-pham1"
            },
            "committer": {
                "name": "GitHub",
                "email": "noreply@github.com",
                "date": "2026-01-12T10:10:01-08:00",
                "username": "web-flow"
            },
            "added": [],
            "removed": [],
            "modified": [
                "assets/files/issuer-solutions_postman.zip",
                "assets/files/issuer-solutions_spec.zip"
            ]
        },
        {
            "id": "32336f26fe23ccdb22b7d433aeb55021f192b6eb",
            "tree_id": "07f1ce891a2535d34fe5e54c0d21a640ea7e777c",
            "distinct": true,
            "message": "Automatic script: adding new update in YAML files",
            "timestamp": "2026-01-13T15:03:00-05:00",
            "url": "https://github.com/Fiserv/issuer-solutions/commit/32336f26fe23ccdb22b7d433aeb55021f192b6eb",
            "author": {
                "name": "fcqf05y",
                "email": "bindhumadhavi.vudumula@fiserv.com",
                "date": "2026-01-13T15:03:00-05:00",
                "username": "fcqf05y"
            },
            "committer": {
                "name": "fcqf05y",
                "email": "bindhumadhavi.vudumula@fiserv.com",
                "date": "2026-01-13T15:03:00-05:00",
                "username": "fcqf05y"
            },
            "added": [],
            "removed": [],
            "modified": [
                "config/tenant.json",
                "reference/1.0.0/BusinessSupport/Consumer-Preferences.yaml",
                "reference/1.0.0/LoyaltyRewards/PlpAccount.yaml",
                "reference/1.0.0/LoyaltyRewards/PlpMemo.yaml",
                "reference/1.0.0/LoyaltyRewards/Rewards-Copy.yaml",
                "reference/1.0.0/LoyaltyRewards/Rewards.yaml",
                "reference/1.0.0/LoyaltyRewards/RewardsUi.yaml",
                "reference/1.0.0/OperationsExecution/Account.yaml",
                "reference/1.0.0/OperationsExecution/Adjustments.yaml",
                "reference/1.0.0/OperationsExecution/Authorizations.yaml",
                "reference/1.0.0/OperationsExecution/Collections.yaml",
                "reference/1.0.0/OperationsExecution/Commercial-Card.yaml",
                "reference/1.0.0/OperationsExecution/Customer.yaml",
                "reference/1.0.0/OperationsExecution/Disputes.yaml",
                "reference/1.0.0/OperationsExecution/Insurance.yaml",
                "reference/1.0.0/OperationsExecution/Lending.yaml",
                "reference/1.0.0/OperationsExecution/Maintenance.yaml",
                "reference/1.0.0/OperationsExecution/Merchant.yaml",
                "reference/1.0.0/OperationsExecution/MerchantViews.yaml",
                "reference/1.0.0/OperationsExecution/NonMonetary.yaml",
                "reference/1.0.0/OperationsExecution/OnDot.yaml",
                "reference/1.0.0/OperationsExecution/Payments.yaml",
                "reference/1.0.0/OperationsExecution/Statements.yaml",
                "reference/1.0.0/ReferenceData/Credit-Bureau.yaml",
                "reference/1.0.0/SalesProductManagement/Debit.yaml",
                "reference/1.0.0/SalesProductManagement/Health-Care.yaml",
                "reference/1.0.0/internal/CRE-Chargebacks.yaml",
                "reference/1.0.0/internal/CRE-Claims.yaml",
                "reference/1.0.0/internal/CRE-Config.yaml",
                "reference/1.0.0/internal/CRE-Core-Batch.yaml",
                "reference/1.0.0/internal/CRE-Core-Recovery.yaml",
                "reference/1.0.0/internal/CRE-Core.yaml",
                "reference/1.0.0/internal/CRE-Dispute.yaml",
                "reference/1.0.0/internal/CRE-Event-Handler.yaml",
                "reference/1.0.0/internal/CRE-Event-Remover.yaml",
                "reference/1.0.0/internal/FIWS.yaml",
                "reference/1.0.0/internal/First-Data-Token-Maintenance-Internal.yaml",
                "reference/1.0.0/internal/First-Data-Token-Maintenance.yaml",
                "reference/1.0.0/internal/GFS-Scheduler.yaml",
                "reference/1.0.0/internal/Generic-Services.yaml",
                "reference/1.0.0/internal/Genesis-Services.yaml",
                "reference/1.0.0/internal/Maintenance-Internal.yaml",
                "reference/1.0.0/internal/ODS-Inquiry.yaml",
                "reference/1.0.0/internal/OTP.yaml",
                "reference/1.0.0/internal/Offers-Services.yaml",
                "reference/1.0.0/internal/RiskGateway.yaml",
                "reference/1.0.0/internal/SamBatch.yaml",
                "reference/1.0.0/internal/Solutionbuilder-Internal.yaml",
                "reference/1.0.0/internal/Transactions.yaml",
                "reference/1.0.0/internal/Utilities.yaml",
                "reference/1.0.0/internal/acctoken.yaml",
                "reference/1.0.0/internal/admin.yaml",
                "reference/1.0.0/internal/adminui.yaml",
                "reference/1.0.0/internal/advancedDefense.yaml",
                "reference/1.0.0/internal/auth-Internal.yaml",
                "reference/1.0.0/internal/batchLock.yaml",
                "reference/1.0.0/internal/billing.yaml",
                "reference/1.0.0/internal/collectionsBkcy.yaml",
                "reference/1.0.0/internal/collectionsPtp.yaml",
                "reference/1.0.0/internal/core.yaml",
                "reference/1.0.0/internal/ecsauth.yaml",
                "reference/1.0.0/internal/ecsdata.yaml",
                "reference/1.0.0/internal/ecspayments-Internal.yaml",
                "reference/1.0.0/internal/ocsAuthorization.yaml",
                "reference/1.0.0/internal/ods.yaml",
                "reference/1.0.0/internal/otbcreditone.yaml",
                "reference/1.0.0/internal/otbwellsfargo.yaml",
                "reference/1.0.0/internal/pubsubNotification.yaml",
                "reference/1.0.0/internal/pubsubOndot.yaml",
                "reference/1.0.0/internal/rgwMq.yaml",
                "reference/1.0.0/internal/sas.yaml",
                "reference/1.0.0/static/360Control.yaml",
                "reference/1.0.0/static/GET_CARD_LIST.yaml",
                "reference/1.0.0/static/REPLACE_CARD.yaml",
                "reference/1.0.0/static/SET_CARD_POLICY.yaml",
                "reference/1.0.0/static/SET_USER_INFO.yaml",
                "reference/1.0.0/static/TDI_GET_TRANSACTION_LIST.yaml",
                "reference/1.0.0/uncategorized/Accept-Bundle-Offer.yaml",
                "reference/1.0.0/uncategorized/Archive.yaml",
                "reference/1.0.0/uncategorized/Auth-Dynamic-Secure-Code-Creation.yaml",
                "reference/1.0.0/uncategorized/Auth-Edge.yaml",
                "reference/1.0.0/uncategorized/Auth-Retail-Link.yaml",
                "reference/1.0.0/uncategorized/Bubble-Report-Service.yaml",
                "reference/1.0.0/uncategorized/Bundle-Offers-Services.yaml",
                "reference/1.0.0/uncategorized/BusinessSupport-Event.yaml",
                "reference/1.0.0/uncategorized/BusinessSupport-Services.yaml",
                "reference/1.0.0/uncategorized/CardActivation.yaml",
                "reference/1.0.0/uncategorized/Case-Detail-Test-data-auto-insert-resource.yaml",
                "reference/1.0.0/uncategorized/Case-Management-Yugabyte.yaml",
                "reference/1.0.0/uncategorized/Case-Management.yaml",
                "reference/1.0.0/uncategorized/Commercial-Services.yaml",
                "reference/1.0.0/uncategorized/Create-or-update-the-records-for-MCC-Services.yaml",
                "reference/1.0.0/uncategorized/DisputeWrapper.yaml",
                "reference/1.0.0/uncategorized/ExternalKafka.yaml",
                "reference/1.0.0/uncategorized/ExternalRecordBuilderResource.yaml",
                "reference/1.0.0/uncategorized/GFS-Memos-Services.yaml",
                "reference/1.0.0/uncategorized/Genesis-Service.yaml",
                "reference/1.0.0/uncategorized/Health-Services.yaml",
                "reference/1.0.0/uncategorized/ILOCC-Tokenization-Event.yaml",
                "reference/1.0.0/uncategorized/Industry.yaml",
                "reference/1.0.0/uncategorized/Installment-Offers-Service.yaml",
                "reference/1.0.0/uncategorized/Internal-kotb.yaml",
                "reference/1.0.0/uncategorized/KafkaProducerResource.yaml",
                "reference/1.0.0/uncategorized/Key-Exchange.yaml",
                "reference/1.0.0/uncategorized/MasterCard-Token-Maintenance.yaml",
                "reference/1.0.0/uncategorized/OCS-Shell.yaml",
                "reference/1.0.0/uncategorized/ORDER-UPDATE.yaml",
                "reference/1.0.0/uncategorized/Offers-Account-Transfer-Services.yaml",
                "reference/1.0.0/uncategorized/OffersBatch.yaml",
                "reference/1.0.0/uncategorized/Orchestrator-Config.yaml",
                "reference/1.0.0/uncategorized/PwpApple.yaml",
                "reference/1.0.0/uncategorized/Query.yaml",
                "reference/1.0.0/uncategorized/RelayFiles.yaml",
                "reference/1.0.0/uncategorized/Ship.yaml",
                "reference/1.0.0/uncategorized/ShippBatch.yaml",
                "reference/1.0.0/uncategorized/Single-transaction-Offer-Services.yaml",
                "reference/1.0.0/uncategorized/Single-transactions-for-MCC-Services.yaml",
                "reference/1.0.0/uncategorized/Tharun-Search.yaml",
                "reference/1.0.0/uncategorized/Tharun_Search.yaml",
                "reference/1.0.0/uncategorized/Token-maintenance.yaml",
                "reference/1.0.0/uncategorized/Token.yaml",
                "reference/1.0.0/uncategorized/TransactionManagement.yaml",
                "reference/1.0.0/uncategorized/Visa-Token-Maintenance.yaml",
                "reference/1.0.0/uncategorized/Voltage-Decryption.yaml",
                "reference/1.0.0/uncategorized/Voltage-Encryption.yaml",
                "reference/1.0.0/uncategorized/alerts.yaml",
                "reference/1.0.0/uncategorized/amortization.yaml",
                "reference/1.0.0/uncategorized/audit.yaml",
                "reference/1.0.0/uncategorized/callback.yaml",
                "reference/1.0.0/uncategorized/channels.yaml",
                "reference/1.0.0/uncategorized/citizens.yaml",
                "reference/1.0.0/uncategorized/citizensinternal.yaml",
                "reference/1.0.0/uncategorized/consumemessage.yaml",
                "reference/1.0.0/uncategorized/creFraud.yaml",
                "reference/1.0.0/uncategorized/dashboardFeed.yaml",
                "reference/1.0.0/uncategorized/dataToken.yaml",
                "reference/1.0.0/uncategorized/db2audit.yaml",
                "reference/1.0.0/uncategorized/digitalWalletPwp.yaml",
                "reference/1.0.0/uncategorized/easeDocumentStore.yaml",
                "reference/1.0.0/uncategorized/email.yaml",
                "reference/1.0.0/uncategorized/fraud.yaml",
                "reference/1.0.0/uncategorized/gfs-account-services.yaml",
                "reference/1.0.0/uncategorized/idi.yaml",
                "reference/1.0.0/uncategorized/installment-loans.yaml",
                "reference/1.0.0/uncategorized/installmentloans.yaml",
                "reference/1.0.0/uncategorized/installmentloansmaint.yaml",
                "reference/1.0.0/uncategorized/installmentloanspayment.yaml",
                "reference/1.0.0/uncategorized/ivrproducer.yaml",
                "reference/1.0.0/uncategorized/kotb.yaml",
                "reference/1.0.0/uncategorized/ocsAuthScheduler.yaml",
                "reference/1.0.0/uncategorized/ondotconsumer.yaml",
                "reference/1.0.0/uncategorized/otbbny.yaml",
                "reference/1.0.0/uncategorized/otbbread.yaml",
                "reference/1.0.0/uncategorized/otbdesjardins.yaml",
                "reference/1.0.0/uncategorized/otbelevate.yaml",
                "reference/1.0.0/uncategorized/otbnordstrom.yaml",
                "reference/1.0.0/uncategorized/otbonbe.yaml",
                "reference/1.0.0/uncategorized/otbpnc.yaml",
                "reference/1.0.0/uncategorized/otbpremier.yaml",
                "reference/1.0.0/uncategorized/otbtarget.yaml",
                "reference/1.0.0/uncategorized/otbvervent.yaml",
                "reference/1.0.0/uncategorized/plpRedemption.yaml",
                "reference/1.0.0/uncategorized/pncTransMgmt.yaml",
                "reference/1.0.0/uncategorized/psSynchrony.yaml",
                "reference/1.0.0/uncategorized/pskces.yaml",
                "reference/1.0.0/uncategorized/publishmessageservice.yaml",
                "reference/1.0.0/uncategorized/requestStatus.yaml",
                "reference/1.0.0/uncategorized/sam.yaml",
                "reference/1.0.0/uncategorized/sasreports.yaml",
                "reference/1.0.0/uncategorized/srndproducer.yaml"
            ]
        }
    ],
    "head_commit": {
        "id": "32336f26fe23ccdb22b7d433aeb55021f192b6eb",
        "tree_id": "07f1ce891a2535d34fe5e54c0d21a640ea7e777c",
        "distinct": true,
        "message": "Automatic script: adding new update in YAML files",
        "timestamp": "2026-01-13T15:03:00-05:00",
        "url": "https://github.com/Fiserv/issuer-solutions/commit/32336f26fe23ccdb22b7d433aeb55021f192b6eb",
        "author": {
            "name": "fcqf05y",
            "email": "bindhumadhavi.vudumula@fiserv.com",
            "date": "2026-01-13T15:03:00-05:00",
            "username": "fcqf05y"
        },
        "committer": {
            "name": "fcqf05y",
            "email": "bindhumadhavi.vudumula@fiserv.com",
            "date": "2026-01-13T15:03:00-05:00",
            "username": "fcqf05y"
        },
        "added": [],
        "removed": [],
        "modified": [
            "config/tenant.json",
            "reference/1.0.0/BusinessSupport/Consumer-Preferences.yaml",
            "reference/1.0.0/LoyaltyRewards/PlpAccount.yaml",
            "reference/1.0.0/LoyaltyRewards/PlpMemo.yaml",
            "reference/1.0.0/LoyaltyRewards/Rewards-Copy.yaml",
            "reference/1.0.0/LoyaltyRewards/Rewards.yaml",
            "reference/1.0.0/LoyaltyRewards/RewardsUi.yaml",
            "reference/1.0.0/OperationsExecution/Account.yaml",
            "reference/1.0.0/OperationsExecution/Adjustments.yaml",
            "reference/1.0.0/OperationsExecution/Authorizations.yaml",
            "reference/1.0.0/OperationsExecution/Collections.yaml",
            "reference/1.0.0/OperationsExecution/Commercial-Card.yaml",
            "reference/1.0.0/OperationsExecution/Customer.yaml",
            "reference/1.0.0/OperationsExecution/Disputes.yaml",
            "reference/1.0.0/OperationsExecution/Insurance.yaml",
            "reference/1.0.0/OperationsExecution/Lending.yaml",
            "reference/1.0.0/OperationsExecution/Maintenance.yaml",
            "reference/1.0.0/OperationsExecution/Merchant.yaml",
            "reference/1.0.0/OperationsExecution/MerchantViews.yaml",
            "reference/1.0.0/OperationsExecution/NonMonetary.yaml",
            "reference/1.0.0/OperationsExecution/OnDot.yaml",
            "reference/1.0.0/OperationsExecution/Payments.yaml",
            "reference/1.0.0/OperationsExecution/Statements.yaml",
            "reference/1.0.0/ReferenceData/Credit-Bureau.yaml",
            "reference/1.0.0/SalesProductManagement/Debit.yaml",
            "reference/1.0.0/SalesProductManagement/Health-Care.yaml",
            "reference/1.0.0/internal/CRE-Chargebacks.yaml",
            "reference/1.0.0/internal/CRE-Claims.yaml",
            "reference/1.0.0/internal/CRE-Config.yaml",
            "reference/1.0.0/internal/CRE-Core-Batch.yaml",
            "reference/1.0.0/internal/CRE-Core-Recovery.yaml",
            "reference/1.0.0/internal/CRE-Core.yaml",
            "reference/1.0.0/internal/CRE-Dispute.yaml",
            "reference/1.0.0/internal/CRE-Event-Handler.yaml",
            "reference/1.0.0/internal/CRE-Event-Remover.yaml",
            "reference/1.0.0/internal/FIWS.yaml",
            "reference/1.0.0/internal/First-Data-Token-Maintenance-Internal.yaml",
            "reference/1.0.0/internal/First-Data-Token-Maintenance.yaml",
            "reference/1.0.0/internal/GFS-Scheduler.yaml",
            "reference/1.0.0/internal/Generic-Services.yaml",
            "reference/1.0.0/internal/Genesis-Services.yaml",
            "reference/1.0.0/internal/Maintenance-Internal.yaml",
            "reference/1.0.0/internal/ODS-Inquiry.yaml",
            "reference/1.0.0/internal/OTP.yaml",
            "reference/1.0.0/internal/Offers-Services.yaml",
            "reference/1.0.0/internal/RiskGateway.yaml",
            "reference/1.0.0/internal/SamBatch.yaml",
            "reference/1.0.0/internal/Solutionbuilder-Internal.yaml",
            "reference/1.0.0/internal/Transactions.yaml",
            "reference/1.0.0/internal/Utilities.yaml",
            "reference/1.0.0/internal/acctoken.yaml",
            "reference/1.0.0/internal/admin.yaml",
            "reference/1.0.0/internal/adminui.yaml",
            "reference/1.0.0/internal/advancedDefense.yaml",
            "reference/1.0.0/internal/auth-Internal.yaml",
            "reference/1.0.0/internal/batchLock.yaml",
            "reference/1.0.0/internal/billing.yaml",
            "reference/1.0.0/internal/collectionsBkcy.yaml",
            "reference/1.0.0/internal/collectionsPtp.yaml",
            "reference/1.0.0/internal/core.yaml",
            "reference/1.0.0/internal/ecsauth.yaml",
            "reference/1.0.0/internal/ecsdata.yaml",
            "reference/1.0.0/internal/ecspayments-Internal.yaml",
            "reference/1.0.0/internal/ocsAuthorization.yaml",
            "reference/1.0.0/internal/ods.yaml",
            "reference/1.0.0/internal/otbcreditone.yaml",
            "reference/1.0.0/internal/otbwellsfargo.yaml",
            "reference/1.0.0/internal/pubsubNotification.yaml",
            "reference/1.0.0/internal/pubsubOndot.yaml",
            "reference/1.0.0/internal/rgwMq.yaml",
            "reference/1.0.0/internal/sas.yaml",
            "reference/1.0.0/static/360Control.yaml",
            "reference/1.0.0/static/GET_CARD_LIST.yaml",
            "reference/1.0.0/static/REPLACE_CARD.yaml",
            "reference/1.0.0/static/SET_CARD_POLICY.yaml",
            "reference/1.0.0/static/SET_USER_INFO.yaml",
            "reference/1.0.0/static/TDI_GET_TRANSACTION_LIST.yaml",
            "reference/1.0.0/uncategorized/Accept-Bundle-Offer.yaml",
            "reference/1.0.0/uncategorized/Archive.yaml",
            "reference/1.0.0/uncategorized/Auth-Dynamic-Secure-Code-Creation.yaml",
            "reference/1.0.0/uncategorized/Auth-Edge.yaml",
            "reference/1.0.0/uncategorized/Auth-Retail-Link.yaml",
            "reference/1.0.0/uncategorized/Bubble-Report-Service.yaml",
            "reference/1.0.0/uncategorized/Bundle-Offers-Services.yaml",
            "reference/1.0.0/uncategorized/BusinessSupport-Event.yaml",
            "reference/1.0.0/uncategorized/BusinessSupport-Services.yaml",
            "reference/1.0.0/uncategorized/CardActivation.yaml",
            "reference/1.0.0/uncategorized/Case-Detail-Test-data-auto-insert-resource.yaml",
            "reference/1.0.0/uncategorized/Case-Management-Yugabyte.yaml",
            "reference/1.0.0/uncategorized/Case-Management.yaml",
            "reference/1.0.0/uncategorized/Commercial-Services.yaml",
            "reference/1.0.0/uncategorized/Create-or-update-the-records-for-MCC-Services.yaml",
            "reference/1.0.0/uncategorized/DisputeWrapper.yaml",
            "reference/1.0.0/uncategorized/ExternalKafka.yaml",
            "reference/1.0.0/uncategorized/ExternalRecordBuilderResource.yaml",
            "reference/1.0.0/uncategorized/GFS-Memos-Services.yaml",
            "reference/1.0.0/uncategorized/Genesis-Service.yaml",
            "reference/1.0.0/uncategorized/Health-Services.yaml",
            "reference/1.0.0/uncategorized/ILOCC-Tokenization-Event.yaml",
            "reference/1.0.0/uncategorized/Industry.yaml",
            "reference/1.0.0/uncategorized/Installment-Offers-Service.yaml",
            "reference/1.0.0/uncategorized/Internal-kotb.yaml",
            "reference/1.0.0/uncategorized/KafkaProducerResource.yaml",
            "reference/1.0.0/uncategorized/Key-Exchange.yaml",
            "reference/1.0.0/uncategorized/MasterCard-Token-Maintenance.yaml",
            "reference/1.0.0/uncategorized/OCS-Shell.yaml",
            "reference/1.0.0/uncategorized/ORDER-UPDATE.yaml",
            "reference/1.0.0/uncategorized/Offers-Account-Transfer-Services.yaml",
            "reference/1.0.0/uncategorized/OffersBatch.yaml",
            "reference/1.0.0/uncategorized/Orchestrator-Config.yaml",
            "reference/1.0.0/uncategorized/PwpApple.yaml",
            "reference/1.0.0/uncategorized/Query.yaml",
            "reference/1.0.0/uncategorized/RelayFiles.yaml",
            "reference/1.0.0/uncategorized/Ship.yaml",
            "reference/1.0.0/uncategorized/ShippBatch.yaml",
            "reference/1.0.0/uncategorized/Single-transaction-Offer-Services.yaml",
            "reference/1.0.0/uncategorized/Single-transactions-for-MCC-Services.yaml",
            "reference/1.0.0/uncategorized/Tharun-Search.yaml",
            "reference/1.0.0/uncategorized/Tharun_Search.yaml",
            "reference/1.0.0/uncategorized/Token-maintenance.yaml",
            "reference/1.0.0/uncategorized/Token.yaml",
            "reference/1.0.0/uncategorized/TransactionManagement.yaml",
            "reference/1.0.0/uncategorized/Visa-Token-Maintenance.yaml",
            "reference/1.0.0/uncategorized/Voltage-Decryption.yaml",
            "reference/1.0.0/uncategorized/Voltage-Encryption.yaml",
            "reference/1.0.0/uncategorized/alerts.yaml",
            "reference/1.0.0/uncategorized/amortization.yaml",
            "reference/1.0.0/uncategorized/audit.yaml",
            "reference/1.0.0/uncategorized/callback.yaml",
            "reference/1.0.0/uncategorized/channels.yaml",
            "reference/1.0.0/uncategorized/citizens.yaml",
            "reference/1.0.0/uncategorized/citizensinternal.yaml",
            "reference/1.0.0/uncategorized/consumemessage.yaml",
            "reference/1.0.0/uncategorized/creFraud.yaml",
            "reference/1.0.0/uncategorized/dashboardFeed.yaml",
            "reference/1.0.0/uncategorized/dataToken.yaml",
            "reference/1.0.0/uncategorized/db2audit.yaml",
            "reference/1.0.0/uncategorized/digitalWalletPwp.yaml",
            "reference/1.0.0/uncategorized/easeDocumentStore.yaml",
            "reference/1.0.0/uncategorized/email.yaml",
            "reference/1.0.0/uncategorized/fraud.yaml",
            "reference/1.0.0/uncategorized/gfs-account-services.yaml",
            "reference/1.0.0/uncategorized/idi.yaml",
            "reference/1.0.0/uncategorized/installment-loans.yaml",
            "reference/1.0.0/uncategorized/installmentloans.yaml",
            "reference/1.0.0/uncategorized/installmentloansmaint.yaml",
            "reference/1.0.0/uncategorized/installmentloanspayment.yaml",
            "reference/1.0.0/uncategorized/ivrproducer.yaml",
            "reference/1.0.0/uncategorized/kotb.yaml",
            "reference/1.0.0/uncategorized/ocsAuthScheduler.yaml",
            "reference/1.0.0/uncategorized/ondotconsumer.yaml",
            "reference/1.0.0/uncategorized/otbbny.yaml",
            "reference/1.0.0/uncategorized/otbbread.yaml",
            "reference/1.0.0/uncategorized/otbdesjardins.yaml",
            "reference/1.0.0/uncategorized/otbelevate.yaml",
            "reference/1.0.0/uncategorized/otbnordstrom.yaml",
            "reference/1.0.0/uncategorized/otbonbe.yaml",
            "reference/1.0.0/uncategorized/otbpnc.yaml",
            "reference/1.0.0/uncategorized/otbpremier.yaml",
            "reference/1.0.0/uncategorized/otbtarget.yaml",
            "reference/1.0.0/uncategorized/otbvervent.yaml",
            "reference/1.0.0/uncategorized/plpRedemption.yaml",
            "reference/1.0.0/uncategorized/pncTransMgmt.yaml",
            "reference/1.0.0/uncategorized/psSynchrony.yaml",
            "reference/1.0.0/uncategorized/pskces.yaml",
            "reference/1.0.0/uncategorized/publishmessageservice.yaml",
            "reference/1.0.0/uncategorized/requestStatus.yaml",
            "reference/1.0.0/uncategorized/sam.yaml",
            "reference/1.0.0/uncategorized/sasreports.yaml",
            "reference/1.0.0/uncategorized/srndproducer.yaml"
        ]
    }
}
*****************************************************
