************** Blocked webhook request **************
webhook: https://developer.fiserv.com/api/git-webhook
GitHub delivery Id: 8a9e2bf4-2d37-11f1-8b41-b668068dc084
Timestamp: 1774985148.0
transid: 1521488053
clientip: 140.82.115.63
clientport: 46198
request payload: {
    "ref": "refs/heads/feature/homolote-with-gitlab",
    "before": "cbc881e71847664b223a88a3ca0b370e01fe2f44",
    "after": "5c47d5d8d7ac8f32d239e9667d03cf0d25d36233",
    "repository": {
        "id": 429967642,
        "node_id": "R_kgDOGaDJGg",
        "name": "firstvision-latam",
        "full_name": "Fiserv/firstvision-latam",
        "private": true,
        "owner": {
            "name": "Fiserv",
            "email": null,
            "login": "Fiserv",
            "id": 43011046,
            "node_id": "MDEyOk9yZ2FuaXphdGlvbjQzMDExMDQ2",
            "avatar_url": "https://avatars.githubusercontent.com/u/43011046?v=4",
            "gravatar_id": "",
            "url": "https://api.github.com/users/Fiserv",
            "html_url": "https://github.com/Fiserv",
            "followers_url": "https://api.github.com/users/Fiserv/followers",
            "following_url": "https://api.github.com/users/Fiserv/following{/other_user}",
            "gists_url": "https://api.github.com/users/Fiserv/gists{/gist_id}",
            "starred_url": "https://api.github.com/users/Fiserv/starred{/owner}{/repo}",
            "subscriptions_url": "https://api.github.com/users/Fiserv/subscriptions",
            "organizations_url": "https://api.github.com/users/Fiserv/orgs",
            "repos_url": "https://api.github.com/users/Fiserv/repos",
            "events_url": "https://api.github.com/users/Fiserv/events{/privacy}",
            "received_events_url": "https://api.github.com/users/Fiserv/received_events",
            "type": "Organization",
            "user_view_type": "public",
            "site_admin": false
        },
        "html_url": "https://github.com/Fiserv/firstvision-latam",
        "description": "Developer Portal - FV LATAM ",
        "fork": false,
        "url": "https://api.github.com/repos/Fiserv/firstvision-latam",
        "forks_url": "https://api.github.com/repos/Fiserv/firstvision-latam/forks",
        "keys_url": "https://api.github.com/repos/Fiserv/firstvision-latam/keys{/key_id}",
        "collaborators_url": "https://api.github.com/repos/Fiserv/firstvision-latam/collaborators{/collaborator}",
        "teams_url": "https://api.github.com/repos/Fiserv/firstvision-latam/teams",
        "hooks_url": "https://api.github.com/repos/Fiserv/firstvision-latam/hooks",
        "issue_events_url": "https://api.github.com/repos/Fiserv/firstvision-latam/issues/events{/number}",
        "events_url": "https://api.github.com/repos/Fiserv/firstvision-latam/events",
        "assignees_url": "https://api.github.com/repos/Fiserv/firstvision-latam/assignees{/user}",
        "branches_url": "https://api.github.com/repos/Fiserv/firstvision-latam/branches{/branch}",
        "tags_url": "https://api.github.com/repos/Fiserv/firstvision-latam/tags",
        "blobs_url": "https://api.github.com/repos/Fiserv/firstvision-latam/git/blobs{/sha}",
        "git_tags_url": "https://api.github.com/repos/Fiserv/firstvision-latam/git/tags{/sha}",
        "git_refs_url": "https://api.github.com/repos/Fiserv/firstvision-latam/git/refs{/sha}",
        "trees_url": "https://api.github.com/repos/Fiserv/firstvision-latam/git/trees{/sha}",
        "statuses_url": "https://api.github.com/repos/Fiserv/firstvision-latam/statuses/{sha}",
        "languages_url": "https://api.github.com/repos/Fiserv/firstvision-latam/languages",
        "stargazers_url": "https://api.github.com/repos/Fiserv/firstvision-latam/stargazers",
        "contributors_url": "https://api.github.com/repos/Fiserv/firstvision-latam/contributors",
        "subscribers_url": "https://api.github.com/repos/Fiserv/firstvision-latam/subscribers",
        "subscription_url": "https://api.github.com/repos/Fiserv/firstvision-latam/subscription",
        "commits_url": "https://api.github.com/repos/Fiserv/firstvision-latam/commits{/sha}",
        "git_commits_url": "https://api.github.com/repos/Fiserv/firstvision-latam/git/commits{/sha}",
        "comments_url": "https://api.github.com/repos/Fiserv/firstvision-latam/comments{/number}",
        "issue_comment_url": "https://api.github.com/repos/Fiserv/firstvision-latam/issues/comments{/number}",
        "contents_url": "https://api.github.com/repos/Fiserv/firstvision-latam/contents/{+path}",
        "compare_url": "https://api.github.com/repos/Fiserv/firstvision-latam/compare/{base}...{head}",
        "merges_url": "https://api.github.com/repos/Fiserv/firstvision-latam/merges",
        "archive_url": "https://api.github.com/repos/Fiserv/firstvision-latam/{archive_format}{/ref}",
        "downloads_url": "https://api.github.com/repos/Fiserv/firstvision-latam/downloads",
        "issues_url": "https://api.github.com/repos/Fiserv/firstvision-latam/issues{/number}",
        "pulls_url": "https://api.github.com/repos/Fiserv/firstvision-latam/pulls{/number}",
        "milestones_url": "https://api.github.com/repos/Fiserv/firstvision-latam/milestones{/number}",
        "notifications_url": "https://api.github.com/repos/Fiserv/firstvision-latam/notifications{?since,all,participating}",
        "labels_url": "https://api.github.com/repos/Fiserv/firstvision-latam/labels{/name}",
        "releases_url": "https://api.github.com/repos/Fiserv/firstvision-latam/releases{/id}",
        "deployments_url": "https://api.github.com/repos/Fiserv/firstvision-latam/deployments",
        "created_at": 1637366918,
        "updated_at": "2026-03-27T02:02:27Z",
        "pushed_at": 1774985198,
        "git_url": "git://github.com/Fiserv/firstvision-latam.git",
        "ssh_url": "git@github.com:Fiserv/firstvision-latam.git",
        "clone_url": "https://github.com/Fiserv/firstvision-latam.git",
        "svn_url": "https://github.com/Fiserv/firstvision-latam",
        "homepage": "",
        "size": 146850,
        "stargazers_count": 1,
        "watchers_count": 1,
        "language": null,
        "has_issues": true,
        "has_projects": true,
        "has_downloads": true,
        "has_wiki": true,
        "has_pages": false,
        "has_discussions": false,
        "forks_count": 1,
        "mirror_url": null,
        "archived": false,
        "disabled": false,
        "open_issues_count": 2,
        "license": null,
        "allow_forking": true,
        "is_template": false,
        "web_commit_signoff_required": false,
        "has_pull_requests": true,
        "pull_request_creation_policy": "all",
        "topics": [],
        "visibility": "private",
        "forks": 1,
        "open_issues": 2,
        "watchers": 1,
        "default_branch": "develop",
        "stargazers": 1,
        "master_branch": "develop",
        "organization": "Fiserv",
        "custom_properties": {}
    },
    "pusher": {
        "name": "jccg-fiserv",
        "email": "cristiangerardo.jaramillo@fiserv.com"
    },
    "forced": false,
    "organization": {
        "login": "Fiserv",
        "id": 43011046,
        "node_id": "MDEyOk9yZ2FuaXphdGlvbjQzMDExMDQ2",
        "url": "https://api.github.com/orgs/Fiserv",
        "repos_url": "https://api.github.com/orgs/Fiserv/repos",
        "events_url": "https://api.github.com/orgs/Fiserv/events",
        "hooks_url": "https://api.github.com/orgs/Fiserv/hooks",
        "issues_url": "https://api.github.com/orgs/Fiserv/issues",
        "members_url": "https://api.github.com/orgs/Fiserv/members{/member}",
        "public_members_url": "https://api.github.com/orgs/Fiserv/public_members{/member}",
        "avatar_url": "https://avatars.githubusercontent.com/u/43011046?v=4",
        "description": ""
    },
    "sender": {
        "login": "jccg-fiserv",
        "id": 231524930,
        "node_id": "U_kgDODczKQg",
        "avatar_url": "https://avatars.githubusercontent.com/u/231524930?v=4",
        "gravatar_id": "",
        "url": "https://api.github.com/users/jccg-fiserv",
        "html_url": "https://github.com/jccg-fiserv",
        "followers_url": "https://api.github.com/users/jccg-fiserv/followers",
        "following_url": "https://api.github.com/users/jccg-fiserv/following{/other_user}",
        "gists_url": "https://api.github.com/users/jccg-fiserv/gists{/gist_id}",
        "starred_url": "https://api.github.com/users/jccg-fiserv/starred{/owner}{/repo}",
        "subscriptions_url": "https://api.github.com/users/jccg-fiserv/subscriptions",
        "organizations_url": "https://api.github.com/users/jccg-fiserv/orgs",
        "repos_url": "https://api.github.com/users/jccg-fiserv/repos",
        "events_url": "https://api.github.com/users/jccg-fiserv/events{/privacy}",
        "received_events_url": "https://api.github.com/users/jccg-fiserv/received_events",
        "type": "User",
        "user_view_type": "public",
        "site_admin": false
    },
    "created": false,
    "deleted": false,
    "base_ref": null,
    "compare": "https://github.com/Fiserv/firstvision-latam/compare/cbc881e71847...5c47d5d8d7ac",
    "commits": [
        {
            "id": "5c47d5d8d7ac8f32d239e9667d03cf0d25d36233",
            "tree_id": "422a025d00cd410a4742624c226a3d2bc8620951",
            "distinct": true,
            "message": "Homologate and move v1.6.0 to minor",
            "timestamp": "2026-03-31T13:25:48-06:00",
            "url": "https://github.com/Fiserv/firstvision-latam/commit/5c47d5d8d7ac8f32d239e9667d03cf0d25d36233",
            "author": {
                "name": "Cristian Jaramillo",
                "email": "cristiangerardo.jaramillo@fiserv.com",
                "date": "2026-03-31T13:25:48-06:00",
                "username": "jccg-fiserv"
            },
            "committer": {
                "name": "Cristian Jaramillo",
                "email": "cristiangerardo.jaramillo@fiserv.com",
                "date": "2026-03-31T13:25:48-06:00",
                "username": "jccg-fiserv"
            },
            "added": [],
            "removed": [],
            "modified": [
                "config/tenant.json"
            ]
        }
    ],
    "head_commit": {
        "id": "5c47d5d8d7ac8f32d239e9667d03cf0d25d36233",
        "tree_id": "422a025d00cd410a4742624c226a3d2bc8620951",
        "distinct": true,
        "message": "Homologate and move v1.6.0 to minor",
        "timestamp": "2026-03-31T13:25:48-06:00",
        "url": "https://github.com/Fiserv/firstvision-latam/commit/5c47d5d8d7ac8f32d239e9667d03cf0d25d36233",
        "author": {
            "name": "Cristian Jaramillo",
            "email": "cristiangerardo.jaramillo@fiserv.com",
            "date": "2026-03-31T13:25:48-06:00",
            "username": "jccg-fiserv"
        },
        "committer": {
            "name": "Cristian Jaramillo",
            "email": "cristiangerardo.jaramillo@fiserv.com",
            "date": "2026-03-31T13:25:48-06:00",
            "username": "jccg-fiserv"
        },
        "added": [],
        "removed": [],
        "modified": [
            "config/tenant.json"
        ]
    }
}
*****************************************************
