************** Blocked webhook request **************
webhook: https://developer.fiserv.com/api/git-webhook
GitHub delivery Id: 7012ecf4-d3b2-11f0-8b1b-95ec72e85c28
Timestamp: 1764973364.0
transid: 1513405652
clientip: 140.82.115.114
clientport: 40104
request payload: {
    "ref": "refs/heads/riegie",
    "before": "f8947a00e1bd85dd0d693a23c095cea5db51013f",
    "after": "21efa66fd209dc0439460de2f1cb8787cd38ce69",
    "repository": {
        "id": 976726599,
        "node_id": "R_kgDOOjeqRw",
        "name": "emfi",
        "full_name": "Fiserv/emfi",
        "private": true,
        "owner": {
            "name": "Fiserv",
            "email": "alvin.cho22@gmail.com",
            "login": "Fiserv",
            "id": 43011046,
            "node_id": "MDEyOk9yZ2FuaXphdGlvbjQzMDExMDQ2",
            "avatar_url": "https://avatars.githubusercontent.com/u/43011046?v=4",
            "gravatar_id": "",
            "url": "https://api.github.com/users/Fiserv",
            "html_url": "https://github.com/Fiserv",
            "followers_url": "https://api.github.com/users/Fiserv/followers",
            "following_url": "https://api.github.com/users/Fiserv/following{/other_user}",
            "gists_url": "https://api.github.com/users/Fiserv/gists{/gist_id}",
            "starred_url": "https://api.github.com/users/Fiserv/starred{/owner}{/repo}",
            "subscriptions_url": "https://api.github.com/users/Fiserv/subscriptions",
            "organizations_url": "https://api.github.com/users/Fiserv/orgs",
            "repos_url": "https://api.github.com/users/Fiserv/repos",
            "events_url": "https://api.github.com/users/Fiserv/events{/privacy}",
            "received_events_url": "https://api.github.com/users/Fiserv/received_events",
            "type": "Organization",
            "user_view_type": "public",
            "site_admin": false
        },
        "html_url": "https://github.com/Fiserv/emfi",
        "description": "A new Tenant repo is generated by DevStudio team",
        "fork": false,
        "url": "https://api.github.com/repos/Fiserv/emfi",
        "forks_url": "https://api.github.com/repos/Fiserv/emfi/forks",
        "keys_url": "https://api.github.com/repos/Fiserv/emfi/keys{/key_id}",
        "collaborators_url": "https://api.github.com/repos/Fiserv/emfi/collaborators{/collaborator}",
        "teams_url": "https://api.github.com/repos/Fiserv/emfi/teams",
        "hooks_url": "https://api.github.com/repos/Fiserv/emfi/hooks",
        "issue_events_url": "https://api.github.com/repos/Fiserv/emfi/issues/events{/number}",
        "events_url": "https://api.github.com/repos/Fiserv/emfi/events",
        "assignees_url": "https://api.github.com/repos/Fiserv/emfi/assignees{/user}",
        "branches_url": "https://api.github.com/repos/Fiserv/emfi/branches{/branch}",
        "tags_url": "https://api.github.com/repos/Fiserv/emfi/tags",
        "blobs_url": "https://api.github.com/repos/Fiserv/emfi/git/blobs{/sha}",
        "git_tags_url": "https://api.github.com/repos/Fiserv/emfi/git/tags{/sha}",
        "git_refs_url": "https://api.github.com/repos/Fiserv/emfi/git/refs{/sha}",
        "trees_url": "https://api.github.com/repos/Fiserv/emfi/git/trees{/sha}",
        "statuses_url": "https://api.github.com/repos/Fiserv/emfi/statuses/{sha}",
        "languages_url": "https://api.github.com/repos/Fiserv/emfi/languages",
        "stargazers_url": "https://api.github.com/repos/Fiserv/emfi/stargazers",
        "contributors_url": "https://api.github.com/repos/Fiserv/emfi/contributors",
        "subscribers_url": "https://api.github.com/repos/Fiserv/emfi/subscribers",
        "subscription_url": "https://api.github.com/repos/Fiserv/emfi/subscription",
        "commits_url": "https://api.github.com/repos/Fiserv/emfi/commits{/sha}",
        "git_commits_url": "https://api.github.com/repos/Fiserv/emfi/git/commits{/sha}",
        "comments_url": "https://api.github.com/repos/Fiserv/emfi/comments{/number}",
        "issue_comment_url": "https://api.github.com/repos/Fiserv/emfi/issues/comments{/number}",
        "contents_url": "https://api.github.com/repos/Fiserv/emfi/contents/{+path}",
        "compare_url": "https://api.github.com/repos/Fiserv/emfi/compare/{base}...{head}",
        "merges_url": "https://api.github.com/repos/Fiserv/emfi/merges",
        "archive_url": "https://api.github.com/repos/Fiserv/emfi/{archive_format}{/ref}",
        "downloads_url": "https://api.github.com/repos/Fiserv/emfi/downloads",
        "issues_url": "https://api.github.com/repos/Fiserv/emfi/issues{/number}",
        "pulls_url": "https://api.github.com/repos/Fiserv/emfi/pulls{/number}",
        "milestones_url": "https://api.github.com/repos/Fiserv/emfi/milestones{/number}",
        "notifications_url": "https://api.github.com/repos/Fiserv/emfi/notifications{?since,all,participating}",
        "labels_url": "https://api.github.com/repos/Fiserv/emfi/labels{/name}",
        "releases_url": "https://api.github.com/repos/Fiserv/emfi/releases{/id}",
        "deployments_url": "https://api.github.com/repos/Fiserv/emfi/deployments",
        "created_at": 1746203197,
        "updated_at": "2025-12-05T22:22:49Z",
        "pushed_at": 1765142378,
        "git_url": "git://github.com/Fiserv/emfi.git",
        "ssh_url": "git@github.com:Fiserv/emfi.git",
        "clone_url": "https://github.com/Fiserv/emfi.git",
        "svn_url": "https://github.com/Fiserv/emfi",
        "homepage": null,
        "size": 2662,
        "stargazers_count": 0,
        "watchers_count": 0,
        "language": null,
        "has_issues": true,
        "has_projects": true,
        "has_downloads": true,
        "has_wiki": true,
        "has_pages": false,
        "has_discussions": false,
        "forks_count": 0,
        "mirror_url": null,
        "archived": false,
        "disabled": false,
        "open_issues_count": 0,
        "license": null,
        "allow_forking": true,
        "is_template": false,
        "web_commit_signoff_required": false,
        "topics": [],
        "visibility": "private",
        "forks": 0,
        "open_issues": 0,
        "watchers": 0,
        "default_branch": "develop",
        "stargazers": 0,
        "master_branch": "develop",
        "organization": "Fiserv",
        "custom_properties": {}
    },
    "pusher": {
        "name": "riegie",
        "email": "rjeyaranchen@payfare.com"
    },
    "organization": {
        "login": "Fiserv",
        "id": 43011046,
        "node_id": "MDEyOk9yZ2FuaXphdGlvbjQzMDExMDQ2",
        "url": "https://api.github.com/orgs/Fiserv",
        "repos_url": "https://api.github.com/orgs/Fiserv/repos",
        "events_url": "https://api.github.com/orgs/Fiserv/events",
        "hooks_url": "https://api.github.com/orgs/Fiserv/hooks",
        "issues_url": "https://api.github.com/orgs/Fiserv/issues",
        "members_url": "https://api.github.com/orgs/Fiserv/members{/member}",
        "public_members_url": "https://api.github.com/orgs/Fiserv/public_members{/member}",
        "avatar_url": "https://avatars.githubusercontent.com/u/43011046?v=4",
        "description": ""
    },
    "sender": {
        "login": "riegie",
        "id": 2703185,
        "node_id": "MDQ6VXNlcjI3MDMxODU=",
        "avatar_url": "https://avatars.githubusercontent.com/u/2703185?v=4",
        "gravatar_id": "",
        "url": "https://api.github.com/users/riegie",
        "html_url": "https://github.com/riegie",
        "followers_url": "https://api.github.com/users/riegie/followers",
        "following_url": "https://api.github.com/users/riegie/following{/other_user}",
        "gists_url": "https://api.github.com/users/riegie/gists{/gist_id}",
        "starred_url": "https://api.github.com/users/riegie/starred{/owner}{/repo}",
        "subscriptions_url": "https://api.github.com/users/riegie/subscriptions",
        "organizations_url": "https://api.github.com/users/riegie/orgs",
        "repos_url": "https://api.github.com/users/riegie/repos",
        "events_url": "https://api.github.com/users/riegie/events{/privacy}",
        "received_events_url": "https://api.github.com/users/riegie/received_events",
        "type": "User",
        "user_view_type": "public",
        "site_admin": false
    },
    "created": false,
    "deleted": false,
    "forced": false,
    "base_ref": "refs/heads/develop",
    "compare": "https://github.com/Fiserv/emfi/compare/f8947a00e1bd...21efa66fd209",
    "commits": [
        {
            "id": "9570b214a1ae439fce3757bdeee086384bc19f32",
            "tree_id": "346b7662d9a41d2e06b5ae538444ca07d8d411df",
            "distinct": false,
            "message": "Merge pull request #142 from Fiserv/riegie\n\ndocs(product-layout): update hyperlinks to fiserv's orange",
            "timestamp": "2025-11-20T11:02:34-05:00",
            "url": "https://github.com/Fiserv/emfi/commit/9570b214a1ae439fce3757bdeee086384bc19f32",
            "author": {
                "name": "Riegie Godwin Jeyaranchen",
                "email": "rjeyaranchen@payfare.com",
                "date": "2025-11-20T11:02:34-05:00",
                "username": "riegie"
            },
            "committer": {
                "name": "GitHub",
                "email": "noreply@github.com",
                "date": "2025-11-20T11:02:34-05:00",
                "username": "web-flow"
            },
            "added": [],
            "removed": [],
            "modified": [
                "config/product-layout.yaml"
            ]
        },
        {
            "id": "b085d720e48578cf9e51aba214b775eb8e727dc8",
            "tree_id": "ec2f9dd3bdf8555ac9b1bdd05d3a8f3971bd09f8",
            "distinct": false,
            "message": "Switch from Payfare name to EmFi (#144)",
            "timestamp": "2025-11-20T15:27:36-05:00",
            "url": "https://github.com/Fiserv/emfi/commit/b085d720e48578cf9e51aba214b775eb8e727dc8",
            "author": {
                "name": "Fayaz Yusuf Khan",
                "email": "fayaz.yusuf.khan@gmail.com",
                "date": "2025-11-20T15:27:36-05:00",
                "username": "fayazkhan"
            },
            "committer": {
                "name": "GitHub",
                "email": "noreply@github.com",
                "date": "2025-11-20T15:27:36-05:00",
                "username": "web-flow"
            },
            "added": [],
            "removed": [],
            "modified": [
                "reference/1.0.0/baas_v1.0.0.yaml"
            ]
        },
        {
            "id": "e93736dc5b2550ef6bb694c99bff2dca48e3afa9",
            "tree_id": "9d1c0e71dbf4795b6ebd3202709f467e61fc5477",
            "distinct": false,
            "message": "Update zip files",
            "timestamp": "2025-11-20T20:28:00Z",
            "url": "https://github.com/Fiserv/emfi/commit/e93736dc5b2550ef6bb694c99bff2dca48e3afa9",
            "author": {
                "name": "GitHub Actions",
                "email": "actions@github.com",
                "date": "2025-11-20T20:28:00Z",
                "username": "actions-user"
            },
            "committer": {
                "name": "GitHub Actions",
                "email": "actions@github.com",
                "date": "2025-11-20T20:28:00Z",
                "username": "actions-user"
            },
            "added": [],
            "removed": [],
            "modified": [
                "assets/files/emfi_postman.zip",
                "assets/files/emfi_spec.zip"
            ]
        },
        {
            "id": "96ae5df3f77137750fed3f9b73903599f36366ab",
            "tree_id": "9d1c0e71dbf4795b6ebd3202709f467e61fc5477",
            "distinct": false,
            "message": "Merge pull request #145 from Fiserv/devstudio-update-zip-files-develop\n\nZip Generator Action - develop",
            "timestamp": "2025-11-20T12:28:26-08:00",
            "url": "https://github.com/Fiserv/emfi/commit/96ae5df3f77137750fed3f9b73903599f36366ab",
            "author": {
                "name": "Minh Pham",
                "email": "114534554+minh-pham1@users.noreply.github.com",
                "date": "2025-11-20T12:28:26-08:00",
                "username": "minh-pham1"
            },
            "committer": {
                "name": "GitHub",
                "email": "noreply@github.com",
                "date": "2025-11-20T12:28:26-08:00",
                "username": "web-flow"
            },
            "added": [],
            "removed": [],
            "modified": [
                "assets/files/emfi_postman.zip",
                "assets/files/emfi_spec.zip"
            ]
        },
        {
            "id": "9bae471e7503d0c0df06cc4c7adb6db1ddb64470",
            "tree_id": "ac683aa03d15acefa30277cac5d338ec381ec4a8",
            "distinct": false,
            "message": "Markdown to html (#146)\n\n* Convert Markdown to HTML\n\n* Simplify schema\n\n* Convert Markdown to HTML\n\n* Convert Markdown to HTML\n\n* Simplify schema\n\n* Simplify schema\n\n* Simplify schema\n\n* Simplify schema\n\n* Convert Markdown to HTML",
            "timestamp": "2025-11-21T08:55:07-05:00",
            "url": "https://github.com/Fiserv/emfi/commit/9bae471e7503d0c0df06cc4c7adb6db1ddb64470",
            "author": {
                "name": "Fayaz Yusuf Khan",
                "email": "fayaz.yusuf.khan@gmail.com",
                "date": "2025-11-21T08:55:07-05:00",
                "username": "fayazkhan"
            },
            "committer": {
                "name": "GitHub",
                "email": "noreply@github.com",
                "date": "2025-11-21T08:55:07-05:00",
                "username": "web-flow"
            },
            "added": [],
            "removed": [],
            "modified": [
                "reference/1.0.0/baas_v1.0.0.yaml"
            ]
        },
        {
            "id": "8d37a3ec333b86cc190193ed95573fe65f356abe",
            "tree_id": "5ee1db0c264ffe859f401f30f2b650d49eae56b2",
            "distinct": false,
            "message": "Update zip files",
            "timestamp": "2025-11-21T13:55:27Z",
            "url": "https://github.com/Fiserv/emfi/commit/8d37a3ec333b86cc190193ed95573fe65f356abe",
            "author": {
                "name": "GitHub Actions",
                "email": "actions@github.com",
                "date": "2025-11-21T13:55:27Z",
                "username": "actions-user"
            },
            "committer": {
                "name": "GitHub Actions",
                "email": "actions@github.com",
                "date": "2025-11-21T13:55:27Z",
                "username": "actions-user"
            },
            "added": [],
            "removed": [],
            "modified": [
                "assets/files/emfi_postman.zip",
                "assets/files/emfi_spec.zip"
            ]
        },
        {
            "id": "cc42e95659471504f2bd8f09c12e9207a46547e6",
            "tree_id": "5ee1db0c264ffe859f401f30f2b650d49eae56b2",
            "distinct": false,
            "message": "Merge pull request #147 from Fiserv/devstudio-update-zip-files-develop\n\nZip Generator Action - develop",
            "timestamp": "2025-11-21T05:55:54-08:00",
            "url": "https://github.com/Fiserv/emfi/commit/cc42e95659471504f2bd8f09c12e9207a46547e6",
            "author": {
                "name": "Minh Pham",
                "email": "114534554+minh-pham1@users.noreply.github.com",
                "date": "2025-11-21T05:55:54-08:00",
                "username": "minh-pham1"
            },
            "committer": {
                "name": "GitHub",
                "email": "noreply@github.com",
                "date": "2025-11-21T05:55:54-08:00",
                "username": "web-flow"
            },
            "added": [],
            "removed": [],
            "modified": [
                "assets/files/emfi_postman.zip",
                "assets/files/emfi_spec.zip"
            ]
        },
        {
            "id": "f6466b69259b84e1e6cba289994ef14434618a43",
            "tree_id": "da68cb4ed1ae7095e2db16ff3e5f4d177977b58e",
            "distinct": false,
            "message": "Simplify schema (#148)\n\n* Simplify schema\n\n* Remove unused schema components",
            "timestamp": "2025-11-21T12:40:12-05:00",
            "url": "https://github.com/Fiserv/emfi/commit/f6466b69259b84e1e6cba289994ef14434618a43",
            "author": {
                "name": "Fayaz Yusuf Khan",
                "email": "fayaz.yusuf.khan@gmail.com",
                "date": "2025-11-21T12:40:12-05:00",
                "username": "fayazkhan"
            },
            "committer": {
                "name": "GitHub",
                "email": "noreply@github.com",
                "date": "2025-11-21T12:40:12-05:00",
                "username": "web-flow"
            },
            "added": [],
            "removed": [],
            "modified": [
                "reference/1.0.0/baas_v1.0.0.yaml"
            ]
        },
        {
            "id": "3210b34ad33630a336ebbb9cb587192297fb422d",
            "tree_id": "7538470f20ca2a6aab305409ad0ed9daa3a6f00f",
            "distinct": false,
            "message": "Update zip files",
            "timestamp": "2025-11-21T17:40:34Z",
            "url": "https://github.com/Fiserv/emfi/commit/3210b34ad33630a336ebbb9cb587192297fb422d",
            "author": {
                "name": "GitHub Actions",
                "email": "actions@github.com",
                "date": "2025-11-21T17:40:34Z",
                "username": "actions-user"
            },
            "committer": {
                "name": "GitHub Actions",
                "email": "actions@github.com",
                "date": "2025-11-21T17:40:34Z",
                "username": "actions-user"
            },
            "added": [],
            "removed": [],
            "modified": [
                "assets/files/emfi_postman.zip",
                "assets/files/emfi_spec.zip"
            ]
        },
        {
            "id": "7b7156c440a6045ebf88e6ac0e2c03cb18d12702",
            "tree_id": "7538470f20ca2a6aab305409ad0ed9daa3a6f00f",
            "distinct": false,
            "message": "Merge pull request #149 from Fiserv/devstudio-update-zip-files-develop\n\nZip Generator Action - develop",
            "timestamp": "2025-11-21T09:40:58-08:00",
            "url": "https://github.com/Fiserv/emfi/commit/7b7156c440a6045ebf88e6ac0e2c03cb18d12702",
            "author": {
                "name": "Minh Pham",
                "email": "114534554+minh-pham1@users.noreply.github.com",
                "date": "2025-11-21T09:40:58-08:00",
                "username": "minh-pham1"
            },
            "committer": {
                "name": "GitHub",
                "email": "noreply@github.com",
                "date": "2025-11-21T09:40:58-08:00",
                "username": "web-flow"
            },
            "added": [],
            "removed": [],
            "modified": [
                "assets/files/emfi_postman.zip",
                "assets/files/emfi_spec.zip"
            ]
        },
        {
            "id": "0fbd77e06fb542969b599964462583626881eb97",
            "tree_id": "cc17fa24897387e4c41ed06238368702e4e8e082",
            "distinct": false,
            "message": "TIPR-2010 Move documentation (#150)\n\n* Update title and content formatting\n\n* Move documentation\n\n* Fix typo\n\n* Generalize URL\n\n* Use underscores for break\n\n* Add EOL",
            "timestamp": "2025-11-25T10:12:18-05:00",
            "url": "https://github.com/Fiserv/emfi/commit/0fbd77e06fb542969b599964462583626881eb97",
            "author": {
                "name": "Fayaz Yusuf Khan",
                "email": "fayaz.yusuf.khan@gmail.com",
                "date": "2025-11-25T10:12:18-05:00",
                "username": "fayazkhan"
            },
            "committer": {
                "name": "GitHub",
                "email": "noreply@github.com",
                "date": "2025-11-25T10:12:18-05:00",
                "username": "web-flow"
            },
            "added": [],
            "removed": [],
            "modified": [
                "docs/getting-started.md",
                "reference/1.0.0/baas_v1.0.0.yaml"
            ]
        },
        {
            "id": "e3b5d514a5b0eb92795f4f4b0831b8a7cf1fee1b",
            "tree_id": "ebd348ba2ec78d25ca007c4a42acec05a989c83a",
            "distinct": false,
            "message": "Update zip files",
            "timestamp": "2025-11-25T15:12:38Z",
            "url": "https://github.com/Fiserv/emfi/commit/e3b5d514a5b0eb92795f4f4b0831b8a7cf1fee1b",
            "author": {
                "name": "GitHub Actions",
                "email": "actions@github.com",
                "date": "2025-11-25T15:12:38Z",
                "username": "actions-user"
            },
            "committer": {
                "name": "GitHub Actions",
                "email": "actions@github.com",
                "date": "2025-11-25T15:12:38Z",
                "username": "actions-user"
            },
            "added": [],
            "removed": [],
            "modified": [
                "assets/files/emfi_postman.zip",
                "assets/files/emfi_spec.zip"
            ]
        },
        {
            "id": "118b1bf745fa0f47f7b5f526ce9138abeef3cc43",
            "tree_id": "ebd348ba2ec78d25ca007c4a42acec05a989c83a",
            "distinct": false,
            "message": "Merge pull request #151 from Fiserv/devstudio-update-zip-files-develop\n\nZip Generator Action - develop",
            "timestamp": "2025-11-25T07:13:03-08:00",
            "url": "https://github.com/Fiserv/emfi/commit/118b1bf745fa0f47f7b5f526ce9138abeef3cc43",
            "author": {
                "name": "Minh Pham",
                "email": "114534554+minh-pham1@users.noreply.github.com",
                "date": "2025-11-25T07:13:03-08:00",
                "username": "minh-pham1"
            },
            "committer": {
                "name": "GitHub",
                "email": "noreply@github.com",
                "date": "2025-11-25T07:13:03-08:00",
                "username": "web-flow"
            },
            "added": [],
            "removed": [],
            "modified": [
                "assets/files/emfi_postman.zip",
                "assets/files/emfi_spec.zip"
            ]
        },
        {
            "id": "48004c1d8e32d62ef51bf9f58e3ef0d32899c7f0",
            "tree_id": "78eb2fcb0e940a282ddd6dd2e4670490d919bc03",
            "distinct": false,
            "message": "Turn off API spec downloads (#158)",
            "timestamp": "2025-12-05T16:23:40-05:00",
            "url": "https://github.com/Fiserv/emfi/commit/48004c1d8e32d62ef51bf9f58e3ef0d32899c7f0",
            "author": {
                "name": "Fayaz Yusuf Khan",
                "email": "fayaz.yusuf.khan@gmail.com",
                "date": "2025-12-05T16:23:40-05:00",
                "username": "fayazkhan"
            },
            "committer": {
                "name": "GitHub",
                "email": "noreply@github.com",
                "date": "2025-12-05T16:23:40-05:00",
                "username": "web-flow"
            },
            "added": [],
            "removed": [],
            "modified": [
                "config/tenant.json"
            ]
        },
        {
            "id": "b9e1d2129503ae7dc4715f1d2949081572d5de28",
            "tree_id": "1b83370b818c31998b278a7f9450dd1b80b912f4",
            "distinct": false,
            "message": "Add description to metadata (#159)",
            "timestamp": "2025-12-05T17:22:00-05:00",
            "url": "https://github.com/Fiserv/emfi/commit/b9e1d2129503ae7dc4715f1d2949081572d5de28",
            "author": {
                "name": "Fayaz Yusuf Khan",
                "email": "fayaz.yusuf.khan@gmail.com",
                "date": "2025-12-05T17:22:00-05:00",
                "username": "fayazkhan"
            },
            "committer": {
                "name": "GitHub",
                "email": "noreply@github.com",
                "date": "2025-12-05T17:22:00-05:00",
                "username": "web-flow"
            },
            "added": [],
            "removed": [],
            "modified": [
                "reference/1.0.0/baas_v1.0.0.yaml"
            ]
        },
        {
            "id": "490b2b7e184dad5d99a33e141dabe570a1f831d7",
            "tree_id": "0d14765a161d2ae63a5055693fa16bad7ffe309a",
            "distinct": false,
            "message": "Update zip files",
            "timestamp": "2025-12-05T22:22:17Z",
            "url": "https://github.com/Fiserv/emfi/commit/490b2b7e184dad5d99a33e141dabe570a1f831d7",
            "author": {
                "name": "GitHub Actions",
                "email": "actions@github.com",
                "date": "2025-12-05T22:22:17Z",
                "username": "actions-user"
            },
            "committer": {
                "name": "GitHub Actions",
                "email": "actions@github.com",
                "date": "2025-12-05T22:22:17Z",
                "username": "actions-user"
            },
            "added": [],
            "removed": [],
            "modified": [
                "assets/files/emfi_postman.zip",
                "assets/files/emfi_spec.zip"
            ]
        },
        {
            "id": "21efa66fd209dc0439460de2f1cb8787cd38ce69",
            "tree_id": "0d14765a161d2ae63a5055693fa16bad7ffe309a",
            "distinct": false,
            "message": "Merge pull request #160 from Fiserv/devstudio-update-zip-files-develop\n\nZip Generator Action - develop",
            "timestamp": "2025-12-05T14:22:44-08:00",
            "url": "https://github.com/Fiserv/emfi/commit/21efa66fd209dc0439460de2f1cb8787cd38ce69",
            "author": {
                "name": "Minh Pham",
                "email": "114534554+minh-pham1@users.noreply.github.com",
                "date": "2025-12-05T14:22:44-08:00",
                "username": "minh-pham1"
            },
            "committer": {
                "name": "GitHub",
                "email": "noreply@github.com",
                "date": "2025-12-05T14:22:44-08:00",
                "username": "web-flow"
            },
            "added": [],
            "removed": [],
            "modified": [
                "assets/files/emfi_postman.zip",
                "assets/files/emfi_spec.zip"
            ]
        }
    ],
    "head_commit": {
        "id": "21efa66fd209dc0439460de2f1cb8787cd38ce69",
        "tree_id": "0d14765a161d2ae63a5055693fa16bad7ffe309a",
        "distinct": false,
        "message": "Merge pull request #160 from Fiserv/devstudio-update-zip-files-develop\n\nZip Generator Action - develop",
        "timestamp": "2025-12-05T14:22:44-08:00",
        "url": "https://github.com/Fiserv/emfi/commit/21efa66fd209dc0439460de2f1cb8787cd38ce69",
        "author": {
            "name": "Minh Pham",
            "email": "114534554+minh-pham1@users.noreply.github.com",
            "date": "2025-12-05T14:22:44-08:00",
            "username": "minh-pham1"
        },
        "committer": {
            "name": "GitHub",
            "email": "noreply@github.com",
            "date": "2025-12-05T14:22:44-08:00",
            "username": "web-flow"
        },
        "added": [],
        "removed": [],
        "modified": [
            "assets/files/emfi_postman.zip",
            "assets/files/emfi_spec.zip"
        ]
    }
}
*****************************************************
