************** Blocked webhook request **************
webhook: https://qa-developer.fiserv.com/api/git-webhook
GitHub delivery Id: 9eb23f62-be5c-11f0-8dee-7272d594b948
Timestamp: 1762796544.0
transid: 2498449836
clientip: 140.82.115.99
clientport: 52276
request payload: {
    "ref": "refs/heads/develop",
    "before": "6eb5593ea2c0ee4e73e8f65af706935c923deae9",
    "after": "61090aec34ae3adc539af96a9c17b36f39ae5b1c",
    "repository": {
        "id": 984158160,
        "node_id": "R_kgDOOqkP0A",
        "name": "treasury-api",
        "full_name": "Fiserv/treasury-api",
        "private": true,
        "owner": {
            "name": "Fiserv",
            "email": "alvin.cho22@gmail.com",
            "login": "Fiserv",
            "id": 43011046,
            "node_id": "MDEyOk9yZ2FuaXphdGlvbjQzMDExMDQ2",
            "avatar_url": "https://avatars.githubusercontent.com/u/43011046?v=4",
            "gravatar_id": "",
            "url": "https://api.github.com/users/Fiserv",
            "html_url": "https://github.com/Fiserv",
            "followers_url": "https://api.github.com/users/Fiserv/followers",
            "following_url": "https://api.github.com/users/Fiserv/following{/other_user}",
            "gists_url": "https://api.github.com/users/Fiserv/gists{/gist_id}",
            "starred_url": "https://api.github.com/users/Fiserv/starred{/owner}{/repo}",
            "subscriptions_url": "https://api.github.com/users/Fiserv/subscriptions",
            "organizations_url": "https://api.github.com/users/Fiserv/orgs",
            "repos_url": "https://api.github.com/users/Fiserv/repos",
            "events_url": "https://api.github.com/users/Fiserv/events{/privacy}",
            "received_events_url": "https://api.github.com/users/Fiserv/received_events",
            "type": "Organization",
            "user_view_type": "public",
            "site_admin": false
        },
        "html_url": "https://github.com/Fiserv/treasury-api",
        "description": "A new Tenant repo is generated by DevStudio team",
        "fork": false,
        "url": "https://api.github.com/repos/Fiserv/treasury-api",
        "forks_url": "https://api.github.com/repos/Fiserv/treasury-api/forks",
        "keys_url": "https://api.github.com/repos/Fiserv/treasury-api/keys{/key_id}",
        "collaborators_url": "https://api.github.com/repos/Fiserv/treasury-api/collaborators{/collaborator}",
        "teams_url": "https://api.github.com/repos/Fiserv/treasury-api/teams",
        "hooks_url": "https://api.github.com/repos/Fiserv/treasury-api/hooks",
        "issue_events_url": "https://api.github.com/repos/Fiserv/treasury-api/issues/events{/number}",
        "events_url": "https://api.github.com/repos/Fiserv/treasury-api/events",
        "assignees_url": "https://api.github.com/repos/Fiserv/treasury-api/assignees{/user}",
        "branches_url": "https://api.github.com/repos/Fiserv/treasury-api/branches{/branch}",
        "tags_url": "https://api.github.com/repos/Fiserv/treasury-api/tags",
        "blobs_url": "https://api.github.com/repos/Fiserv/treasury-api/git/blobs{/sha}",
        "git_tags_url": "https://api.github.com/repos/Fiserv/treasury-api/git/tags{/sha}",
        "git_refs_url": "https://api.github.com/repos/Fiserv/treasury-api/git/refs{/sha}",
        "trees_url": "https://api.github.com/repos/Fiserv/treasury-api/git/trees{/sha}",
        "statuses_url": "https://api.github.com/repos/Fiserv/treasury-api/statuses/{sha}",
        "languages_url": "https://api.github.com/repos/Fiserv/treasury-api/languages",
        "stargazers_url": "https://api.github.com/repos/Fiserv/treasury-api/stargazers",
        "contributors_url": "https://api.github.com/repos/Fiserv/treasury-api/contributors",
        "subscribers_url": "https://api.github.com/repos/Fiserv/treasury-api/subscribers",
        "subscription_url": "https://api.github.com/repos/Fiserv/treasury-api/subscription",
        "commits_url": "https://api.github.com/repos/Fiserv/treasury-api/commits{/sha}",
        "git_commits_url": "https://api.github.com/repos/Fiserv/treasury-api/git/commits{/sha}",
        "comments_url": "https://api.github.com/repos/Fiserv/treasury-api/comments{/number}",
        "issue_comment_url": "https://api.github.com/repos/Fiserv/treasury-api/issues/comments{/number}",
        "contents_url": "https://api.github.com/repos/Fiserv/treasury-api/contents/{+path}",
        "compare_url": "https://api.github.com/repos/Fiserv/treasury-api/compare/{base}...{head}",
        "merges_url": "https://api.github.com/repos/Fiserv/treasury-api/merges",
        "archive_url": "https://api.github.com/repos/Fiserv/treasury-api/{archive_format}{/ref}",
        "downloads_url": "https://api.github.com/repos/Fiserv/treasury-api/downloads",
        "issues_url": "https://api.github.com/repos/Fiserv/treasury-api/issues{/number}",
        "pulls_url": "https://api.github.com/repos/Fiserv/treasury-api/pulls{/number}",
        "milestones_url": "https://api.github.com/repos/Fiserv/treasury-api/milestones{/number}",
        "notifications_url": "https://api.github.com/repos/Fiserv/treasury-api/notifications{?since,all,participating}",
        "labels_url": "https://api.github.com/repos/Fiserv/treasury-api/labels{/name}",
        "releases_url": "https://api.github.com/repos/Fiserv/treasury-api/releases{/id}",
        "deployments_url": "https://api.github.com/repos/Fiserv/treasury-api/deployments",
        "created_at": 1747316353,
        "updated_at": "2025-11-10T14:13:57Z",
        "pushed_at": 1762796544,
        "git_url": "git://github.com/Fiserv/treasury-api.git",
        "ssh_url": "git@github.com:Fiserv/treasury-api.git",
        "clone_url": "https://github.com/Fiserv/treasury-api.git",
        "svn_url": "https://github.com/Fiserv/treasury-api",
        "homepage": null,
        "size": 319,
        "stargazers_count": 0,
        "watchers_count": 0,
        "language": null,
        "has_issues": true,
        "has_projects": true,
        "has_downloads": true,
        "has_wiki": true,
        "has_pages": false,
        "has_discussions": false,
        "forks_count": 0,
        "mirror_url": null,
        "archived": false,
        "disabled": false,
        "open_issues_count": 0,
        "license": null,
        "allow_forking": true,
        "is_template": false,
        "web_commit_signoff_required": false,
        "topics": [],
        "visibility": "private",
        "forks": 0,
        "open_issues": 0,
        "watchers": 0,
        "default_branch": "develop",
        "stargazers": 0,
        "master_branch": "develop",
        "organization": "Fiserv",
        "custom_properties": {}
    },
    "pusher": {
        "name": "shriyu-gaglani",
        "email": "147175890+shriyu-gaglani@users.noreply.github.com"
    },
    "organization": {
        "login": "Fiserv",
        "id": 43011046,
        "node_id": "MDEyOk9yZ2FuaXphdGlvbjQzMDExMDQ2",
        "url": "https://api.github.com/orgs/Fiserv",
        "repos_url": "https://api.github.com/orgs/Fiserv/repos",
        "events_url": "https://api.github.com/orgs/Fiserv/events",
        "hooks_url": "https://api.github.com/orgs/Fiserv/hooks",
        "issues_url": "https://api.github.com/orgs/Fiserv/issues",
        "members_url": "https://api.github.com/orgs/Fiserv/members{/member}",
        "public_members_url": "https://api.github.com/orgs/Fiserv/public_members{/member}",
        "avatar_url": "https://avatars.githubusercontent.com/u/43011046?v=4",
        "description": ""
    },
    "sender": {
        "login": "shriyu-gaglani",
        "id": 147175890,
        "node_id": "U_kgDOCMW50g",
        "avatar_url": "https://avatars.githubusercontent.com/u/147175890?v=4",
        "gravatar_id": "",
        "url": "https://api.github.com/users/shriyu-gaglani",
        "html_url": "https://github.com/shriyu-gaglani",
        "followers_url": "https://api.github.com/users/shriyu-gaglani/followers",
        "following_url": "https://api.github.com/users/shriyu-gaglani/following{/other_user}",
        "gists_url": "https://api.github.com/users/shriyu-gaglani/gists{/gist_id}",
        "starred_url": "https://api.github.com/users/shriyu-gaglani/starred{/owner}{/repo}",
        "subscriptions_url": "https://api.github.com/users/shriyu-gaglani/subscriptions",
        "organizations_url": "https://api.github.com/users/shriyu-gaglani/orgs",
        "repos_url": "https://api.github.com/users/shriyu-gaglani/repos",
        "events_url": "https://api.github.com/users/shriyu-gaglani/events{/privacy}",
        "received_events_url": "https://api.github.com/users/shriyu-gaglani/received_events",
        "type": "User",
        "user_view_type": "public",
        "site_admin": false
    },
    "created": false,
    "deleted": false,
    "forced": false,
    "base_ref": null,
    "compare": "https://github.com/Fiserv/treasury-api/compare/6eb5593ea2c0...61090aec34ae",
    "commits": [
        {
            "id": "aa0ed03b0bf10b494af98c06f4468a75ffca9ada",
            "tree_id": "b30e8911d7c5103cc0e5e7192d74f4eaaf42cc0e",
            "distinct": false,
            "message": "Initialize stage",
            "timestamp": "2025-05-15T06:39:17-07:00",
            "url": "https://github.com/Fiserv/treasury-api/commit/aa0ed03b0bf10b494af98c06f4468a75ffca9ada",
            "author": {
                "name": "Minh Pham",
                "email": "114534554+minh-pham1@users.noreply.github.com",
                "username": "minh-pham1"
            },
            "committer": {
                "name": "GitHub",
                "email": "noreply@github.com",
                "username": "web-flow"
            },
            "added": [
                ".docignore",
                ".github/workflows/validator.yaml",
                ".github/workflows/zip-generator-cleanup.yaml",
                ".github/workflows/zip-generator.yaml",
                "README.md",
                "assets/files/downloadable-file.txt",
                "assets/images/Fiserv_Logo.jpg",
                "config/document-explorer-definition.yaml",
                "config/product-layout.yaml",
                "config/tenant.json",
                "docs/documentation/documentation.md",
                "docs/getting-started.md",
                "docs/release-notes/2022/march.md",
                "reference/1.0.0/openapi.yaml"
            ],
            "removed": [],
            "modified": []
        },
        {
            "id": "04ceaacd996fcb3a599298e91565e0ba31c86cee",
            "tree_id": "39e4e716df38362403c5a7b9274f13705704a801",
            "distinct": false,
            "message": "pushing tenant json file remotely",
            "timestamp": "2025-05-15T13:39:20Z",
            "url": "https://github.com/Fiserv/treasury-api/commit/04ceaacd996fcb3a599298e91565e0ba31c86cee",
            "author": {
                "name": "sfiserv",
                "email": "supriya.nirmale@fiserv.com",
                "username": "sfiserv"
            },
            "committer": {
                "name": "sfiserv",
                "email": "supriya.nirmale@fiserv.com",
                "username": "sfiserv"
            },
            "added": [],
            "removed": [],
            "modified": [
                "config/tenant.json"
            ]
        },
        {
            "id": "cc64b6bb43b77a333064b884df24d28c7c7c946d",
            "tree_id": "9413749841fc41c153ee7c67b8963a8bb6774d0d",
            "distinct": false,
            "message": "Zip Generator Action",
            "timestamp": "2025-05-15T13:39:40Z",
            "url": "https://github.com/Fiserv/treasury-api/commit/cc64b6bb43b77a333064b884df24d28c7c7c946d",
            "author": {
                "name": "minh-pham1",
                "email": "114534554+minh-pham1@users.noreply.github.com",
                "username": "minh-pham1"
            },
            "committer": {
                "name": "github-actions[bot]",
                "email": "41898282+github-actions[bot]@users.noreply.github.com",
                "username": "github-actions[bot]"
            },
            "added": [
                "assets/files/treasury-api_postman.zip",
                "assets/files/treasury-api_spec.zip"
            ],
            "removed": [],
            "modified": []
        },
        {
            "id": "12448f54fef4d91572151800d2f125e95a127860",
            "tree_id": "ee80b56b757e26f6ffc1fe5f23ff4a588ee91647",
            "distinct": false,
            "message": "Merge pull request #3 from Fiserv/devstudio-update-zip-files-stage\n\nZip Generator Action - stage",
            "timestamp": "2025-05-15T06:39:44-07:00",
            "url": "https://github.com/Fiserv/treasury-api/commit/12448f54fef4d91572151800d2f125e95a127860",
            "author": {
                "name": "Minh Pham",
                "email": "114534554+minh-pham1@users.noreply.github.com",
                "username": "minh-pham1"
            },
            "committer": {
                "name": "GitHub",
                "email": "noreply@github.com",
                "username": "web-flow"
            },
            "added": [
                "assets/files/treasury-api_postman.zip",
                "assets/files/treasury-api_spec.zip"
            ],
            "removed": [],
            "modified": []
        },
        {
            "id": "9a02f8951bfff3b9a96527d144ecde136731b455",
            "tree_id": "0040f9ea07f5cd43e7d82d6a9fd74078d33a9e18",
            "distinct": false,
            "message": "COMC-15068- pull latest",
            "timestamp": "2025-11-10T12:31:46-05:00",
            "url": "https://github.com/Fiserv/treasury-api/commit/9a02f8951bfff3b9a96527d144ecde136731b455",
            "author": {
                "name": "Shriyu Gaglani",
                "email": "shriyu.gaglani@fiserv.com",
                "username": "shriyu-gaglani"
            },
            "committer": {
                "name": "Shriyu Gaglani",
                "email": "shriyu.gaglani@fiserv.com",
                "username": "shriyu-gaglani"
            },
            "added": [
                "reference/.DS_Store"
            ],
            "removed": [],
            "modified": []
        },
        {
            "id": "0c3babdc18a0df354adbcd62eb258ba94f4501dd",
            "tree_id": "d7bbb354cc4c3ec1b831a9a81e8fa8c179a91972",
            "distinct": false,
            "message": "COMC-15068- merge",
            "timestamp": "2025-11-10T12:33:00-05:00",
            "url": "https://github.com/Fiserv/treasury-api/commit/0c3babdc18a0df354adbcd62eb258ba94f4501dd",
            "author": {
                "name": "Shriyu Gaglani",
                "email": "shriyu.gaglani@fiserv.com",
                "username": "shriyu-gaglani"
            },
            "committer": {
                "name": "Shriyu Gaglani",
                "email": "shriyu.gaglani@fiserv.com",
                "username": "shriyu-gaglani"
            },
            "added": [
                "docs/connection.md",
                "docs/create-api-request.md",
                "docs/digitalsignature.md",
                "docs/register-dev-studio.md",
                "docs/release-notes/2025/october.md",
                "reference/1.0.0/.DS_Store",
                "reference/1.0.0/User/TreasuryApi.yaml"
            ],
            "removed": [
                "docs/documentation/documentation.md",
                "docs/release-notes/2022/march.md",
                "reference/1.0.0/openapi.yaml"
            ],
            "modified": [
                "assets/files/treasury-api_postman.zip",
                "assets/files/treasury-api_spec.zip",
                "config/document-explorer-definition.yaml",
                "config/product-layout.yaml",
                "config/tenant.json",
                "docs/getting-started.md"
            ]
        },
        {
            "id": "1e3b8b808345063548fb3e6e557def35bce4f936",
            "tree_id": "267d4e5bcf5371b3558114829122dc58f7f27704",
            "distinct": false,
            "message": "Merge remote-tracking branch 'origin/stage' into develop-sync",
            "timestamp": "2025-11-10T12:40:27-05:00",
            "url": "https://github.com/Fiserv/treasury-api/commit/1e3b8b808345063548fb3e6e557def35bce4f936",
            "author": {
                "name": "Shriyu Gaglani",
                "email": "shriyu.gaglani@fiserv.com",
                "username": "shriyu-gaglani"
            },
            "committer": {
                "name": "Shriyu Gaglani",
                "email": "shriyu.gaglani@fiserv.com",
                "username": "shriyu-gaglani"
            },
            "added": [
                "docs/documentation/documentation.md",
                "docs/release-notes/2022/march.md",
                "reference/1.0.0/openapi.yaml"
            ],
            "removed": [],
            "modified": []
        },
        {
            "id": "61090aec34ae3adc539af96a9c17b36f39ae5b1c",
            "tree_id": "267d4e5bcf5371b3558114829122dc58f7f27704",
            "distinct": true,
            "message": "Merge pull request #79 from Fiserv/develop-sync\n\nDevelop sync",
            "timestamp": "2025-11-10T12:42:24-05:00",
            "url": "https://github.com/Fiserv/treasury-api/commit/61090aec34ae3adc539af96a9c17b36f39ae5b1c",
            "author": {
                "name": "shriyu-gaglani",
                "email": "147175890+shriyu-gaglani@users.noreply.github.com",
                "username": "shriyu-gaglani"
            },
            "committer": {
                "name": "GitHub",
                "email": "noreply@github.com",
                "username": "web-flow"
            },
            "added": [
                "docs/documentation/documentation.md",
                "docs/release-notes/2022/march.md",
                "reference/1.0.0/openapi.yaml"
            ],
            "removed": [],
            "modified": [
                "reference/.DS_Store"
            ]
        }
    ],
    "head_commit": {
        "id": "61090aec34ae3adc539af96a9c17b36f39ae5b1c",
        "tree_id": "267d4e5bcf5371b3558114829122dc58f7f27704",
        "distinct": true,
        "message": "Merge pull request #79 from Fiserv/develop-sync\n\nDevelop sync",
        "timestamp": "2025-11-10T12:42:24-05:00",
        "url": "https://github.com/Fiserv/treasury-api/commit/61090aec34ae3adc539af96a9c17b36f39ae5b1c",
        "author": {
            "name": "shriyu-gaglani",
            "email": "147175890+shriyu-gaglani@users.noreply.github.com",
            "username": "shriyu-gaglani"
        },
        "committer": {
            "name": "GitHub",
            "email": "noreply@github.com",
            "username": "web-flow"
        },
        "added": [
            "docs/documentation/documentation.md",
            "docs/release-notes/2022/march.md",
            "reference/1.0.0/openapi.yaml"
        ],
        "removed": [],
        "modified": [
            "reference/.DS_Store"
        ]
    }
}
*****************************************************
