************** Blocked webhook request **************
webhook: https://developer.fiserv.com/api/git-webhook
GitHub delivery Id: cebf8204-f607-11f0-9a14-bf11fdb0988a
Timestamp: 1768917382.0
transid: 1537487921
clientip: 140.82.115.169
clientport: 23392
request payload: {
    "ref": "refs/heads/develop",
    "before": "5a1f670d1ba27c9800ea64c2d859518b1be9234a",
    "after": "5420c6dcb0acb4e5f1063ae8cb190af1f2c17e09",
    "repository": {
        "id": 939069803,
        "node_id": "R_kgDON_kRaw",
        "name": "fraud-orchestration-director",
        "full_name": "Fiserv/fraud-orchestration-director",
        "private": true,
        "owner": {
            "name": "Fiserv",
            "email": "alvin.cho22@gmail.com",
            "login": "Fiserv",
            "id": 43011046,
            "node_id": "MDEyOk9yZ2FuaXphdGlvbjQzMDExMDQ2",
            "avatar_url": "https://avatars.githubusercontent.com/u/43011046?v=4",
            "gravatar_id": "",
            "url": "https://api.github.com/users/Fiserv",
            "html_url": "https://github.com/Fiserv",
            "followers_url": "https://api.github.com/users/Fiserv/followers",
            "following_url": "https://api.github.com/users/Fiserv/following{/other_user}",
            "gists_url": "https://api.github.com/users/Fiserv/gists{/gist_id}",
            "starred_url": "https://api.github.com/users/Fiserv/starred{/owner}{/repo}",
            "subscriptions_url": "https://api.github.com/users/Fiserv/subscriptions",
            "organizations_url": "https://api.github.com/users/Fiserv/orgs",
            "repos_url": "https://api.github.com/users/Fiserv/repos",
            "events_url": "https://api.github.com/users/Fiserv/events{/privacy}",
            "received_events_url": "https://api.github.com/users/Fiserv/received_events",
            "type": "Organization",
            "user_view_type": "public",
            "site_admin": false
        },
        "html_url": "https://github.com/Fiserv/fraud-orchestration-director",
        "description": "A new Tenant repo is generated by DevStudio team",
        "fork": false,
        "url": "https://api.github.com/repos/Fiserv/fraud-orchestration-director",
        "forks_url": "https://api.github.com/repos/Fiserv/fraud-orchestration-director/forks",
        "keys_url": "https://api.github.com/repos/Fiserv/fraud-orchestration-director/keys{/key_id}",
        "collaborators_url": "https://api.github.com/repos/Fiserv/fraud-orchestration-director/collaborators{/collaborator}",
        "teams_url": "https://api.github.com/repos/Fiserv/fraud-orchestration-director/teams",
        "hooks_url": "https://api.github.com/repos/Fiserv/fraud-orchestration-director/hooks",
        "issue_events_url": "https://api.github.com/repos/Fiserv/fraud-orchestration-director/issues/events{/number}",
        "events_url": "https://api.github.com/repos/Fiserv/fraud-orchestration-director/events",
        "assignees_url": "https://api.github.com/repos/Fiserv/fraud-orchestration-director/assignees{/user}",
        "branches_url": "https://api.github.com/repos/Fiserv/fraud-orchestration-director/branches{/branch}",
        "tags_url": "https://api.github.com/repos/Fiserv/fraud-orchestration-director/tags",
        "blobs_url": "https://api.github.com/repos/Fiserv/fraud-orchestration-director/git/blobs{/sha}",
        "git_tags_url": "https://api.github.com/repos/Fiserv/fraud-orchestration-director/git/tags{/sha}",
        "git_refs_url": "https://api.github.com/repos/Fiserv/fraud-orchestration-director/git/refs{/sha}",
        "trees_url": "https://api.github.com/repos/Fiserv/fraud-orchestration-director/git/trees{/sha}",
        "statuses_url": "https://api.github.com/repos/Fiserv/fraud-orchestration-director/statuses/{sha}",
        "languages_url": "https://api.github.com/repos/Fiserv/fraud-orchestration-director/languages",
        "stargazers_url": "https://api.github.com/repos/Fiserv/fraud-orchestration-director/stargazers",
        "contributors_url": "https://api.github.com/repos/Fiserv/fraud-orchestration-director/contributors",
        "subscribers_url": "https://api.github.com/repos/Fiserv/fraud-orchestration-director/subscribers",
        "subscription_url": "https://api.github.com/repos/Fiserv/fraud-orchestration-director/subscription",
        "commits_url": "https://api.github.com/repos/Fiserv/fraud-orchestration-director/commits{/sha}",
        "git_commits_url": "https://api.github.com/repos/Fiserv/fraud-orchestration-director/git/commits{/sha}",
        "comments_url": "https://api.github.com/repos/Fiserv/fraud-orchestration-director/comments{/number}",
        "issue_comment_url": "https://api.github.com/repos/Fiserv/fraud-orchestration-director/issues/comments{/number}",
        "contents_url": "https://api.github.com/repos/Fiserv/fraud-orchestration-director/contents/{+path}",
        "compare_url": "https://api.github.com/repos/Fiserv/fraud-orchestration-director/compare/{base}...{head}",
        "merges_url": "https://api.github.com/repos/Fiserv/fraud-orchestration-director/merges",
        "archive_url": "https://api.github.com/repos/Fiserv/fraud-orchestration-director/{archive_format}{/ref}",
        "downloads_url": "https://api.github.com/repos/Fiserv/fraud-orchestration-director/downloads",
        "issues_url": "https://api.github.com/repos/Fiserv/fraud-orchestration-director/issues{/number}",
        "pulls_url": "https://api.github.com/repos/Fiserv/fraud-orchestration-director/pulls{/number}",
        "milestones_url": "https://api.github.com/repos/Fiserv/fraud-orchestration-director/milestones{/number}",
        "notifications_url": "https://api.github.com/repos/Fiserv/fraud-orchestration-director/notifications{?since,all,participating}",
        "labels_url": "https://api.github.com/repos/Fiserv/fraud-orchestration-director/labels{/name}",
        "releases_url": "https://api.github.com/repos/Fiserv/fraud-orchestration-director/releases{/id}",
        "deployments_url": "https://api.github.com/repos/Fiserv/fraud-orchestration-director/deployments",
        "created_at": 1740528474,
        "updated_at": "2026-01-20T13:22:15Z",
        "pushed_at": 1768917383,
        "git_url": "git://github.com/Fiserv/fraud-orchestration-director.git",
        "ssh_url": "git@github.com:Fiserv/fraud-orchestration-director.git",
        "clone_url": "https://github.com/Fiserv/fraud-orchestration-director.git",
        "svn_url": "https://github.com/Fiserv/fraud-orchestration-director",
        "homepage": null,
        "size": 582,
        "stargazers_count": 0,
        "watchers_count": 0,
        "language": null,
        "has_issues": true,
        "has_projects": true,
        "has_downloads": true,
        "has_wiki": true,
        "has_pages": false,
        "has_discussions": false,
        "forks_count": 0,
        "mirror_url": null,
        "archived": false,
        "disabled": false,
        "open_issues_count": 0,
        "license": null,
        "allow_forking": true,
        "is_template": false,
        "web_commit_signoff_required": false,
        "topics": [],
        "visibility": "private",
        "forks": 0,
        "open_issues": 0,
        "watchers": 0,
        "default_branch": "develop",
        "stargazers": 0,
        "master_branch": "develop",
        "organization": "Fiserv",
        "custom_properties": {}
    },
    "pusher": {
        "name": "Purva-Gaikwad432",
        "email": "purvadnyaneshwar.gaikwad@fiserv.com"
    },
    "organization": {
        "login": "Fiserv",
        "id": 43011046,
        "node_id": "MDEyOk9yZ2FuaXphdGlvbjQzMDExMDQ2",
        "url": "https://api.github.com/orgs/Fiserv",
        "repos_url": "https://api.github.com/orgs/Fiserv/repos",
        "events_url": "https://api.github.com/orgs/Fiserv/events",
        "hooks_url": "https://api.github.com/orgs/Fiserv/hooks",
        "issues_url": "https://api.github.com/orgs/Fiserv/issues",
        "members_url": "https://api.github.com/orgs/Fiserv/members{/member}",
        "public_members_url": "https://api.github.com/orgs/Fiserv/public_members{/member}",
        "avatar_url": "https://avatars.githubusercontent.com/u/43011046?v=4",
        "description": ""
    },
    "sender": {
        "login": "Purva-Gaikwad432",
        "id": 226099807,
        "node_id": "U_kgDODXoCXw",
        "avatar_url": "https://avatars.githubusercontent.com/u/226099807?v=4",
        "gravatar_id": "",
        "url": "https://api.github.com/users/Purva-Gaikwad432",
        "html_url": "https://github.com/Purva-Gaikwad432",
        "followers_url": "https://api.github.com/users/Purva-Gaikwad432/followers",
        "following_url": "https://api.github.com/users/Purva-Gaikwad432/following{/other_user}",
        "gists_url": "https://api.github.com/users/Purva-Gaikwad432/gists{/gist_id}",
        "starred_url": "https://api.github.com/users/Purva-Gaikwad432/starred{/owner}{/repo}",
        "subscriptions_url": "https://api.github.com/users/Purva-Gaikwad432/subscriptions",
        "organizations_url": "https://api.github.com/users/Purva-Gaikwad432/orgs",
        "repos_url": "https://api.github.com/users/Purva-Gaikwad432/repos",
        "events_url": "https://api.github.com/users/Purva-Gaikwad432/events{/privacy}",
        "received_events_url": "https://api.github.com/users/Purva-Gaikwad432/received_events",
        "type": "User",
        "user_view_type": "public",
        "site_admin": false
    },
    "created": false,
    "deleted": false,
    "forced": false,
    "base_ref": null,
    "compare": "https://github.com/Fiserv/fraud-orchestration-director/compare/5a1f670d1ba2...5420c6dcb0ac",
    "commits": [
        {
            "id": "ebcd575b811f2b725c9178e89dce260918c41941",
            "tree_id": "cf9136cdd28cb3b2aa649a1dcaa9aa0b59c5a810",
            "distinct": false,
            "message": "Create collection",
            "timestamp": "2026-01-20T19:00:50+05:30",
            "url": "https://github.com/Fiserv/fraud-orchestration-director/commit/ebcd575b811f2b725c9178e89dce260918c41941",
            "author": {
                "name": "Purva-Gaikwad432",
                "email": "purvadnyaneshwar.gaikwad@fiserv.com",
                "date": "2026-01-20T19:00:50+05:30",
                "username": "Purva-Gaikwad432"
            },
            "committer": {
                "name": "GitHub",
                "email": "noreply@github.com",
                "date": "2026-01-20T19:00:50+05:30",
                "username": "web-flow"
            },
            "added": [
                "reference/collection"
            ],
            "removed": [],
            "modified": []
        },
        {
            "id": "ce3f8ef06c58f932dbc3be84cc2086e8fee1416b",
            "tree_id": "6a35c9902c77cd362c26b2247341491b8f486f9f",
            "distinct": false,
            "message": "Create package.json",
            "timestamp": "2026-01-20T19:10:10+05:30",
            "url": "https://github.com/Fiserv/fraud-orchestration-director/commit/ce3f8ef06c58f932dbc3be84cc2086e8fee1416b",
            "author": {
                "name": "Purva-Gaikwad432",
                "email": "purvadnyaneshwar.gaikwad@fiserv.com",
                "date": "2026-01-20T19:10:10+05:30",
                "username": "Purva-Gaikwad432"
            },
            "committer": {
                "name": "GitHub",
                "email": "noreply@github.com",
                "date": "2026-01-20T19:10:10+05:30",
                "username": "web-flow"
            },
            "added": [
                "reference/postman/package.json"
            ],
            "removed": [],
            "modified": []
        },
        {
            "id": "3d69d1c0be2b5044ae72bffce993b381fff6437c",
            "tree_id": "432951355b4a1cab84edd74cd637595157562e1f",
            "distinct": false,
            "message": "Update package.json",
            "timestamp": "2026-01-20T19:13:08+05:30",
            "url": "https://github.com/Fiserv/fraud-orchestration-director/commit/3d69d1c0be2b5044ae72bffce993b381fff6437c",
            "author": {
                "name": "Purva-Gaikwad432",
                "email": "purvadnyaneshwar.gaikwad@fiserv.com",
                "date": "2026-01-20T19:13:08+05:30",
                "username": "Purva-Gaikwad432"
            },
            "committer": {
                "name": "GitHub",
                "email": "noreply@github.com",
                "date": "2026-01-20T19:13:08+05:30",
                "username": "web-flow"
            },
            "added": [],
            "removed": [],
            "modified": [
                "reference/postman/package.json"
            ]
        },
        {
            "id": "7f73d028f5881b6b416eb3b4047493845dcf19ac",
            "tree_id": "b0deee1964511794b4967fdcbedc035669e06cb6",
            "distinct": false,
            "message": "Create zip-extra.js",
            "timestamp": "2026-01-20T19:14:05+05:30",
            "url": "https://github.com/Fiserv/fraud-orchestration-director/commit/7f73d028f5881b6b416eb3b4047493845dcf19ac",
            "author": {
                "name": "Purva-Gaikwad432",
                "email": "purvadnyaneshwar.gaikwad@fiserv.com",
                "date": "2026-01-20T19:14:05+05:30",
                "username": "Purva-Gaikwad432"
            },
            "committer": {
                "name": "GitHub",
                "email": "noreply@github.com",
                "date": "2026-01-20T19:14:05+05:30",
                "username": "web-flow"
            },
            "added": [
                "reference/postman/zip-extra.js"
            ],
            "removed": [],
            "modified": []
        },
        {
            "id": "644e1568f36698deef229591f8bed5ac9f6517fa",
            "tree_id": "51d797bba3280b5827bb00fece654227ac1b469b",
            "distinct": false,
            "message": "Create fraud-orchestration-director-postman-test.postman_collection.json",
            "timestamp": "2026-01-20T19:16:36+05:30",
            "url": "https://github.com/Fiserv/fraud-orchestration-director/commit/644e1568f36698deef229591f8bed5ac9f6517fa",
            "author": {
                "name": "Purva-Gaikwad432",
                "email": "purvadnyaneshwar.gaikwad@fiserv.com",
                "date": "2026-01-20T19:16:36+05:30",
                "username": "Purva-Gaikwad432"
            },
            "committer": {
                "name": "GitHub",
                "email": "noreply@github.com",
                "date": "2026-01-20T19:16:36+05:30",
                "username": "web-flow"
            },
            "added": [
                "reference/postman/extra/fraud-orchestration-director-postman-test.postman_collection.json"
            ],
            "removed": [],
            "modified": []
        },
        {
            "id": "2fe1774e2d1f2e8db807050b296f2675b7a94dd8",
            "tree_id": "af567d7ef5e51caa4abbe3863a2a0a77e5392ed4",
            "distinct": false,
            "message": "Delete reference/collection",
            "timestamp": "2026-01-20T19:17:58+05:30",
            "url": "https://github.com/Fiserv/fraud-orchestration-director/commit/2fe1774e2d1f2e8db807050b296f2675b7a94dd8",
            "author": {
                "name": "Purva-Gaikwad432",
                "email": "purvadnyaneshwar.gaikwad@fiserv.com",
                "date": "2026-01-20T19:17:58+05:30",
                "username": "Purva-Gaikwad432"
            },
            "committer": {
                "name": "GitHub",
                "email": "noreply@github.com",
                "date": "2026-01-20T19:17:58+05:30",
                "username": "web-flow"
            },
            "added": [],
            "removed": [
                "reference/collection"
            ],
            "modified": []
        },
        {
            "id": "ba29d0bca60a1b4f5188ccabd3c56a130af52682",
            "tree_id": "e2f74d164ed7d5d608cdd7c1395886868dddc3ca",
            "distinct": false,
            "message": "Delete reference/1.0.0/fraud-orchestration-director-postman-test.postman_collection.json",
            "timestamp": "2026-01-20T19:18:36+05:30",
            "url": "https://github.com/Fiserv/fraud-orchestration-director/commit/ba29d0bca60a1b4f5188ccabd3c56a130af52682",
            "author": {
                "name": "Purva-Gaikwad432",
                "email": "purvadnyaneshwar.gaikwad@fiserv.com",
                "date": "2026-01-20T19:18:36+05:30",
                "username": "Purva-Gaikwad432"
            },
            "committer": {
                "name": "GitHub",
                "email": "noreply@github.com",
                "date": "2026-01-20T19:18:36+05:30",
                "username": "web-flow"
            },
            "added": [],
            "removed": [
                "reference/1.0.0/fraud-orchestration-director-postman-test.postman_collection.json"
            ],
            "modified": []
        },
        {
            "id": "81cb4a53efbc43df71460e9ff215419e84e8b0b6",
            "tree_id": "14c2f7f5c32e6911b0a5261bc9e26bf051275a8b",
            "distinct": false,
            "message": "Update zip-generator.yaml",
            "timestamp": "2026-01-20T19:21:08+05:30",
            "url": "https://github.com/Fiserv/fraud-orchestration-director/commit/81cb4a53efbc43df71460e9ff215419e84e8b0b6",
            "author": {
                "name": "Purva-Gaikwad432",
                "email": "purvadnyaneshwar.gaikwad@fiserv.com",
                "date": "2026-01-20T19:21:08+05:30",
                "username": "Purva-Gaikwad432"
            },
            "committer": {
                "name": "GitHub",
                "email": "noreply@github.com",
                "date": "2026-01-20T19:21:08+05:30",
                "username": "web-flow"
            },
            "added": [],
            "removed": [],
            "modified": [
                ".github/workflows/zip-generator.yaml"
            ]
        },
        {
            "id": "8ac848ce4318123ed4e5cb77c8a7bd27fac2a895",
            "tree_id": "6c82a5b1ee8004e0f576b54d9b098a81912a10a7",
            "distinct": false,
            "message": "Merge branch 'develop' into Purva-Gaikwad432-patch-10",
            "timestamp": "2026-01-20T19:25:28+05:30",
            "url": "https://github.com/Fiserv/fraud-orchestration-director/commit/8ac848ce4318123ed4e5cb77c8a7bd27fac2a895",
            "author": {
                "name": "Purva-Gaikwad432",
                "email": "purvadnyaneshwar.gaikwad@fiserv.com",
                "date": "2026-01-20T19:25:28+05:30",
                "username": "Purva-Gaikwad432"
            },
            "committer": {
                "name": "GitHub",
                "email": "noreply@github.com",
                "date": "2026-01-20T19:25:28+05:30",
                "username": "web-flow"
            },
            "added": [],
            "removed": [],
            "modified": [
                "assets/files/fraud-orchestration-director_postman.zip",
                "assets/files/fraud-orchestration-director_spec.zip"
            ]
        },
        {
            "id": "5420c6dcb0acb4e5f1063ae8cb190af1f2c17e09",
            "tree_id": "6c82a5b1ee8004e0f576b54d9b098a81912a10a7",
            "distinct": true,
            "message": "Merge pull request #103 from Fiserv/Purva-Gaikwad432-patch-10\n\nPurva gaikwad432 patch 10",
            "timestamp": "2026-01-20T19:26:22+05:30",
            "url": "https://github.com/Fiserv/fraud-orchestration-director/commit/5420c6dcb0acb4e5f1063ae8cb190af1f2c17e09",
            "author": {
                "name": "Purva-Gaikwad432",
                "email": "purvadnyaneshwar.gaikwad@fiserv.com",
                "date": "2026-01-20T19:26:22+05:30",
                "username": "Purva-Gaikwad432"
            },
            "committer": {
                "name": "GitHub",
                "email": "noreply@github.com",
                "date": "2026-01-20T19:26:22+05:30",
                "username": "web-flow"
            },
            "added": [
                "reference/postman/extra/fraud-orchestration-director-postman-test.postman_collection.json",
                "reference/postman/package.json",
                "reference/postman/zip-extra.js"
            ],
            "removed": [
                "reference/1.0.0/fraud-orchestration-director-postman-test.postman_collection.json"
            ],
            "modified": [
                ".github/workflows/zip-generator.yaml"
            ]
        }
    ],
    "head_commit": {
        "id": "5420c6dcb0acb4e5f1063ae8cb190af1f2c17e09",
        "tree_id": "6c82a5b1ee8004e0f576b54d9b098a81912a10a7",
        "distinct": true,
        "message": "Merge pull request #103 from Fiserv/Purva-Gaikwad432-patch-10\n\nPurva gaikwad432 patch 10",
        "timestamp": "2026-01-20T19:26:22+05:30",
        "url": "https://github.com/Fiserv/fraud-orchestration-director/commit/5420c6dcb0acb4e5f1063ae8cb190af1f2c17e09",
        "author": {
            "name": "Purva-Gaikwad432",
            "email": "purvadnyaneshwar.gaikwad@fiserv.com",
            "date": "2026-01-20T19:26:22+05:30",
            "username": "Purva-Gaikwad432"
        },
        "committer": {
            "name": "GitHub",
            "email": "noreply@github.com",
            "date": "2026-01-20T19:26:22+05:30",
            "username": "web-flow"
        },
        "added": [
            "reference/postman/extra/fraud-orchestration-director-postman-test.postman_collection.json",
            "reference/postman/package.json",
            "reference/postman/zip-extra.js"
        ],
        "removed": [
            "reference/1.0.0/fraud-orchestration-director-postman-test.postman_collection.json"
        ],
        "modified": [
            ".github/workflows/zip-generator.yaml"
        ]
    }
}
*****************************************************
