************** Blocked webhook request **************
webhook: https://developer.fiserv.com/api/git-webhook
GitHub delivery Id: 19c96384-2d38-11f1-854a-ba7b02ce2e42
Timestamp: 1774985435.0
transid: 1532206606
clientip: 140.82.115.169
clientport: 34778
request payload: {
    "ref": "refs/heads/develop",
    "before": "32bd1304657adbc2a382556d47c7d00c8f7ad369",
    "after": "2361133c3f6b3d00fc1ea817f42a3603b2bf6d1b",
    "repository": {
        "id": 429967642,
        "node_id": "R_kgDOGaDJGg",
        "name": "firstvision-latam",
        "full_name": "Fiserv/firstvision-latam",
        "private": true,
        "owner": {
            "name": "Fiserv",
            "email": null,
            "login": "Fiserv",
            "id": 43011046,
            "node_id": "MDEyOk9yZ2FuaXphdGlvbjQzMDExMDQ2",
            "avatar_url": "https://avatars.githubusercontent.com/u/43011046?v=4",
            "gravatar_id": "",
            "url": "https://api.github.com/users/Fiserv",
            "html_url": "https://github.com/Fiserv",
            "followers_url": "https://api.github.com/users/Fiserv/followers",
            "following_url": "https://api.github.com/users/Fiserv/following{/other_user}",
            "gists_url": "https://api.github.com/users/Fiserv/gists{/gist_id}",
            "starred_url": "https://api.github.com/users/Fiserv/starred{/owner}{/repo}",
            "subscriptions_url": "https://api.github.com/users/Fiserv/subscriptions",
            "organizations_url": "https://api.github.com/users/Fiserv/orgs",
            "repos_url": "https://api.github.com/users/Fiserv/repos",
            "events_url": "https://api.github.com/users/Fiserv/events{/privacy}",
            "received_events_url": "https://api.github.com/users/Fiserv/received_events",
            "type": "Organization",
            "user_view_type": "public",
            "site_admin": false
        },
        "html_url": "https://github.com/Fiserv/firstvision-latam",
        "description": "Developer Portal - FV LATAM ",
        "fork": false,
        "url": "https://api.github.com/repos/Fiserv/firstvision-latam",
        "forks_url": "https://api.github.com/repos/Fiserv/firstvision-latam/forks",
        "keys_url": "https://api.github.com/repos/Fiserv/firstvision-latam/keys{/key_id}",
        "collaborators_url": "https://api.github.com/repos/Fiserv/firstvision-latam/collaborators{/collaborator}",
        "teams_url": "https://api.github.com/repos/Fiserv/firstvision-latam/teams",
        "hooks_url": "https://api.github.com/repos/Fiserv/firstvision-latam/hooks",
        "issue_events_url": "https://api.github.com/repos/Fiserv/firstvision-latam/issues/events{/number}",
        "events_url": "https://api.github.com/repos/Fiserv/firstvision-latam/events",
        "assignees_url": "https://api.github.com/repos/Fiserv/firstvision-latam/assignees{/user}",
        "branches_url": "https://api.github.com/repos/Fiserv/firstvision-latam/branches{/branch}",
        "tags_url": "https://api.github.com/repos/Fiserv/firstvision-latam/tags",
        "blobs_url": "https://api.github.com/repos/Fiserv/firstvision-latam/git/blobs{/sha}",
        "git_tags_url": "https://api.github.com/repos/Fiserv/firstvision-latam/git/tags{/sha}",
        "git_refs_url": "https://api.github.com/repos/Fiserv/firstvision-latam/git/refs{/sha}",
        "trees_url": "https://api.github.com/repos/Fiserv/firstvision-latam/git/trees{/sha}",
        "statuses_url": "https://api.github.com/repos/Fiserv/firstvision-latam/statuses/{sha}",
        "languages_url": "https://api.github.com/repos/Fiserv/firstvision-latam/languages",
        "stargazers_url": "https://api.github.com/repos/Fiserv/firstvision-latam/stargazers",
        "contributors_url": "https://api.github.com/repos/Fiserv/firstvision-latam/contributors",
        "subscribers_url": "https://api.github.com/repos/Fiserv/firstvision-latam/subscribers",
        "subscription_url": "https://api.github.com/repos/Fiserv/firstvision-latam/subscription",
        "commits_url": "https://api.github.com/repos/Fiserv/firstvision-latam/commits{/sha}",
        "git_commits_url": "https://api.github.com/repos/Fiserv/firstvision-latam/git/commits{/sha}",
        "comments_url": "https://api.github.com/repos/Fiserv/firstvision-latam/comments{/number}",
        "issue_comment_url": "https://api.github.com/repos/Fiserv/firstvision-latam/issues/comments{/number}",
        "contents_url": "https://api.github.com/repos/Fiserv/firstvision-latam/contents/{+path}",
        "compare_url": "https://api.github.com/repos/Fiserv/firstvision-latam/compare/{base}...{head}",
        "merges_url": "https://api.github.com/repos/Fiserv/firstvision-latam/merges",
        "archive_url": "https://api.github.com/repos/Fiserv/firstvision-latam/{archive_format}{/ref}",
        "downloads_url": "https://api.github.com/repos/Fiserv/firstvision-latam/downloads",
        "issues_url": "https://api.github.com/repos/Fiserv/firstvision-latam/issues{/number}",
        "pulls_url": "https://api.github.com/repos/Fiserv/firstvision-latam/pulls{/number}",
        "milestones_url": "https://api.github.com/repos/Fiserv/firstvision-latam/milestones{/number}",
        "notifications_url": "https://api.github.com/repos/Fiserv/firstvision-latam/notifications{?since,all,participating}",
        "labels_url": "https://api.github.com/repos/Fiserv/firstvision-latam/labels{/name}",
        "releases_url": "https://api.github.com/repos/Fiserv/firstvision-latam/releases{/id}",
        "deployments_url": "https://api.github.com/repos/Fiserv/firstvision-latam/deployments",
        "created_at": 1637366918,
        "updated_at": "2026-03-27T02:02:27Z",
        "pushed_at": 1774985436,
        "git_url": "git://github.com/Fiserv/firstvision-latam.git",
        "ssh_url": "git@github.com:Fiserv/firstvision-latam.git",
        "clone_url": "https://github.com/Fiserv/firstvision-latam.git",
        "svn_url": "https://github.com/Fiserv/firstvision-latam",
        "homepage": "",
        "size": 146850,
        "stargazers_count": 1,
        "watchers_count": 1,
        "language": null,
        "has_issues": true,
        "has_projects": true,
        "has_downloads": true,
        "has_wiki": true,
        "has_pages": false,
        "has_discussions": false,
        "forks_count": 1,
        "mirror_url": null,
        "archived": false,
        "disabled": false,
        "open_issues_count": 1,
        "license": null,
        "allow_forking": true,
        "is_template": false,
        "web_commit_signoff_required": false,
        "has_pull_requests": true,
        "pull_request_creation_policy": "all",
        "topics": [],
        "visibility": "private",
        "forks": 1,
        "open_issues": 1,
        "watchers": 1,
        "default_branch": "develop",
        "stargazers": 1,
        "master_branch": "develop",
        "organization": "Fiserv",
        "custom_properties": {}
    },
    "pusher": {
        "name": "jccg-fiserv",
        "email": "cristiangerardo.jaramillo@fiserv.com"
    },
    "forced": false,
    "organization": {
        "login": "Fiserv",
        "id": 43011046,
        "node_id": "MDEyOk9yZ2FuaXphdGlvbjQzMDExMDQ2",
        "url": "https://api.github.com/orgs/Fiserv",
        "repos_url": "https://api.github.com/orgs/Fiserv/repos",
        "events_url": "https://api.github.com/orgs/Fiserv/events",
        "hooks_url": "https://api.github.com/orgs/Fiserv/hooks",
        "issues_url": "https://api.github.com/orgs/Fiserv/issues",
        "members_url": "https://api.github.com/orgs/Fiserv/members{/member}",
        "public_members_url": "https://api.github.com/orgs/Fiserv/public_members{/member}",
        "avatar_url": "https://avatars.githubusercontent.com/u/43011046?v=4",
        "description": ""
    },
    "sender": {
        "login": "jccg-fiserv",
        "id": 231524930,
        "node_id": "U_kgDODczKQg",
        "avatar_url": "https://avatars.githubusercontent.com/u/231524930?v=4",
        "gravatar_id": "",
        "url": "https://api.github.com/users/jccg-fiserv",
        "html_url": "https://github.com/jccg-fiserv",
        "followers_url": "https://api.github.com/users/jccg-fiserv/followers",
        "following_url": "https://api.github.com/users/jccg-fiserv/following{/other_user}",
        "gists_url": "https://api.github.com/users/jccg-fiserv/gists{/gist_id}",
        "starred_url": "https://api.github.com/users/jccg-fiserv/starred{/owner}{/repo}",
        "subscriptions_url": "https://api.github.com/users/jccg-fiserv/subscriptions",
        "organizations_url": "https://api.github.com/users/jccg-fiserv/orgs",
        "repos_url": "https://api.github.com/users/jccg-fiserv/repos",
        "events_url": "https://api.github.com/users/jccg-fiserv/events{/privacy}",
        "received_events_url": "https://api.github.com/users/jccg-fiserv/received_events",
        "type": "User",
        "user_view_type": "public",
        "site_admin": false
    },
    "created": false,
    "deleted": false,
    "base_ref": null,
    "compare": "https://github.com/Fiserv/firstvision-latam/compare/32bd1304657a...2361133c3f6b",
    "commits": [
        {
            "id": "59fc5fa5de550774260febe9505adbae513ec078",
            "tree_id": "d087f902deaf0626b58d506e3a5132df903afe1c",
            "distinct": false,
            "message": "Homologate projects",
            "timestamp": "2026-03-31T13:13:06-06:00",
            "url": "https://github.com/Fiserv/firstvision-latam/commit/59fc5fa5de550774260febe9505adbae513ec078",
            "author": {
                "name": "Cristian Jaramillo",
                "email": "cristiangerardo.jaramillo@fiserv.com",
                "date": "2026-03-31T13:13:06-06:00",
                "username": "jccg-fiserv"
            },
            "committer": {
                "name": "Cristian Jaramillo",
                "email": "cristiangerardo.jaramillo@fiserv.com",
                "date": "2026-03-31T13:13:06-06:00",
                "username": "jccg-fiserv"
            },
            "added": [
                "src/cards-openapi/components/examples/v5_cards_statement-detail/requests/POST_StatementDetailCardsV5.request-body-by-date.yaml",
                "src/cards-openapi/components/examples/v5_cards_statement-detail/requests/POST_StatementDetailCardsV5.request-body-by-occurrence.yaml",
                "src/cards-openapi/components/examples/v5_cards_statement-detail/responses/POST_StatementDetailCardsV5.200.yaml",
                "src/cards-openapi/components/headers/commons/Content-Type.Header.yaml",
                "src/cards-openapi/components/parameters/commons/Content-Type.Header.yaml",
                "src/cards-openapi/components/parameters/commons/X-ClientID.Header.yaml",
                "src/cards-openapi/components/requestBodies/v5_cards_statement-detail/POST_StatementDetailCardsV5.RequestBody.yaml",
                "src/cards-openapi/components/responses/v5_cards_statement-detail/POST_StatementDetailCardsV5.200.yaml",
                "src/cards-openapi/components/responses/v5_cards_statement-detail/POST_StatementDetailCardsV5.400.yaml",
                "src/cards-openapi/components/responses/v5_cards_statement-detail/POST_StatementDetailCardsV5.401.yaml",
                "src/cards-openapi/components/responses/v5_cards_statement-detail/POST_StatementDetailCardsV5.403.yaml",
                "src/cards-openapi/components/responses/v5_cards_statement-detail/POST_StatementDetailCardsV5.422.yaml",
                "src/cards-openapi/components/responses/v5_cards_statement-detail/POST_StatementDetailCardsV5.500.yaml",
                "src/cards-openapi/components/responses/v5_cards_statement-detail/POST_StatementDetailCardsV5.503.yaml",
                "src/cards-openapi/components/responses/v5_cards_statement-detail/POST_StatementDetailCardsV5.504.yaml",
                "src/cards-openapi/components/schemas/AddEmbosserL8VDRequest.AssignedSpendingLimits.yaml",
                "src/cards-openapi/components/schemas/AddEmbosserL8VDRequest.yaml",
                "src/cards-openapi/components/schemas/AddEmbosserL8VDResponse.yaml",
                "src/cards-openapi/components/schemas/AddEmbosserL8VdRequest.CustomUserFields.yaml",
                "src/cards-openapi/components/schemas/AddEmbosserRequest.AssignedSpendingLimits.yaml",
                "src/cards-openapi/components/schemas/AddEmbosserRequest.yaml",
                "src/cards-openapi/components/schemas/AddEmbosserResponse.yaml",
                "src/cards-openapi/components/schemas/CardPanInquiryRequest.yaml",
                "src/cards-openapi/components/schemas/CardPanInquiryResponse.yaml",
                "src/cards-openapi/components/schemas/CardsDetailsForSpendLimitsRequest.yaml",
                "src/cards-openapi/components/schemas/CardsDetailsForSpendLimitsResponse.yaml",
                "src/cards-openapi/components/schemas/EmbossedCardActionRequest.UserData.yaml",
                "src/cards-openapi/components/schemas/EmbosserCardActionRequest.yaml",
                "src/cards-openapi/components/schemas/EmbosserCardActionResponse.UserData.yaml",
                "src/cards-openapi/components/schemas/EmbosserCardActionResponse.yaml",
                "src/cards-openapi/components/schemas/EmbosserDetailsInquiryRequest.yaml",
                "src/cards-openapi/components/schemas/EmbosserDetailsInquiryResponse.AuthorizationData.yaml",
                "src/cards-openapi/components/schemas/EmbosserDetailsInquiryResponse.CardInformationData.yaml",
                "src/cards-openapi/components/schemas/EmbosserDetailsInquiryResponse.InternetPurchaseAmountData.yaml",
                "src/cards-openapi/components/schemas/EmbosserDetailsInquiryResponse.InternetPurchaseData.yaml",
                "src/cards-openapi/components/schemas/EmbosserDetailsInquiryResponse.InternetPurchaseNumberData.yaml",
                "src/cards-openapi/components/schemas/EmbosserDetailsInquiryResponse.PrepaidLimits.yaml",
                "src/cards-openapi/components/schemas/EmbosserDetailsInquiryResponse.RetailAmountData.yaml",
                "src/cards-openapi/components/schemas/EmbosserDetailsInquiryResponse.RetailNumberData.yaml",
                "src/cards-openapi/components/schemas/EmbosserDetailsInquiryResponse.SpendingLimitsData.yaml",
                "src/cards-openapi/components/schemas/EmbosserDetailsInquiryResponse.UseAutomatedTellerMachineCashAmountData.yaml",
                "src/cards-openapi/components/schemas/EmbosserDetailsInquiryResponse.UseOverTheCounterCashAmountData.yaml",
                "src/cards-openapi/components/schemas/EmbosserDetailsInquiryResponse.UseOverTheCounterCashNumberData.yaml",
                "src/cards-openapi/components/schemas/EmbosserDetailsInquiryResponse.UserAutomatedTellerMachineCashNumberData.yaml",
                "src/cards-openapi/components/schemas/EmbosserDetailsInquiryResponse.UserData.yaml",
                "src/cards-openapi/components/schemas/EmbosserDetailsInquiryResponse.yaml",
                "src/cards-openapi/components/schemas/EmbosserDetailsL8V8Response.AuthorizationData.yaml",
                "src/cards-openapi/components/schemas/EmbosserDetailsL8V8Response.CardInformationData.yaml",
                "src/cards-openapi/components/schemas/EmbosserDetailsL8V8Response.InternetPurchaseAmountData.yaml",
                "src/cards-openapi/components/schemas/EmbosserDetailsL8V8Response.InternetPurchaseData.yaml",
                "src/cards-openapi/components/schemas/EmbosserDetailsL8V8Response.InternetPurchaseNumberData.yaml",
                "src/cards-openapi/components/schemas/EmbosserDetailsL8V8Response.PrepaidLimits.yaml",
                "src/cards-openapi/components/schemas/EmbosserDetailsL8V8Response.RetailAmountData.yaml",
                "src/cards-openapi/components/schemas/EmbosserDetailsL8V8Response.RetailNumberData.yaml",
                "src/cards-openapi/components/schemas/EmbosserDetailsL8V8Response.SpendingLimitsData.yaml",
                "src/cards-openapi/components/schemas/EmbosserDetailsL8V8Response.TravelData.yaml",
                "src/cards-openapi/components/schemas/EmbosserDetailsL8V8Response.UseAutomatedTellerMachineCashAmountData.yaml",
                "src/cards-openapi/components/schemas/EmbosserDetailsL8V8Response.UseAutomatedTellerMachineCashNumberData.yaml",
                "src/cards-openapi/components/schemas/EmbosserDetailsL8V8Response.UseOverTheCounterCashAmountData.yaml",
                "src/cards-openapi/components/schemas/EmbosserDetailsL8V8Response.UseOverTheCounterCashNumberData.yaml",
                "src/cards-openapi/components/schemas/EmbosserDetailsL8V8Response.UserData.yaml",
                "src/cards-openapi/components/schemas/EmbosserDetailsL8VBRequest.yaml",
                "src/cards-openapi/components/schemas/EmbosserDetailsL8VBResponse.yaml",
                "src/cards-openapi/components/schemas/EmbosserDetailsL8VCRequest.yaml",
                "src/cards-openapi/components/schemas/EmbosserDetailsL8VCResponse.AuthorizationData.yaml",
                "src/cards-openapi/components/schemas/EmbosserDetailsL8VCResponse.CardInformationData.yaml",
                "src/cards-openapi/components/schemas/EmbosserDetailsL8VCResponse.InternetPurchaseAmountData.yaml",
                "src/cards-openapi/components/schemas/EmbosserDetailsL8VCResponse.InternetPurchaseData.yaml",
                "src/cards-openapi/components/schemas/EmbosserDetailsL8VCResponse.InternetPurchaseNumberData.yaml",
                "src/cards-openapi/components/schemas/EmbosserDetailsL8VCResponse.PrepaidLimits.yaml",
                "src/cards-openapi/components/schemas/EmbosserDetailsL8VCResponse.RetailAmountData.yaml",
                "src/cards-openapi/components/schemas/EmbosserDetailsL8VCResponse.RetailNumberData.yaml",
                "src/cards-openapi/components/schemas/EmbosserDetailsL8VCResponse.SpendingLimitsData.yaml",
                "src/cards-openapi/components/schemas/EmbosserDetailsL8VCResponse.TravelData.yaml",
                "src/cards-openapi/components/schemas/EmbosserDetailsL8VCResponse.UseAutomatedTellerMachineCashAmountData.yaml",
                "src/cards-openapi/components/schemas/EmbosserDetailsL8VCResponse.UseAutomatedTellerMachineCashNumberData.yaml",
                "src/cards-openapi/components/schemas/EmbosserDetailsL8VCResponse.UseOverTheCounterCashAmountData.yaml",
                "src/cards-openapi/components/schemas/EmbosserDetailsL8VCResponse.UseOverTheCounterCashNumberData.yaml",
                "src/cards-openapi/components/schemas/EmbosserDetailsL8VCResponse.UserData.yaml",
                "src/cards-openapi/components/schemas/EmbosserDetailsL8VCResponse.yaml",
                "src/cards-openapi/components/schemas/EmbosserDetailsRequest.yaml",
                "src/cards-openapi/components/schemas/EmbosserDetailsRequestV3.CardData.CardTableX.yaml",
                "src/cards-openapi/components/schemas/EmbosserDetailsRequestV3.yaml",
                "src/cards-openapi/components/schemas/EmbosserDetailsResponse.AuthorizationData.yaml",
                "src/cards-openapi/components/schemas/EmbosserDetailsResponse.CardInformationData.AssignedSpendLimits.yaml",
                "src/cards-openapi/components/schemas/EmbosserDetailsResponse.CardInformationData.yaml",
                "src/cards-openapi/components/schemas/EmbosserDetailsResponse.CustomUserData.yaml",
                "src/cards-openapi/components/schemas/EmbosserDetailsResponse.InternetPurchaseAmountData.yaml",
                "src/cards-openapi/components/schemas/EmbosserDetailsResponse.InternetPurchaseData.yaml",
                "src/cards-openapi/components/schemas/EmbosserDetailsResponse.InternetPurchaseNumberData.yaml",
                "src/cards-openapi/components/schemas/EmbosserDetailsResponse.PrepaidLimits.yaml",
                "src/cards-openapi/components/schemas/EmbosserDetailsResponse.RetailAmountData.yaml",
                "src/cards-openapi/components/schemas/EmbosserDetailsResponse.RetailNumberData.yaml",
                "src/cards-openapi/components/schemas/EmbosserDetailsResponse.SpendingLimitsData.yaml",
                "src/cards-openapi/components/schemas/EmbosserDetailsResponse.UseAutomatedTellerMachineCashAmountData.yaml",
                "src/cards-openapi/components/schemas/EmbosserDetailsResponse.UseAutomatedTellerMachineCashNumberData.yaml",
                "src/cards-openapi/components/schemas/EmbosserDetailsResponse.UseOverTheCounterCashAmountData.yaml",
                "src/cards-openapi/components/schemas/EmbosserDetailsResponse.UseOverTheCounterCashNumberData.yaml",
                "src/cards-openapi/components/schemas/EmbosserDetailsResponse.UserData.yaml",
                "src/cards-openapi/components/schemas/EmbosserDetailsResponse.yaml",
                "src/cards-openapi/components/schemas/EncryptedCardPanRequest.yaml",
                "src/cards-openapi/components/schemas/EncryptedCardPanResponse.yaml",
                "src/cards-openapi/components/schemas/GlobalCardActivationRequest.yaml",
                "src/cards-openapi/components/schemas/GlobalCardActivationResponse.yaml",
                "src/cards-openapi/components/schemas/InstantCArdAddL8V7Request.AccountData.yaml",
                "src/cards-openapi/components/schemas/InstantCArdAddL8V7Request.EmbosserData.yaml",
                "src/cards-openapi/components/schemas/InstantCardAddL8V7Request.yaml",
                "src/cards-openapi/components/schemas/InstantCardAddL8V7Response.yaml",
                "src/cards-openapi/components/schemas/ItemResponseLocalDate.yaml",
                "src/cards-openapi/components/schemas/ItemResponseString.yaml",
                "src/cards-openapi/components/schemas/MassCardIssueAddRequest.yaml",
                "src/cards-openapi/components/schemas/MassCardIssueAddResponse.OutputArea.yaml",
                "src/cards-openapi/components/schemas/MassCardIssueAddResponse.yaml",
                "src/cards-openapi/components/schemas/MassCardReissueDetailsResponse.OutputArea.yaml",
                "src/cards-openapi/components/schemas/MassCardReissueDetailsResponse.yaml",
                "src/cards-openapi/components/schemas/SecurityCodeDetailsRequest.yaml",
                "src/cards-openapi/components/schemas/SecurityCodeDetailsResponse.yaml",
                "src/cards-openapi/components/schemas/StatementInquiryResponseL8V2.FrequentShopperPoints.yaml",
                "src/cards-openapi/components/schemas/StatementInquiryResponseL8V2.International.yaml",
                "src/cards-openapi/components/schemas/StatementInquiryResponseL8V2.ReservedForFutureUse.yaml",
                "src/cards-openapi/components/schemas/StatementInquiryResponseL8V2.UserData.yaml",
                "src/cards-openapi/components/schemas/StatementInquiryResponseL8V2.yaml",
                "src/cards-openapi/components/schemas/UpdateEmbosserL8V3Request.yaml",
                "src/cards-openapi/components/schemas/UpdateEmbosserL8V3Response.yaml",
                "src/cards-openapi/components/schemas/UpdateEmbosserRequest.yaml",
                "src/cards-openapi/components/schemas/UpdateEmbosserResponse.yaml",
                "src/cards-openapi/components/schemas/common.yaml",
                "src/cards-openapi/components/schemas/commons/Error.yaml",
                "src/cards-openapi/components/schemas/commons/ErrorResponse.yaml",
                "src/cards-openapi/components/schemas/v5_cards_statement-detail/POST_StatementDetailCardsV5.Amount.yaml",
                "src/cards-openapi/components/schemas/v5_cards_statement-detail/POST_StatementDetailCardsV5.Amount13.yaml",
                "src/cards-openapi/components/schemas/v5_cards_statement-detail/POST_StatementDetailCardsV5.RequestBody.yaml",
                "src/cards-openapi/components/schemas/v5_cards_statement-detail/POST_StatementDetailCardsV5.ResponseBody.yaml",
                "src/cards-openapi/components/schemas/v5_cards_statement-detail/POST_StatementDetailCardsV5.Statement.yaml",
                "src/cards-openapi/paths/cards_embosser_.yaml",
                "src/cards-openapi/paths/cards_embosser_L8V3_.yaml",
                "src/cards-openapi/paths/cards_embosser_card-pan.yaml",
                "src/cards-openapi/paths/cards_embosser_cardAction.yaml",
                "src/cards-openapi/paths/cards_embosser_details-L8VB.yaml",
                "src/cards-openapi/paths/cards_embosser_details-L8VC.yaml",
                "src/cards-openapi/paths/cards_embosser_details.yaml",
                "src/cards-openapi/paths/cards_embosser_encrypted-card-pan.yaml",
                "src/cards-openapi/paths/cards_embosser_inquiry.yaml",
                "src/cards-openapi/paths/cards_embosser_l8vd.yaml",
                "src/cards-openapi/paths/cards_global-card-activation.yaml",
                "src/cards-openapi/paths/cards_instant-card-L8V7.yaml",
                "src/cards-openapi/paths/cards_mass-card-issue.yaml",
                "src/cards-openapi/paths/cards_pin_security-codes.yaml",
                "src/cards-openapi/paths/cards_pin_v2_security-codes.yaml",
                "src/cards-openapi/paths/cards_spend-limits.yaml",
                "src/cards-openapi/paths/cards_v2_statement.yaml",
                "src/cards-openapi/paths/cards_v3_embosser_details.yaml",
                "src/cards-openapi/paths/cards_v5_cards_statement-detail.yaml"
            ],
            "removed": [
                "src/cards-openapi/components/examples/commons/400.yaml",
                "src/cards-openapi/components/examples/commons/401.yaml",
                "src/cards-openapi/components/examples/commons/403.yaml",
                "src/cards-openapi/components/examples/commons/404.yaml",
                "src/cards-openapi/components/examples/commons/408.yaml",
                "src/cards-openapi/components/examples/commons/409.yaml",
                "src/cards-openapi/components/examples/commons/415.yaml",
                "src/cards-openapi/components/examples/commons/422.yaml",
                "src/cards-openapi/components/examples/commons/424.yaml",
                "src/cards-openapi/components/examples/commons/429.yaml",
                "src/cards-openapi/components/examples/commons/500.yaml",
                "src/cards-openapi/components/examples/commons/502.yaml",
                "src/cards-openapi/components/examples/commons/503.yaml",
                "src/cards-openapi/components/examples/commons/504.yaml",
                "src/cards-openapi/components/headers/commons/ContentType.Header.yaml",
                "src/cards-openapi/components/parameters/commons/ContentType.Header.yaml",
                "src/cards-openapi/components/parameters/commons/X-Client-Id.Header.yaml",
                "src/cards-openapi/components/responses/commons/400.yaml",
                "src/cards-openapi/components/responses/commons/401.yaml",
                "src/cards-openapi/components/responses/commons/403.yaml",
                "src/cards-openapi/components/responses/commons/404.yaml",
                "src/cards-openapi/components/responses/commons/408.yaml",
                "src/cards-openapi/components/responses/commons/409.yaml",
                "src/cards-openapi/components/responses/commons/415.yaml",
                "src/cards-openapi/components/responses/commons/422.yaml",
                "src/cards-openapi/components/responses/commons/424.yaml",
                "src/cards-openapi/components/responses/commons/429.yaml",
                "src/cards-openapi/components/responses/commons/500.yaml",
                "src/cards-openapi/components/responses/commons/502.yaml",
                "src/cards-openapi/components/responses/commons/503.yaml",
                "src/cards-openapi/components/responses/commons/504.yaml",
                "src/cards-openapi/components/schemas/Error.yaml",
                "src/cards-openapi/components/schemas/ErrorResponse.yaml",
                "src/cards-openapi/components/schemas/ItemRequestString copy.yaml",
                "src/cards-openapi/components/schemas/ItemResponseNullableString copy.yaml",
                "src/cards-openapi/components/schemas/commons/ErrorMessageV2.yaml",
                "src/cards-openapi/components/schemas/commons/ErrorResponseV2.yaml"
            ],
            "modified": [
                "src/cards-openapi/openapi.yaml",
                "src/cards-openapi/paths/cards_activation.yaml",
                "src/cards-openapi/paths/cards_credit-limit.yaml",
                "src/cards-openapi/paths/cards_details.yaml",
                "src/cards-openapi/paths/cards_embosser_block.yaml",
                "src/cards-openapi/paths/cards_embosser_card-details-L8V3.yaml",
                "src/cards-openapi/paths/cards_embosser_card-pan-l8v2.yaml",
                "src/cards-openapi/paths/cards_embosser_cardAction-L8V2.yaml",
                "src/cards-openapi/paths/cards_embosser_l8vf.yaml",
                "src/cards-openapi/paths/cards_embosser_sameDay.yaml",
                "src/cards-openapi/paths/cards_embosser_{cardNumber}_navigational.yaml",
                "src/cards-openapi/paths/cards_mass-card-issue-L8V3.yaml",
                "src/cards-openapi/paths/cards_pin_.yaml",
                "src/cards-openapi/paths/cards_pin_dynamic-values.yaml",
                "src/cards-openapi/paths/cards_pin_invalid-attempts.yaml",
                "src/cards-openapi/paths/cards_pin_pin-change.yaml",
                "src/cards-openapi/paths/cards_pin_status.yaml",
                "src/cards-openapi/paths/cards_pin_validation.yaml",
                "src/cards-openapi/paths/cards_spend-limits-L8V3.yaml",
                "src/cards-openapi/paths/cards_statement-detail.yaml",
                "src/cards-openapi/paths/cards_statement-detail_date.yaml",
                "src/cards-openapi/paths/cards_status-L8V1.yaml",
                "src/cards-openapi/paths/cards_temporary-credit-limit.yaml",
                "src/cards-openapi/paths/cards_transfer.yaml",
                "src/cards-openapi/paths/cards_travel.yaml",
                "src/cards-openapi/paths/cards_v1_cards_account.yaml",
                "src/cards-openapi/paths/cards_v1_cards_massIssue.yaml",
                "src/cards-openapi/paths/cards_v1_embosser_generic.yaml",
                "src/cards-openapi/paths/cards_v1_embosser_instantGeneration.yaml",
                "src/cards-openapi/paths/cards_v1_embosser_search.yaml",
                "src/cards-openapi/paths/cards_v1_pan_encryption.yaml",
                "src/cards-openapi/paths/cards_v1_pin_codes.yaml",
                "src/cards-openapi/paths/cards_v2_embosser_details.yaml",
                "src/cards-openapi/paths/cards_v3_embosser.yaml"
            ]
        },
        {
            "id": "cbc881e71847664b223a88a3ca0b370e01fe2f44",
            "tree_id": "ad16f1db783f668075f747dcd75e3ea7bb41eecb",
            "distinct": false,
            "message": "New version include new API Statement Detaild V5",
            "timestamp": "2026-03-31T13:21:55-06:00",
            "url": "https://github.com/Fiserv/firstvision-latam/commit/cbc881e71847664b223a88a3ca0b370e01fe2f44",
            "author": {
                "name": "Cristian Jaramillo",
                "email": "cristiangerardo.jaramillo@fiserv.com",
                "date": "2026-03-31T13:21:55-06:00",
                "username": "jccg-fiserv"
            },
            "committer": {
                "name": "Cristian Jaramillo",
                "email": "cristiangerardo.jaramillo@fiserv.com",
                "date": "2026-03-31T13:21:55-06:00",
                "username": "jccg-fiserv"
            },
            "added": [
                "reference/1.7.0/accounts-openapi.yaml",
                "reference/1.7.0/cards-openapi.yaml",
                "reference/1.7.0/customers-openapi.yaml",
                "reference/1.7.0/first-vision-events-openapi.yaml",
                "reference/1.7.0/idi-openapi.yaml",
                "reference/1.7.0/lifecycle-openapi.yaml",
                "reference/1.7.0/loyalty-openapi.yaml",
                "reference/1.7.0/operational-gateway-openapi.yaml",
                "reference/1.7.0/otp-openapi.yaml",
                "reference/1.7.0/transactions-openapi.yaml",
                "reference/1.7.0/visa-for-3rd-parties-openapi.yaml"
            ],
            "removed": [],
            "modified": [
                "config/tenant.json"
            ]
        },
        {
            "id": "5c47d5d8d7ac8f32d239e9667d03cf0d25d36233",
            "tree_id": "422a025d00cd410a4742624c226a3d2bc8620951",
            "distinct": false,
            "message": "Homologate and move v1.6.0 to minor",
            "timestamp": "2026-03-31T13:25:48-06:00",
            "url": "https://github.com/Fiserv/firstvision-latam/commit/5c47d5d8d7ac8f32d239e9667d03cf0d25d36233",
            "author": {
                "name": "Cristian Jaramillo",
                "email": "cristiangerardo.jaramillo@fiserv.com",
                "date": "2026-03-31T13:25:48-06:00",
                "username": "jccg-fiserv"
            },
            "committer": {
                "name": "Cristian Jaramillo",
                "email": "cristiangerardo.jaramillo@fiserv.com",
                "date": "2026-03-31T13:25:48-06:00",
                "username": "jccg-fiserv"
            },
            "added": [],
            "removed": [],
            "modified": [
                "config/tenant.json"
            ]
        },
        {
            "id": "2361133c3f6b3d00fc1ea817f42a3603b2bf6d1b",
            "tree_id": "422a025d00cd410a4742624c226a3d2bc8620951",
            "distinct": true,
            "message": "Merge pull request #905 from Fiserv/feature/homolote-with-gitlab\n\nHomologate projects",
            "timestamp": "2026-03-31T13:30:35-06:00",
            "url": "https://github.com/Fiserv/firstvision-latam/commit/2361133c3f6b3d00fc1ea817f42a3603b2bf6d1b",
            "author": {
                "name": "Cristian Jaramillo",
                "email": "cristiangerardo.jaramillo@fiserv.com",
                "date": "2026-03-31T13:30:35-06:00",
                "username": "jccg-fiserv"
            },
            "committer": {
                "name": "GitHub",
                "email": "noreply@github.com",
                "date": "2026-03-31T13:30:35-06:00",
                "username": "web-flow"
            },
            "added": [
                "reference/1.7.0/accounts-openapi.yaml",
                "reference/1.7.0/cards-openapi.yaml",
                "reference/1.7.0/customers-openapi.yaml",
                "reference/1.7.0/first-vision-events-openapi.yaml",
                "reference/1.7.0/idi-openapi.yaml",
                "reference/1.7.0/lifecycle-openapi.yaml",
                "reference/1.7.0/loyalty-openapi.yaml",
                "reference/1.7.0/operational-gateway-openapi.yaml",
                "reference/1.7.0/otp-openapi.yaml",
                "reference/1.7.0/transactions-openapi.yaml",
                "reference/1.7.0/visa-for-3rd-parties-openapi.yaml",
                "src/cards-openapi/components/examples/v5_cards_statement-detail/requests/POST_StatementDetailCardsV5.request-body-by-date.yaml",
                "src/cards-openapi/components/examples/v5_cards_statement-detail/requests/POST_StatementDetailCardsV5.request-body-by-occurrence.yaml",
                "src/cards-openapi/components/examples/v5_cards_statement-detail/responses/POST_StatementDetailCardsV5.200.yaml",
                "src/cards-openapi/components/headers/commons/Content-Type.Header.yaml",
                "src/cards-openapi/components/parameters/commons/Content-Type.Header.yaml",
                "src/cards-openapi/components/parameters/commons/X-ClientID.Header.yaml",
                "src/cards-openapi/components/requestBodies/v5_cards_statement-detail/POST_StatementDetailCardsV5.RequestBody.yaml",
                "src/cards-openapi/components/responses/v5_cards_statement-detail/POST_StatementDetailCardsV5.200.yaml",
                "src/cards-openapi/components/responses/v5_cards_statement-detail/POST_StatementDetailCardsV5.400.yaml",
                "src/cards-openapi/components/responses/v5_cards_statement-detail/POST_StatementDetailCardsV5.401.yaml",
                "src/cards-openapi/components/responses/v5_cards_statement-detail/POST_StatementDetailCardsV5.403.yaml",
                "src/cards-openapi/components/responses/v5_cards_statement-detail/POST_StatementDetailCardsV5.422.yaml",
                "src/cards-openapi/components/responses/v5_cards_statement-detail/POST_StatementDetailCardsV5.500.yaml",
                "src/cards-openapi/components/responses/v5_cards_statement-detail/POST_StatementDetailCardsV5.503.yaml",
                "src/cards-openapi/components/responses/v5_cards_statement-detail/POST_StatementDetailCardsV5.504.yaml",
                "src/cards-openapi/components/schemas/AddEmbosserL8VDRequest.AssignedSpendingLimits.yaml",
                "src/cards-openapi/components/schemas/AddEmbosserL8VDRequest.yaml",
                "src/cards-openapi/components/schemas/AddEmbosserL8VDResponse.yaml",
                "src/cards-openapi/components/schemas/AddEmbosserL8VdRequest.CustomUserFields.yaml",
                "src/cards-openapi/components/schemas/AddEmbosserRequest.AssignedSpendingLimits.yaml",
                "src/cards-openapi/components/schemas/AddEmbosserRequest.yaml",
                "src/cards-openapi/components/schemas/AddEmbosserResponse.yaml",
                "src/cards-openapi/components/schemas/CardPanInquiryRequest.yaml",
                "src/cards-openapi/components/schemas/CardPanInquiryResponse.yaml",
                "src/cards-openapi/components/schemas/CardsDetailsForSpendLimitsRequest.yaml",
                "src/cards-openapi/components/schemas/CardsDetailsForSpendLimitsResponse.yaml",
                "src/cards-openapi/components/schemas/EmbossedCardActionRequest.UserData.yaml",
                "src/cards-openapi/components/schemas/EmbosserCardActionRequest.yaml",
                "src/cards-openapi/components/schemas/EmbosserCardActionResponse.UserData.yaml",
                "src/cards-openapi/components/schemas/EmbosserCardActionResponse.yaml",
                "src/cards-openapi/components/schemas/EmbosserDetailsInquiryRequest.yaml",
                "src/cards-openapi/components/schemas/EmbosserDetailsInquiryResponse.AuthorizationData.yaml",
                "src/cards-openapi/components/schemas/EmbosserDetailsInquiryResponse.CardInformationData.yaml",
                "src/cards-openapi/components/schemas/EmbosserDetailsInquiryResponse.InternetPurchaseAmountData.yaml",
                "src/cards-openapi/components/schemas/EmbosserDetailsInquiryResponse.InternetPurchaseData.yaml",
                "src/cards-openapi/components/schemas/EmbosserDetailsInquiryResponse.InternetPurchaseNumberData.yaml",
                "src/cards-openapi/components/schemas/EmbosserDetailsInquiryResponse.PrepaidLimits.yaml",
                "src/cards-openapi/components/schemas/EmbosserDetailsInquiryResponse.RetailAmountData.yaml",
                "src/cards-openapi/components/schemas/EmbosserDetailsInquiryResponse.RetailNumberData.yaml",
                "src/cards-openapi/components/schemas/EmbosserDetailsInquiryResponse.SpendingLimitsData.yaml",
                "src/cards-openapi/components/schemas/EmbosserDetailsInquiryResponse.UseAutomatedTellerMachineCashAmountData.yaml",
                "src/cards-openapi/components/schemas/EmbosserDetailsInquiryResponse.UseOverTheCounterCashAmountData.yaml",
                "src/cards-openapi/components/schemas/EmbosserDetailsInquiryResponse.UseOverTheCounterCashNumberData.yaml",
                "src/cards-openapi/components/schemas/EmbosserDetailsInquiryResponse.UserAutomatedTellerMachineCashNumberData.yaml",
                "src/cards-openapi/components/schemas/EmbosserDetailsInquiryResponse.UserData.yaml",
                "src/cards-openapi/components/schemas/EmbosserDetailsInquiryResponse.yaml",
                "src/cards-openapi/components/schemas/EmbosserDetailsL8V8Response.AuthorizationData.yaml",
                "src/cards-openapi/components/schemas/EmbosserDetailsL8V8Response.CardInformationData.yaml",
                "src/cards-openapi/components/schemas/EmbosserDetailsL8V8Response.InternetPurchaseAmountData.yaml",
                "src/cards-openapi/components/schemas/EmbosserDetailsL8V8Response.InternetPurchaseData.yaml",
                "src/cards-openapi/components/schemas/EmbosserDetailsL8V8Response.InternetPurchaseNumberData.yaml",
                "src/cards-openapi/components/schemas/EmbosserDetailsL8V8Response.PrepaidLimits.yaml",
                "src/cards-openapi/components/schemas/EmbosserDetailsL8V8Response.RetailAmountData.yaml",
                "src/cards-openapi/components/schemas/EmbosserDetailsL8V8Response.RetailNumberData.yaml",
                "src/cards-openapi/components/schemas/EmbosserDetailsL8V8Response.SpendingLimitsData.yaml",
                "src/cards-openapi/components/schemas/EmbosserDetailsL8V8Response.TravelData.yaml",
                "src/cards-openapi/components/schemas/EmbosserDetailsL8V8Response.UseAutomatedTellerMachineCashAmountData.yaml",
                "src/cards-openapi/components/schemas/EmbosserDetailsL8V8Response.UseAutomatedTellerMachineCashNumberData.yaml",
                "src/cards-openapi/components/schemas/EmbosserDetailsL8V8Response.UseOverTheCounterCashAmountData.yaml",
                "src/cards-openapi/components/schemas/EmbosserDetailsL8V8Response.UseOverTheCounterCashNumberData.yaml",
                "src/cards-openapi/components/schemas/EmbosserDetailsL8V8Response.UserData.yaml",
                "src/cards-openapi/components/schemas/EmbosserDetailsL8VBRequest.yaml",
                "src/cards-openapi/components/schemas/EmbosserDetailsL8VBResponse.yaml",
                "src/cards-openapi/components/schemas/EmbosserDetailsL8VCRequest.yaml",
                "src/cards-openapi/components/schemas/EmbosserDetailsL8VCResponse.AuthorizationData.yaml",
                "src/cards-openapi/components/schemas/EmbosserDetailsL8VCResponse.CardInformationData.yaml",
                "src/cards-openapi/components/schemas/EmbosserDetailsL8VCResponse.InternetPurchaseAmountData.yaml",
                "src/cards-openapi/components/schemas/EmbosserDetailsL8VCResponse.InternetPurchaseData.yaml",
                "src/cards-openapi/components/schemas/EmbosserDetailsL8VCResponse.InternetPurchaseNumberData.yaml",
                "src/cards-openapi/components/schemas/EmbosserDetailsL8VCResponse.PrepaidLimits.yaml",
                "src/cards-openapi/components/schemas/EmbosserDetailsL8VCResponse.RetailAmountData.yaml",
                "src/cards-openapi/components/schemas/EmbosserDetailsL8VCResponse.RetailNumberData.yaml",
                "src/cards-openapi/components/schemas/EmbosserDetailsL8VCResponse.SpendingLimitsData.yaml",
                "src/cards-openapi/components/schemas/EmbosserDetailsL8VCResponse.TravelData.yaml",
                "src/cards-openapi/components/schemas/EmbosserDetailsL8VCResponse.UseAutomatedTellerMachineCashAmountData.yaml",
                "src/cards-openapi/components/schemas/EmbosserDetailsL8VCResponse.UseAutomatedTellerMachineCashNumberData.yaml",
                "src/cards-openapi/components/schemas/EmbosserDetailsL8VCResponse.UseOverTheCounterCashAmountData.yaml",
                "src/cards-openapi/components/schemas/EmbosserDetailsL8VCResponse.UseOverTheCounterCashNumberData.yaml",
                "src/cards-openapi/components/schemas/EmbosserDetailsL8VCResponse.UserData.yaml",
                "src/cards-openapi/components/schemas/EmbosserDetailsL8VCResponse.yaml",
                "src/cards-openapi/components/schemas/EmbosserDetailsRequest.yaml",
                "src/cards-openapi/components/schemas/EmbosserDetailsRequestV3.CardData.CardTableX.yaml",
                "src/cards-openapi/components/schemas/EmbosserDetailsRequestV3.yaml",
                "src/cards-openapi/components/schemas/EmbosserDetailsResponse.AuthorizationData.yaml",
                "src/cards-openapi/components/schemas/EmbosserDetailsResponse.CardInformationData.AssignedSpendLimits.yaml",
                "src/cards-openapi/components/schemas/EmbosserDetailsResponse.CardInformationData.yaml",
                "src/cards-openapi/components/schemas/EmbosserDetailsResponse.CustomUserData.yaml",
                "src/cards-openapi/components/schemas/EmbosserDetailsResponse.InternetPurchaseAmountData.yaml",
                "src/cards-openapi/components/schemas/EmbosserDetailsResponse.InternetPurchaseData.yaml",
                "src/cards-openapi/components/schemas/EmbosserDetailsResponse.InternetPurchaseNumberData.yaml",
                "src/cards-openapi/components/schemas/EmbosserDetailsResponse.PrepaidLimits.yaml",
                "src/cards-openapi/components/schemas/EmbosserDetailsResponse.RetailAmountData.yaml",
                "src/cards-openapi/components/schemas/EmbosserDetailsResponse.RetailNumberData.yaml",
                "src/cards-openapi/components/schemas/EmbosserDetailsResponse.SpendingLimitsData.yaml",
                "src/cards-openapi/components/schemas/EmbosserDetailsResponse.UseAutomatedTellerMachineCashAmountData.yaml",
                "src/cards-openapi/components/schemas/EmbosserDetailsResponse.UseAutomatedTellerMachineCashNumberData.yaml",
                "src/cards-openapi/components/schemas/EmbosserDetailsResponse.UseOverTheCounterCashAmountData.yaml",
                "src/cards-openapi/components/schemas/EmbosserDetailsResponse.UseOverTheCounterCashNumberData.yaml",
                "src/cards-openapi/components/schemas/EmbosserDetailsResponse.UserData.yaml",
                "src/cards-openapi/components/schemas/EmbosserDetailsResponse.yaml",
                "src/cards-openapi/components/schemas/EncryptedCardPanRequest.yaml",
                "src/cards-openapi/components/schemas/EncryptedCardPanResponse.yaml",
                "src/cards-openapi/components/schemas/GlobalCardActivationRequest.yaml",
                "src/cards-openapi/components/schemas/GlobalCardActivationResponse.yaml",
                "src/cards-openapi/components/schemas/InstantCArdAddL8V7Request.AccountData.yaml",
                "src/cards-openapi/components/schemas/InstantCArdAddL8V7Request.EmbosserData.yaml",
                "src/cards-openapi/components/schemas/InstantCardAddL8V7Request.yaml",
                "src/cards-openapi/components/schemas/InstantCardAddL8V7Response.yaml",
                "src/cards-openapi/components/schemas/ItemResponseLocalDate.yaml",
                "src/cards-openapi/components/schemas/ItemResponseString.yaml",
                "src/cards-openapi/components/schemas/MassCardIssueAddRequest.yaml",
                "src/cards-openapi/components/schemas/MassCardIssueAddResponse.OutputArea.yaml",
                "src/cards-openapi/components/schemas/MassCardIssueAddResponse.yaml",
                "src/cards-openapi/components/schemas/MassCardReissueDetailsResponse.OutputArea.yaml",
                "src/cards-openapi/components/schemas/MassCardReissueDetailsResponse.yaml",
                "src/cards-openapi/components/schemas/SecurityCodeDetailsRequest.yaml",
                "src/cards-openapi/components/schemas/SecurityCodeDetailsResponse.yaml",
                "src/cards-openapi/components/schemas/StatementInquiryResponseL8V2.FrequentShopperPoints.yaml",
                "src/cards-openapi/components/schemas/StatementInquiryResponseL8V2.International.yaml",
                "src/cards-openapi/components/schemas/StatementInquiryResponseL8V2.ReservedForFutureUse.yaml",
                "src/cards-openapi/components/schemas/StatementInquiryResponseL8V2.UserData.yaml",
                "src/cards-openapi/components/schemas/StatementInquiryResponseL8V2.yaml",
                "src/cards-openapi/components/schemas/UpdateEmbosserL8V3Request.yaml",
                "src/cards-openapi/components/schemas/UpdateEmbosserL8V3Response.yaml",
                "src/cards-openapi/components/schemas/UpdateEmbosserRequest.yaml",
                "src/cards-openapi/components/schemas/UpdateEmbosserResponse.yaml",
                "src/cards-openapi/components/schemas/common.yaml",
                "src/cards-openapi/components/schemas/commons/Error.yaml",
                "src/cards-openapi/components/schemas/commons/ErrorResponse.yaml",
                "src/cards-openapi/components/schemas/v5_cards_statement-detail/POST_StatementDetailCardsV5.Amount.yaml",
                "src/cards-openapi/components/schemas/v5_cards_statement-detail/POST_StatementDetailCardsV5.Amount13.yaml",
                "src/cards-openapi/components/schemas/v5_cards_statement-detail/POST_StatementDetailCardsV5.RequestBody.yaml",
                "src/cards-openapi/components/schemas/v5_cards_statement-detail/POST_StatementDetailCardsV5.ResponseBody.yaml",
                "src/cards-openapi/components/schemas/v5_cards_statement-detail/POST_StatementDetailCardsV5.Statement.yaml",
                "src/cards-openapi/paths/cards_embosser_.yaml",
                "src/cards-openapi/paths/cards_embosser_L8V3_.yaml",
                "src/cards-openapi/paths/cards_embosser_card-pan.yaml",
                "src/cards-openapi/paths/cards_embosser_cardAction.yaml",
                "src/cards-openapi/paths/cards_embosser_details-L8VB.yaml",
                "src/cards-openapi/paths/cards_embosser_details-L8VC.yaml",
                "src/cards-openapi/paths/cards_embosser_details.yaml",
                "src/cards-openapi/paths/cards_embosser_encrypted-card-pan.yaml",
                "src/cards-openapi/paths/cards_embosser_inquiry.yaml",
                "src/cards-openapi/paths/cards_embosser_l8vd.yaml",
                "src/cards-openapi/paths/cards_global-card-activation.yaml",
                "src/cards-openapi/paths/cards_instant-card-L8V7.yaml",
                "src/cards-openapi/paths/cards_mass-card-issue.yaml",
                "src/cards-openapi/paths/cards_pin_security-codes.yaml",
                "src/cards-openapi/paths/cards_pin_v2_security-codes.yaml",
                "src/cards-openapi/paths/cards_spend-limits.yaml",
                "src/cards-openapi/paths/cards_v2_statement.yaml",
                "src/cards-openapi/paths/cards_v3_embosser_details.yaml",
                "src/cards-openapi/paths/cards_v5_cards_statement-detail.yaml"
            ],
            "removed": [
                "src/cards-openapi/components/examples/commons/400.yaml",
                "src/cards-openapi/components/examples/commons/401.yaml",
                "src/cards-openapi/components/examples/commons/403.yaml",
                "src/cards-openapi/components/examples/commons/404.yaml",
                "src/cards-openapi/components/examples/commons/408.yaml",
                "src/cards-openapi/components/examples/commons/409.yaml",
                "src/cards-openapi/components/examples/commons/415.yaml",
                "src/cards-openapi/components/examples/commons/422.yaml",
                "src/cards-openapi/components/examples/commons/424.yaml",
                "src/cards-openapi/components/examples/commons/429.yaml",
                "src/cards-openapi/components/examples/commons/500.yaml",
                "src/cards-openapi/components/examples/commons/502.yaml",
                "src/cards-openapi/components/examples/commons/503.yaml",
                "src/cards-openapi/components/examples/commons/504.yaml",
                "src/cards-openapi/components/headers/commons/ContentType.Header.yaml",
                "src/cards-openapi/components/parameters/commons/ContentType.Header.yaml",
                "src/cards-openapi/components/parameters/commons/X-Client-Id.Header.yaml",
                "src/cards-openapi/components/responses/commons/400.yaml",
                "src/cards-openapi/components/responses/commons/401.yaml",
                "src/cards-openapi/components/responses/commons/403.yaml",
                "src/cards-openapi/components/responses/commons/404.yaml",
                "src/cards-openapi/components/responses/commons/408.yaml",
                "src/cards-openapi/components/responses/commons/409.yaml",
                "src/cards-openapi/components/responses/commons/415.yaml",
                "src/cards-openapi/components/responses/commons/422.yaml",
                "src/cards-openapi/components/responses/commons/424.yaml",
                "src/cards-openapi/components/responses/commons/429.yaml",
                "src/cards-openapi/components/responses/commons/500.yaml",
                "src/cards-openapi/components/responses/commons/502.yaml",
                "src/cards-openapi/components/responses/commons/503.yaml",
                "src/cards-openapi/components/responses/commons/504.yaml",
                "src/cards-openapi/components/schemas/Error.yaml",
                "src/cards-openapi/components/schemas/ErrorResponse.yaml",
                "src/cards-openapi/components/schemas/ItemRequestString copy.yaml",
                "src/cards-openapi/components/schemas/ItemResponseNullableString copy.yaml",
                "src/cards-openapi/components/schemas/commons/ErrorMessageV2.yaml",
                "src/cards-openapi/components/schemas/commons/ErrorResponseV2.yaml"
            ],
            "modified": [
                "config/tenant.json",
                "src/cards-openapi/openapi.yaml",
                "src/cards-openapi/paths/cards_activation.yaml",
                "src/cards-openapi/paths/cards_credit-limit.yaml",
                "src/cards-openapi/paths/cards_details.yaml",
                "src/cards-openapi/paths/cards_embosser_block.yaml",
                "src/cards-openapi/paths/cards_embosser_card-details-L8V3.yaml",
                "src/cards-openapi/paths/cards_embosser_card-pan-l8v2.yaml",
                "src/cards-openapi/paths/cards_embosser_cardAction-L8V2.yaml",
                "src/cards-openapi/paths/cards_embosser_l8vf.yaml",
                "src/cards-openapi/paths/cards_embosser_sameDay.yaml",
                "src/cards-openapi/paths/cards_embosser_{cardNumber}_navigational.yaml",
                "src/cards-openapi/paths/cards_mass-card-issue-L8V3.yaml",
                "src/cards-openapi/paths/cards_pin_.yaml",
                "src/cards-openapi/paths/cards_pin_dynamic-values.yaml",
                "src/cards-openapi/paths/cards_pin_invalid-attempts.yaml",
                "src/cards-openapi/paths/cards_pin_pin-change.yaml",
                "src/cards-openapi/paths/cards_pin_status.yaml",
                "src/cards-openapi/paths/cards_pin_validation.yaml",
                "src/cards-openapi/paths/cards_spend-limits-L8V3.yaml",
                "src/cards-openapi/paths/cards_statement-detail.yaml",
                "src/cards-openapi/paths/cards_statement-detail_date.yaml",
                "src/cards-openapi/paths/cards_status-L8V1.yaml",
                "src/cards-openapi/paths/cards_temporary-credit-limit.yaml",
                "src/cards-openapi/paths/cards_transfer.yaml",
                "src/cards-openapi/paths/cards_travel.yaml",
                "src/cards-openapi/paths/cards_v1_cards_account.yaml",
                "src/cards-openapi/paths/cards_v1_cards_massIssue.yaml",
                "src/cards-openapi/paths/cards_v1_embosser_generic.yaml",
                "src/cards-openapi/paths/cards_v1_embosser_instantGeneration.yaml",
                "src/cards-openapi/paths/cards_v1_embosser_search.yaml",
                "src/cards-openapi/paths/cards_v1_pan_encryption.yaml",
                "src/cards-openapi/paths/cards_v1_pin_codes.yaml",
                "src/cards-openapi/paths/cards_v2_embosser_details.yaml",
                "src/cards-openapi/paths/cards_v3_embosser.yaml"
            ]
        }
    ],
    "head_commit": {
        "id": "2361133c3f6b3d00fc1ea817f42a3603b2bf6d1b",
        "tree_id": "422a025d00cd410a4742624c226a3d2bc8620951",
        "distinct": true,
        "message": "Merge pull request #905 from Fiserv/feature/homolote-with-gitlab\n\nHomologate projects",
        "timestamp": "2026-03-31T13:30:35-06:00",
        "url": "https://github.com/Fiserv/firstvision-latam/commit/2361133c3f6b3d00fc1ea817f42a3603b2bf6d1b",
        "author": {
            "name": "Cristian Jaramillo",
            "email": "cristiangerardo.jaramillo@fiserv.com",
            "date": "2026-03-31T13:30:35-06:00",
            "username": "jccg-fiserv"
        },
        "committer": {
            "name": "GitHub",
            "email": "noreply@github.com",
            "date": "2026-03-31T13:30:35-06:00",
            "username": "web-flow"
        },
        "added": [
            "reference/1.7.0/accounts-openapi.yaml",
            "reference/1.7.0/cards-openapi.yaml",
            "reference/1.7.0/customers-openapi.yaml",
            "reference/1.7.0/first-vision-events-openapi.yaml",
            "reference/1.7.0/idi-openapi.yaml",
            "reference/1.7.0/lifecycle-openapi.yaml",
            "reference/1.7.0/loyalty-openapi.yaml",
            "reference/1.7.0/operational-gateway-openapi.yaml",
            "reference/1.7.0/otp-openapi.yaml",
            "reference/1.7.0/transactions-openapi.yaml",
            "reference/1.7.0/visa-for-3rd-parties-openapi.yaml",
            "src/cards-openapi/components/examples/v5_cards_statement-detail/requests/POST_StatementDetailCardsV5.request-body-by-date.yaml",
            "src/cards-openapi/components/examples/v5_cards_statement-detail/requests/POST_StatementDetailCardsV5.request-body-by-occurrence.yaml",
            "src/cards-openapi/components/examples/v5_cards_statement-detail/responses/POST_StatementDetailCardsV5.200.yaml",
            "src/cards-openapi/components/headers/commons/Content-Type.Header.yaml",
            "src/cards-openapi/components/parameters/commons/Content-Type.Header.yaml",
            "src/cards-openapi/components/parameters/commons/X-ClientID.Header.yaml",
            "src/cards-openapi/components/requestBodies/v5_cards_statement-detail/POST_StatementDetailCardsV5.RequestBody.yaml",
            "src/cards-openapi/components/responses/v5_cards_statement-detail/POST_StatementDetailCardsV5.200.yaml",
            "src/cards-openapi/components/responses/v5_cards_statement-detail/POST_StatementDetailCardsV5.400.yaml",
            "src/cards-openapi/components/responses/v5_cards_statement-detail/POST_StatementDetailCardsV5.401.yaml",
            "src/cards-openapi/components/responses/v5_cards_statement-detail/POST_StatementDetailCardsV5.403.yaml",
            "src/cards-openapi/components/responses/v5_cards_statement-detail/POST_StatementDetailCardsV5.422.yaml",
            "src/cards-openapi/components/responses/v5_cards_statement-detail/POST_StatementDetailCardsV5.500.yaml",
            "src/cards-openapi/components/responses/v5_cards_statement-detail/POST_StatementDetailCardsV5.503.yaml",
            "src/cards-openapi/components/responses/v5_cards_statement-detail/POST_StatementDetailCardsV5.504.yaml",
            "src/cards-openapi/components/schemas/AddEmbosserL8VDRequest.AssignedSpendingLimits.yaml",
            "src/cards-openapi/components/schemas/AddEmbosserL8VDRequest.yaml",
            "src/cards-openapi/components/schemas/AddEmbosserL8VDResponse.yaml",
            "src/cards-openapi/components/schemas/AddEmbosserL8VdRequest.CustomUserFields.yaml",
            "src/cards-openapi/components/schemas/AddEmbosserRequest.AssignedSpendingLimits.yaml",
            "src/cards-openapi/components/schemas/AddEmbosserRequest.yaml",
            "src/cards-openapi/components/schemas/AddEmbosserResponse.yaml",
            "src/cards-openapi/components/schemas/CardPanInquiryRequest.yaml",
            "src/cards-openapi/components/schemas/CardPanInquiryResponse.yaml",
            "src/cards-openapi/components/schemas/CardsDetailsForSpendLimitsRequest.yaml",
            "src/cards-openapi/components/schemas/CardsDetailsForSpendLimitsResponse.yaml",
            "src/cards-openapi/components/schemas/EmbossedCardActionRequest.UserData.yaml",
            "src/cards-openapi/components/schemas/EmbosserCardActionRequest.yaml",
            "src/cards-openapi/components/schemas/EmbosserCardActionResponse.UserData.yaml",
            "src/cards-openapi/components/schemas/EmbosserCardActionResponse.yaml",
            "src/cards-openapi/components/schemas/EmbosserDetailsInquiryRequest.yaml",
            "src/cards-openapi/components/schemas/EmbosserDetailsInquiryResponse.AuthorizationData.yaml",
            "src/cards-openapi/components/schemas/EmbosserDetailsInquiryResponse.CardInformationData.yaml",
            "src/cards-openapi/components/schemas/EmbosserDetailsInquiryResponse.InternetPurchaseAmountData.yaml",
            "src/cards-openapi/components/schemas/EmbosserDetailsInquiryResponse.InternetPurchaseData.yaml",
            "src/cards-openapi/components/schemas/EmbosserDetailsInquiryResponse.InternetPurchaseNumberData.yaml",
            "src/cards-openapi/components/schemas/EmbosserDetailsInquiryResponse.PrepaidLimits.yaml",
            "src/cards-openapi/components/schemas/EmbosserDetailsInquiryResponse.RetailAmountData.yaml",
            "src/cards-openapi/components/schemas/EmbosserDetailsInquiryResponse.RetailNumberData.yaml",
            "src/cards-openapi/components/schemas/EmbosserDetailsInquiryResponse.SpendingLimitsData.yaml",
            "src/cards-openapi/components/schemas/EmbosserDetailsInquiryResponse.UseAutomatedTellerMachineCashAmountData.yaml",
            "src/cards-openapi/components/schemas/EmbosserDetailsInquiryResponse.UseOverTheCounterCashAmountData.yaml",
            "src/cards-openapi/components/schemas/EmbosserDetailsInquiryResponse.UseOverTheCounterCashNumberData.yaml",
            "src/cards-openapi/components/schemas/EmbosserDetailsInquiryResponse.UserAutomatedTellerMachineCashNumberData.yaml",
            "src/cards-openapi/components/schemas/EmbosserDetailsInquiryResponse.UserData.yaml",
            "src/cards-openapi/components/schemas/EmbosserDetailsInquiryResponse.yaml",
            "src/cards-openapi/components/schemas/EmbosserDetailsL8V8Response.AuthorizationData.yaml",
            "src/cards-openapi/components/schemas/EmbosserDetailsL8V8Response.CardInformationData.yaml",
            "src/cards-openapi/components/schemas/EmbosserDetailsL8V8Response.InternetPurchaseAmountData.yaml",
            "src/cards-openapi/components/schemas/EmbosserDetailsL8V8Response.InternetPurchaseData.yaml",
            "src/cards-openapi/components/schemas/EmbosserDetailsL8V8Response.InternetPurchaseNumberData.yaml",
            "src/cards-openapi/components/schemas/EmbosserDetailsL8V8Response.PrepaidLimits.yaml",
            "src/cards-openapi/components/schemas/EmbosserDetailsL8V8Response.RetailAmountData.yaml",
            "src/cards-openapi/components/schemas/EmbosserDetailsL8V8Response.RetailNumberData.yaml",
            "src/cards-openapi/components/schemas/EmbosserDetailsL8V8Response.SpendingLimitsData.yaml",
            "src/cards-openapi/components/schemas/EmbosserDetailsL8V8Response.TravelData.yaml",
            "src/cards-openapi/components/schemas/EmbosserDetailsL8V8Response.UseAutomatedTellerMachineCashAmountData.yaml",
            "src/cards-openapi/components/schemas/EmbosserDetailsL8V8Response.UseAutomatedTellerMachineCashNumberData.yaml",
            "src/cards-openapi/components/schemas/EmbosserDetailsL8V8Response.UseOverTheCounterCashAmountData.yaml",
            "src/cards-openapi/components/schemas/EmbosserDetailsL8V8Response.UseOverTheCounterCashNumberData.yaml",
            "src/cards-openapi/components/schemas/EmbosserDetailsL8V8Response.UserData.yaml",
            "src/cards-openapi/components/schemas/EmbosserDetailsL8VBRequest.yaml",
            "src/cards-openapi/components/schemas/EmbosserDetailsL8VBResponse.yaml",
            "src/cards-openapi/components/schemas/EmbosserDetailsL8VCRequest.yaml",
            "src/cards-openapi/components/schemas/EmbosserDetailsL8VCResponse.AuthorizationData.yaml",
            "src/cards-openapi/components/schemas/EmbosserDetailsL8VCResponse.CardInformationData.yaml",
            "src/cards-openapi/components/schemas/EmbosserDetailsL8VCResponse.InternetPurchaseAmountData.yaml",
            "src/cards-openapi/components/schemas/EmbosserDetailsL8VCResponse.InternetPurchaseData.yaml",
            "src/cards-openapi/components/schemas/EmbosserDetailsL8VCResponse.InternetPurchaseNumberData.yaml",
            "src/cards-openapi/components/schemas/EmbosserDetailsL8VCResponse.PrepaidLimits.yaml",
            "src/cards-openapi/components/schemas/EmbosserDetailsL8VCResponse.RetailAmountData.yaml",
            "src/cards-openapi/components/schemas/EmbosserDetailsL8VCResponse.RetailNumberData.yaml",
            "src/cards-openapi/components/schemas/EmbosserDetailsL8VCResponse.SpendingLimitsData.yaml",
            "src/cards-openapi/components/schemas/EmbosserDetailsL8VCResponse.TravelData.yaml",
            "src/cards-openapi/components/schemas/EmbosserDetailsL8VCResponse.UseAutomatedTellerMachineCashAmountData.yaml",
            "src/cards-openapi/components/schemas/EmbosserDetailsL8VCResponse.UseAutomatedTellerMachineCashNumberData.yaml",
            "src/cards-openapi/components/schemas/EmbosserDetailsL8VCResponse.UseOverTheCounterCashAmountData.yaml",
            "src/cards-openapi/components/schemas/EmbosserDetailsL8VCResponse.UseOverTheCounterCashNumberData.yaml",
            "src/cards-openapi/components/schemas/EmbosserDetailsL8VCResponse.UserData.yaml",
            "src/cards-openapi/components/schemas/EmbosserDetailsL8VCResponse.yaml",
            "src/cards-openapi/components/schemas/EmbosserDetailsRequest.yaml",
            "src/cards-openapi/components/schemas/EmbosserDetailsRequestV3.CardData.CardTableX.yaml",
            "src/cards-openapi/components/schemas/EmbosserDetailsRequestV3.yaml",
            "src/cards-openapi/components/schemas/EmbosserDetailsResponse.AuthorizationData.yaml",
            "src/cards-openapi/components/schemas/EmbosserDetailsResponse.CardInformationData.AssignedSpendLimits.yaml",
            "src/cards-openapi/components/schemas/EmbosserDetailsResponse.CardInformationData.yaml",
            "src/cards-openapi/components/schemas/EmbosserDetailsResponse.CustomUserData.yaml",
            "src/cards-openapi/components/schemas/EmbosserDetailsResponse.InternetPurchaseAmountData.yaml",
            "src/cards-openapi/components/schemas/EmbosserDetailsResponse.InternetPurchaseData.yaml",
            "src/cards-openapi/components/schemas/EmbosserDetailsResponse.InternetPurchaseNumberData.yaml",
            "src/cards-openapi/components/schemas/EmbosserDetailsResponse.PrepaidLimits.yaml",
            "src/cards-openapi/components/schemas/EmbosserDetailsResponse.RetailAmountData.yaml",
            "src/cards-openapi/components/schemas/EmbosserDetailsResponse.RetailNumberData.yaml",
            "src/cards-openapi/components/schemas/EmbosserDetailsResponse.SpendingLimitsData.yaml",
            "src/cards-openapi/components/schemas/EmbosserDetailsResponse.UseAutomatedTellerMachineCashAmountData.yaml",
            "src/cards-openapi/components/schemas/EmbosserDetailsResponse.UseAutomatedTellerMachineCashNumberData.yaml",
            "src/cards-openapi/components/schemas/EmbosserDetailsResponse.UseOverTheCounterCashAmountData.yaml",
            "src/cards-openapi/components/schemas/EmbosserDetailsResponse.UseOverTheCounterCashNumberData.yaml",
            "src/cards-openapi/components/schemas/EmbosserDetailsResponse.UserData.yaml",
            "src/cards-openapi/components/schemas/EmbosserDetailsResponse.yaml",
            "src/cards-openapi/components/schemas/EncryptedCardPanRequest.yaml",
            "src/cards-openapi/components/schemas/EncryptedCardPanResponse.yaml",
            "src/cards-openapi/components/schemas/GlobalCardActivationRequest.yaml",
            "src/cards-openapi/components/schemas/GlobalCardActivationResponse.yaml",
            "src/cards-openapi/components/schemas/InstantCArdAddL8V7Request.AccountData.yaml",
            "src/cards-openapi/components/schemas/InstantCArdAddL8V7Request.EmbosserData.yaml",
            "src/cards-openapi/components/schemas/InstantCardAddL8V7Request.yaml",
            "src/cards-openapi/components/schemas/InstantCardAddL8V7Response.yaml",
            "src/cards-openapi/components/schemas/ItemResponseLocalDate.yaml",
            "src/cards-openapi/components/schemas/ItemResponseString.yaml",
            "src/cards-openapi/components/schemas/MassCardIssueAddRequest.yaml",
            "src/cards-openapi/components/schemas/MassCardIssueAddResponse.OutputArea.yaml",
            "src/cards-openapi/components/schemas/MassCardIssueAddResponse.yaml",
            "src/cards-openapi/components/schemas/MassCardReissueDetailsResponse.OutputArea.yaml",
            "src/cards-openapi/components/schemas/MassCardReissueDetailsResponse.yaml",
            "src/cards-openapi/components/schemas/SecurityCodeDetailsRequest.yaml",
            "src/cards-openapi/components/schemas/SecurityCodeDetailsResponse.yaml",
            "src/cards-openapi/components/schemas/StatementInquiryResponseL8V2.FrequentShopperPoints.yaml",
            "src/cards-openapi/components/schemas/StatementInquiryResponseL8V2.International.yaml",
            "src/cards-openapi/components/schemas/StatementInquiryResponseL8V2.ReservedForFutureUse.yaml",
            "src/cards-openapi/components/schemas/StatementInquiryResponseL8V2.UserData.yaml",
            "src/cards-openapi/components/schemas/StatementInquiryResponseL8V2.yaml",
            "src/cards-openapi/components/schemas/UpdateEmbosserL8V3Request.yaml",
            "src/cards-openapi/components/schemas/UpdateEmbosserL8V3Response.yaml",
            "src/cards-openapi/components/schemas/UpdateEmbosserRequest.yaml",
            "src/cards-openapi/components/schemas/UpdateEmbosserResponse.yaml",
            "src/cards-openapi/components/schemas/common.yaml",
            "src/cards-openapi/components/schemas/commons/Error.yaml",
            "src/cards-openapi/components/schemas/commons/ErrorResponse.yaml",
            "src/cards-openapi/components/schemas/v5_cards_statement-detail/POST_StatementDetailCardsV5.Amount.yaml",
            "src/cards-openapi/components/schemas/v5_cards_statement-detail/POST_StatementDetailCardsV5.Amount13.yaml",
            "src/cards-openapi/components/schemas/v5_cards_statement-detail/POST_StatementDetailCardsV5.RequestBody.yaml",
            "src/cards-openapi/components/schemas/v5_cards_statement-detail/POST_StatementDetailCardsV5.ResponseBody.yaml",
            "src/cards-openapi/components/schemas/v5_cards_statement-detail/POST_StatementDetailCardsV5.Statement.yaml",
            "src/cards-openapi/paths/cards_embosser_.yaml",
            "src/cards-openapi/paths/cards_embosser_L8V3_.yaml",
            "src/cards-openapi/paths/cards_embosser_card-pan.yaml",
            "src/cards-openapi/paths/cards_embosser_cardAction.yaml",
            "src/cards-openapi/paths/cards_embosser_details-L8VB.yaml",
            "src/cards-openapi/paths/cards_embosser_details-L8VC.yaml",
            "src/cards-openapi/paths/cards_embosser_details.yaml",
            "src/cards-openapi/paths/cards_embosser_encrypted-card-pan.yaml",
            "src/cards-openapi/paths/cards_embosser_inquiry.yaml",
            "src/cards-openapi/paths/cards_embosser_l8vd.yaml",
            "src/cards-openapi/paths/cards_global-card-activation.yaml",
            "src/cards-openapi/paths/cards_instant-card-L8V7.yaml",
            "src/cards-openapi/paths/cards_mass-card-issue.yaml",
            "src/cards-openapi/paths/cards_pin_security-codes.yaml",
            "src/cards-openapi/paths/cards_pin_v2_security-codes.yaml",
            "src/cards-openapi/paths/cards_spend-limits.yaml",
            "src/cards-openapi/paths/cards_v2_statement.yaml",
            "src/cards-openapi/paths/cards_v3_embosser_details.yaml",
            "src/cards-openapi/paths/cards_v5_cards_statement-detail.yaml"
        ],
        "removed": [
            "src/cards-openapi/components/examples/commons/400.yaml",
            "src/cards-openapi/components/examples/commons/401.yaml",
            "src/cards-openapi/components/examples/commons/403.yaml",
            "src/cards-openapi/components/examples/commons/404.yaml",
            "src/cards-openapi/components/examples/commons/408.yaml",
            "src/cards-openapi/components/examples/commons/409.yaml",
            "src/cards-openapi/components/examples/commons/415.yaml",
            "src/cards-openapi/components/examples/commons/422.yaml",
            "src/cards-openapi/components/examples/commons/424.yaml",
            "src/cards-openapi/components/examples/commons/429.yaml",
            "src/cards-openapi/components/examples/commons/500.yaml",
            "src/cards-openapi/components/examples/commons/502.yaml",
            "src/cards-openapi/components/examples/commons/503.yaml",
            "src/cards-openapi/components/examples/commons/504.yaml",
            "src/cards-openapi/components/headers/commons/ContentType.Header.yaml",
            "src/cards-openapi/components/parameters/commons/ContentType.Header.yaml",
            "src/cards-openapi/components/parameters/commons/X-Client-Id.Header.yaml",
            "src/cards-openapi/components/responses/commons/400.yaml",
            "src/cards-openapi/components/responses/commons/401.yaml",
            "src/cards-openapi/components/responses/commons/403.yaml",
            "src/cards-openapi/components/responses/commons/404.yaml",
            "src/cards-openapi/components/responses/commons/408.yaml",
            "src/cards-openapi/components/responses/commons/409.yaml",
            "src/cards-openapi/components/responses/commons/415.yaml",
            "src/cards-openapi/components/responses/commons/422.yaml",
            "src/cards-openapi/components/responses/commons/424.yaml",
            "src/cards-openapi/components/responses/commons/429.yaml",
            "src/cards-openapi/components/responses/commons/500.yaml",
            "src/cards-openapi/components/responses/commons/502.yaml",
            "src/cards-openapi/components/responses/commons/503.yaml",
            "src/cards-openapi/components/responses/commons/504.yaml",
            "src/cards-openapi/components/schemas/Error.yaml",
            "src/cards-openapi/components/schemas/ErrorResponse.yaml",
            "src/cards-openapi/components/schemas/ItemRequestString copy.yaml",
            "src/cards-openapi/components/schemas/ItemResponseNullableString copy.yaml",
            "src/cards-openapi/components/schemas/commons/ErrorMessageV2.yaml",
            "src/cards-openapi/components/schemas/commons/ErrorResponseV2.yaml"
        ],
        "modified": [
            "config/tenant.json",
            "src/cards-openapi/openapi.yaml",
            "src/cards-openapi/paths/cards_activation.yaml",
            "src/cards-openapi/paths/cards_credit-limit.yaml",
            "src/cards-openapi/paths/cards_details.yaml",
            "src/cards-openapi/paths/cards_embosser_block.yaml",
            "src/cards-openapi/paths/cards_embosser_card-details-L8V3.yaml",
            "src/cards-openapi/paths/cards_embosser_card-pan-l8v2.yaml",
            "src/cards-openapi/paths/cards_embosser_cardAction-L8V2.yaml",
            "src/cards-openapi/paths/cards_embosser_l8vf.yaml",
            "src/cards-openapi/paths/cards_embosser_sameDay.yaml",
            "src/cards-openapi/paths/cards_embosser_{cardNumber}_navigational.yaml",
            "src/cards-openapi/paths/cards_mass-card-issue-L8V3.yaml",
            "src/cards-openapi/paths/cards_pin_.yaml",
            "src/cards-openapi/paths/cards_pin_dynamic-values.yaml",
            "src/cards-openapi/paths/cards_pin_invalid-attempts.yaml",
            "src/cards-openapi/paths/cards_pin_pin-change.yaml",
            "src/cards-openapi/paths/cards_pin_status.yaml",
            "src/cards-openapi/paths/cards_pin_validation.yaml",
            "src/cards-openapi/paths/cards_spend-limits-L8V3.yaml",
            "src/cards-openapi/paths/cards_statement-detail.yaml",
            "src/cards-openapi/paths/cards_statement-detail_date.yaml",
            "src/cards-openapi/paths/cards_status-L8V1.yaml",
            "src/cards-openapi/paths/cards_temporary-credit-limit.yaml",
            "src/cards-openapi/paths/cards_transfer.yaml",
            "src/cards-openapi/paths/cards_travel.yaml",
            "src/cards-openapi/paths/cards_v1_cards_account.yaml",
            "src/cards-openapi/paths/cards_v1_cards_massIssue.yaml",
            "src/cards-openapi/paths/cards_v1_embosser_generic.yaml",
            "src/cards-openapi/paths/cards_v1_embosser_instantGeneration.yaml",
            "src/cards-openapi/paths/cards_v1_embosser_search.yaml",
            "src/cards-openapi/paths/cards_v1_pan_encryption.yaml",
            "src/cards-openapi/paths/cards_v1_pin_codes.yaml",
            "src/cards-openapi/paths/cards_v2_embosser_details.yaml",
            "src/cards-openapi/paths/cards_v3_embosser.yaml"
        ]
    }
}
*****************************************************
