************** Blocked webhook request **************
webhook: https://developer.fiserv.com/api/git-webhook
GitHub delivery Id: e5d54702-f162-11f0-8890-021cb997bc0b
Timestamp: 1768406741.0
transid: 1525708899
clientip: 140.82.115.66
clientport: 45350
request payload: {
    "ref": "refs/heads/v1-tyson-subscription",
    "before": "883247367c2cc53546477b81e9b07bb7c92e30fe",
    "after": "ec74df8bcccbeb56f848b87f6ffc77f90a1a1690",
    "repository": {
        "id": 838455306,
        "node_id": "R_kgDOMfnQCg",
        "name": "adobe-commerce-plugin",
        "full_name": "Fiserv/adobe-commerce-plugin",
        "private": false,
        "owner": {
            "name": "Fiserv",
            "email": "alvin.cho22@gmail.com",
            "login": "Fiserv",
            "id": 43011046,
            "node_id": "MDEyOk9yZ2FuaXphdGlvbjQzMDExMDQ2",
            "avatar_url": "https://avatars.githubusercontent.com/u/43011046?v=4",
            "gravatar_id": "",
            "url": "https://api.github.com/users/Fiserv",
            "html_url": "https://github.com/Fiserv",
            "followers_url": "https://api.github.com/users/Fiserv/followers",
            "following_url": "https://api.github.com/users/Fiserv/following{/other_user}",
            "gists_url": "https://api.github.com/users/Fiserv/gists{/gist_id}",
            "starred_url": "https://api.github.com/users/Fiserv/starred{/owner}{/repo}",
            "subscriptions_url": "https://api.github.com/users/Fiserv/subscriptions",
            "organizations_url": "https://api.github.com/users/Fiserv/orgs",
            "repos_url": "https://api.github.com/users/Fiserv/repos",
            "events_url": "https://api.github.com/users/Fiserv/events{/privacy}",
            "received_events_url": "https://api.github.com/users/Fiserv/received_events",
            "type": "Organization",
            "user_view_type": "public",
            "site_admin": false
        },
        "html_url": "https://github.com/Fiserv/adobe-commerce-plugin",
        "description": null,
        "fork": false,
        "url": "https://api.github.com/repos/Fiserv/adobe-commerce-plugin",
        "forks_url": "https://api.github.com/repos/Fiserv/adobe-commerce-plugin/forks",
        "keys_url": "https://api.github.com/repos/Fiserv/adobe-commerce-plugin/keys{/key_id}",
        "collaborators_url": "https://api.github.com/repos/Fiserv/adobe-commerce-plugin/collaborators{/collaborator}",
        "teams_url": "https://api.github.com/repos/Fiserv/adobe-commerce-plugin/teams",
        "hooks_url": "https://api.github.com/repos/Fiserv/adobe-commerce-plugin/hooks",
        "issue_events_url": "https://api.github.com/repos/Fiserv/adobe-commerce-plugin/issues/events{/number}",
        "events_url": "https://api.github.com/repos/Fiserv/adobe-commerce-plugin/events",
        "assignees_url": "https://api.github.com/repos/Fiserv/adobe-commerce-plugin/assignees{/user}",
        "branches_url": "https://api.github.com/repos/Fiserv/adobe-commerce-plugin/branches{/branch}",
        "tags_url": "https://api.github.com/repos/Fiserv/adobe-commerce-plugin/tags",
        "blobs_url": "https://api.github.com/repos/Fiserv/adobe-commerce-plugin/git/blobs{/sha}",
        "git_tags_url": "https://api.github.com/repos/Fiserv/adobe-commerce-plugin/git/tags{/sha}",
        "git_refs_url": "https://api.github.com/repos/Fiserv/adobe-commerce-plugin/git/refs{/sha}",
        "trees_url": "https://api.github.com/repos/Fiserv/adobe-commerce-plugin/git/trees{/sha}",
        "statuses_url": "https://api.github.com/repos/Fiserv/adobe-commerce-plugin/statuses/{sha}",
        "languages_url": "https://api.github.com/repos/Fiserv/adobe-commerce-plugin/languages",
        "stargazers_url": "https://api.github.com/repos/Fiserv/adobe-commerce-plugin/stargazers",
        "contributors_url": "https://api.github.com/repos/Fiserv/adobe-commerce-plugin/contributors",
        "subscribers_url": "https://api.github.com/repos/Fiserv/adobe-commerce-plugin/subscribers",
        "subscription_url": "https://api.github.com/repos/Fiserv/adobe-commerce-plugin/subscription",
        "commits_url": "https://api.github.com/repos/Fiserv/adobe-commerce-plugin/commits{/sha}",
        "git_commits_url": "https://api.github.com/repos/Fiserv/adobe-commerce-plugin/git/commits{/sha}",
        "comments_url": "https://api.github.com/repos/Fiserv/adobe-commerce-plugin/comments{/number}",
        "issue_comment_url": "https://api.github.com/repos/Fiserv/adobe-commerce-plugin/issues/comments{/number}",
        "contents_url": "https://api.github.com/repos/Fiserv/adobe-commerce-plugin/contents/{+path}",
        "compare_url": "https://api.github.com/repos/Fiserv/adobe-commerce-plugin/compare/{base}...{head}",
        "merges_url": "https://api.github.com/repos/Fiserv/adobe-commerce-plugin/merges",
        "archive_url": "https://api.github.com/repos/Fiserv/adobe-commerce-plugin/{archive_format}{/ref}",
        "downloads_url": "https://api.github.com/repos/Fiserv/adobe-commerce-plugin/downloads",
        "issues_url": "https://api.github.com/repos/Fiserv/adobe-commerce-plugin/issues{/number}",
        "pulls_url": "https://api.github.com/repos/Fiserv/adobe-commerce-plugin/pulls{/number}",
        "milestones_url": "https://api.github.com/repos/Fiserv/adobe-commerce-plugin/milestones{/number}",
        "notifications_url": "https://api.github.com/repos/Fiserv/adobe-commerce-plugin/notifications{?since,all,participating}",
        "labels_url": "https://api.github.com/repos/Fiserv/adobe-commerce-plugin/labels{/name}",
        "releases_url": "https://api.github.com/repos/Fiserv/adobe-commerce-plugin/releases{/id}",
        "deployments_url": "https://api.github.com/repos/Fiserv/adobe-commerce-plugin/deployments",
        "created_at": 1722878011,
        "updated_at": "2024-12-10T15:00:24Z",
        "pushed_at": 1768406751,
        "git_url": "git://github.com/Fiserv/adobe-commerce-plugin.git",
        "ssh_url": "git@github.com:Fiserv/adobe-commerce-plugin.git",
        "clone_url": "https://github.com/Fiserv/adobe-commerce-plugin.git",
        "svn_url": "https://github.com/Fiserv/adobe-commerce-plugin",
        "homepage": null,
        "size": 6913,
        "stargazers_count": 0,
        "watchers_count": 0,
        "language": null,
        "has_issues": true,
        "has_projects": true,
        "has_downloads": true,
        "has_wiki": true,
        "has_pages": false,
        "has_discussions": false,
        "forks_count": 2,
        "mirror_url": null,
        "archived": false,
        "disabled": false,
        "open_issues_count": 1,
        "license": null,
        "allow_forking": true,
        "is_template": false,
        "web_commit_signoff_required": false,
        "topics": [],
        "visibility": "public",
        "forks": 2,
        "open_issues": 1,
        "watchers": 0,
        "default_branch": "main",
        "stargazers": 0,
        "master_branch": "main",
        "organization": "Fiserv",
        "custom_properties": {}
    },
    "pusher": {
        "name": "fiserv-ch-ttp-androidsdk",
        "email": "pavan.joshi+AndroidTTP@fiserv.com"
    },
    "organization": {
        "login": "Fiserv",
        "id": 43011046,
        "node_id": "MDEyOk9yZ2FuaXphdGlvbjQzMDExMDQ2",
        "url": "https://api.github.com/orgs/Fiserv",
        "repos_url": "https://api.github.com/orgs/Fiserv/repos",
        "events_url": "https://api.github.com/orgs/Fiserv/events",
        "hooks_url": "https://api.github.com/orgs/Fiserv/hooks",
        "issues_url": "https://api.github.com/orgs/Fiserv/issues",
        "members_url": "https://api.github.com/orgs/Fiserv/members{/member}",
        "public_members_url": "https://api.github.com/orgs/Fiserv/public_members{/member}",
        "avatar_url": "https://avatars.githubusercontent.com/u/43011046?v=4",
        "description": ""
    },
    "sender": {
        "login": "fiserv-ch-ttp-androidsdk",
        "id": 190767925,
        "node_id": "U_kgDOC17jNQ",
        "avatar_url": "https://avatars.githubusercontent.com/u/190767925?v=4",
        "gravatar_id": "",
        "url": "https://api.github.com/users/fiserv-ch-ttp-androidsdk",
        "html_url": "https://github.com/fiserv-ch-ttp-androidsdk",
        "followers_url": "https://api.github.com/users/fiserv-ch-ttp-androidsdk/followers",
        "following_url": "https://api.github.com/users/fiserv-ch-ttp-androidsdk/following{/other_user}",
        "gists_url": "https://api.github.com/users/fiserv-ch-ttp-androidsdk/gists{/gist_id}",
        "starred_url": "https://api.github.com/users/fiserv-ch-ttp-androidsdk/starred{/owner}{/repo}",
        "subscriptions_url": "https://api.github.com/users/fiserv-ch-ttp-androidsdk/subscriptions",
        "organizations_url": "https://api.github.com/users/fiserv-ch-ttp-androidsdk/orgs",
        "repos_url": "https://api.github.com/users/fiserv-ch-ttp-androidsdk/repos",
        "events_url": "https://api.github.com/users/fiserv-ch-ttp-androidsdk/events{/privacy}",
        "received_events_url": "https://api.github.com/users/fiserv-ch-ttp-androidsdk/received_events",
        "type": "User",
        "user_view_type": "public",
        "site_admin": false
    },
    "created": false,
    "deleted": false,
    "forced": false,
    "base_ref": null,
    "compare": "https://github.com/Fiserv/adobe-commerce-plugin/compare/883247367c2c...ec74df8bcccb",
    "commits": [
        {
            "id": "ec74df8bcccbeb56f848b87f6ffc77f90a1a1690",
            "tree_id": "cb30858b898aeff5de1a08c740ef1c9fc6c195b8",
            "distinct": true,
            "message": "COM Update database columns to reflect and record next billing date time",
            "timestamp": "2026-01-14T11:05:41-05:00",
            "url": "https://github.com/Fiserv/adobe-commerce-plugin/commit/ec74df8bcccbeb56f848b87f6ffc77f90a1a1690",
            "author": {
                "name": "Nguyen",
                "email": "tyson.nguyen@fiserv.com",
                "date": "2026-01-14T11:05:41-05:00"
            },
            "committer": {
                "name": "Nguyen",
                "email": "tyson.nguyen@fiserv.com",
                "date": "2026-01-14T11:05:41-05:00"
            },
            "added": [],
            "removed": [],
            "modified": [
                "Observer/SaveSubscriptionOrder.php"
            ]
        }
    ],
    "head_commit": {
        "id": "ec74df8bcccbeb56f848b87f6ffc77f90a1a1690",
        "tree_id": "cb30858b898aeff5de1a08c740ef1c9fc6c195b8",
        "distinct": true,
        "message": "COM Update database columns to reflect and record next billing date time",
        "timestamp": "2026-01-14T11:05:41-05:00",
        "url": "https://github.com/Fiserv/adobe-commerce-plugin/commit/ec74df8bcccbeb56f848b87f6ffc77f90a1a1690",
        "author": {
            "name": "Nguyen",
            "email": "tyson.nguyen@fiserv.com",
            "date": "2026-01-14T11:05:41-05:00"
        },
        "committer": {
            "name": "Nguyen",
            "email": "tyson.nguyen@fiserv.com",
            "date": "2026-01-14T11:05:41-05:00"
        },
        "added": [],
        "removed": [],
        "modified": [
            "Observer/SaveSubscriptionOrder.php"
        ]
    }
}
*****************************************************
