************** Blocked webhook request **************
webhook: https://developer.fiserv.com/api/git-webhook
GitHub delivery Id: dc71d70c-efc8-11f0-8c9a-986bc1063c40
Timestamp: 1768230625.0
transid: 1520644541
clientip: 140.82.115.58
clientport: 40266
request payload: {
    "ref": "refs/heads/feature/GVHP22-386-ida-expedite-shipping",
    "before": "4d2c0e5f7a3de1eeac6e3ddc41fee7f38ad1287d",
    "after": "a1eec9ce59f8e59e016a3204391b15b19cca08b8",
    "repository": {
        "id": 465795896,
        "node_id": "R_kgDOG8N7OA",
        "name": "helix",
        "full_name": "Fiserv/helix",
        "private": true,
        "owner": {
            "name": "Fiserv",
            "email": "alvin.cho22@gmail.com",
            "login": "Fiserv",
            "id": 43011046,
            "node_id": "MDEyOk9yZ2FuaXphdGlvbjQzMDExMDQ2",
            "avatar_url": "https://avatars.githubusercontent.com/u/43011046?v=4",
            "gravatar_id": "",
            "url": "https://api.github.com/users/Fiserv",
            "html_url": "https://github.com/Fiserv",
            "followers_url": "https://api.github.com/users/Fiserv/followers",
            "following_url": "https://api.github.com/users/Fiserv/following{/other_user}",
            "gists_url": "https://api.github.com/users/Fiserv/gists{/gist_id}",
            "starred_url": "https://api.github.com/users/Fiserv/starred{/owner}{/repo}",
            "subscriptions_url": "https://api.github.com/users/Fiserv/subscriptions",
            "organizations_url": "https://api.github.com/users/Fiserv/orgs",
            "repos_url": "https://api.github.com/users/Fiserv/repos",
            "events_url": "https://api.github.com/users/Fiserv/events{/privacy}",
            "received_events_url": "https://api.github.com/users/Fiserv/received_events",
            "type": "Organization",
            "user_view_type": "public",
            "site_admin": false
        },
        "html_url": "https://github.com/Fiserv/helix",
        "description": null,
        "fork": false,
        "url": "https://api.github.com/repos/Fiserv/helix",
        "forks_url": "https://api.github.com/repos/Fiserv/helix/forks",
        "keys_url": "https://api.github.com/repos/Fiserv/helix/keys{/key_id}",
        "collaborators_url": "https://api.github.com/repos/Fiserv/helix/collaborators{/collaborator}",
        "teams_url": "https://api.github.com/repos/Fiserv/helix/teams",
        "hooks_url": "https://api.github.com/repos/Fiserv/helix/hooks",
        "issue_events_url": "https://api.github.com/repos/Fiserv/helix/issues/events{/number}",
        "events_url": "https://api.github.com/repos/Fiserv/helix/events",
        "assignees_url": "https://api.github.com/repos/Fiserv/helix/assignees{/user}",
        "branches_url": "https://api.github.com/repos/Fiserv/helix/branches{/branch}",
        "tags_url": "https://api.github.com/repos/Fiserv/helix/tags",
        "blobs_url": "https://api.github.com/repos/Fiserv/helix/git/blobs{/sha}",
        "git_tags_url": "https://api.github.com/repos/Fiserv/helix/git/tags{/sha}",
        "git_refs_url": "https://api.github.com/repos/Fiserv/helix/git/refs{/sha}",
        "trees_url": "https://api.github.com/repos/Fiserv/helix/git/trees{/sha}",
        "statuses_url": "https://api.github.com/repos/Fiserv/helix/statuses/{sha}",
        "languages_url": "https://api.github.com/repos/Fiserv/helix/languages",
        "stargazers_url": "https://api.github.com/repos/Fiserv/helix/stargazers",
        "contributors_url": "https://api.github.com/repos/Fiserv/helix/contributors",
        "subscribers_url": "https://api.github.com/repos/Fiserv/helix/subscribers",
        "subscription_url": "https://api.github.com/repos/Fiserv/helix/subscription",
        "commits_url": "https://api.github.com/repos/Fiserv/helix/commits{/sha}",
        "git_commits_url": "https://api.github.com/repos/Fiserv/helix/git/commits{/sha}",
        "comments_url": "https://api.github.com/repos/Fiserv/helix/comments{/number}",
        "issue_comment_url": "https://api.github.com/repos/Fiserv/helix/issues/comments{/number}",
        "contents_url": "https://api.github.com/repos/Fiserv/helix/contents/{+path}",
        "compare_url": "https://api.github.com/repos/Fiserv/helix/compare/{base}...{head}",
        "merges_url": "https://api.github.com/repos/Fiserv/helix/merges",
        "archive_url": "https://api.github.com/repos/Fiserv/helix/{archive_format}{/ref}",
        "downloads_url": "https://api.github.com/repos/Fiserv/helix/downloads",
        "issues_url": "https://api.github.com/repos/Fiserv/helix/issues{/number}",
        "pulls_url": "https://api.github.com/repos/Fiserv/helix/pulls{/number}",
        "milestones_url": "https://api.github.com/repos/Fiserv/helix/milestones{/number}",
        "notifications_url": "https://api.github.com/repos/Fiserv/helix/notifications{?since,all,participating}",
        "labels_url": "https://api.github.com/repos/Fiserv/helix/labels{/name}",
        "releases_url": "https://api.github.com/repos/Fiserv/helix/releases{/id}",
        "deployments_url": "https://api.github.com/repos/Fiserv/helix/deployments",
        "created_at": 1646324510,
        "updated_at": "2026-01-07T06:24:28Z",
        "pushed_at": 1768230641,
        "git_url": "git://github.com/Fiserv/helix.git",
        "ssh_url": "git@github.com:Fiserv/helix.git",
        "clone_url": "https://github.com/Fiserv/helix.git",
        "svn_url": "https://github.com/Fiserv/helix",
        "homepage": null,
        "size": 28828,
        "stargazers_count": 1,
        "watchers_count": 1,
        "language": null,
        "has_issues": true,
        "has_projects": true,
        "has_downloads": true,
        "has_wiki": true,
        "has_pages": false,
        "has_discussions": false,
        "forks_count": 0,
        "mirror_url": null,
        "archived": false,
        "disabled": false,
        "open_issues_count": 5,
        "license": null,
        "allow_forking": true,
        "is_template": false,
        "web_commit_signoff_required": false,
        "topics": [],
        "visibility": "private",
        "forks": 0,
        "open_issues": 5,
        "watchers": 1,
        "default_branch": "develop",
        "stargazers": 1,
        "master_branch": "develop",
        "organization": "Fiserv",
        "custom_properties": {}
    },
    "pusher": {
        "name": "pratikshah-fiserv",
        "email": "pratik.shah1@fiserv.com"
    },
    "organization": {
        "login": "Fiserv",
        "id": 43011046,
        "node_id": "MDEyOk9yZ2FuaXphdGlvbjQzMDExMDQ2",
        "url": "https://api.github.com/orgs/Fiserv",
        "repos_url": "https://api.github.com/orgs/Fiserv/repos",
        "events_url": "https://api.github.com/orgs/Fiserv/events",
        "hooks_url": "https://api.github.com/orgs/Fiserv/hooks",
        "issues_url": "https://api.github.com/orgs/Fiserv/issues",
        "members_url": "https://api.github.com/orgs/Fiserv/members{/member}",
        "public_members_url": "https://api.github.com/orgs/Fiserv/public_members{/member}",
        "avatar_url": "https://avatars.githubusercontent.com/u/43011046?v=4",
        "description": ""
    },
    "sender": {
        "login": "pratikshah-fiserv",
        "id": 238483744,
        "node_id": "U_kgDODjb5IA",
        "avatar_url": "https://avatars.githubusercontent.com/u/238483744?v=4",
        "gravatar_id": "",
        "url": "https://api.github.com/users/pratikshah-fiserv",
        "html_url": "https://github.com/pratikshah-fiserv",
        "followers_url": "https://api.github.com/users/pratikshah-fiserv/followers",
        "following_url": "https://api.github.com/users/pratikshah-fiserv/following{/other_user}",
        "gists_url": "https://api.github.com/users/pratikshah-fiserv/gists{/gist_id}",
        "starred_url": "https://api.github.com/users/pratikshah-fiserv/starred{/owner}{/repo}",
        "subscriptions_url": "https://api.github.com/users/pratikshah-fiserv/subscriptions",
        "organizations_url": "https://api.github.com/users/pratikshah-fiserv/orgs",
        "repos_url": "https://api.github.com/users/pratikshah-fiserv/repos",
        "events_url": "https://api.github.com/users/pratikshah-fiserv/events{/privacy}",
        "received_events_url": "https://api.github.com/users/pratikshah-fiserv/received_events",
        "type": "User",
        "user_view_type": "public",
        "site_admin": false
    },
    "created": false,
    "deleted": false,
    "forced": false,
    "base_ref": null,
    "compare": "https://github.com/Fiserv/helix/compare/4d2c0e5f7a3d...a1eec9ce59f8",
    "commits": [
        {
            "id": "a1eec9ce59f8e59e016a3204391b15b19cca08b8",
            "tree_id": "b0af64ebc4c1c9018a87716de964268ccd10de3b",
            "distinct": true,
            "message": "Added release notes with release version 26.01.1 and enable new link in the document-explorer for new prod release version 26.01.1",
            "timestamp": "2026-01-12T20:40:25+05:30",
            "url": "https://github.com/Fiserv/helix/commit/a1eec9ce59f8e59e016a3204391b15b19cca08b8",
            "author": {
                "name": "Shah",
                "email": "pratik.shah1@fiserv.com",
                "date": "2026-01-12T20:40:25+05:30",
                "username": "pratikshah-fiserv"
            },
            "committer": {
                "name": "Shah",
                "email": "pratik.shah1@fiserv.com",
                "date": "2026-01-12T20:40:25+05:30",
                "username": "pratikshah-fiserv"
            },
            "added": [
                "docs/release-notes/release-notes-26.01.1.md"
            ],
            "removed": [],
            "modified": [
                "config/document-explorer-definition.yaml"
            ]
        }
    ],
    "head_commit": {
        "id": "a1eec9ce59f8e59e016a3204391b15b19cca08b8",
        "tree_id": "b0af64ebc4c1c9018a87716de964268ccd10de3b",
        "distinct": true,
        "message": "Added release notes with release version 26.01.1 and enable new link in the document-explorer for new prod release version 26.01.1",
        "timestamp": "2026-01-12T20:40:25+05:30",
        "url": "https://github.com/Fiserv/helix/commit/a1eec9ce59f8e59e016a3204391b15b19cca08b8",
        "author": {
            "name": "Shah",
            "email": "pratik.shah1@fiserv.com",
            "date": "2026-01-12T20:40:25+05:30",
            "username": "pratikshah-fiserv"
        },
        "committer": {
            "name": "Shah",
            "email": "pratik.shah1@fiserv.com",
            "date": "2026-01-12T20:40:25+05:30",
            "username": "pratikshah-fiserv"
        },
        "added": [
            "docs/release-notes/release-notes-26.01.1.md"
        ],
        "removed": [],
        "modified": [
            "config/document-explorer-definition.yaml"
        ]
    }
}
*****************************************************
