************** Blocked webhook request **************
webhook: https://developer.fiserv.com/api/git-webhook
GitHub delivery Id: 26cbd51a-2c3b-11f1-83b6-db7f5642b497
Timestamp: 1774876797.0
transid: 1527351862
clientip: 140.82.115.45
clientport: 59262
request payload: {
    "ref": "refs/heads/stage",
    "before": "6beb47926b5be5aa6012dbf89376bc647223f352",
    "after": "8a2e76056971cdca8d25aeba9f2f7286000f42e5",
    "repository": {
        "id": 465795896,
        "node_id": "R_kgDOG8N7OA",
        "name": "helix",
        "full_name": "Fiserv/helix",
        "private": true,
        "owner": {
            "name": "Fiserv",
            "email": null,
            "login": "Fiserv",
            "id": 43011046,
            "node_id": "MDEyOk9yZ2FuaXphdGlvbjQzMDExMDQ2",
            "avatar_url": "https://avatars.githubusercontent.com/u/43011046?v=4",
            "gravatar_id": "",
            "url": "https://api.github.com/users/Fiserv",
            "html_url": "https://github.com/Fiserv",
            "followers_url": "https://api.github.com/users/Fiserv/followers",
            "following_url": "https://api.github.com/users/Fiserv/following{/other_user}",
            "gists_url": "https://api.github.com/users/Fiserv/gists{/gist_id}",
            "starred_url": "https://api.github.com/users/Fiserv/starred{/owner}{/repo}",
            "subscriptions_url": "https://api.github.com/users/Fiserv/subscriptions",
            "organizations_url": "https://api.github.com/users/Fiserv/orgs",
            "repos_url": "https://api.github.com/users/Fiserv/repos",
            "events_url": "https://api.github.com/users/Fiserv/events{/privacy}",
            "received_events_url": "https://api.github.com/users/Fiserv/received_events",
            "type": "Organization",
            "user_view_type": "public",
            "site_admin": false
        },
        "html_url": "https://github.com/Fiserv/helix",
        "description": null,
        "fork": false,
        "url": "https://api.github.com/repos/Fiserv/helix",
        "forks_url": "https://api.github.com/repos/Fiserv/helix/forks",
        "keys_url": "https://api.github.com/repos/Fiserv/helix/keys{/key_id}",
        "collaborators_url": "https://api.github.com/repos/Fiserv/helix/collaborators{/collaborator}",
        "teams_url": "https://api.github.com/repos/Fiserv/helix/teams",
        "hooks_url": "https://api.github.com/repos/Fiserv/helix/hooks",
        "issue_events_url": "https://api.github.com/repos/Fiserv/helix/issues/events{/number}",
        "events_url": "https://api.github.com/repos/Fiserv/helix/events",
        "assignees_url": "https://api.github.com/repos/Fiserv/helix/assignees{/user}",
        "branches_url": "https://api.github.com/repos/Fiserv/helix/branches{/branch}",
        "tags_url": "https://api.github.com/repos/Fiserv/helix/tags",
        "blobs_url": "https://api.github.com/repos/Fiserv/helix/git/blobs{/sha}",
        "git_tags_url": "https://api.github.com/repos/Fiserv/helix/git/tags{/sha}",
        "git_refs_url": "https://api.github.com/repos/Fiserv/helix/git/refs{/sha}",
        "trees_url": "https://api.github.com/repos/Fiserv/helix/git/trees{/sha}",
        "statuses_url": "https://api.github.com/repos/Fiserv/helix/statuses/{sha}",
        "languages_url": "https://api.github.com/repos/Fiserv/helix/languages",
        "stargazers_url": "https://api.github.com/repos/Fiserv/helix/stargazers",
        "contributors_url": "https://api.github.com/repos/Fiserv/helix/contributors",
        "subscribers_url": "https://api.github.com/repos/Fiserv/helix/subscribers",
        "subscription_url": "https://api.github.com/repos/Fiserv/helix/subscription",
        "commits_url": "https://api.github.com/repos/Fiserv/helix/commits{/sha}",
        "git_commits_url": "https://api.github.com/repos/Fiserv/helix/git/commits{/sha}",
        "comments_url": "https://api.github.com/repos/Fiserv/helix/comments{/number}",
        "issue_comment_url": "https://api.github.com/repos/Fiserv/helix/issues/comments{/number}",
        "contents_url": "https://api.github.com/repos/Fiserv/helix/contents/{+path}",
        "compare_url": "https://api.github.com/repos/Fiserv/helix/compare/{base}...{head}",
        "merges_url": "https://api.github.com/repos/Fiserv/helix/merges",
        "archive_url": "https://api.github.com/repos/Fiserv/helix/{archive_format}{/ref}",
        "downloads_url": "https://api.github.com/repos/Fiserv/helix/downloads",
        "issues_url": "https://api.github.com/repos/Fiserv/helix/issues{/number}",
        "pulls_url": "https://api.github.com/repos/Fiserv/helix/pulls{/number}",
        "milestones_url": "https://api.github.com/repos/Fiserv/helix/milestones{/number}",
        "notifications_url": "https://api.github.com/repos/Fiserv/helix/notifications{?since,all,participating}",
        "labels_url": "https://api.github.com/repos/Fiserv/helix/labels{/name}",
        "releases_url": "https://api.github.com/repos/Fiserv/helix/releases{/id}",
        "deployments_url": "https://api.github.com/repos/Fiserv/helix/deployments",
        "created_at": 1646324510,
        "updated_at": "2026-03-30T12:10:23Z",
        "pushed_at": 1774876797,
        "git_url": "git://github.com/Fiserv/helix.git",
        "ssh_url": "git@github.com:Fiserv/helix.git",
        "clone_url": "https://github.com/Fiserv/helix.git",
        "svn_url": "https://github.com/Fiserv/helix",
        "homepage": null,
        "size": 35382,
        "stargazers_count": 2,
        "watchers_count": 2,
        "language": "Mermaid",
        "has_issues": true,
        "has_projects": true,
        "has_downloads": true,
        "has_wiki": true,
        "has_pages": false,
        "has_discussions": false,
        "forks_count": 0,
        "mirror_url": null,
        "archived": false,
        "disabled": false,
        "open_issues_count": 3,
        "license": null,
        "allow_forking": true,
        "is_template": false,
        "web_commit_signoff_required": false,
        "has_pull_requests": true,
        "pull_request_creation_policy": "all",
        "topics": [],
        "visibility": "private",
        "forks": 0,
        "open_issues": 3,
        "watchers": 2,
        "default_branch": "develop",
        "stargazers": 2,
        "master_branch": "develop",
        "organization": "Fiserv",
        "custom_properties": {}
    },
    "pusher": {
        "name": "Ojas-24dev",
        "email": "ojas.surpatne@fiserv.com"
    },
    "forced": false,
    "organization": {
        "login": "Fiserv",
        "id": 43011046,
        "node_id": "MDEyOk9yZ2FuaXphdGlvbjQzMDExMDQ2",
        "url": "https://api.github.com/orgs/Fiserv",
        "repos_url": "https://api.github.com/orgs/Fiserv/repos",
        "events_url": "https://api.github.com/orgs/Fiserv/events",
        "hooks_url": "https://api.github.com/orgs/Fiserv/hooks",
        "issues_url": "https://api.github.com/orgs/Fiserv/issues",
        "members_url": "https://api.github.com/orgs/Fiserv/members{/member}",
        "public_members_url": "https://api.github.com/orgs/Fiserv/public_members{/member}",
        "avatar_url": "https://avatars.githubusercontent.com/u/43011046?v=4",
        "description": ""
    },
    "sender": {
        "login": "Ojas-24dev",
        "id": 228648897,
        "node_id": "U_kgDODaDnwQ",
        "avatar_url": "https://avatars.githubusercontent.com/u/228648897?v=4",
        "gravatar_id": "",
        "url": "https://api.github.com/users/Ojas-24dev",
        "html_url": "https://github.com/Ojas-24dev",
        "followers_url": "https://api.github.com/users/Ojas-24dev/followers",
        "following_url": "https://api.github.com/users/Ojas-24dev/following{/other_user}",
        "gists_url": "https://api.github.com/users/Ojas-24dev/gists{/gist_id}",
        "starred_url": "https://api.github.com/users/Ojas-24dev/starred{/owner}{/repo}",
        "subscriptions_url": "https://api.github.com/users/Ojas-24dev/subscriptions",
        "organizations_url": "https://api.github.com/users/Ojas-24dev/orgs",
        "repos_url": "https://api.github.com/users/Ojas-24dev/repos",
        "events_url": "https://api.github.com/users/Ojas-24dev/events{/privacy}",
        "received_events_url": "https://api.github.com/users/Ojas-24dev/received_events",
        "type": "User",
        "user_view_type": "public",
        "site_admin": false
    },
    "created": false,
    "deleted": false,
    "base_ref": null,
    "compare": "https://github.com/Fiserv/helix/compare/6beb47926b5b...8a2e76056971",
    "commits": [
        {
            "id": "8a2e76056971cdca8d25aeba9f2f7286000f42e5",
            "tree_id": "353bf0555c57b43aa6c403051301be7f002d3e2a",
            "distinct": true,
            "message": "Feature/update release notes (#992)\n\n* Update release notes of 26.03.1\n\n* Update release notes due to checks fail\n\n* Update document-explorer-definition.yaml",
            "timestamp": "2026-03-30T18:49:57+05:30",
            "url": "https://github.com/Fiserv/helix/commit/8a2e76056971cdca8d25aeba9f2f7286000f42e5",
            "author": {
                "name": "Ojas-24dev",
                "email": "ojas.surpatne@fiserv.com",
                "date": "2026-03-30T18:49:57+05:30",
                "username": "Ojas-24dev"
            },
            "committer": {
                "name": "GitHub",
                "email": "noreply@github.com",
                "date": "2026-03-30T18:49:57+05:30",
                "username": "web-flow"
            },
            "added": [],
            "removed": [],
            "modified": [
                "config/document-explorer-definition.yaml"
            ]
        }
    ],
    "head_commit": {
        "id": "8a2e76056971cdca8d25aeba9f2f7286000f42e5",
        "tree_id": "353bf0555c57b43aa6c403051301be7f002d3e2a",
        "distinct": true,
        "message": "Feature/update release notes (#992)\n\n* Update release notes of 26.03.1\n\n* Update release notes due to checks fail\n\n* Update document-explorer-definition.yaml",
        "timestamp": "2026-03-30T18:49:57+05:30",
        "url": "https://github.com/Fiserv/helix/commit/8a2e76056971cdca8d25aeba9f2f7286000f42e5",
        "author": {
            "name": "Ojas-24dev",
            "email": "ojas.surpatne@fiserv.com",
            "date": "2026-03-30T18:49:57+05:30",
            "username": "Ojas-24dev"
        },
        "committer": {
            "name": "GitHub",
            "email": "noreply@github.com",
            "date": "2026-03-30T18:49:57+05:30",
            "username": "web-flow"
        },
        "added": [],
        "removed": [],
        "modified": [
            "config/document-explorer-definition.yaml"
        ]
    }
}
*****************************************************
