************** Blocked webhook request **************
webhook: https://developer.fiserv.com/api/git-webhook
GitHub delivery Id: 82f9bd5c-f05e-11f0-8180-4b20e65536a0
Timestamp: 1768294914.0
transid: 1521591171
clientip: 140.82.115.89
clientport: 30484
request payload: {
    "ref": "refs/heads/develop",
    "before": "511c16e60fcc5709963490ef5e66070609042e27",
    "after": "db8dca15207b2bde5b3e7991c0a7b1da6e831e7d",
    "repository": {
        "id": 465795896,
        "node_id": "R_kgDOG8N7OA",
        "name": "helix",
        "full_name": "Fiserv/helix",
        "private": true,
        "owner": {
            "name": "Fiserv",
            "email": "alvin.cho22@gmail.com",
            "login": "Fiserv",
            "id": 43011046,
            "node_id": "MDEyOk9yZ2FuaXphdGlvbjQzMDExMDQ2",
            "avatar_url": "https://avatars.githubusercontent.com/u/43011046?v=4",
            "gravatar_id": "",
            "url": "https://api.github.com/users/Fiserv",
            "html_url": "https://github.com/Fiserv",
            "followers_url": "https://api.github.com/users/Fiserv/followers",
            "following_url": "https://api.github.com/users/Fiserv/following{/other_user}",
            "gists_url": "https://api.github.com/users/Fiserv/gists{/gist_id}",
            "starred_url": "https://api.github.com/users/Fiserv/starred{/owner}{/repo}",
            "subscriptions_url": "https://api.github.com/users/Fiserv/subscriptions",
            "organizations_url": "https://api.github.com/users/Fiserv/orgs",
            "repos_url": "https://api.github.com/users/Fiserv/repos",
            "events_url": "https://api.github.com/users/Fiserv/events{/privacy}",
            "received_events_url": "https://api.github.com/users/Fiserv/received_events",
            "type": "Organization",
            "user_view_type": "public",
            "site_admin": false
        },
        "html_url": "https://github.com/Fiserv/helix",
        "description": null,
        "fork": false,
        "url": "https://api.github.com/repos/Fiserv/helix",
        "forks_url": "https://api.github.com/repos/Fiserv/helix/forks",
        "keys_url": "https://api.github.com/repos/Fiserv/helix/keys{/key_id}",
        "collaborators_url": "https://api.github.com/repos/Fiserv/helix/collaborators{/collaborator}",
        "teams_url": "https://api.github.com/repos/Fiserv/helix/teams",
        "hooks_url": "https://api.github.com/repos/Fiserv/helix/hooks",
        "issue_events_url": "https://api.github.com/repos/Fiserv/helix/issues/events{/number}",
        "events_url": "https://api.github.com/repos/Fiserv/helix/events",
        "assignees_url": "https://api.github.com/repos/Fiserv/helix/assignees{/user}",
        "branches_url": "https://api.github.com/repos/Fiserv/helix/branches{/branch}",
        "tags_url": "https://api.github.com/repos/Fiserv/helix/tags",
        "blobs_url": "https://api.github.com/repos/Fiserv/helix/git/blobs{/sha}",
        "git_tags_url": "https://api.github.com/repos/Fiserv/helix/git/tags{/sha}",
        "git_refs_url": "https://api.github.com/repos/Fiserv/helix/git/refs{/sha}",
        "trees_url": "https://api.github.com/repos/Fiserv/helix/git/trees{/sha}",
        "statuses_url": "https://api.github.com/repos/Fiserv/helix/statuses/{sha}",
        "languages_url": "https://api.github.com/repos/Fiserv/helix/languages",
        "stargazers_url": "https://api.github.com/repos/Fiserv/helix/stargazers",
        "contributors_url": "https://api.github.com/repos/Fiserv/helix/contributors",
        "subscribers_url": "https://api.github.com/repos/Fiserv/helix/subscribers",
        "subscription_url": "https://api.github.com/repos/Fiserv/helix/subscription",
        "commits_url": "https://api.github.com/repos/Fiserv/helix/commits{/sha}",
        "git_commits_url": "https://api.github.com/repos/Fiserv/helix/git/commits{/sha}",
        "comments_url": "https://api.github.com/repos/Fiserv/helix/comments{/number}",
        "issue_comment_url": "https://api.github.com/repos/Fiserv/helix/issues/comments{/number}",
        "contents_url": "https://api.github.com/repos/Fiserv/helix/contents/{+path}",
        "compare_url": "https://api.github.com/repos/Fiserv/helix/compare/{base}...{head}",
        "merges_url": "https://api.github.com/repos/Fiserv/helix/merges",
        "archive_url": "https://api.github.com/repos/Fiserv/helix/{archive_format}{/ref}",
        "downloads_url": "https://api.github.com/repos/Fiserv/helix/downloads",
        "issues_url": "https://api.github.com/repos/Fiserv/helix/issues{/number}",
        "pulls_url": "https://api.github.com/repos/Fiserv/helix/pulls{/number}",
        "milestones_url": "https://api.github.com/repos/Fiserv/helix/milestones{/number}",
        "notifications_url": "https://api.github.com/repos/Fiserv/helix/notifications{?since,all,participating}",
        "labels_url": "https://api.github.com/repos/Fiserv/helix/labels{/name}",
        "releases_url": "https://api.github.com/repos/Fiserv/helix/releases{/id}",
        "deployments_url": "https://api.github.com/repos/Fiserv/helix/deployments",
        "created_at": 1646324510,
        "updated_at": "2026-01-07T06:24:28Z",
        "pushed_at": 1768294915,
        "git_url": "git://github.com/Fiserv/helix.git",
        "ssh_url": "git@github.com:Fiserv/helix.git",
        "clone_url": "https://github.com/Fiserv/helix.git",
        "svn_url": "https://github.com/Fiserv/helix",
        "homepage": null,
        "size": 28872,
        "stargazers_count": 1,
        "watchers_count": 1,
        "language": null,
        "has_issues": true,
        "has_projects": true,
        "has_downloads": true,
        "has_wiki": true,
        "has_pages": false,
        "has_discussions": false,
        "forks_count": 0,
        "mirror_url": null,
        "archived": false,
        "disabled": false,
        "open_issues_count": 4,
        "license": null,
        "allow_forking": true,
        "is_template": false,
        "web_commit_signoff_required": false,
        "topics": [],
        "visibility": "private",
        "forks": 0,
        "open_issues": 4,
        "watchers": 1,
        "default_branch": "develop",
        "stargazers": 1,
        "master_branch": "develop",
        "organization": "Fiserv",
        "custom_properties": {}
    },
    "pusher": {
        "name": "narayanan57",
        "email": "117734092+narayanan57@users.noreply.github.com"
    },
    "organization": {
        "login": "Fiserv",
        "id": 43011046,
        "node_id": "MDEyOk9yZ2FuaXphdGlvbjQzMDExMDQ2",
        "url": "https://api.github.com/orgs/Fiserv",
        "repos_url": "https://api.github.com/orgs/Fiserv/repos",
        "events_url": "https://api.github.com/orgs/Fiserv/events",
        "hooks_url": "https://api.github.com/orgs/Fiserv/hooks",
        "issues_url": "https://api.github.com/orgs/Fiserv/issues",
        "members_url": "https://api.github.com/orgs/Fiserv/members{/member}",
        "public_members_url": "https://api.github.com/orgs/Fiserv/public_members{/member}",
        "avatar_url": "https://avatars.githubusercontent.com/u/43011046?v=4",
        "description": ""
    },
    "sender": {
        "login": "narayanan57",
        "id": 117734092,
        "node_id": "U_kgDOBwR6zA",
        "avatar_url": "https://avatars.githubusercontent.com/u/117734092?v=4",
        "gravatar_id": "",
        "url": "https://api.github.com/users/narayanan57",
        "html_url": "https://github.com/narayanan57",
        "followers_url": "https://api.github.com/users/narayanan57/followers",
        "following_url": "https://api.github.com/users/narayanan57/following{/other_user}",
        "gists_url": "https://api.github.com/users/narayanan57/gists{/gist_id}",
        "starred_url": "https://api.github.com/users/narayanan57/starred{/owner}{/repo}",
        "subscriptions_url": "https://api.github.com/users/narayanan57/subscriptions",
        "organizations_url": "https://api.github.com/users/narayanan57/orgs",
        "repos_url": "https://api.github.com/users/narayanan57/repos",
        "events_url": "https://api.github.com/users/narayanan57/events{/privacy}",
        "received_events_url": "https://api.github.com/users/narayanan57/received_events",
        "type": "User",
        "user_view_type": "public",
        "site_admin": false
    },
    "created": false,
    "deleted": false,
    "forced": false,
    "base_ref": null,
    "compare": "https://github.com/Fiserv/helix/compare/511c16e60fcc...db8dca15207b",
    "commits": [
        {
            "id": "4d2c0e5f7a3de1eeac6e3ddc41fee7f38ad1287d",
            "tree_id": "6bd1b4bd1e4aa646b2bc0c3be808faa23a86ed38",
            "distinct": false,
            "message": "Dev portal swagger changes for Expedite Card Shipping",
            "timestamp": "2026-01-12T20:15:18+05:30",
            "url": "https://github.com/Fiserv/helix/commit/4d2c0e5f7a3de1eeac6e3ddc41fee7f38ad1287d",
            "author": {
                "name": "Shah",
                "email": "pratik.shah1@fiserv.com",
                "date": "2026-01-12T20:15:18+05:30",
                "username": "pratikshah-fiserv"
            },
            "committer": {
                "name": "Shah",
                "email": "pratik.shah1@fiserv.com",
                "date": "2026-01-12T20:15:18+05:30",
                "username": "pratikshah-fiserv"
            },
            "added": [],
            "removed": [],
            "modified": [
                "reference/25.11.1/issued-device-admin-25.11.1.yaml"
            ]
        },
        {
            "id": "a1eec9ce59f8e59e016a3204391b15b19cca08b8",
            "tree_id": "b0af64ebc4c1c9018a87716de964268ccd10de3b",
            "distinct": false,
            "message": "Added release notes with release version 26.01.1 and enable new link in the document-explorer for new prod release version 26.01.1",
            "timestamp": "2026-01-12T20:40:25+05:30",
            "url": "https://github.com/Fiserv/helix/commit/a1eec9ce59f8e59e016a3204391b15b19cca08b8",
            "author": {
                "name": "Shah",
                "email": "pratik.shah1@fiserv.com",
                "date": "2026-01-12T20:40:25+05:30",
                "username": "pratikshah-fiserv"
            },
            "committer": {
                "name": "Shah",
                "email": "pratik.shah1@fiserv.com",
                "date": "2026-01-12T20:40:25+05:30",
                "username": "pratikshah-fiserv"
            },
            "added": [
                "docs/release-notes/release-notes-26.01.1.md"
            ],
            "removed": [],
            "modified": [
                "config/document-explorer-definition.yaml"
            ]
        },
        {
            "id": "8efcf78fddfab42d0c86aa60030bd2a5dc38abb8",
            "tree_id": "9571b711efba630e4ba22f47cd9fefaae88e972a",
            "distinct": false,
            "message": "upgraded version to 26.01.01 for Card Shipping Preference changes",
            "timestamp": "2026-01-13T14:17:36+05:30",
            "url": "https://github.com/Fiserv/helix/commit/8efcf78fddfab42d0c86aa60030bd2a5dc38abb8",
            "author": {
                "name": "Shah",
                "email": "pratik.shah1@fiserv.com",
                "date": "2026-01-13T14:17:36+05:30",
                "username": "pratikshah-fiserv"
            },
            "committer": {
                "name": "Shah",
                "email": "pratik.shah1@fiserv.com",
                "date": "2026-01-13T14:17:36+05:30",
                "username": "pratikshah-fiserv"
            },
            "added": [
                "reference/26.01.1/account-financial-stage-tracking-26.01.1.yaml",
                "reference/26.01.1/account-processing-26.01.1.yaml",
                "reference/26.01.1/account-scheduled-financial-stage-tracking-26.01.1.yaml",
                "reference/26.01.1/account-servicing-26.01.1.yaml",
                "reference/26.01.1/agreement-26.01.1.yaml",
                "reference/26.01.1/agreement-scheduled-processing-26.01.1.yaml",
                "reference/26.01.1/direct-debit-26.01.1.yaml",
                "reference/26.01.1/exception-management-26.01.1.yaml",
                "reference/26.01.1/fee-processing-26.01.1.yaml",
                "reference/26.01.1/issued-device-admin-26.01.1.yaml",
                "reference/26.01.1/issued-device-personalisation-26.01.1.yaml",
                "reference/26.01.1/party-directory-26.01.1.yaml",
                "reference/26.01.1/payment-authorisation-26.01.1.yaml",
                "reference/26.01.1/position-keeping-26.01.1.yaml",
                "reference/26.01.1/promotion-26.01.1.yaml",
                "reference/26.01.1/servicing-event-history-26.01.1.yaml",
                "reference/26.01.1/transaction-capture-26.01.1.yaml"
            ],
            "removed": [],
            "modified": [
                "reference/25.11.1/issued-device-admin-25.11.1.yaml"
            ]
        },
        {
            "id": "db8dca15207b2bde5b3e7991c0a7b1da6e831e7d",
            "tree_id": "9571b711efba630e4ba22f47cd9fefaae88e972a",
            "distinct": true,
            "message": "Merge pull request #823 from Fiserv/feature/GVHP22-386-ida-expedite-shipping\n\nDev portal swagger changes for Expedite Card Shipping",
            "timestamp": "2026-01-13T09:01:54Z",
            "url": "https://github.com/Fiserv/helix/commit/db8dca15207b2bde5b3e7991c0a7b1da6e831e7d",
            "author": {
                "name": "narayanan57",
                "email": "117734092+narayanan57@users.noreply.github.com",
                "date": "2026-01-13T09:01:54Z",
                "username": "narayanan57"
            },
            "committer": {
                "name": "GitHub",
                "email": "noreply@github.com",
                "date": "2026-01-13T09:01:54Z",
                "username": "web-flow"
            },
            "added": [
                "docs/release-notes/release-notes-26.01.1.md",
                "reference/26.01.1/account-financial-stage-tracking-26.01.1.yaml",
                "reference/26.01.1/account-processing-26.01.1.yaml",
                "reference/26.01.1/account-scheduled-financial-stage-tracking-26.01.1.yaml",
                "reference/26.01.1/account-servicing-26.01.1.yaml",
                "reference/26.01.1/agreement-26.01.1.yaml",
                "reference/26.01.1/agreement-scheduled-processing-26.01.1.yaml",
                "reference/26.01.1/direct-debit-26.01.1.yaml",
                "reference/26.01.1/exception-management-26.01.1.yaml",
                "reference/26.01.1/fee-processing-26.01.1.yaml",
                "reference/26.01.1/issued-device-admin-26.01.1.yaml",
                "reference/26.01.1/issued-device-personalisation-26.01.1.yaml",
                "reference/26.01.1/party-directory-26.01.1.yaml",
                "reference/26.01.1/payment-authorisation-26.01.1.yaml",
                "reference/26.01.1/position-keeping-26.01.1.yaml",
                "reference/26.01.1/promotion-26.01.1.yaml",
                "reference/26.01.1/servicing-event-history-26.01.1.yaml",
                "reference/26.01.1/transaction-capture-26.01.1.yaml"
            ],
            "removed": [],
            "modified": [
                "config/document-explorer-definition.yaml"
            ]
        }
    ],
    "head_commit": {
        "id": "db8dca15207b2bde5b3e7991c0a7b1da6e831e7d",
        "tree_id": "9571b711efba630e4ba22f47cd9fefaae88e972a",
        "distinct": true,
        "message": "Merge pull request #823 from Fiserv/feature/GVHP22-386-ida-expedite-shipping\n\nDev portal swagger changes for Expedite Card Shipping",
        "timestamp": "2026-01-13T09:01:54Z",
        "url": "https://github.com/Fiserv/helix/commit/db8dca15207b2bde5b3e7991c0a7b1da6e831e7d",
        "author": {
            "name": "narayanan57",
            "email": "117734092+narayanan57@users.noreply.github.com",
            "date": "2026-01-13T09:01:54Z",
            "username": "narayanan57"
        },
        "committer": {
            "name": "GitHub",
            "email": "noreply@github.com",
            "date": "2026-01-13T09:01:54Z",
            "username": "web-flow"
        },
        "added": [
            "docs/release-notes/release-notes-26.01.1.md",
            "reference/26.01.1/account-financial-stage-tracking-26.01.1.yaml",
            "reference/26.01.1/account-processing-26.01.1.yaml",
            "reference/26.01.1/account-scheduled-financial-stage-tracking-26.01.1.yaml",
            "reference/26.01.1/account-servicing-26.01.1.yaml",
            "reference/26.01.1/agreement-26.01.1.yaml",
            "reference/26.01.1/agreement-scheduled-processing-26.01.1.yaml",
            "reference/26.01.1/direct-debit-26.01.1.yaml",
            "reference/26.01.1/exception-management-26.01.1.yaml",
            "reference/26.01.1/fee-processing-26.01.1.yaml",
            "reference/26.01.1/issued-device-admin-26.01.1.yaml",
            "reference/26.01.1/issued-device-personalisation-26.01.1.yaml",
            "reference/26.01.1/party-directory-26.01.1.yaml",
            "reference/26.01.1/payment-authorisation-26.01.1.yaml",
            "reference/26.01.1/position-keeping-26.01.1.yaml",
            "reference/26.01.1/promotion-26.01.1.yaml",
            "reference/26.01.1/servicing-event-history-26.01.1.yaml",
            "reference/26.01.1/transaction-capture-26.01.1.yaml"
        ],
        "removed": [],
        "modified": [
            "config/document-explorer-definition.yaml"
        ]
    }
}
*****************************************************
